#
# There is insufficient memory for the Java Runtime Environment to continue.
# Native memory allocation (malloc) failed to allocate 2613088 bytes. Error detail: Chunk::new
# Possible reasons:
#   The system is out of physical RAM or swap space
#   This process is running with CompressedOops enabled, and the Java Heap may be blocking the growth of the native heap
# Possible solutions:
#   Reduce memory load on the system
#   Increase physical memory or swap space
#   Check if swap backing store is full
#   Decrease Java heap size (-Xmx/-Xms)
#   Decrease number of Java threads
#   Decrease Java thread stack sizes (-Xss)
#   Set larger code cache with -XX:ReservedCodeCacheSize=
#   JVM is running with Unscaled Compressed Oops mode in which the Java heap is
#     placed in the first 4GB address space. The Java Heap base address is the
#     maximum limit for the native heap growth. Please use -XX:HeapBaseMinAddress
#     to set the Java Heap base and to place the Java Heap above 4GB virtual address.
# This output file may be truncated or incomplete.
#
#  Out of Memory Error (arena.cpp:168), pid=13956, tid=15536
#
# JRE version: OpenJDK Runtime Environment Temurin-21.0.10+7 (21.0.10+7) (build 21.0.10+7-LTS)
# Java VM: OpenJDK 64-Bit Server VM Temurin-21.0.10+7 (21.0.10+7-LTS, mixed mode, sharing, tiered, compressed oops, compressed class ptrs, parallel gc, windows-amd64)
# No core dump will be written. Minidumps are not enabled by default on client versions of Windows
#

---------------  S U M M A R Y ------------

Command Line: --add-modules=ALL-SYSTEM --add-opens=java.base/java.util=ALL-UNNAMED --add-opens=java.base/java.lang=ALL-UNNAMED --add-opens=java.base/sun.nio.fs=ALL-UNNAMED -Declipse.application=org.eclipse.jdt.ls.core.id1 -Dosgi.bundles.defaultStartLevel=4 -Declipse.product=org.eclipse.jdt.ls.core.product -Djava.import.generatesMetadataFilesAtProjectRoot=false -DDetectVMInstallationsJob.disabled=true -Dfile.encoding=utf8 -XX:+UseParallelGC -XX:GCTimeRatio=4 -XX:AdaptiveSizePolicyWeight=90 -Dsun.zip.disableMemoryMapping=true -Xmx2G -Xms100m -Xlog:disable -javaagent:c:\Users\emmmz\.antigravity\extensions\redhat.java-1.54.0-win32-x64\lombok\lombok-1.18.39-4050.jar -XX:+HeapDumpOnOutOfMemoryError -XX:HeapDumpPath=c:\Users\emmmz\AppData\Roaming\Antigravity\User\workspaceStorage\9411440532b7ac369f8afd7c0c09128e\redhat.java -Daether.dependencyCollector.impl=bf c:\Users\emmmz\.antigravity\extensions\redhat.java-1.54.0-win32-x64\server\plugins\org.eclipse.equinox.launcher_1.7.100.v20251111-0406.jar -configuration c:\Users\emmmz\AppData\Roaming\Antigravity\User\globalStorage\redhat.java\1.54.0\config_win -data c:\Users\emmmz\AppData\Roaming\Antigravity\User\workspaceStorage\9411440532b7ac369f8afd7c0c09128e\redhat.java\jdt_ws --pipe=\\.\pipe\lsp-9712b7416e97afb612c26a0e798bd913-sock

Host: 11th Gen Intel(R) Core(TM) i5-1135G7 @ 2.40GHz, 8 cores, 7G,  Windows 11 , 64 bit Build 26100 (10.0.26100.7920)
Time: Fri Apr 17 21:01:14 2026 Afr. centrale Ouest elapsed time: 35.113378 seconds (0d 0h 0m 35s)

---------------  T H R E A D  ---------------

Current thread (0x000001af7d4d2ff0):  JavaThread "C2 CompilerThread1" daemon [_thread_in_native, id=15536, stack(0x000000ad89400000,0x000000ad89500000) (1024K)]


Current CompileTask:
C2:35113 11704       4       org.eclipse.jdt.internal.compiler.lookup.BinaryTypeBinding::createMethod (1666 bytes)

Stack: [0x000000ad89400000,0x000000ad89500000]
Native frames: (J=compiled Java code, j=interpreted, Vv=VM code, C=native code)
V  [jvm.dll+0x6d7a39]
V  [jvm.dll+0x8b4b26]
V  [jvm.dll+0x8b70de]
V  [jvm.dll+0x8b77c3]
V  [jvm.dll+0x284346]
V  [jvm.dll+0xc66ed]
V  [jvm.dll+0xc6c31]
V  [jvm.dll+0x3bec3b]
V  [jvm.dll+0x1e3d62]
V  [jvm.dll+0x24c6b3]
V  [jvm.dll+0x24bb40]
V  [jvm.dll+0x1cb34e]
V  [jvm.dll+0x25b85d]
V  [jvm.dll+0x259dea]
V  [jvm.dll+0x3f857e]
V  [jvm.dll+0x85f59d]
V  [jvm.dll+0x6d626d]
C  [ucrtbase.dll+0x37b0]
C  [KERNEL32.DLL+0x2e8d7]
C  [ntdll.dll+0x8c48c]


---------------  P R O C E S S  ---------------

Threads class SMR info:
_java_thread_list=0x000001af5148b4a0, length=58, elements={
0x000001af6c0ca7f0, 0x000001af75eed760, 0x000001af75ef28a0, 0x000001af75ef4fb0,
0x000001af75ef7eb0, 0x000001af75efad20, 0x000001af75efb780, 0x000001af75efc5c0,
0x000001af777cb7a0, 0x000001af7798a510, 0x000001af77b13170, 0x000001af7c86bb80,
0x000001af77af4c80, 0x000001af77af3f60, 0x000001af77af5310, 0x000001af77af2520,
0x000001af77af2bb0, 0x000001af77af3240, 0x000001af77af45f0, 0x000001af7db64c20,
0x000001af7db63f00, 0x000001af7db624c0, 0x000001af7db62b50, 0x000001af7db652b0,
0x000001af7db64590, 0x000001af7db63870, 0x000001af7db61e30, 0x000001af7db65940,
0x000001af7db65fd0, 0x000001af7db66660, 0x000001af7db631e0, 0x000001af7db68dc0,
0x000001af7db66cf0, 0x000001af7db68730, 0x000001af7db67380, 0x000001af7db680a0,
0x000001af7db67a10, 0x000001af77af38d0, 0x000001af77af59a0, 0x000001af7ee8b9d0,
0x000001af7ee8acb0, 0x000001af7ee8c060, 0x000001af7ee89f90, 0x000001af7ee8cd80,
0x000001af7ee8a620, 0x000001af7ee8e7c0, 0x000001af7ee8e130, 0x000001af7f16bca0,
0x000001af7f16b610, 0x000001af7f16af80, 0x000001af7f169bd0, 0x000001af7f16d6e0,
0x000001af7f16c330, 0x000001af7f16a260, 0x000001af7d4d2ff0, 0x000001af7f1711f0,
0x000001af7d4d5fa0, 0x000001af7f16f120
}
_to_delete_list=0x000001af7cbf7330, length=62, elements={
0x000001af6c0ca7f0, 0x000001af75eed760, 0x000001af75ef28a0, 0x000001af75ef4fb0,
0x000001af75ef7eb0, 0x000001af75efad20, 0x000001af75efb780, 0x000001af75efc5c0,
0x000001af777cb7a0, 0x000001af7798a510, 0x000001af77b13170, 0x000001af7c86bb80,
0x000001af77af4c80, 0x000001af77af3f60, 0x000001af77af5310, 0x000001af77af2520,
0x000001af77af2bb0, 0x000001af77af3240, 0x000001af77af45f0, 0x000001af7db64c20,
0x000001af7db63f00, 0x000001af7db624c0, 0x000001af7db62b50, 0x000001af7db652b0,
0x000001af7db64590, 0x000001af7db63870, 0x000001af7db61e30, 0x000001af7db65940,
0x000001af7db65fd0, 0x000001af7db66660, 0x000001af7db631e0, 0x000001af7db68dc0,
0x000001af7db66cf0, 0x000001af7db68730, 0x000001af7db67380, 0x000001af7db680a0,
0x000001af7db67a10, 0x000001af77af38d0, 0x000001af77af59a0, 0x000001af7ee8b9d0,
0x000001af7ee8acb0, 0x000001af7ee8c060, 0x000001af7ee89f90, 0x000001af7ee8cd80,
0x000001af7ee8a620, 0x000001af7ee8e7c0, 0x000001af7ee8daa0, 0x000001af7ee8ee50,
0x000001af7ee915b0, 0x000001af7ee90f20, 0x000001af7ee8e130, 0x000001af7f16bca0,
0x000001af7f16b610, 0x000001af7f16af80, 0x000001af7f169bd0, 0x000001af7f16d6e0,
0x000001af7f16c330, 0x000001af7f16a260, 0x000001af7d4d2ff0, 0x000001af7f1711f0,
0x000001af7d4d5fa0, 0x000001af7f16f120
}

Java Threads: ( => current thread )
  0x000001af6c0ca7f0 JavaThread "main"                              [_thread_blocked, id=11064, stack(0x000000ad85200000,0x000000ad85300000) (1024K)]
  0x000001af75eed760 JavaThread "Reference Handler"          daemon [_thread_blocked, id=10512, stack(0x000000ad85600000,0x000000ad85700000) (1024K)]
  0x000001af75ef28a0 JavaThread "Finalizer"                  daemon [_thread_blocked, id=4616, stack(0x000000ad85700000,0x000000ad85800000) (1024K)]
  0x000001af75ef4fb0 JavaThread "Signal Dispatcher"          daemon [_thread_blocked, id=7424, stack(0x000000ad85800000,0x000000ad85900000) (1024K)]
  0x000001af75ef7eb0 JavaThread "Attach Listener"            daemon [_thread_blocked, id=2696, stack(0x000000ad85900000,0x000000ad85a00000) (1024K)]
  0x000001af75efad20 JavaThread "Service Thread"             daemon [_thread_blocked, id=15496, stack(0x000000ad85a00000,0x000000ad85b00000) (1024K)]
  0x000001af75efb780 JavaThread "Monitor Deflation Thread"   daemon [_thread_blocked, id=17316, stack(0x000000ad85b00000,0x000000ad85c00000) (1024K)]
  0x000001af75efc5c0 JavaThread "C2 CompilerThread0"         daemon [_thread_in_native, id=9368, stack(0x000000ad85c00000,0x000000ad85d00000) (1024K)]
  0x000001af777cb7a0 JavaThread "C1 CompilerThread0"         daemon [_thread_in_vm, id=7728, stack(0x000000ad85d00000,0x000000ad85e00000) (1024K)]
  0x000001af7798a510 JavaThread "Common-Cleaner"             daemon [_thread_blocked, id=11204, stack(0x000000ad85e00000,0x000000ad85f00000) (1024K)]
  0x000001af77b13170 JavaThread "Notification Thread"        daemon [_thread_blocked, id=10304, stack(0x000000ad86000000,0x000000ad86100000) (1024K)]
  0x000001af7c86bb80 JavaThread "Active Thread: Equinox Container: b519fbe7-e647-4131-808d-87a7324c8b2c"        [_thread_blocked, id=18088, stack(0x000000ad86d00000,0x000000ad86e00000) (1024K)]
  0x000001af77af4c80 JavaThread "Framework Event Dispatcher: Equinox Container: b519fbe7-e647-4131-808d-87a7324c8b2c" daemon [_thread_blocked, id=16768, stack(0x000000ad85f00000,0x000000ad86000000) (1024K)]
  0x000001af77af3f60 JavaThread "Start Level: Equinox Container: b519fbe7-e647-4131-808d-87a7324c8b2c" daemon [_thread_blocked, id=16792, stack(0x000000ad86e00000,0x000000ad86f00000) (1024K)]
  0x000001af77af5310 JavaThread "Bundle File Closer"         daemon [_thread_blocked, id=7724, stack(0x000000ad87100000,0x000000ad87200000) (1024K)]
  0x000001af77af2520 JavaThread "Refresh Thread: Equinox Container: b519fbe7-e647-4131-808d-87a7324c8b2c" daemon [_thread_blocked, id=2416, stack(0x000000ad87200000,0x000000ad87300000) (1024K)]
  0x000001af77af2bb0 JavaThread "SCR Component Actor"        daemon [_thread_blocked, id=4072, stack(0x000000ad87000000,0x000000ad87100000) (1024K)]
  0x000001af77af3240 JavaThread "Worker-JM"                         [_thread_blocked, id=8336, stack(0x000000ad87600000,0x000000ad87700000) (1024K)]
  0x000001af77af45f0 JavaThread "JNA Cleaner"                daemon [_thread_blocked, id=3588, stack(0x000000ad87700000,0x000000ad87800000) (1024K)]
  0x000001af7db64c20 JavaThread "Worker-0: Publish Diagnostics"        [_thread_in_Java, id=10816, stack(0x000000ad87800000,0x000000ad87900000) (1024K)]
  0x000001af7db63f00 JavaThread "Worker-1"                          [_thread_blocked, id=9236, stack(0x000000ad87900000,0x000000ad87a00000) (1024K)]
  0x000001af7db624c0 JavaThread "Java indexing"              daemon [_thread_blocked, id=4976, stack(0x000000ad87b00000,0x000000ad87c00000) (1024K)]
  0x000001af7db62b50 JavaThread "Worker-2: Initialize workspace"        [_thread_blocked, id=15908, stack(0x000000ad87e00000,0x000000ad87f00000) (1024K)]
  0x000001af7db652b0 JavaThread "Worker-3: Send Classpath Notifications"        [_thread_in_vm, id=4356, stack(0x000000ad87f00000,0x000000ad88000000) (1024K)]
  0x000001af7db64590 JavaThread "Worker-4"                          [_thread_blocked, id=1772, stack(0x000000ad88000000,0x000000ad88100000) (1024K)]
  0x000001af7db63870 JavaThread "Worker-5"                          [_thread_blocked, id=5308, stack(0x000000ad88100000,0x000000ad88200000) (1024K)]
  0x000001af7db61e30 JavaThread "Thread-1"                   daemon [_thread_in_native, id=12800, stack(0x000000ad88200000,0x000000ad88300000) (1024K)]
  0x000001af7db65940 JavaThread "Thread-2"                   daemon [_thread_in_native, id=11356, stack(0x000000ad88300000,0x000000ad88400000) (1024K)]
  0x000001af7db65fd0 JavaThread "Thread-3"                   daemon [_thread_in_native, id=3464, stack(0x000000ad88400000,0x000000ad88500000) (1024K)]
  0x000001af7db66660 JavaThread "Thread-4"                   daemon [_thread_in_native, id=18160, stack(0x000000ad88500000,0x000000ad88600000) (1024K)]
  0x000001af7db631e0 JavaThread "Thread-5"                   daemon [_thread_in_native, id=16216, stack(0x000000ad88600000,0x000000ad88700000) (1024K)]
  0x000001af7db68dc0 JavaThread "Thread-6"                   daemon [_thread_in_native, id=17864, stack(0x000000ad88700000,0x000000ad88800000) (1024K)]
  0x000001af7db66cf0 JavaThread "Thread-7"                   daemon [_thread_in_native, id=6752, stack(0x000000ad88800000,0x000000ad88900000) (1024K)]
  0x000001af7db68730 JavaThread "Thread-8"                   daemon [_thread_in_native, id=8944, stack(0x000000ad88900000,0x000000ad88a00000) (1024K)]
  0x000001af7db67380 JavaThread "Thread-9"                   daemon [_thread_in_native, id=4008, stack(0x000000ad88a00000,0x000000ad88b00000) (1024K)]
  0x000001af7db680a0 JavaThread "pool-2-thread-1"                   [_thread_blocked, id=17596, stack(0x000000ad88b00000,0x000000ad88c00000) (1024K)]
  0x000001af7db67a10 JavaThread "Worker-6: Initialize Workspace"        [_thread_blocked, id=17584, stack(0x000000ad88c00000,0x000000ad88d00000) (1024K)]
  0x000001af77af38d0 JavaThread "WorkspaceEventsHandler"            [_thread_blocked, id=6944, stack(0x000000ad86700000,0x000000ad86800000) (1024K)]
  0x000001af77af59a0 JavaThread "pool-1-thread-1"                   [_thread_blocked, id=16112, stack(0x000000ad86800000,0x000000ad86900000) (1024K)]
  0x000001af7ee8b9d0 JavaThread "ForkJoinPool.commonPool-worker-1" daemon [_thread_in_Java, id=2428, stack(0x000000ad86a00000,0x000000ad86b00000) (1024K)]
  0x000001af7ee8acb0 JavaThread "ForkJoinPool.commonPool-worker-2" daemon [_thread_blocked, id=17796, stack(0x000000ad86b00000,0x000000ad86c00000) (1024K)]
  0x000001af7ee8c060 JavaThread "ForkJoinPool.commonPool-worker-3" daemon [_thread_blocked, id=17784, stack(0x000000ad86c00000,0x000000ad86d00000) (1024K)]
  0x000001af7ee89f90 JavaThread "ForkJoinPool.commonPool-worker-4" daemon [_thread_in_vm, id=12908, stack(0x000000ad87300000,0x000000ad87400000) (1024K)]
  0x000001af7ee8cd80 JavaThread "ForkJoinPool.commonPool-worker-5" daemon [_thread_in_Java, id=3248, stack(0x000000ad87400000,0x000000ad87500000) (1024K)]
  0x000001af7ee8a620 JavaThread "ForkJoinPool.commonPool-worker-6" daemon [_thread_in_native, id=5604, stack(0x000000ad87500000,0x000000ad87600000) (1024K)]
  0x000001af7ee8e7c0 JavaThread "ForkJoinPool.commonPool-worker-7" daemon [_thread_in_vm, id=12252, stack(0x000000ad87a00000,0x000000ad87b00000) (1024K)]
  0x000001af7ee8e130 JavaThread "Timer-0"                           [_thread_blocked, id=17920, stack(0x000000ad89700000,0x000000ad89800000) (1024K)]
  0x000001af7f16bca0 JavaThread "Keep-Alive-Timer"           daemon [_thread_blocked, id=17208, stack(0x000000ad89600000,0x000000ad89700000) (1024K)]
  0x000001af7f16b610 JavaThread "Compiler Source File Reader" daemon [_thread_blocked, id=10904, stack(0x000000ad89800000,0x000000ad89900000) (1024K)]
  0x000001af7f16af80 JavaThread "Compiler Source File Reader" daemon [_thread_blocked, id=1240, stack(0x000000ad89900000,0x000000ad89a00000) (1024K)]
  0x000001af7f169bd0 JavaThread "Compiler Source File Reader" daemon [_thread_blocked, id=10128, stack(0x000000ad89a00000,0x000000ad89b00000) (1024K)]
  0x000001af7f16d6e0 JavaThread "Compiler Source File Reader" daemon [_thread_blocked, id=14784, stack(0x000000ad89b00000,0x000000ad89c00000) (1024K)]
  0x000001af7f16c330 JavaThread "Compiler Source File Reader" daemon [_thread_blocked, id=16824, stack(0x000000ad89c00000,0x000000ad89d00000) (1024K)]
  0x000001af7f16a260 JavaThread "Compiler Source File Reader" daemon [_thread_blocked, id=3024, stack(0x000000ad89d00000,0x000000ad89e00000) (1024K)]
=>0x000001af7d4d2ff0 JavaThread "C2 CompilerThread1"         daemon [_thread_in_native, id=15536, stack(0x000000ad89400000,0x000000ad89500000) (1024K)]
  0x000001af7f1711f0 JavaThread "Compiler Processing Task"   daemon [_thread_blocked, id=7160, stack(0x000000ad89e00000,0x000000ad89f00000) (1024K)]
  0x000001af7d4d5fa0 JavaThread "C2 CompilerThread2"         daemon [_thread_in_native, id=3000, stack(0x000000ad89f00000,0x000000ad8a000000) (1024K)]
  0x000001af7f16f120 JavaThread "Connection worker"                 [_thread_in_vm, id=16108, stack(0x000000ad8a000000,0x000000ad8a100000) (1024K)]
Total: 58

Other Threads:
  0x000001af75ed2500 VMThread "VM Thread"                           [id=12816, stack(0x000000ad85500000,0x000000ad85600000) (1024K)]
  0x000001af6e4e8990 WatcherThread "VM Periodic Task Thread"        [id=17132, stack(0x000000ad85400000,0x000000ad85500000) (1024K)]
  0x000001af6e49a030 WorkerThread "GC Thread#0"                     [id=17352, stack(0x000000ad85300000,0x000000ad85400000) (1024K)]
  0x000001af77b77c30 WorkerThread "GC Thread#1"                     [id=6604, stack(0x000000ad86100000,0x000000ad86200000) (1024K)]
  0x000001af7c382a50 WorkerThread "GC Thread#2"                     [id=17476, stack(0x000000ad86200000,0x000000ad86300000) (1024K)]
  0x000001af7c382e00 WorkerThread "GC Thread#3"                     [id=18236, stack(0x000000ad86300000,0x000000ad86400000) (1024K)]
  0x000001af7c3831b0 WorkerThread "GC Thread#4"                     [id=10368, stack(0x000000ad86400000,0x000000ad86500000) (1024K)]
  0x000001af7c383560 WorkerThread "GC Thread#5"                     [id=4620, stack(0x000000ad86500000,0x000000ad86600000) (1024K)]
  0x000001af7c332130 WorkerThread "GC Thread#6"                     [id=14820, stack(0x000000ad86600000,0x000000ad86700000) (1024K)]
  0x000001af75f00a50 WorkerThread "GC Thread#7"                     [id=16780, stack(0x000000ad86f00000,0x000000ad87000000) (1024K)]
Total: 10

Threads with active compile tasks:
C2 CompilerThread0  35143 12535 % !   4       org.eclipse.jdt.internal.core.SearchableEnvironment::hasSubPackageInUnnamedModule @ 63 (132 bytes)
C1 CompilerThread0  35144 12576   !   3       org.eclipse.jdt.internal.core.SearchableEnvironment::find (393 bytes)
C2 CompilerThread1  35144 11704       4       org.eclipse.jdt.internal.compiler.lookup.BinaryTypeBinding::createMethod (1666 bytes)
C2 CompilerThread2  35145 12543   !   4       org.eclipse.jdt.internal.compiler.parser.Scanner::getNextToken0 (3068 bytes)
Total: 4

VM state: not at safepoint (normal execution)

VM Mutex/Monitor currently owned by a thread: None

Heap address: 0x0000000080000000, size: 2048 MB, Compressed Oops mode: 32-bit

CDS archive(s) mapped at: [0x000001af0f000000-0x000001af0fba0000-0x000001af0fba0000), size 12189696, SharedBaseAddress: 0x000001af0f000000, ArchiveRelocationMode: 1.
Compressed class space mapped at: 0x000001af10000000-0x000001af50000000, reserved size: 1073741824
Narrow klass base: 0x000001af0f000000, Narrow klass shift: 0, Narrow klass range: 0x100000000

GC Precious Log:
 CardTable entry size: 512
 CPUs: 8 total, 8 available
 Memory: 7991M
 Large Page Support: Disabled
 NUMA Support: Disabled
 Compressed Oops: Enabled (32-bit)
 Alignments: Space 512K, Generation 512K, Heap 2M
 Heap Min Capacity: 100M
 Heap Initial Capacity: 100M
 Heap Max Capacity: 2G
 Pre-touch: Disabled
 Parallel Workers: 8

Heap:
 PSYoungGen      total 19968K, used 9884K [0x00000000d5580000, 0x00000000d6d00000, 0x0000000100000000)
  eden space 17920K, 43% used [0x00000000d5580000,0x00000000d5d27ca0,0x00000000d6700000)
  from space 2048K, 99% used [0x00000000d6780000,0x00000000d697f628,0x00000000d6980000)
  to   space 3072K, 0% used [0x00000000d6a00000,0x00000000d6a00000,0x00000000d6d00000)
 ParOldGen       total 108544K, used 108308K [0x0000000080000000, 0x0000000086a00000, 0x00000000d5580000)
  object space 108544K, 99% used [0x0000000080000000,0x00000000869c5148,0x0000000086a00000)
 Metaspace       used 78110K, committed 79680K, reserved 1179648K
  class space    used 8781K, committed 9472K, reserved 1048576K

Card table byte_map: [0x000001af6de40000,0x000001af6e250000] _byte_map_base: 0x000001af6da40000

Marking Bits: (ParMarkBitMap*) 0x00007ffb44493450
 Begin Bits: [0x000001af71930000, 0x000001af73930000)
 End Bits:   [0x000001af73930000, 0x000001af75930000)

Polling page: 0x000001af6c370000

Metaspace:

Usage:
  Non-class:     67.70 MB used.
      Class:      8.58 MB used.
       Both:     76.28 MB used.

Virtual space:
  Non-class space:      128.00 MB reserved,      68.56 MB ( 54%) committed,  2 nodes.
      Class space:        1.00 GB reserved,       9.25 MB ( <1%) committed,  1 nodes.
             Both:        1.12 GB reserved,      77.81 MB (  7%) committed. 

Chunk freelists:
   Non-Class:  10.84 MB
       Class:  6.70 MB
        Both:  17.55 MB

MaxMetaspaceSize: unlimited
CompressedClassSpaceSize: 1.00 GB
Initial GC threshold: 21.00 MB
Current GC threshold: 97.31 MB
CDS: on
 - commit_granule_bytes: 65536.
 - commit_granule_words: 8192.
 - virtual_space_node_default_size: 8388608.
 - enlarge_chunks_in_place: 1.
 - use_allocation_guard: 0.


Internal statistics:

num_allocs_failed_limit: 9.
num_arena_births: 1234.
num_arena_deaths: 22.
num_vsnodes_births: 3.
num_vsnodes_deaths: 0.
num_space_committed: 1245.
num_space_uncommitted: 0.
num_chunks_returned_to_freelist: 34.
num_chunks_taken_from_freelist: 4615.
num_chunk_merges: 11.
num_chunk_splits: 2912.
num_chunks_enlarged: 1768.
num_inconsistent_stats: 0.

CodeHeap 'non-profiled nmethods': size=120000Kb used=8307Kb max_used=8307Kb free=111693Kb
 bounds [0x000001af07ad0000, 0x000001af082f0000, 0x000001af0f000000]
CodeHeap 'profiled nmethods': size=120000Kb used=26520Kb max_used=26520Kb free=93479Kb
 bounds [0x000001af00000000, 0x000001af019f0000, 0x000001af07530000]
CodeHeap 'non-nmethods': size=5760Kb used=1495Kb max_used=1561Kb free=4264Kb
 bounds [0x000001af07530000, 0x000001af077a0000, 0x000001af07ad0000]
CodeCache: size=245760Kb, used=36322Kb, max_used=36388Kb, free=209436Kb
 total_blobs=12491, nmethods=11686, adapters=708, full_count=0
Compilation: enabled, stopped_count=0, restarted_count=0

Compilation events (20 events):
Event: 33.964 Thread 0x000001af777cb7a0 nmethod 12503 0x000001af019b6590 code [0x000001af019b6760, 0x000001af019b69a8]
Event: 33.964 Thread 0x000001af777cb7a0 12504       2       java.nio.MappedByteBuffer::<init> (22 bytes)
Event: 33.964 Thread 0x000001af777cb7a0 nmethod 12504 0x000001af019b6b10 code [0x000001af019b6cc0, 0x000001af019b6e08]
Event: 33.966 Thread 0x000001af777cb7a0 12505       2       java.util.HashMap$HashMapSpliterator::getFence (53 bytes)
Event: 33.966 Thread 0x000001af777cb7a0 nmethod 12505 0x000001af019b6f10 code [0x000001af019b70a0, 0x000001af019b71e8]
Event: 33.969 Thread 0x000001af777cb7a0 12506       2       com.google.gson.stream.JsonReader::setStrictness (11 bytes)
Event: 33.974 Thread 0x000001af777cb7a0 nmethod 12506 0x000001af019b7310 code [0x000001af019b74c0, 0x000001af019b76a0]
Event: 33.983 Thread 0x000001af777cb7a0 12508       2       com.google.gson.internal.bind.ObjectTypeAdapter$1::create (25 bytes)
Event: 33.984 Thread 0x000001af777cb7a0 nmethod 12508 0x000001af019b7790 code [0x000001af019b7940, 0x000001af019b7b38]
Event: 33.985 Thread 0x000001af777cb7a0 12507       2       java.util.HashMap$ValueSpliterator::characteristics (28 bytes)
Event: 33.986 Thread 0x000001af777cb7a0 nmethod 12507 0x000001af019b7c90 code [0x000001af019b7e40, 0x000001af019b7f98]
Event: 33.987 Thread 0x000001af777cb7a0 12509       2       java.nio.Bits::unreserveMemory (64 bytes)
Event: 33.989 Thread 0x000001af777cb7a0 nmethod 12509 0x000001af019b8090 code [0x000001af019b8260, 0x000001af019b83d8]
Event: 33.990 Thread 0x000001af777cb7a0 12517 %     3       org.eclipse.jdt.core.Signature::getSimpleNames @ 26 (183 bytes)
Event: 33.992 Thread 0x000001af777cb7a0 nmethod 12517% 0x000001af019b8510 code [0x000001af019b8740, 0x000001af019b9398]
Event: 33.997 Thread 0x000001af777cb7a0 12520       3       java.util.LinkedHashMap::getOrDefault (29 bytes)
Event: 33.999 Thread 0x000001af777cb7a0 nmethod 12520 0x000001af019b9710 code [0x000001af019b98e0, 0x000001af019b9b98]
Event: 33.999 Thread 0x000001af75efc5c0 nmethod 12348 0x000001af082e4510 code [0x000001af082e4760, 0x000001af082e4df8]
Event: 34.000 Thread 0x000001af777cb7a0 12521   !   3       org.eclipse.jdt.internal.compiler.classfmt.ClassFileReader::<init> (1968 bytes)
Event: 34.023 Thread 0x000001af75efc5c0 12524       4       org.eclipse.jdt.core.compiler.CharOperation::equals (68 bytes)

GC Heap History (20 events):
Event: 33.151 GC heap after
{Heap after GC invocations=80 (full 3):
 PSYoungGen      total 23552K, used 1883K [0x00000000d5580000, 0x00000000d6e80000, 0x0000000100000000)
  eden space 21504K, 0% used [0x00000000d5580000,0x00000000d5580000,0x00000000d6a80000)
  from space 2048K, 91% used [0x00000000d6a80000,0x00000000d6c56d68,0x00000000d6c80000)
  to   space 2048K, 0% used [0x00000000d6c80000,0x00000000d6c80000,0x00000000d6e80000)
 ParOldGen       total 93184K, used 92715K [0x0000000080000000, 0x0000000085b00000, 0x00000000d5580000)
  object space 93184K, 99% used [0x0000000080000000,0x0000000085a8adc0,0x0000000085b00000)
 Metaspace       used 74156K, committed 75712K, reserved 1179648K
  class space    used 8470K, committed 9152K, reserved 1048576K
}
Event: 33.278 GC heap before
{Heap before GC invocations=81 (full 3):
 PSYoungGen      total 23552K, used 23387K [0x00000000d5580000, 0x00000000d6e80000, 0x0000000100000000)
  eden space 21504K, 100% used [0x00000000d5580000,0x00000000d6a80000,0x00000000d6a80000)
  from space 2048K, 91% used [0x00000000d6a80000,0x00000000d6c56d68,0x00000000d6c80000)
  to   space 2048K, 0% used [0x00000000d6c80000,0x00000000d6c80000,0x00000000d6e80000)
 ParOldGen       total 93184K, used 92715K [0x0000000080000000, 0x0000000085b00000, 0x00000000d5580000)
  object space 93184K, 99% used [0x0000000080000000,0x0000000085a8adc0,0x0000000085b00000)
 Metaspace       used 74390K, committed 75904K, reserved 1179648K
  class space    used 8485K, committed 9152K, reserved 1048576K
}
Event: 33.283 GC heap after
{Heap after GC invocations=81 (full 3):
 PSYoungGen      total 19968K, used 2020K [0x00000000d5580000, 0x00000000d7580000, 0x0000000100000000)
  eden space 17920K, 0% used [0x00000000d5580000,0x00000000d5580000,0x00000000d6700000)
  from space 2048K, 98% used [0x00000000d6c80000,0x00000000d6e79220,0x00000000d6e80000)
  to   space 5632K, 0% used [0x00000000d6700000,0x00000000d6700000,0x00000000d6c80000)
 ParOldGen       total 96256K, used 95745K [0x0000000080000000, 0x0000000085e00000, 0x00000000d5580000)
  object space 96256K, 99% used [0x0000000080000000,0x0000000085d807e0,0x0000000085e00000)
 Metaspace       used 74390K, committed 75904K, reserved 1179648K
  class space    used 8485K, committed 9152K, reserved 1048576K
}
Event: 33.380 GC heap before
{Heap before GC invocations=82 (full 3):
 PSYoungGen      total 19968K, used 19940K [0x00000000d5580000, 0x00000000d7580000, 0x0000000100000000)
  eden space 17920K, 100% used [0x00000000d5580000,0x00000000d6700000,0x00000000d6700000)
  from space 2048K, 98% used [0x00000000d6c80000,0x00000000d6e79220,0x00000000d6e80000)
  to   space 5632K, 0% used [0x00000000d6700000,0x00000000d6700000,0x00000000d6c80000)
 ParOldGen       total 96256K, used 95745K [0x0000000080000000, 0x0000000085e00000, 0x00000000d5580000)
  object space 96256K, 99% used [0x0000000080000000,0x0000000085d807e0,0x0000000085e00000)
 Metaspace       used 74552K, committed 76032K, reserved 1179648K
  class space    used 8489K, committed 9152K, reserved 1048576K
}
Event: 33.383 GC heap after
{Heap after GC invocations=82 (full 3):
 PSYoungGen      total 19456K, used 1076K [0x00000000d5580000, 0x00000000d6d00000, 0x0000000100000000)
  eden space 17920K, 0% used [0x00000000d5580000,0x00000000d5580000,0x00000000d6700000)
  from space 1536K, 70% used [0x00000000d6700000,0x00000000d680d220,0x00000000d6880000)
  to   space 2560K, 0% used [0x00000000d6a80000,0x00000000d6a80000,0x00000000d6d00000)
 ParOldGen       total 97792K, used 97591K [0x0000000080000000, 0x0000000085f80000, 0x00000000d5580000)
  object space 97792K, 99% used [0x0000000080000000,0x0000000085f4de08,0x0000000085f80000)
 Metaspace       used 74552K, committed 76032K, reserved 1179648K
  class space    used 8489K, committed 9152K, reserved 1048576K
}
Event: 33.458 GC heap before
{Heap before GC invocations=83 (full 3):
 PSYoungGen      total 19456K, used 18996K [0x00000000d5580000, 0x00000000d6d00000, 0x0000000100000000)
  eden space 17920K, 100% used [0x00000000d5580000,0x00000000d6700000,0x00000000d6700000)
  from space 1536K, 70% used [0x00000000d6700000,0x00000000d680d220,0x00000000d6880000)
  to   space 2560K, 0% used [0x00000000d6a80000,0x00000000d6a80000,0x00000000d6d00000)
 ParOldGen       total 97792K, used 97593K [0x0000000080000000, 0x0000000085f80000, 0x00000000d5580000)
  object space 97792K, 99% used [0x0000000080000000,0x0000000085f4e458,0x0000000085f80000)
 Metaspace       used 74732K, committed 76224K, reserved 1179648K
  class space    used 8490K, committed 9152K, reserved 1048576K
}
Event: 33.461 GC heap after
{Heap after GC invocations=83 (full 3):
 PSYoungGen      total 20480K, used 2420K [0x00000000d5580000, 0x00000000d6d00000, 0x0000000100000000)
  eden space 17920K, 0% used [0x00000000d5580000,0x00000000d5580000,0x00000000d6700000)
  from space 2560K, 94% used [0x00000000d6a80000,0x00000000d6cdd200,0x00000000d6d00000)
  to   space 3072K, 0% used [0x00000000d6700000,0x00000000d6700000,0x00000000d6a00000)
 ParOldGen       total 98816K, used 98473K [0x0000000080000000, 0x0000000086080000, 0x00000000d5580000)
  object space 98816K, 99% used [0x0000000080000000,0x000000008602a730,0x0000000086080000)
 Metaspace       used 74732K, committed 76224K, reserved 1179648K
  class space    used 8490K, committed 9152K, reserved 1048576K
}
Event: 33.525 GC heap before
{Heap before GC invocations=84 (full 3):
 PSYoungGen      total 20480K, used 20340K [0x00000000d5580000, 0x00000000d6d00000, 0x0000000100000000)
  eden space 17920K, 100% used [0x00000000d5580000,0x00000000d6700000,0x00000000d6700000)
  from space 2560K, 94% used [0x00000000d6a80000,0x00000000d6cdd200,0x00000000d6d00000)
  to   space 3072K, 0% used [0x00000000d6700000,0x00000000d6700000,0x00000000d6a00000)
 ParOldGen       total 98816K, used 98476K [0x0000000080000000, 0x0000000086080000, 0x00000000d5580000)
  object space 98816K, 99% used [0x0000000080000000,0x000000008602b288,0x0000000086080000)
 Metaspace       used 74897K, committed 76416K, reserved 1179648K
  class space    used 8490K, committed 9152K, reserved 1048576K
}
Event: 33.529 GC heap after
{Heap after GC invocations=84 (full 3):
 PSYoungGen      total 20992K, used 3060K [0x00000000d5580000, 0x00000000d7300000, 0x0000000100000000)
  eden space 17920K, 0% used [0x00000000d5580000,0x00000000d5580000,0x00000000d6700000)
  from space 3072K, 99% used [0x00000000d6700000,0x00000000d69fd210,0x00000000d6a00000)
  to   space 6144K, 0% used [0x00000000d6d00000,0x00000000d6d00000,0x00000000d7300000)
 ParOldGen       total 101376K, used 100923K [0x0000000080000000, 0x0000000086300000, 0x00000000d5580000)
  object space 101376K, 99% used [0x0000000080000000,0x000000008628efa0,0x0000000086300000)
 Metaspace       used 74897K, committed 76416K, reserved 1179648K
  class space    used 8490K, committed 9152K, reserved 1048576K
}
Event: 33.623 GC heap before
{Heap before GC invocations=85 (full 3):
 PSYoungGen      total 20992K, used 20980K [0x00000000d5580000, 0x00000000d7300000, 0x0000000100000000)
  eden space 17920K, 100% used [0x00000000d5580000,0x00000000d6700000,0x00000000d6700000)
  from space 3072K, 99% used [0x00000000d6700000,0x00000000d69fd210,0x00000000d6a00000)
  to   space 6144K, 0% used [0x00000000d6d00000,0x00000000d6d00000,0x00000000d7300000)
 ParOldGen       total 101376K, used 100923K [0x0000000080000000, 0x0000000086300000, 0x00000000d5580000)
  object space 101376K, 99% used [0x0000000080000000,0x000000008628efa0,0x0000000086300000)
 Metaspace       used 75837K, committed 77312K, reserved 1179648K
  class space    used 8556K, committed 9216K, reserved 1048576K
}
Event: 33.628 GC heap after
{Heap after GC invocations=85 (full 3):
 PSYoungGen      total 20480K, used 2471K [0x00000000d5580000, 0x00000000d6f80000, 0x0000000100000000)
  eden space 17920K, 0% used [0x00000000d5580000,0x00000000d5580000,0x00000000d6700000)
  from space 2560K, 96% used [0x00000000d6d00000,0x00000000d6f69fd0,0x00000000d6f80000)
  to   space 3584K, 0% used [0x00000000d6880000,0x00000000d6880000,0x00000000d6c00000)
 ParOldGen       total 104448K, used 103993K [0x0000000080000000, 0x0000000086600000, 0x00000000d5580000)
  object space 104448K, 99% used [0x0000000080000000,0x000000008658e5f8,0x0000000086600000)
 Metaspace       used 75837K, committed 77312K, reserved 1179648K
  class space    used 8556K, committed 9216K, reserved 1048576K
}
Event: 33.710 GC heap before
{Heap before GC invocations=86 (full 3):
 PSYoungGen      total 20480K, used 20204K [0x00000000d5580000, 0x00000000d6f80000, 0x0000000100000000)
  eden space 17920K, 98% used [0x00000000d5580000,0x00000000d66d1140,0x00000000d6700000)
  from space 2560K, 96% used [0x00000000d6d00000,0x00000000d6f69fd0,0x00000000d6f80000)
  to   space 3584K, 0% used [0x00000000d6880000,0x00000000d6880000,0x00000000d6c00000)
 ParOldGen       total 104448K, used 103993K [0x0000000080000000, 0x0000000086600000, 0x00000000d5580000)
  object space 104448K, 99% used [0x0000000080000000,0x000000008658e5f8,0x0000000086600000)
 Metaspace       used 76680K, committed 78208K, reserved 1179648K
  class space    used 8625K, committed 9280K, reserved 1048576K
}
Event: 33.713 GC heap after
{Heap after GC invocations=86 (full 3):
 PSYoungGen      total 19968K, used 1599K [0x00000000d5580000, 0x00000000d6d80000, 0x0000000100000000)
  eden space 17920K, 0% used [0x00000000d5580000,0x00000000d5580000,0x00000000d6700000)
  from space 2048K, 78% used [0x00000000d6880000,0x00000000d6a0fd60,0x00000000d6a80000)
  to   space 2560K, 0% used [0x00000000d6b00000,0x00000000d6b00000,0x00000000d6d80000)
 ParOldGen       total 105472K, used 105025K [0x0000000080000000, 0x0000000086700000, 0x00000000d5580000)
  object space 105472K, 99% used [0x0000000080000000,0x0000000086690440,0x0000000086700000)
 Metaspace       used 76680K, committed 78208K, reserved 1179648K
  class space    used 8625K, committed 9280K, reserved 1048576K
}
Event: 33.755 GC heap before
{Heap before GC invocations=87 (full 3):
 PSYoungGen      total 19968K, used 19519K [0x00000000d5580000, 0x00000000d6d80000, 0x0000000100000000)
  eden space 17920K, 100% used [0x00000000d5580000,0x00000000d6700000,0x00000000d6700000)
  from space 2048K, 78% used [0x00000000d6880000,0x00000000d6a0fd60,0x00000000d6a80000)
  to   space 2560K, 0% used [0x00000000d6b00000,0x00000000d6b00000,0x00000000d6d80000)
 ParOldGen       total 105472K, used 105025K [0x0000000080000000, 0x0000000086700000, 0x00000000d5580000)
  object space 105472K, 99% used [0x0000000080000000,0x0000000086690440,0x0000000086700000)
 Metaspace       used 76748K, committed 78272K, reserved 1179648K
  class space    used 8629K, committed 9280K, reserved 1048576K
}
Event: 33.757 GC heap after
{Heap after GC invocations=87 (full 3):
 PSYoungGen      total 19456K, used 1280K [0x00000000d5580000, 0x00000000d6c80000, 0x0000000100000000)
  eden space 17920K, 0% used [0x00000000d5580000,0x00000000d5580000,0x00000000d6700000)
  from space 1536K, 83% used [0x00000000d6b00000,0x00000000d6c402a8,0x00000000d6c80000)
  to   space 1536K, 0% used [0x00000000d6980000,0x00000000d6980000,0x00000000d6b00000)
 ParOldGen       total 105984K, used 105745K [0x0000000080000000, 0x0000000086780000, 0x00000000d5580000)
  object space 105984K, 99% used [0x0000000080000000,0x0000000086744728,0x0000000086780000)
 Metaspace       used 76748K, committed 78272K, reserved 1179648K
  class space    used 8629K, committed 9280K, reserved 1048576K
}
Event: 33.816 GC heap before
{Heap before GC invocations=88 (full 3):
 PSYoungGen      total 19456K, used 19200K [0x00000000d5580000, 0x00000000d6c80000, 0x0000000100000000)
  eden space 17920K, 100% used [0x00000000d5580000,0x00000000d6700000,0x00000000d6700000)
  from space 1536K, 83% used [0x00000000d6b00000,0x00000000d6c402a8,0x00000000d6c80000)
  to   space 1536K, 0% used [0x00000000d6980000,0x00000000d6980000,0x00000000d6b00000)
 ParOldGen       total 105984K, used 105745K [0x0000000080000000, 0x0000000086780000, 0x00000000d5580000)
  object space 105984K, 99% used [0x0000000080000000,0x0000000086744728,0x0000000086780000)
 Metaspace       used 76929K, committed 78464K, reserved 1179648K
  class space    used 8640K, committed 9280K, reserved 1048576K
}
Event: 33.819 GC heap after
{Heap after GC invocations=88 (full 3):
 PSYoungGen      total 19456K, used 1140K [0x00000000d5580000, 0x00000000d6b80000, 0x0000000100000000)
  eden space 17920K, 0% used [0x00000000d5580000,0x00000000d5580000,0x00000000d6700000)
  from space 1536K, 74% used [0x00000000d6980000,0x00000000d6a9d200,0x00000000d6b00000)
  to   space 512K, 0% used [0x00000000d6b00000,0x00000000d6b00000,0x00000000d6b80000)
 ParOldGen       total 106496K, used 106403K [0x0000000080000000, 0x0000000086800000, 0x00000000d5580000)
  object space 106496K, 99% used [0x0000000080000000,0x00000000867e8f80,0x0000000086800000)
 Metaspace       used 76929K, committed 78464K, reserved 1179648K
  class space    used 8640K, committed 9280K, reserved 1048576K
}
Event: 33.925 GC heap before
{Heap before GC invocations=89 (full 3):
 PSYoungGen      total 19456K, used 19060K [0x00000000d5580000, 0x00000000d6b80000, 0x0000000100000000)
  eden space 17920K, 100% used [0x00000000d5580000,0x00000000d6700000,0x00000000d6700000)
  from space 1536K, 74% used [0x00000000d6980000,0x00000000d6a9d200,0x00000000d6b00000)
  to   space 512K, 0% used [0x00000000d6b00000,0x00000000d6b00000,0x00000000d6b80000)
 ParOldGen       total 106496K, used 106403K [0x0000000080000000, 0x0000000086800000, 0x00000000d5580000)
  object space 106496K, 99% used [0x0000000080000000,0x00000000867e8f80,0x0000000086800000)
 Metaspace       used 77534K, committed 79104K, reserved 1179648K
  class space    used 8716K, committed 9408K, reserved 1048576K
}
Event: 33.927 GC heap after
{Heap after GC invocations=89 (full 3):
 PSYoungGen      total 18432K, used 488K [0x00000000d5580000, 0x00000000d6b80000, 0x0000000100000000)
  eden space 17920K, 0% used [0x00000000d5580000,0x00000000d5580000,0x00000000d6700000)
  from space 512K, 95% used [0x00000000d6b00000,0x00000000d6b7a2c0,0x00000000d6b80000)
  to   space 2048K, 0% used [0x00000000d6780000,0x00000000d6780000,0x00000000d6980000)
 ParOldGen       total 108032K, used 107731K [0x0000000080000000, 0x0000000086980000, 0x00000000d5580000)
  object space 108032K, 99% used [0x0000000080000000,0x0000000086934f88,0x0000000086980000)
 Metaspace       used 77534K, committed 79104K, reserved 1179648K
  class space    used 8716K, committed 9408K, reserved 1048576K
}
Event: 34.057 GC heap before
{Heap before GC invocations=90 (full 3):
 PSYoungGen      total 18432K, used 18408K [0x00000000d5580000, 0x00000000d6b80000, 0x0000000100000000)
  eden space 17920K, 100% used [0x00000000d5580000,0x00000000d6700000,0x00000000d6700000)
  from space 512K, 95% used [0x00000000d6b00000,0x00000000d6b7a2c0,0x00000000d6b80000)
  to   space 2048K, 0% used [0x00000000d6780000,0x00000000d6780000,0x00000000d6980000)
 ParOldGen       total 108032K, used 107731K [0x0000000080000000, 0x0000000086980000, 0x00000000d5580000)
  object space 108032K, 99% used [0x0000000080000000,0x0000000086934f88,0x0000000086980000)
 Metaspace       used 78016K, committed 79552K, reserved 1179648K
  class space    used 8771K, committed 9408K, reserved 1048576K
}

Dll operation events (15 events):
Event: 0.077 Loaded shared library c:\Users\emmmz\.antigravity\extensions\redhat.java-1.54.0-win32-x64\jre\21.0.10-win32-x86_64\bin\java.dll
Event: 0.156 Loaded shared library c:\Users\emmmz\.antigravity\extensions\redhat.java-1.54.0-win32-x64\jre\21.0.10-win32-x86_64\bin\zip.dll
Event: 0.185 Loaded shared library C:\Users\emmmz\.antigravity\extensions\redhat.java-1.54.0-win32-x64\jre\21.0.10-win32-x86_64\bin\instrument.dll
Event: 0.215 Loaded shared library C:\Users\emmmz\.antigravity\extensions\redhat.java-1.54.0-win32-x64\jre\21.0.10-win32-x86_64\bin\net.dll
Event: 0.252 Loaded shared library C:\Users\emmmz\.antigravity\extensions\redhat.java-1.54.0-win32-x64\jre\21.0.10-win32-x86_64\bin\nio.dll
Event: 0.255 Loaded shared library C:\Users\emmmz\.antigravity\extensions\redhat.java-1.54.0-win32-x64\jre\21.0.10-win32-x86_64\bin\zip.dll
Event: 0.272 Loaded shared library C:\Users\emmmz\.antigravity\extensions\redhat.java-1.54.0-win32-x64\jre\21.0.10-win32-x86_64\bin\jimage.dll
Event: 0.376 Loaded shared library c:\Users\emmmz\.antigravity\extensions\redhat.java-1.54.0-win32-x64\jre\21.0.10-win32-x86_64\bin\verify.dll
Event: 8.263 Loaded shared library C:\Users\emmmz\AppData\Roaming\Antigravity\User\globalStorage\redhat.java\1.54.0\config_win\org.eclipse.equinox.launcher\org.eclipse.equinox.launcher.win32.win32.x86_64_1.3.0.v20260203-2149\eclipse_11919.dll
Event: 15.398 Loaded shared library C:\Users\emmmz\AppData\Local\Temp\jna-96631090\jna14456707923629946029.dll
Event: 17.272 Loaded shared library C:\Users\emmmz\.antigravity\extensions\redhat.java-1.54.0-win32-x64\jre\21.0.10-win32-x86_64\bin\management.dll
Event: 17.275 Loaded shared library C:\Users\emmmz\.antigravity\extensions\redhat.java-1.54.0-win32-x64\jre\21.0.10-win32-x86_64\bin\management_ext.dll
Event: 24.626 Loaded shared library C:\Users\emmmz\.gradle\native\1def1411415f61bf3af743bc5b6707747c0891f09f0c88961ee8f79bc544acac\windows-amd64\native-platform.dll
Event: 25.914 Loaded shared library C:\Users\emmmz\.antigravity\extensions\redhat.java-1.54.0-win32-x64\jre\21.0.10-win32-x86_64\bin\sunmscapi.dll
Event: 26.003 Loaded shared library C:\Users\emmmz\.antigravity\extensions\redhat.java-1.54.0-win32-x64\jre\21.0.10-win32-x86_64\bin\extnet.dll

Deoptimization events (20 events):
Event: 34.012 Thread 0x000001af7ee8cd80 Uncommon trap: trap_request=0xffffff45 fr.pc=0x000001af07e15b08 relative=0x00000000000001e8
Event: 34.013 Thread 0x000001af7ee8cd80 Uncommon trap: reason=unstable_if action=reinterpret pc=0x000001af07e15b08 method=org.eclipse.core.runtime.Path.computeLength()I @ 92 c2
Event: 34.016 Thread 0x000001af7ee8cd80 DEOPT PACKING pc=0x000001af07e15b08 sp=0x000000ad874fe6f0
Event: 34.016 Thread 0x000001af7ee8cd80 DEOPT UNPACKING pc=0x000001af07586da2 sp=0x000000ad874fe678 mode 2
Event: 34.017 Thread 0x000001af7ee8cd80 Uncommon trap: trap_request=0xffffff45 fr.pc=0x000001af0819c0c8 relative=0x0000000000000388
Event: 34.018 Thread 0x000001af7ee8cd80 Uncommon trap: reason=unstable_if action=reinterpret pc=0x000001af0819c0c8 method=org.eclipse.core.runtime.Path.equals(Ljava/lang/Object;)Z @ 120 c2
Event: 34.018 Thread 0x000001af7ee8cd80 DEOPT PACKING pc=0x000001af0819c0c8 sp=0x000000ad874fe9c0
Event: 34.018 Thread 0x000001af7ee8cd80 DEOPT UNPACKING pc=0x000001af07586da2 sp=0x000000ad874fe950 mode 2
Event: 34.036 Thread 0x000001af7ee8a620 Uncommon trap: trap_request=0xffffff45 fr.pc=0x000001af07ce39d4 relative=0x0000000000000d14
Event: 34.037 Thread 0x000001af7ee8a620 Uncommon trap: reason=unstable_if action=reinterpret pc=0x000001af07ce39d4 method=org.eclipse.osgi.storage.bundlefile.ZipBundleFile.findEntry(Ljava/lang/String;)Lorg/eclipse/osgi/storage/bundlefile/BundleEntry; @ 37 c2
Event: 34.038 Thread 0x000001af7ee8a620 DEOPT PACKING pc=0x000001af07ce39d4 sp=0x000000ad875fddc0
Event: 34.038 Thread 0x000001af7ee8a620 DEOPT UNPACKING pc=0x000001af07586da2 sp=0x000000ad875fdd90 mode 2
Event: 34.043 Thread 0x000001af7ee8b9d0 Uncommon trap: trap_request=0xffffffc6 fr.pc=0x000001af082cf8c0 relative=0x00000000000006a0
Event: 34.045 Thread 0x000001af7ee8b9d0 Uncommon trap: reason=bimorphic_or_optimized_type_check action=maybe_recompile pc=0x000001af082cf8c0 method=org.eclipse.jdt.internal.compiler.parser.Parser.consumeRule(I)V @ 7797 c2
Event: 34.048 Thread 0x000001af7ee8b9d0 DEOPT PACKING pc=0x000001af082cf8c0 sp=0x000000ad86afda30
Event: 34.049 Thread 0x000001af7ee8b9d0 DEOPT UNPACKING pc=0x000001af07586da2 sp=0x000000ad86afd9b8 mode 2
Event: 34.056 Thread 0x000001af7db64c20 DEOPT PACKING pc=0x000001af018925bb sp=0x000000ad878fcf60
Event: 34.056 Thread 0x000001af7db64c20 DEOPT UNPACKING pc=0x000001af075878e2 sp=0x000000ad878fc400 mode 0
Event: 34.056 Thread 0x000001af7ee8acb0 DEOPT PACKING pc=0x000001af07d9990c sp=0x000000ad86bfdd70
Event: 34.056 Thread 0x000001af7ee8acb0 DEOPT UNPACKING pc=0x000001af075878e2 sp=0x000000ad86bfd2b0 mode 0

Classes loaded (20 events):
Event: 33.997 Loading class java/nio/channels/spi/SelectorProvider
Event: 33.998 Loading class java/nio/channels/spi/SelectorProvider done
Event: 33.998 Loading class sun/nio/ch/SelectorProviderImpl done
Event: 33.999 Loading class sun/nio/ch/WEPollSelectorProvider done
Event: 34.001 Loading class sun/nio/ch/DatagramChannelImpl
Event: 34.006 Loading class java/nio/channels/DatagramChannel
Event: 34.006 Loading class java/nio/channels/MulticastChannel
Event: 34.006 Loading class java/nio/channels/MulticastChannel done
Event: 34.006 Loading class java/nio/channels/DatagramChannel done
Event: 34.007 Loading class sun/nio/ch/DatagramChannelImpl done
Event: 34.019 Loading class sun/nio/ch/DatagramDispatcher
Event: 34.020 Loading class sun/nio/ch/DatagramDispatcher done
Event: 34.022 Loading class sun/net/ResourceManager
Event: 34.022 Loading class sun/net/ResourceManager done
Event: 34.025 Loading class sun/nio/ch/NativeSocketAddress
Event: 34.026 Loading class sun/nio/ch/NativeSocketAddress done
Event: 34.039 Loading class sun/nio/ch/DatagramSocketAdaptor
Event: 34.040 Loading class sun/nio/ch/DatagramSocketAdaptor done
Event: 34.043 Loading class sun/nio/ch/DatagramSocketAdaptor$DatagramSockets
Event: 34.045 Loading class sun/nio/ch/DatagramSocketAdaptor$DatagramSockets done

Classes unloaded (11 events):
Event: 16.473 Thread 0x000001af75ed2500 Unloading class 0x000001af101b3000 'java/lang/invoke/LambdaForm$MH+0x000001af101b3000'
Event: 16.473 Thread 0x000001af75ed2500 Unloading class 0x000001af101b2c00 'java/lang/invoke/LambdaForm$MH+0x000001af101b2c00'
Event: 16.473 Thread 0x000001af75ed2500 Unloading class 0x000001af101b2800 'java/lang/invoke/LambdaForm$MH+0x000001af101b2800'
Event: 16.473 Thread 0x000001af75ed2500 Unloading class 0x000001af101b2400 'java/lang/invoke/LambdaForm$MH+0x000001af101b2400'
Event: 16.473 Thread 0x000001af75ed2500 Unloading class 0x000001af101b2000 'java/lang/invoke/LambdaForm$BMH+0x000001af101b2000'
Event: 16.473 Thread 0x000001af75ed2500 Unloading class 0x000001af101b1c00 'java/lang/invoke/LambdaForm$DMH+0x000001af101b1c00'
Event: 16.473 Thread 0x000001af75ed2500 Unloading class 0x000001af101b0800 'java/lang/invoke/LambdaForm$DMH+0x000001af101b0800'
Event: 18.120 Thread 0x000001af75ed2500 Unloading class 0x000001af103a1c00 'java/lang/invoke/LambdaForm$MH+0x000001af103a1c00'
Event: 18.120 Thread 0x000001af75ed2500 Unloading class 0x000001af103a1000 'java/lang/invoke/LambdaForm$MH+0x000001af103a1000'
Event: 18.120 Thread 0x000001af75ed2500 Unloading class 0x000001af103a0400 'java/lang/invoke/LambdaForm$MH+0x000001af103a0400'
Event: 18.120 Thread 0x000001af75ed2500 Unloading class 0x000001af103a0000 'java/lang/invoke/LambdaForm$DMH+0x000001af103a0000'

Classes redefined (0 events):
No events

Internal exceptions (20 events):
Event: 33.565 Thread 0x000001af77af59a0 Exception <a 'java/lang/IncompatibleClassChangeError'{0x00000000d5cae300}: Found class java.lang.Object, but interface was expected> (0x00000000d5cae300) 
thrown [s\src\hotspot\share\interpreter\linkResolver.cpp, line 840]
Event: 33.587 Thread 0x000001af77af59a0 Exception <a 'java/lang/IncompatibleClassChangeError'{0x00000000d5f1f408}: Found class java.lang.Object, but interface was expected> (0x00000000d5f1f408) 
thrown [s\src\hotspot\share\interpreter\linkResolver.cpp, line 840]
Event: 33.649 Thread 0x000001af7db62b50 Exception <a 'sun/nio/fs/WindowsException'{0x00000000d5b08a28}> (0x00000000d5b08a28) 
thrown [s\src\hotspot\share\prims\jni.cpp, line 520]
Event: 33.649 Thread 0x000001af7db62b50 Exception <a 'sun/nio/fs/WindowsException'{0x00000000d5b09058}> (0x00000000d5b09058) 
thrown [s\src\hotspot\share\prims\jni.cpp, line 520]
Event: 33.650 Thread 0x000001af7db62b50 Exception <a 'sun/nio/fs/WindowsException'{0x00000000d5b09b08}> (0x00000000d5b09b08) 
thrown [s\src\hotspot\share\prims\jni.cpp, line 520]
Event: 33.650 Thread 0x000001af7db62b50 Exception <a 'sun/nio/fs/WindowsException'{0x00000000d5b0a138}> (0x00000000d5b0a138) 
thrown [s\src\hotspot\share\prims\jni.cpp, line 520]
Event: 33.654 Thread 0x000001af7db62b50 Exception <a 'java/io/FileNotFoundException'{0x00000000d5be9868}> (0x00000000d5be9868) 
thrown [s\src\hotspot\share\prims\jni.cpp, line 520]
Event: 33.655 Thread 0x000001af7db62b50 Exception <a 'java/io/FileNotFoundException'{0x00000000d5bea608}> (0x00000000d5bea608) 
thrown [s\src\hotspot\share\prims\jni.cpp, line 520]
Event: 33.666 Thread 0x000001af7db62b50 Exception <a 'sun/nio/fs/WindowsException'{0x00000000d5dfd050}> (0x00000000d5dfd050) 
thrown [s\src\hotspot\share\prims\jni.cpp, line 520]
Event: 33.666 Thread 0x000001af7db62b50 Exception <a 'sun/nio/fs/WindowsException'{0x00000000d5dfd680}> (0x00000000d5dfd680) 
thrown [s\src\hotspot\share\prims\jni.cpp, line 520]
Event: 33.677 Thread 0x000001af77af59a0 Exception <a 'java/lang/IncompatibleClassChangeError'{0x00000000d5f53778}: Found class java.lang.Object, but interface was expected> (0x00000000d5f53778) 
thrown [s\src\hotspot\share\interpreter\linkResolver.cpp, line 840]
Event: 33.698 Thread 0x000001af7ee8e7c0 Exception <a 'java/lang/NoSuchMethodError'{0x00000000d6463e40}: 'int java.lang.invoke.Invokers$Holder.invokeExact_MT(java.lang.Object, java.lang.Object)'> (0x00000000d6463e40) 
thrown [s\src\hotspot\share\interpreter\linkResolver.cpp, line 773]
Event: 33.741 Thread 0x000001af7ee8e7c0 Exception <a 'java/lang/IncompatibleClassChangeError'{0x00000000d5f61428}: Found class java.lang.Object, but interface was expected> (0x00000000d5f61428) 
thrown [s\src\hotspot\share\interpreter\linkResolver.cpp, line 840]
Event: 33.997 Thread 0x000001af7ee8e7c0 Implicit null exception at 0x000001af081fd7da to 0x000001af081fd833
Event: 34.030 Thread 0x000001af7ee8cd80 Exception <a 'sun/nio/fs/WindowsException'{0x00000000d627f0d8}> (0x00000000d627f0d8) 
thrown [s\src\hotspot\share\prims\jni.cpp, line 520]
Event: 34.030 Thread 0x000001af7ee8cd80 Exception <a 'sun/nio/fs/WindowsException'{0x00000000d627f9d8}> (0x00000000d627f9d8) 
thrown [s\src\hotspot\share\prims\jni.cpp, line 520]
Event: 34.030 Thread 0x000001af7ee8cd80 Exception <a 'sun/nio/fs/WindowsException'{0x00000000d6280720}> (0x00000000d6280720) 
thrown [s\src\hotspot\share\prims\jni.cpp, line 520]
Event: 34.030 Thread 0x000001af7ee8cd80 Exception <a 'sun/nio/fs/WindowsException'{0x00000000d6281000}> (0x00000000d6281000) 
thrown [s\src\hotspot\share\prims\jni.cpp, line 520]
Event: 34.031 Thread 0x000001af7ee8cd80 Exception <a 'sun/nio/fs/WindowsException'{0x00000000d62f7eb8}> (0x00000000d62f7eb8) 
thrown [s\src\hotspot\share\prims\jni.cpp, line 520]
Event: 34.031 Thread 0x000001af7ee8cd80 Exception <a 'sun/nio/fs/WindowsException'{0x00000000d62f8798}> (0x00000000d62f8798) 
thrown [s\src\hotspot\share\prims\jni.cpp, line 520]

ZGC Phase Switch (0 events):
No events

VM Operations (20 events):
Event: 33.628 Executing safepoint VM operation: ParallelGCFailedAllocation (Allocation Failure) done
Event: 33.676 Executing non-safepoint VM operation: HandshakeAllThreads (Deoptimize)
Event: 33.679 Executing non-safepoint VM operation: HandshakeAllThreads (Deoptimize) done
Event: 33.685 Executing non-safepoint VM operation: HandshakeAllThreads (Deoptimize)
Event: 33.686 Executing non-safepoint VM operation: HandshakeAllThreads (Deoptimize) done
Event: 33.710 Executing safepoint VM operation: ParallelGCFailedAllocation (Allocation Failure)
Event: 33.713 Executing safepoint VM operation: ParallelGCFailedAllocation (Allocation Failure) done
Event: 33.755 Executing safepoint VM operation: ParallelGCFailedAllocation (Allocation Failure)
Event: 33.757 Executing safepoint VM operation: ParallelGCFailedAllocation (Allocation Failure) done
Event: 33.814 Executing safepoint VM operation: ParallelGCFailedAllocation (Allocation Failure)
Event: 33.819 Executing safepoint VM operation: ParallelGCFailedAllocation (Allocation Failure) done
Event: 33.922 Executing safepoint VM operation: ParallelGCFailedAllocation (Allocation Failure)
Event: 33.928 Executing safepoint VM operation: ParallelGCFailedAllocation (Allocation Failure) done
Event: 34.006 Executing non-safepoint VM operation: HandshakeAllThreads (Deoptimize)
Event: 34.017 Executing non-safepoint VM operation: HandshakeAllThreads (Deoptimize) done
Event: 34.027 Executing non-safepoint VM operation: HandshakeAllThreads (Deoptimize)
Event: 34.039 Executing non-safepoint VM operation: HandshakeAllThreads (Deoptimize) done
Event: 34.053 Executing non-safepoint VM operation: HandshakeAllThreads (Deoptimize)
Event: 34.056 Executing non-safepoint VM operation: HandshakeAllThreads (Deoptimize) done
Event: 34.056 Executing safepoint VM operation: ParallelGCFailedAllocation (Allocation Failure)

Memory protections (0 events):
No events

Nmethod flushes (20 events):
Event: 25.827 Thread 0x000001af75ed2500 flushing osr nmethod 0x000001af009a8190
Event: 25.827 Thread 0x000001af75ed2500 flushing  nmethod 0x000001af009b3790
Event: 25.827 Thread 0x000001af75ed2500 flushing  nmethod 0x000001af009bc510
Event: 25.827 Thread 0x000001af75ed2500 flushing  nmethod 0x000001af009c7d10
Event: 25.827 Thread 0x000001af75ed2500 flushing  nmethod 0x000001af009c8690
Event: 25.827 Thread 0x000001af75ed2500 flushing  nmethod 0x000001af009e3f10
Event: 25.827 Thread 0x000001af75ed2500 flushing  nmethod 0x000001af009e4510
Event: 25.827 Thread 0x000001af75ed2500 flushing  nmethod 0x000001af009e4c10
Event: 25.827 Thread 0x000001af75ed2500 flushing  nmethod 0x000001af009e5210
Event: 25.827 Thread 0x000001af75ed2500 flushing  nmethod 0x000001af009e5a90
Event: 25.827 Thread 0x000001af75ed2500 flushing  nmethod 0x000001af009e9310
Event: 25.827 Thread 0x000001af75ed2500 flushing  nmethod 0x000001af009eb210
Event: 25.827 Thread 0x000001af75ed2500 flushing  nmethod 0x000001af009fc790
Event: 25.827 Thread 0x000001af75ed2500 flushing  nmethod 0x000001af009fe110
Event: 25.827 Thread 0x000001af75ed2500 flushing  nmethod 0x000001af009ff490
Event: 25.827 Thread 0x000001af75ed2500 flushing  nmethod 0x000001af009ff910
Event: 25.827 Thread 0x000001af75ed2500 flushing  nmethod 0x000001af00a40a10
Event: 25.827 Thread 0x000001af75ed2500 flushing  nmethod 0x000001af00a5ec10
Event: 25.827 Thread 0x000001af75ed2500 flushing  nmethod 0x000001af00a6ae10
Event: 25.827 Thread 0x000001af75ed2500 flushing  nmethod 0x000001af00a6bb10

Events (20 events):
Event: 26.919 Thread 0x000001af7db64c20 Thread added: 0x000001af7f16a260
Event: 26.920 Thread 0x000001af7f16a260 Thread exited: 0x000001af7f16a260
Event: 28.210 Thread 0x000001af7d4d2920 Thread exited: 0x000001af7d4d2920
Event: 28.210 Thread 0x000001af7d4d4460 Thread exited: 0x000001af7d4d4460
Event: 28.419 Thread 0x000001af777cb7a0 Thread added: 0x000001af7d4d4460
Event: 28.649 Thread 0x000001af7db63870 Thread added: 0x000001af7f16b610
Event: 28.649 Thread 0x000001af7db63870 Thread added: 0x000001af7f16af80
Event: 28.649 Thread 0x000001af7db63870 Thread added: 0x000001af7f169bd0
Event: 28.649 Thread 0x000001af7db63870 Thread added: 0x000001af7f16d6e0
Event: 28.649 Thread 0x000001af7db63870 Thread added: 0x000001af7f16c330
Event: 28.649 Thread 0x000001af7db63870 Thread added: 0x000001af7f16a260
Event: 29.421 Thread 0x000001af7d4d4460 Thread exited: 0x000001af7d4d4460
Event: 30.810 Thread 0x000001af777cb7a0 Thread added: 0x000001af7d4d4460
Event: 31.217 Thread 0x000001af7d4d4460 Thread exited: 0x000001af7d4d4460
Event: 31.392 Thread 0x000001af75efc5c0 Thread added: 0x000001af7d4d2ff0
Event: 31.817 Thread 0x000001af7db63870 Thread added: 0x000001af7f1711f0
Event: 32.074 Thread 0x000001af777cb7a0 Thread added: 0x000001af7d4d4460
Event: 33.119 Thread 0x000001af7d4d4460 Thread exited: 0x000001af7d4d4460
Event: 33.156 Thread 0x000001af777cb7a0 Thread added: 0x000001af7d4d5fa0
Event: 33.809 Thread 0x000001af7db62b50 Thread added: 0x000001af7f16f120


Dynamic libraries:
0x00007ff79d560000 - 0x00007ff79d56e000 	c:\Users\emmmz\.antigravity\extensions\redhat.java-1.54.0-win32-x64\jre\21.0.10-win32-x86_64\bin\java.exe
0x00007ffbe2ee0000 - 0x00007ffbe3147000 	C:\WINDOWS\SYSTEM32\ntdll.dll
0x00007ffbe18f0000 - 0x00007ffbe19b9000 	C:\WINDOWS\System32\KERNEL32.DLL
0x00007ffbe03b0000 - 0x00007ffbe07a1000 	C:\WINDOWS\System32\KERNELBASE.dll
0x00007ffbdf960000 - 0x00007ffbdfaab000 	C:\WINDOWS\System32\ucrtbase.dll
0x00007ffbbe6b0000 - 0x00007ffbbe6c8000 	c:\Users\emmmz\.antigravity\extensions\redhat.java-1.54.0-win32-x64\jre\21.0.10-win32-x86_64\bin\jli.dll
0x00007ffbbe760000 - 0x00007ffbbe77e000 	c:\Users\emmmz\.antigravity\extensions\redhat.java-1.54.0-win32-x64\jre\21.0.10-win32-x86_64\bin\VCRUNTIME140.dll
0x00007ffbe23e0000 - 0x00007ffbe25a5000 	C:\WINDOWS\System32\USER32.dll
0x00007ffbc4fa0000 - 0x00007ffbc5233000 	C:\WINDOWS\WinSxS\amd64_microsoft.windows.common-controls_6595b64144ccf1df_6.0.26100.8037_none_3e092faae333b53b\COMCTL32.dll
0x00007ffbdf930000 - 0x00007ffbdf957000 	C:\WINDOWS\System32\win32u.dll
0x00007ffbe18c0000 - 0x00007ffbe18eb000 	C:\WINDOWS\System32\GDI32.dll
0x00007ffbe12e0000 - 0x00007ffbe1389000 	C:\WINDOWS\System32\msvcrt.dll
0x00007ffbe0930000 - 0x00007ffbe0a5b000 	C:\WINDOWS\System32\gdi32full.dll
0x00007ffbe0bd0000 - 0x00007ffbe0c73000 	C:\WINDOWS\System32\msvcp_win.dll
0x00007ffbe2e60000 - 0x00007ffbe2e91000 	C:\WINDOWS\System32\IMM32.DLL
0x00007ffbd2190000 - 0x00007ffbd219c000 	c:\Users\emmmz\.antigravity\extensions\redhat.java-1.54.0-win32-x64\jre\21.0.10-win32-x86_64\bin\vcruntime140_1.dll
0x00007ffb76e80000 - 0x00007ffb76f0d000 	c:\Users\emmmz\.antigravity\extensions\redhat.java-1.54.0-win32-x64\jre\21.0.10-win32-x86_64\bin\msvcp140.dll
0x00007ffb437d0000 - 0x00007ffb44571000 	c:\Users\emmmz\.antigravity\extensions\redhat.java-1.54.0-win32-x64\jre\21.0.10-win32-x86_64\bin\server\jvm.dll
0x00007ffbe2320000 - 0x00007ffbe23db000 	C:\WINDOWS\System32\ADVAPI32.dll
0x00007ffbe2270000 - 0x00007ffbe2317000 	C:\WINDOWS\System32\sechost.dll
0x00007ffbe2150000 - 0x00007ffbe2268000 	C:\WINDOWS\System32\RPCRT4.dll
0x00007ffbe1500000 - 0x00007ffbe1574000 	C:\WINDOWS\System32\WS2_32.dll
0x00007ffbdf620000 - 0x00007ffbdf67e000 	C:\WINDOWS\SYSTEM32\POWRPROF.dll
0x00007ffbd7590000 - 0x00007ffbd75c5000 	C:\WINDOWS\SYSTEM32\WINMM.dll
0x00007ffbd14f0000 - 0x00007ffbd14fb000 	C:\WINDOWS\SYSTEM32\VERSION.dll
0x00007ffbdf600000 - 0x00007ffbdf614000 	C:\WINDOWS\SYSTEM32\UMPDC.dll
0x00007ffbde550000 - 0x00007ffbde56b000 	C:\WINDOWS\SYSTEM32\kernel.appcore.dll
0x00007ffbcf4d0000 - 0x00007ffbcf4da000 	c:\Users\emmmz\.antigravity\extensions\redhat.java-1.54.0-win32-x64\jre\21.0.10-win32-x86_64\bin\jimage.dll
0x00007ffbdd190000 - 0x00007ffbdd3d2000 	C:\WINDOWS\SYSTEM32\DBGHELP.DLL
0x00007ffbe0f00000 - 0x00007ffbe1282000 	C:\WINDOWS\System32\combase.dll
0x00007ffbe1420000 - 0x00007ffbe14f7000 	C:\WINDOWS\System32\OLEAUT32.dll
0x00007ffbcaf20000 - 0x00007ffbcaf5b000 	C:\WINDOWS\SYSTEM32\dbgcore.DLL
0x00007ffbe0b20000 - 0x00007ffbe0bc5000 	C:\WINDOWS\System32\bcryptPrimitives.dll
0x00007ffbbdf90000 - 0x00007ffbbdf9f000 	c:\Users\emmmz\.antigravity\extensions\redhat.java-1.54.0-win32-x64\jre\21.0.10-win32-x86_64\bin\instrument.dll
0x00007ffbbe4b0000 - 0x00007ffbbe4d0000 	c:\Users\emmmz\.antigravity\extensions\redhat.java-1.54.0-win32-x64\jre\21.0.10-win32-x86_64\bin\java.dll
0x00007ffbe19e0000 - 0x00007ffbe213f000 	C:\WINDOWS\System32\SHELL32.dll
0x00007ffbdf7c0000 - 0x00007ffbdf92a000 	C:\WINDOWS\System32\wintypes.dll
0x00007ffbdfb40000 - 0x00007ffbe03a4000 	C:\WINDOWS\System32\windows.storage.dll
0x00007ffbe0c80000 - 0x00007ffbe0d77000 	C:\WINDOWS\System32\SHCORE.dll
0x00007ffbe2610000 - 0x00007ffbe2677000 	C:\WINDOWS\System32\shlwapi.dll
0x00007ffbdf6e0000 - 0x00007ffbdf709000 	C:\WINDOWS\SYSTEM32\profapi.dll
0x00007ffbabfb0000 - 0x00007ffbabfc8000 	c:\Users\emmmz\.antigravity\extensions\redhat.java-1.54.0-win32-x64\jre\21.0.10-win32-x86_64\bin\zip.dll
0x00007ffbbddc0000 - 0x00007ffbbddd0000 	C:\Users\emmmz\.antigravity\extensions\redhat.java-1.54.0-win32-x64\jre\21.0.10-win32-x86_64\bin\net.dll
0x00007ffbd3940000 - 0x00007ffbd3a67000 	C:\WINDOWS\SYSTEM32\WINHTTP.dll
0x00007ffbdeac0000 - 0x00007ffbdeb2b000 	C:\WINDOWS\system32\mswsock.dll
0x00007ffbaa5b0000 - 0x00007ffbaa5c6000 	C:\Users\emmmz\.antigravity\extensions\redhat.java-1.54.0-win32-x64\jre\21.0.10-win32-x86_64\bin\nio.dll
0x00007ffbbd990000 - 0x00007ffbbd9a0000 	c:\Users\emmmz\.antigravity\extensions\redhat.java-1.54.0-win32-x64\jre\21.0.10-win32-x86_64\bin\verify.dll
0x00007ffb66260000 - 0x00007ffb662a5000 	C:\Users\emmmz\AppData\Roaming\Antigravity\User\globalStorage\redhat.java\1.54.0\config_win\org.eclipse.equinox.launcher\org.eclipse.equinox.launcher.win32.win32.x86_64_1.3.0.v20260203-2149\eclipse_11919.dll
0x00007ffbe2cc0000 - 0x00007ffbe2e55000 	C:\WINDOWS\System32\ole32.dll
0x00007ffbdeda0000 - 0x00007ffbdedbb000 	C:\WINDOWS\SYSTEM32\CRYPTSP.dll
0x00007ffbde4b0000 - 0x00007ffbde4e9000 	C:\WINDOWS\system32\rsaenh.dll
0x00007ffbdeb70000 - 0x00007ffbdeba2000 	C:\WINDOWS\SYSTEM32\USERENV.dll
0x00007ffbdf6b0000 - 0x00007ffbdf6da000 	C:\WINDOWS\SYSTEM32\bcrypt.dll
0x00007ffbdedc0000 - 0x00007ffbdedcc000 	C:\WINDOWS\SYSTEM32\CRYPTBASE.dll
0x00007ffbddfc0000 - 0x00007ffbddff3000 	C:\WINDOWS\SYSTEM32\IPHLPAPI.DLL
0x00007ffbe2710000 - 0x00007ffbe271a000 	C:\WINDOWS\System32\NSI.dll
0x00007ffb661c0000 - 0x00007ffb66209000 	C:\Users\emmmz\AppData\Local\Temp\jna-96631090\jna14456707923629946029.dll
0x00007ffbe2700000 - 0x00007ffbe2708000 	C:\WINDOWS\System32\PSAPI.DLL
0x00007ffb9ab40000 - 0x00007ffb9ab4a000 	C:\Users\emmmz\.antigravity\extensions\redhat.java-1.54.0-win32-x64\jre\21.0.10-win32-x86_64\bin\management.dll
0x00007ffb9ab30000 - 0x00007ffb9ab3c000 	C:\Users\emmmz\.antigravity\extensions\redhat.java-1.54.0-win32-x64\jre\21.0.10-win32-x86_64\bin\management_ext.dll
0x00007ffbd9230000 - 0x00007ffbd924d000 	C:\WINDOWS\SYSTEM32\dhcpcsvc6.DLL
0x00007ffbd9110000 - 0x00007ffbd9133000 	C:\WINDOWS\SYSTEM32\dhcpcsvc.DLL
0x00007ffb74880000 - 0x00007ffb748a7000 	C:\Users\emmmz\.gradle\native\1def1411415f61bf3af743bc5b6707747c0891f09f0c88961ee8f79bc544acac\windows-amd64\native-platform.dll
0x00007ffbb1020000 - 0x00007ffbb102e000 	C:\Users\emmmz\.antigravity\extensions\redhat.java-1.54.0-win32-x64\jre\21.0.10-win32-x86_64\bin\sunmscapi.dll
0x00007ffbe07b0000 - 0x00007ffbe0927000 	C:\WINDOWS\System32\CRYPT32.dll
0x00007ffbdefc0000 - 0x00007ffbdeff0000 	C:\WINDOWS\SYSTEM32\ncrypt.dll
0x00007ffbdef70000 - 0x00007ffbdefaf000 	C:\WINDOWS\SYSTEM32\NTASN1.dll
0x00007ffbde000000 - 0x00007ffbde12a000 	C:\WINDOWS\SYSTEM32\DNSAPI.dll
0x00007ffbd8830000 - 0x00007ffbd883b000 	C:\Windows\System32\rasadhlp.dll
0x00007ffbd9440000 - 0x00007ffbd94c6000 	C:\WINDOWS\System32\fwpuclnt.dll
0x00007ffba0970000 - 0x00007ffba0979000 	C:\Users\emmmz\.antigravity\extensions\redhat.java-1.54.0-win32-x64\jre\21.0.10-win32-x86_64\bin\extnet.dll

JVMTI agents:
c:\Users\emmmz\.antigravity\extensions\redhat.java-1.54.0-win32-x64\lombok\lombok-1.18.39-4050.jar path:c:\Users\emmmz\.antigravity\extensions\redhat.java-1.54.0-win32-x64\jre\21.0.10-win32-x86_64\bin\instrument.dll, loaded, initialized, instrumentlib options:none

dbghelp: loaded successfully - version: 4.0.5 - missing functions: none
symbol engine: initialized successfully - sym options: 0x614 - pdb path: .;c:\Users\emmmz\.antigravity\extensions\redhat.java-1.54.0-win32-x64\jre\21.0.10-win32-x86_64\bin;C:\WINDOWS\SYSTEM32;C:\WINDOWS\WinSxS\amd64_microsoft.windows.common-controls_6595b64144ccf1df_6.0.26100.8037_none_3e092faae333b53b;c:\Users\emmmz\.antigravity\extensions\redhat.java-1.54.0-win32-x64\jre\21.0.10-win32-x86_64\bin\server;C:\Users\emmmz\AppData\Roaming\Antigravity\User\globalStorage\redhat.java\1.54.0\config_win\org.eclipse.equinox.launcher\org.eclipse.equinox.launcher.win32.win32.x86_64_1.3.0.v20260203-2149;C:\Users\emmmz\AppData\Local\Temp\jna-96631090;C:\Users\emmmz\.gradle\native\1def1411415f61bf3af743bc5b6707747c0891f09f0c88961ee8f79bc544acac\windows-amd64

VM Arguments:
jvm_args: --add-modules=ALL-SYSTEM --add-opens=java.base/java.util=ALL-UNNAMED --add-opens=java.base/java.lang=ALL-UNNAMED --add-opens=java.base/sun.nio.fs=ALL-UNNAMED -Declipse.application=org.eclipse.jdt.ls.core.id1 -Dosgi.bundles.defaultStartLevel=4 -Declipse.product=org.eclipse.jdt.ls.core.product -Djava.import.generatesMetadataFilesAtProjectRoot=false -DDetectVMInstallationsJob.disabled=true -Dfile.encoding=utf8 -XX:+UseParallelGC -XX:GCTimeRatio=4 -XX:AdaptiveSizePolicyWeight=90 -Dsun.zip.disableMemoryMapping=true -Xmx2G -Xms100m -Xlog:disable -javaagent:c:\Users\emmmz\.antigravity\extensions\redhat.java-1.54.0-win32-x64\lombok\lombok-1.18.39-4050.jar -XX:+HeapDumpOnOutOfMemoryError -XX:HeapDumpPath=c:\Users\emmmz\AppData\Roaming\Antigravity\User\workspaceStorage\9411440532b7ac369f8afd7c0c09128e\redhat.java -Daether.dependencyCollector.impl=bf 
java_command: c:\Users\emmmz\.antigravity\extensions\redhat.java-1.54.0-win32-x64\server\plugins\org.eclipse.equinox.launcher_1.7.100.v20251111-0406.jar -configuration c:\Users\emmmz\AppData\Roaming\Antigravity\User\globalStorage\redhat.java\1.54.0\config_win -data c:\Users\emmmz\AppData\Roaming\Antigravity\User\workspaceStorage\9411440532b7ac369f8afd7c0c09128e\redhat.java\jdt_ws --pipe=\\.\pipe\lsp-9712b7416e97afb612c26a0e798bd913-sock
java_class_path (initial): c:\Users\emmmz\.antigravity\extensions\redhat.java-1.54.0-win32-x64\server\plugins\org.eclipse.equinox.launcher_1.7.100.v20251111-0406.jar
Launcher Type: SUN_STANDARD

[Global flags]
    uintx AdaptiveSizePolicyWeight                 = 90                                        {product} {command line}
     intx CICompilerCount                          = 4                                         {product} {ergonomic}
    uintx GCTimeRatio                              = 4                                         {product} {command line}
     bool HeapDumpOnOutOfMemoryError               = true                                   {manageable} {command line}
    ccstr HeapDumpPath                             = c:\Users\emmmz\AppData\Roaming\Antigravity\User\workspaceStorage\9411440532b7ac369f8afd7c0c09128e\redhat.java         {manageable} {command line}
   size_t InitialHeapSize                          = 104857600                                 {product} {command line}
   size_t MaxHeapSize                              = 2147483648                                {product} {command line}
   size_t MaxNewSize                               = 715653120                                 {product} {ergonomic}
   size_t MinHeapDeltaBytes                        = 524288                                    {product} {ergonomic}
   size_t MinHeapSize                              = 104857600                                 {product} {command line}
   size_t NewSize                                  = 34603008                                  {product} {ergonomic}
    uintx NonNMethodCodeHeapSize                   = 5839372                                {pd product} {ergonomic}
    uintx NonProfiledCodeHeapSize                  = 122909434                              {pd product} {ergonomic}
   size_t OldSize                                  = 70254592                                  {product} {ergonomic}
    uintx ProfiledCodeHeapSize                     = 122909434                              {pd product} {ergonomic}
    uintx ReservedCodeCacheSize                    = 251658240                              {pd product} {ergonomic}
     bool SegmentedCodeCache                       = true                                      {product} {ergonomic}
   size_t SoftMaxHeapSize                          = 2147483648                             {manageable} {ergonomic}
     bool UseCompressedOops                        = true                           {product lp64_product} {ergonomic}
     bool UseLargePagesIndividualAllocation        = false                                  {pd product} {ergonomic}
     bool UseParallelGC                            = true                                      {product} {command line}

Logging:
Log output configuration:
 #0: stdout all=off uptime,level,tags foldmultilines=false
 #1: stderr all=off uptime,level,tags foldmultilines=false

Release file:
JAVA_VERSION="21.0.10" 
MODULES="java.base java.compiler java.datatransfer java.xml java.prefs java.desktop java.instrument java.logging java.management java.security.sasl java.naming java.rmi java.management.rmi java.net.http java.scripting java.security.jgss java.transaction.xa java.sql java.sql.rowset java.xml.crypto java.se java.smartcardio jdk.accessibility jdk.internal.jvmstat jdk.attach jdk.charsets jdk.internal.opt jdk.zipfs jdk.compiler jdk.crypto.ec jdk.crypto.cryptoki jdk.crypto.mscapi jdk.dynalink jdk.internal.ed jdk.editpad jdk.hotspot.agent jdk.httpserver jdk.internal.le jdk.internal.vm.ci jdk.internal.vm.compiler jdk.internal.vm.compiler.management jdk.jartool jdk.javadoc jdk.jcmd jdk.management jdk.management.agent jdk.jconsole jdk.jdeps jdk.jdwp.agent jdk.jdi jdk.jfr jdk.jshell jdk.jsobject jdk.jstatd jdk.localedata jdk.management.jfr jdk.naming.dns jdk.naming.rmi jdk.net jdk.nio.mapmode jdk.random jdk.sctp jdk.security.auth jdk.security.jgss jdk.unsupported jdk.unsupported.desktop jdk.xml.dom" 

Environment Variables:
PATH=C:\xampp_lite_8_4\apps\php;C:\Python313\Scripts\;C:\Python313\;C:\Program Files (x86)\NVIDIA Corporation\PhysX\Common;C:\Program Files\Common Files\Oracle\Java\javapath;C:\oraclexe\app\oracle\product\11.2.0\server\bin;C:\Windows\System32\HWAudioDriverLibs;C:\Windows\system32;C:\Windows;C:\Windows\System32\Wbem;C:\Windows\System32\WindowsPowerShell\v1.0\;C:\Windows\System32\OpenSSH\;C:\Users\Administrator\AppData\Local\Microsoft\WindowsApps;C:\WINDOWS\system32;C:\WINDOWS;C:\WINDOWS\System32\Wbem;C:\WINDOWS\System32\WindowsPowerShell\v1.0\;C:\WINDOWS\System32\OpenSSH\;C:\Program Files\Microsoft SQL Server\120\Tools\Binn\;C:\Program Files\Common Files\Autodesk Shared\;C:\Program Files\dotnet\;C:\Windows\SysWow64\;C:\Program Files\Git\cmd;D:\ComposerSetup;C:\sqlite3;C:\Program Files\nodejs\;C:\ProgramData\chocolatey\bin;C:\Program Files\Microsoft SQL Server\150\Tools\Binn\;C:\WINDOWS\system32;C:\WINDOWS;C:\WINDOWS\System32\Wbem;C:\WINDOWS\System32\WindowsPowerShell\v1.0\;C:\WINDOWS\System32\OpenSSH\;C:\ProgramData\ComposerSetup\bin;;C:\Users\emmmz\AppData\Local\Programs\Microsoft VS Code\bin;C:\Users\emmmz\AppData\Local\Programs\Antigravity\bin
USERNAME=emmmz
OS=Windows_NT
PROCESSOR_IDENTIFIER=Intel64 Family 6 Model 140 Stepping 1, GenuineIntel
TMP=C:\Users\emmmz\AppData\Local\Temp
TEMP=C:\Users\emmmz\AppData\Local\Temp




Periodic native trim disabled

---------------  S Y S T E M  ---------------

OS:
 Windows 11 , 64 bit Build 26100 (10.0.26100.7920)
OS uptime: 0 days 0:08 hours
Hyper-V role detected

CPU: total 8 (initial active 8) (4 cores per cpu, 2 threads per core) family 6 model 140 stepping 1 microcode 0x8a, cx8, cmov, fxsr, ht, mmx, 3dnowpref, sse, sse2, sse3, ssse3, sse4.1, sse4.2, popcnt, lzcnt, tsc, tscinvbit, avx, avx2, aes, erms, clmul, bmi1, bmi2, adx, avx512f, avx512dq, avx512cd, avx512bw, avx512vl, sha, fma, vzeroupper, avx512_vpopcntdq, avx512_vpclmulqdq, avx512_vaes, avx512_vnni, clflush, clflushopt, clwb, avx512_vbmi2, avx512_vbmi, hv, rdtscp, rdpid, fsrm, gfni, avx512_bitalg, f16c, cet_ibt, cet_ss, avx512_ifma
Processor Information for the first 8 processors :
  Max Mhz: 2419, Current Mhz: 2419, Mhz Limit: 2419

Memory: 4k page, system-wide physical 7991M (742M free)
TotalPageFile size 16183M (AvailPageFile size 2M)
current process WorkingSet (physical memory assigned to process): 409M, peak: 411M
current process commit charge ("private bytes"): 489M, peak: 492M

vm_info: OpenJDK 64-Bit Server VM (21.0.10+7-LTS) for windows-amd64 JRE (21.0.10+7-LTS), built on 2026-01-20T00:00:00Z by "admin" with MS VC++ 17.12 (VS2022)

END.
