#
# There is insufficient memory for the Java Runtime Environment to continue.
# Native memory allocation (malloc) failed to allocate 1320496 bytes for Chunk::new
# Possible reasons:
#   The system is out of physical RAM or swap space
#   The process is running with CompressedOops enabled, and the Java Heap may be blocking the growth of the native heap
# Possible solutions:
#   Reduce memory load on the system
#   Increase physical memory or swap space
#   Check if swap backing store is full
#   Decrease Java heap size (-Xmx/-Xms)
#   Decrease number of Java threads
#   Decrease Java thread stack sizes (-Xss)
#   Set larger code cache with -XX:ReservedCodeCacheSize=
#   JVM is running with Unscaled Compressed Oops mode in which the Java heap is
#     placed in the first 4GB address space. The Java Heap base address is the
#     maximum limit for the native heap growth. Please use -XX:HeapBaseMinAddress
#     to set the Java Heap base and to place the Java Heap above 4GB virtual address.
# This output file may be truncated or incomplete.
#
#  Out of Memory Error (arena.cpp:168), pid=3576, tid=9408
#
# JRE version: Java(TM) SE Runtime Environment (21.0.5+9) (build 21.0.5+9-LTS-239)
# Java VM: Java HotSpot(TM) 64-Bit Server VM (21.0.5+9-LTS-239, mixed mode, sharing, tiered, compressed oops, compressed class ptrs, g1 gc, windows-amd64)
# No core dump will be written. Minidumps are not enabled by default on client versions of Windows
#

---------------  S U M M A R Y ------------

Command Line: --add-opens=java.base/java.lang=ALL-UNNAMED --add-opens=java.base/java.lang.invoke=ALL-UNNAMED --add-opens=java.base/java.util=ALL-UNNAMED --add-opens=java.prefs/java.util.prefs=ALL-UNNAMED --add-exports=jdk.compiler/com.sun.tools.javac.api=ALL-UNNAMED --add-exports=jdk.compiler/com.sun.tools.javac.util=ALL-UNNAMED --add-opens=java.base/java.util=ALL-UNNAMED --add-opens=java.prefs/java.util.prefs=ALL-UNNAMED --add-opens=java.base/java.nio.charset=ALL-UNNAMED --add-opens=java.base/java.net=ALL-UNNAMED --add-opens=java.base/java.util.concurrent.atomic=ALL-UNNAMED --add-opens=java.xml/javax.xml.namespace=ALL-UNNAMED -XX:MaxMetaspaceSize=384m -XX:+HeapDumpOnOutOfMemoryError -Xms256m -Xmx512m -Dfile.encoding=UTF-8 -Duser.country=US -Duser.language=en -Duser.variant -javaagent:C:\Users\emmmz\.gradle\wrapper\dists\gradle-8.14.4-bin\92wwslzcyst3phie3o264zltu\gradle-8.14.4\lib\agents\gradle-instrumentation-agent-8.14.4.jar org.gradle.launcher.daemon.bootstrap.GradleDaemon 8.14.4

Host: 11th Gen Intel(R) Core(TM) i5-1135G7 @ 2.40GHz, 8 cores, 7G,  Windows 11 , 64 bit Build 26100 (10.0.26100.7920)
Time: Fri Apr 17 19:13:41 2026 Afr. centrale Ouest elapsed time: 9.395668 seconds (0d 0h 0m 9s)

---------------  T H R E A D  ---------------

Current thread (0x000002d55ea1a8b0):  JavaThread "C2 CompilerThread0" daemon [_thread_in_native, id=9408, stack(0x000000d727f00000,0x000000d728000000) (1024K)]


Current CompileTask:
C2:   9395 6770 %     4       org.gradle.internal.instantiation.generator.AbstractClassGenerator::inspectType @ 77 (602 bytes)

Stack: [0x000000d727f00000,0x000000d728000000]
Native frames: (J=compiled Java code, j=interpreted, Vv=VM code, C=native code)
V  [jvm.dll+0x6ca289]
V  [jvm.dll+0x854a51]
V  [jvm.dll+0x856f7e]
V  [jvm.dll+0x857653]
V  [jvm.dll+0x27dd26]
V  [jvm.dll+0xc4c2d]
V  [jvm.dll+0xc5163]
V  [jvm.dll+0x3b4d02]
V  [jvm.dll+0x3814b5]
V  [jvm.dll+0x38092a]
V  [jvm.dll+0x246910]
V  [jvm.dll+0x245eef]
V  [jvm.dll+0x1c6d0e]
V  [jvm.dll+0x2554d9]
V  [jvm.dll+0x253a6a]
V  [jvm.dll+0x3ee136]
V  [jvm.dll+0x7fee9b]
V  [jvm.dll+0x6c896d]
C  [ucrtbase.dll+0x37b0]
C  [KERNEL32.DLL+0x2e8d7]
C  [ntdll.dll+0x8c48c]


---------------  P R O C E S S  ---------------

Threads class SMR info:
_java_thread_list=0x000002d57c1b7b60, length=69, elements={
0x000002d541ab9d20, 0x000002d55e8ee8e0, 0x000002d55ea0acc0, 0x000002d55ea0bf90,
0x000002d55ea0d530, 0x000002d55ea0df80, 0x000002d55ea179f0, 0x000002d55ea1a8b0,
0x000002d55ea1b340, 0x000002d55ea84380, 0x000002d55ebe4920, 0x000002d578a31f60,
0x000002d5796a5ff0, 0x000002d5798df640, 0x000002d579875340, 0x000002d5798765c0,
0x000002d57974d520, 0x000002d57974e850, 0x000002d579896d10, 0x000002d5797b1d80,
0x000002d5797b1060, 0x000002d5797b09d0, 0x000002d5797b2aa0, 0x000002d5797b3130,
0x000002d5797afcb0, 0x000002d5797b2410, 0x000002d5797b16f0, 0x000002d5797b0340,
0x000002d57e5dfa20, 0x000002d57e5e00b0, 0x000002d57e5ddfe0, 0x000002d57e5e0740,
0x000002d57e5e1460, 0x000002d57e5ded00, 0x000002d57e5df390, 0x000002d57e5de670,
0x000002d57e5e48e0, 0x000002d57e5e3530, 0x000002d57e5e4f70, 0x000002d57e5e2180,
0x000002d57e5e5600, 0x000002d57e5e4250, 0x000002d57e5e2ea0, 0x000002d57e5e2810,
0x000002d57e5e3bc0, 0x000002d57cba24f0, 0x000002d57cba4c50, 0x000002d57cba3f30,
0x000002d57cba45c0, 0x000002d57cba52e0, 0x000002d57cba3210, 0x000002d57cba1e60,
0x000002d57cba38a0, 0x000002d57cba5970, 0x000002d57cba6000, 0x000002d57cba2b80,
0x000002d57cba8760, 0x000002d57cba7a40, 0x000002d57cba6690, 0x000002d57cba9480,
0x000002d57cba73b0, 0x000002d57cba6d20, 0x000002d57cba80d0, 0x000002d57cba8df0,
0x000002d57c4b2a10, 0x000002d57c4b4450, 0x000002d57c4b4ae0, 0x000002d57c4b2380,
0x000002d57c080030
}

Java Threads: ( => current thread )
  0x000002d541ab9d20 JavaThread "main"                              [_thread_blocked, id=3616, stack(0x000000d727100000,0x000000d727200000) (1024K)]
  0x000002d55e8ee8e0 JavaThread "Reference Handler"          daemon [_thread_blocked, id=18888, stack(0x000000d727900000,0x000000d727a00000) (1024K)]
  0x000002d55ea0acc0 JavaThread "Finalizer"                  daemon [_thread_blocked, id=19864, stack(0x000000d727a00000,0x000000d727b00000) (1024K)]
  0x000002d55ea0bf90 JavaThread "Signal Dispatcher"          daemon [_thread_blocked, id=14232, stack(0x000000d727b00000,0x000000d727c00000) (1024K)]
  0x000002d55ea0d530 JavaThread "Attach Listener"            daemon [_thread_blocked, id=17680, stack(0x000000d727c00000,0x000000d727d00000) (1024K)]
  0x000002d55ea0df80 JavaThread "Service Thread"             daemon [_thread_blocked, id=9308, stack(0x000000d727d00000,0x000000d727e00000) (1024K)]
  0x000002d55ea179f0 JavaThread "Monitor Deflation Thread"   daemon [_thread_blocked, id=13572, stack(0x000000d727e00000,0x000000d727f00000) (1024K)]
=>0x000002d55ea1a8b0 JavaThread "C2 CompilerThread0"         daemon [_thread_in_native, id=9408, stack(0x000000d727f00000,0x000000d728000000) (1024K)]
  0x000002d55ea1b340 JavaThread "C1 CompilerThread0"         daemon [_thread_blocked, id=13112, stack(0x000000d728000000,0x000000d728100000) (1024K)]
  0x000002d55ea84380 JavaThread "Common-Cleaner"             daemon [_thread_blocked, id=18204, stack(0x000000d728100000,0x000000d728200000) (1024K)]
  0x000002d55ebe4920 JavaThread "Notification Thread"        daemon [_thread_blocked, id=17588, stack(0x000000d728200000,0x000000d728300000) (1024K)]
  0x000002d578a31f60 JavaThread "Daemon health stats"               [_thread_blocked, id=12672, stack(0x000000d728400000,0x000000d728500000) (1024K)]
  0x000002d5796a5ff0 JavaThread "Incoming local TCP Connector on port 33340"        [_thread_in_native, id=15952, stack(0x000000d728a00000,0x000000d728b00000) (1024K)]
  0x000002d5798df640 JavaThread "Daemon periodic checks"            [_thread_blocked, id=9756, stack(0x000000d728b00000,0x000000d728c00000) (1024K)]
  0x000002d579875340 JavaThread "Daemon"                            [_thread_blocked, id=21456, stack(0x000000d728c00000,0x000000d728d00000) (1024K)]
  0x000002d5798765c0 JavaThread "Handler for socket connection from /127.0.0.1:33340 to /127.0.0.1:33341"        [_thread_in_native, id=9220, stack(0x000000d728d00000,0x000000d728e00000) (1024K)]
  0x000002d57974d520 JavaThread "Cancel handler"                    [_thread_blocked, id=13988, stack(0x000000d728e00000,0x000000d728f00000) (1024K)]
  0x000002d57974e850 JavaThread "Daemon worker"                     [_thread_in_Java, id=1208, stack(0x000000d728f00000,0x000000d729000000) (1024K)]
  0x000002d579896d10 JavaThread "Asynchronous log dispatcher for DefaultDaemonConnection: socket connection from /127.0.0.1:33340 to /127.0.0.1:33341"        [_thread_blocked, id=3896, stack(0x000000d729000000,0x000000d729100000) (1024K)]
  0x000002d5797b1d80 JavaThread "Stdin handler"                     [_thread_blocked, id=4824, stack(0x000000d729100000,0x000000d729200000) (1024K)]
  0x000002d5797b1060 JavaThread "Daemon client event forwarder"        [_thread_blocked, id=3600, stack(0x000000d729200000,0x000000d729300000) (1024K)]
  0x000002d5797b09d0 JavaThread "Cache worker for journal cache (C:\Users\emmmz\.gradle\caches\journal-1)"        [_thread_blocked, id=17912, stack(0x000000d729300000,0x000000d729400000) (1024K)]
  0x000002d5797b2aa0 JavaThread "File lock request listener"        [_thread_in_native, id=11940, stack(0x000000d729400000,0x000000d729500000) (1024K)]
  0x000002d5797b3130 JavaThread "Cache worker for file hash cache (C:\Users\emmmz\.gradle\caches\8.14.4\fileHashes)"        [_thread_blocked, id=17116, stack(0x000000d729500000,0x000000d729600000) (1024K)]
  0x000002d5797afcb0 JavaThread "Cache worker for file hash cache (C:\Users\emmmz\Downloads\zip\.gradle\8.14.4\fileHashes)"        [_thread_blocked, id=2824, stack(0x000000d729a00000,0x000000d729b00000) (1024K)]
  0x000002d5797b2410 JavaThread "Cache worker for Build Output Cleanup Cache (C:\Users\emmmz\Downloads\zip\.gradle\buildOutputCleanup)"        [_thread_blocked, id=15400, stack(0x000000d729b00000,0x000000d729c00000) (1024K)]
  0x000002d5797b16f0 JavaThread "File watcher server"        daemon [_thread_in_native, id=1040, stack(0x000000d729c00000,0x000000d729d00000) (1024K)]
  0x000002d5797b0340 JavaThread "File watcher consumer"      daemon [_thread_blocked, id=9140, stack(0x000000d729d00000,0x000000d729e00000) (1024K)]
  0x000002d57e5dfa20 JavaThread "jar transforms"                    [_thread_blocked, id=21460, stack(0x000000d729e00000,0x000000d729f00000) (1024K)]
  0x000002d57e5e00b0 JavaThread "jar transforms Thread 2"           [_thread_blocked, id=5688, stack(0x000000d729f00000,0x000000d72a000000) (1024K)]
  0x000002d57e5ddfe0 JavaThread "Cache worker for checksums cache (C:\Users\emmmz\Downloads\zip\.gradle\8.14.4\checksums)"        [_thread_blocked, id=15176, stack(0x000000d72a000000,0x000000d72a100000) (1024K)]
  0x000002d57e5e0740 JavaThread "Cache worker for file content cache (C:\Users\emmmz\.gradle\caches\8.14.4\fileContent)"        [_thread_blocked, id=19736, stack(0x000000d72a100000,0x000000d72a200000) (1024K)]
  0x000002d57e5e1460 JavaThread "Cache worker for cache directory md-supplier (C:\Users\emmmz\.gradle\caches\8.14.4\md-supplier)"        [_thread_blocked, id=2752, stack(0x000000d72a200000,0x000000d72a300000) (1024K)]
  0x000002d57e5ded00 JavaThread "Cache worker for cache directory md-rule (C:\Users\emmmz\.gradle\caches\8.14.4\md-rule)"        [_thread_blocked, id=20020, stack(0x000000d72a300000,0x000000d72a400000) (1024K)]
  0x000002d57e5df390 JavaThread "jar transforms Thread 3"           [_thread_blocked, id=11588, stack(0x000000d72a400000,0x000000d72a500000) (1024K)]
  0x000002d57e5de670 JavaThread "Unconstrained build operations"        [_thread_blocked, id=16716, stack(0x000000d729600000,0x000000d729700000) (1024K)]
  0x000002d57e5e48e0 JavaThread "Unconstrained build operations Thread 2"        [_thread_blocked, id=20700, stack(0x000000d72a500000,0x000000d72a600000) (1024K)]
  0x000002d57e5e3530 JavaThread "Unconstrained build operations Thread 3"        [_thread_blocked, id=10724, stack(0x000000d72a600000,0x000000d72a700000) (1024K)]
  0x000002d57e5e4f70 JavaThread "Unconstrained build operations Thread 4"        [_thread_blocked, id=16124, stack(0x000000d72a700000,0x000000d72a800000) (1024K)]
  0x000002d57e5e2180 JavaThread "Unconstrained build operations Thread 5"        [_thread_blocked, id=20800, stack(0x000000d72a800000,0x000000d72a900000) (1024K)]
  0x000002d57e5e5600 JavaThread "Unconstrained build operations Thread 6"        [_thread_blocked, id=16748, stack(0x000000d72a900000,0x000000d72aa00000) (1024K)]
  0x000002d57e5e4250 JavaThread "Unconstrained build operations Thread 7"        [_thread_blocked, id=16696, stack(0x000000d72aa00000,0x000000d72ab00000) (1024K)]
  0x000002d57e5e2ea0 JavaThread "Unconstrained build operations Thread 8"        [_thread_blocked, id=20360, stack(0x000000d72ab00000,0x000000d72ac00000) (1024K)]
  0x000002d57e5e2810 JavaThread "Unconstrained build operations Thread 9"        [_thread_blocked, id=20312, stack(0x000000d72ac00000,0x000000d72ad00000) (1024K)]
  0x000002d57e5e3bc0 JavaThread "Unconstrained build operations Thread 10"        [_thread_blocked, id=9452, stack(0x000000d72ad00000,0x000000d72ae00000) (1024K)]
  0x000002d57cba24f0 JavaThread "Unconstrained build operations Thread 11"        [_thread_blocked, id=10076, stack(0x000000d72ae00000,0x000000d72af00000) (1024K)]
  0x000002d57cba4c50 JavaThread "Unconstrained build operations Thread 12"        [_thread_blocked, id=7452, stack(0x000000d72af00000,0x000000d72b000000) (1024K)]
  0x000002d57cba3f30 JavaThread "Unconstrained build operations Thread 13"        [_thread_blocked, id=17896, stack(0x000000d72b000000,0x000000d72b100000) (1024K)]
  0x000002d57cba45c0 JavaThread "Unconstrained build operations Thread 14"        [_thread_blocked, id=20848, stack(0x000000d72b100000,0x000000d72b200000) (1024K)]
  0x000002d57cba52e0 JavaThread "Unconstrained build operations Thread 15"        [_thread_blocked, id=18560, stack(0x000000d72b200000,0x000000d72b300000) (1024K)]
  0x000002d57cba3210 JavaThread "Unconstrained build operations Thread 16"        [_thread_blocked, id=19676, stack(0x000000d72b300000,0x000000d72b400000) (1024K)]
  0x000002d57cba1e60 JavaThread "Unconstrained build operations Thread 17"        [_thread_blocked, id=14068, stack(0x000000d72b400000,0x000000d72b500000) (1024K)]
  0x000002d57cba38a0 JavaThread "Unconstrained build operations Thread 18"        [_thread_blocked, id=19920, stack(0x000000d72b500000,0x000000d72b600000) (1024K)]
  0x000002d57cba5970 JavaThread "Unconstrained build operations Thread 19"        [_thread_blocked, id=4460, stack(0x000000d72b600000,0x000000d72b700000) (1024K)]
  0x000002d57cba6000 JavaThread "Unconstrained build operations Thread 20"        [_thread_blocked, id=9036, stack(0x000000d72b700000,0x000000d72b800000) (1024K)]
  0x000002d57cba2b80 JavaThread "Unconstrained build operations Thread 21"        [_thread_blocked, id=7544, stack(0x000000d72b800000,0x000000d72b900000) (1024K)]
  0x000002d57cba8760 JavaThread "Memory manager"                    [_thread_blocked, id=4328, stack(0x000000d72b900000,0x000000d72ba00000) (1024K)]
  0x000002d57cba7a40 JavaThread "jar transforms Thread 4"           [_thread_blocked, id=17984, stack(0x000000d72ba00000,0x000000d72bb00000) (1024K)]
  0x000002d57cba6690 JavaThread "ForkJoinPool.commonPool-worker-1" daemon [_thread_blocked, id=12388, stack(0x000000d72bb00000,0x000000d72bc00000) (1024K)]
  0x000002d57cba9480 JavaThread "ForkJoinPool.commonPool-worker-2" daemon [_thread_blocked, id=12196, stack(0x000000d72bc00000,0x000000d72bd00000) (1024K)]
  0x000002d57cba73b0 JavaThread "ForkJoinPool.commonPool-worker-3" daemon [_thread_blocked, id=16264, stack(0x000000d72bd00000,0x000000d72be00000) (1024K)]
  0x000002d57cba6d20 JavaThread "ForkJoinPool.commonPool-worker-4" daemon [_thread_blocked, id=2696, stack(0x000000d72be00000,0x000000d72bf00000) (1024K)]
  0x000002d57cba80d0 JavaThread "ForkJoinPool.commonPool-worker-5" daemon [_thread_blocked, id=14500, stack(0x000000d72bf00000,0x000000d72c000000) (1024K)]
  0x000002d57cba8df0 JavaThread "ForkJoinPool.commonPool-worker-6" daemon [_thread_blocked, id=10800, stack(0x000000d72c000000,0x000000d72c100000) (1024K)]
  0x000002d57c4b2a10 JavaThread "ForkJoinPool.commonPool-worker-7" daemon [_thread_blocked, id=18288, stack(0x000000d72c100000,0x000000d72c200000) (1024K)]
  0x000002d57c4b4450 JavaThread "Exec process"               daemon [_thread_blocked, id=15984, stack(0x000000d72c200000,0x000000d72c300000) (1024K)]
  0x000002d57c4b4ae0 JavaThread "Exec process Thread 2"      daemon [_thread_blocked, id=6032, stack(0x000000d72c300000,0x000000d72c400000) (1024K)]
  0x000002d57c4b2380 JavaThread "Exec process Thread 3"      daemon [_thread_blocked, id=15104, stack(0x000000d72c400000,0x000000d72c500000) (1024K)]
  0x000002d57c080030 JavaThread "C2 CompilerThread1"         daemon [_thread_in_native, id=18992, stack(0x000000d728300000,0x000000d728400000) (1024K)]
Total: 69

Other Threads:
  0x000002d55e8d9de0 VMThread "VM Thread"                           [id=5508, stack(0x000000d727800000,0x000000d727900000) (1024K)]
  0x000002d55e8c4b50 WatcherThread "VM Periodic Task Thread"        [id=20880, stack(0x000000d727700000,0x000000d727800000) (1024K)]
  0x000002d541f89410 WorkerThread "GC Thread#0"                     [id=1756, stack(0x000000d727200000,0x000000d727300000) (1024K)]
  0x000002d55e8da8c0 WorkerThread "GC Thread#1"                     [id=9268, stack(0x000000d728500000,0x000000d728600000) (1024K)]
  0x000002d55e8d9a40 WorkerThread "GC Thread#2"                     [id=19612, stack(0x000000d728600000,0x000000d728700000) (1024K)]
  0x000002d55e8d9300 WorkerThread "GC Thread#3"                     [id=17836, stack(0x000000d728700000,0x000000d728800000) (1024K)]
  0x000002d55e8d8f60 WorkerThread "GC Thread#4"                     [id=20200, stack(0x000000d728800000,0x000000d728900000) (1024K)]
  0x000002d55e8da180 WorkerThread "GC Thread#5"                     [id=11012, stack(0x000000d728900000,0x000000d728a00000) (1024K)]
  0x000002d5798c9860 WorkerThread "GC Thread#6"                     [id=16764, stack(0x000000d729700000,0x000000d729800000) (1024K)]
  0x000002d5798c9120 WorkerThread "GC Thread#7"                     [id=17344, stack(0x000000d729800000,0x000000d729900000) (1024K)]
  0x000002d541f8e3f0 ConcurrentGCThread "G1 Main Marker"            [id=8140, stack(0x000000d727300000,0x000000d727400000) (1024K)]
  0x000002d541f8f050 WorkerThread "G1 Conc#0"                       [id=9072, stack(0x000000d727400000,0x000000d727500000) (1024K)]
  0x000002d5798c7420 WorkerThread "G1 Conc#1"                       [id=12576, stack(0x000000d729900000,0x000000d729a00000) (1024K)]
  0x000002d55e79b230 ConcurrentGCThread "G1 Refine#0"               [id=12712, stack(0x000000d727500000,0x000000d727600000) (1024K)]
  0x000002d55e79ca60 ConcurrentGCThread "G1 Service"                [id=14708, stack(0x000000d727600000,0x000000d727700000) (1024K)]
Total: 15

Threads with active compile tasks:
C2 CompilerThread0     9433 6770 %     4       org.gradle.internal.instantiation.generator.AbstractClassGenerator::inspectType @ 77 (602 bytes)
C1 CompilerThread0     9433 6950       3       org.gradle.internal.metaobject.BeanDynamicObject::getMetaClass (39 bytes)
C2 CompilerThread1     9433 6913       4       java.lang.reflect.Method::getGenericParameterTypes (5 bytes)
Total: 3

VM state: not at safepoint (normal execution)

VM Mutex/Monitor currently owned by a thread: None

Heap address: 0x00000000e0000000, size: 512 MB, Compressed Oops mode: 32-bit

CDS archive(s) mapped at: [0x000002d55f000000-0x000002d55fc90000-0x000002d55fc90000), size 13172736, SharedBaseAddress: 0x000002d55f000000, ArchiveRelocationMode: 1.
Compressed class space mapped at: 0x000002d560000000-0x000002d574000000, reserved size: 335544320
Narrow klass base: 0x000002d55f000000, Narrow klass shift: 0, Narrow klass range: 0x100000000

GC Precious Log:
 CardTable entry size: 512
 Card Set container configuration: InlinePtr #cards 5 size 8 Array Of Cards #cards 12 size 40 Howl #buckets 4 coarsen threshold 1843 Howl Bitmap #cards 512 size 80 coarsen threshold 460 Card regions per heap region 1 cards per card region 2048
 CPUs: 8 total, 8 available
 Memory: 7991M
 Large Page Support: Disabled
 NUMA Support: Disabled
 Compressed Oops: Enabled (32-bit)
 Heap Region Size: 1M
 Heap Min Capacity: 256M
 Heap Initial Capacity: 256M
 Heap Max Capacity: 512M
 Pre-touch: Disabled
 Parallel Workers: 8
 Concurrent Workers: 2
 Concurrent Refinement Workers: 8
 Periodic GC: Disabled

Heap:
 garbage-first heap   total 262144K, used 131825K [0x00000000e0000000, 0x0000000100000000)
  region size 1024K, 106 young (108544K), 16 survivors (16384K)
 Metaspace       used 57507K, committed 59392K, reserved 393216K
  class space    used 8193K, committed 9152K, reserved 327680K

Heap Regions: E=young(eden), S=young(survivor), O=old, HS=humongous(starts), HC=humongous(continues), CS=collection set, F=free, TAMS=top-at-mark-start, PB=parsable bottom
|   0|0x00000000e0000000, 0x00000000e0100000, 0x00000000e0100000|100%|HS|  |TAMS 0x00000000e0000000| PB 0x00000000e0000000| Complete 
|   1|0x00000000e0100000, 0x00000000e0200000, 0x00000000e0200000|100%|HC|  |TAMS 0x00000000e0100000| PB 0x00000000e0100000| Complete 
|   2|0x00000000e0200000, 0x00000000e0300000, 0x00000000e0300000|100%|HC|  |TAMS 0x00000000e0200000| PB 0x00000000e0200000| Complete 
|   3|0x00000000e0300000, 0x00000000e0300000, 0x00000000e0400000|  0%| F|  |TAMS 0x00000000e0300000| PB 0x00000000e0300000| Untracked 
|   4|0x00000000e0400000, 0x00000000e0500000, 0x00000000e0500000|100%| O|  |TAMS 0x00000000e0400000| PB 0x00000000e0400000| Untracked 
|   5|0x00000000e0500000, 0x00000000e0600000, 0x00000000e0600000|100%| O|  |TAMS 0x00000000e0500000| PB 0x00000000e0500000| Untracked 
|   6|0x00000000e0600000, 0x00000000e0700000, 0x00000000e0700000|100%| O|  |TAMS 0x00000000e0600000| PB 0x00000000e0600000| Untracked 
|   7|0x00000000e0700000, 0x00000000e0800000, 0x00000000e0800000|100%|HS|  |TAMS 0x00000000e0700000| PB 0x00000000e0700000| Complete 
|   8|0x00000000e0800000, 0x00000000e0900000, 0x00000000e0900000|100%| O|  |TAMS 0x00000000e0800000| PB 0x00000000e0800000| Untracked 
|   9|0x00000000e0900000, 0x00000000e0a00000, 0x00000000e0a00000|100%| O|  |TAMS 0x00000000e0900000| PB 0x00000000e0900000| Untracked 
|  10|0x00000000e0a00000, 0x00000000e0b00000, 0x00000000e0b00000|100%| O|  |TAMS 0x00000000e0a00000| PB 0x00000000e0a00000| Untracked 
|  11|0x00000000e0b00000, 0x00000000e0c00000, 0x00000000e0c00000|100%| O|  |TAMS 0x00000000e0b00000| PB 0x00000000e0b00000| Untracked 
|  12|0x00000000e0c00000, 0x00000000e0d00000, 0x00000000e0d00000|100%| O|  |TAMS 0x00000000e0c00000| PB 0x00000000e0c00000| Untracked 
|  13|0x00000000e0d00000, 0x00000000e0e00000, 0x00000000e0e00000|100%| O|  |TAMS 0x00000000e0d00000| PB 0x00000000e0d00000| Untracked 
|  14|0x00000000e0e00000, 0x00000000e0f00000, 0x00000000e0f00000|100%| O|  |TAMS 0x00000000e0e00000| PB 0x00000000e0e00000| Untracked 
|  15|0x00000000e0f00000, 0x00000000e1000000, 0x00000000e1000000|100%| O|  |TAMS 0x00000000e0f00000| PB 0x00000000e0f00000| Untracked 
|  16|0x00000000e1000000, 0x00000000e1100000, 0x00000000e1100000|100%| O|  |TAMS 0x00000000e1000000| PB 0x00000000e1000000| Untracked 
|  17|0x00000000e1100000, 0x00000000e1200000, 0x00000000e1200000|100%| O|  |TAMS 0x00000000e1100000| PB 0x00000000e1100000| Untracked 
|  18|0x00000000e1200000, 0x00000000e1300000, 0x00000000e1300000|100%| O|  |TAMS 0x00000000e1200000| PB 0x00000000e1200000| Untracked 
|  19|0x00000000e1300000, 0x00000000e1400000, 0x00000000e1400000|100%| O|  |TAMS 0x00000000e1300000| PB 0x00000000e1300000| Untracked 
|  20|0x00000000e1400000, 0x00000000e1500000, 0x00000000e1500000|100%| O|  |TAMS 0x00000000e1400000| PB 0x00000000e1400000| Untracked 
|  21|0x00000000e1500000, 0x00000000e1600000, 0x00000000e1600000|100%| O|  |TAMS 0x00000000e1500000| PB 0x00000000e1500000| Untracked 
|  22|0x00000000e1600000, 0x00000000e1700000, 0x00000000e1700000|100%| O|Cm|TAMS 0x00000000e1600000| PB 0x00000000e1600000| Complete 
|  23|0x00000000e1700000, 0x00000000e1800000, 0x00000000e1800000|100%| O|  |TAMS 0x00000000e1700000| PB 0x00000000e1700000| Untracked 
|  24|0x00000000e1800000, 0x00000000e18bc7b0, 0x00000000e1900000| 73%| O|  |TAMS 0x00000000e1800000| PB 0x00000000e1800000| Untracked 
|  25|0x00000000e1900000, 0x00000000e1900000, 0x00000000e1a00000|  0%| F|  |TAMS 0x00000000e1900000| PB 0x00000000e1900000| Untracked 
|  26|0x00000000e1a00000, 0x00000000e1a00000, 0x00000000e1b00000|  0%| F|  |TAMS 0x00000000e1a00000| PB 0x00000000e1a00000| Untracked 
|  27|0x00000000e1b00000, 0x00000000e1b00000, 0x00000000e1c00000|  0%| F|  |TAMS 0x00000000e1b00000| PB 0x00000000e1b00000| Untracked 
|  28|0x00000000e1c00000, 0x00000000e1c00000, 0x00000000e1d00000|  0%| F|  |TAMS 0x00000000e1c00000| PB 0x00000000e1c00000| Untracked 
|  29|0x00000000e1d00000, 0x00000000e1d00000, 0x00000000e1e00000|  0%| F|  |TAMS 0x00000000e1d00000| PB 0x00000000e1d00000| Untracked 
|  30|0x00000000e1e00000, 0x00000000e1e00000, 0x00000000e1f00000|  0%| F|  |TAMS 0x00000000e1e00000| PB 0x00000000e1e00000| Untracked 
|  31|0x00000000e1f00000, 0x00000000e1f00000, 0x00000000e2000000|  0%| F|  |TAMS 0x00000000e1f00000| PB 0x00000000e1f00000| Untracked 
|  32|0x00000000e2000000, 0x00000000e2000000, 0x00000000e2100000|  0%| F|  |TAMS 0x00000000e2000000| PB 0x00000000e2000000| Untracked 
|  33|0x00000000e2100000, 0x00000000e2100000, 0x00000000e2200000|  0%| F|  |TAMS 0x00000000e2100000| PB 0x00000000e2100000| Untracked 
|  34|0x00000000e2200000, 0x00000000e2200000, 0x00000000e2300000|  0%| F|  |TAMS 0x00000000e2200000| PB 0x00000000e2200000| Untracked 
|  35|0x00000000e2300000, 0x00000000e2300000, 0x00000000e2400000|  0%| F|  |TAMS 0x00000000e2300000| PB 0x00000000e2300000| Untracked 
|  36|0x00000000e2400000, 0x00000000e2400000, 0x00000000e2500000|  0%| F|  |TAMS 0x00000000e2400000| PB 0x00000000e2400000| Untracked 
|  37|0x00000000e2500000, 0x00000000e2500000, 0x00000000e2600000|  0%| F|  |TAMS 0x00000000e2500000| PB 0x00000000e2500000| Untracked 
|  38|0x00000000e2600000, 0x00000000e2600000, 0x00000000e2700000|  0%| F|  |TAMS 0x00000000e2600000| PB 0x00000000e2600000| Untracked 
|  39|0x00000000e2700000, 0x00000000e2700000, 0x00000000e2800000|  0%| F|  |TAMS 0x00000000e2700000| PB 0x00000000e2700000| Untracked 
|  40|0x00000000e2800000, 0x00000000e2800000, 0x00000000e2900000|  0%| F|  |TAMS 0x00000000e2800000| PB 0x00000000e2800000| Untracked 
|  41|0x00000000e2900000, 0x00000000e2900000, 0x00000000e2a00000|  0%| F|  |TAMS 0x00000000e2900000| PB 0x00000000e2900000| Untracked 
|  42|0x00000000e2a00000, 0x00000000e2a00000, 0x00000000e2b00000|  0%| F|  |TAMS 0x00000000e2a00000| PB 0x00000000e2a00000| Untracked 
|  43|0x00000000e2b00000, 0x00000000e2b00000, 0x00000000e2c00000|  0%| F|  |TAMS 0x00000000e2b00000| PB 0x00000000e2b00000| Untracked 
|  44|0x00000000e2c00000, 0x00000000e2c00000, 0x00000000e2d00000|  0%| F|  |TAMS 0x00000000e2c00000| PB 0x00000000e2c00000| Untracked 
|  45|0x00000000e2d00000, 0x00000000e2d00000, 0x00000000e2e00000|  0%| F|  |TAMS 0x00000000e2d00000| PB 0x00000000e2d00000| Untracked 
|  46|0x00000000e2e00000, 0x00000000e2e00000, 0x00000000e2f00000|  0%| F|  |TAMS 0x00000000e2e00000| PB 0x00000000e2e00000| Untracked 
|  47|0x00000000e2f00000, 0x00000000e2f00000, 0x00000000e3000000|  0%| F|  |TAMS 0x00000000e2f00000| PB 0x00000000e2f00000| Untracked 
|  48|0x00000000e3000000, 0x00000000e3000000, 0x00000000e3100000|  0%| F|  |TAMS 0x00000000e3000000| PB 0x00000000e3000000| Untracked 
|  49|0x00000000e3100000, 0x00000000e3100000, 0x00000000e3200000|  0%| F|  |TAMS 0x00000000e3100000| PB 0x00000000e3100000| Untracked 
|  50|0x00000000e3200000, 0x00000000e3200000, 0x00000000e3300000|  0%| F|  |TAMS 0x00000000e3200000| PB 0x00000000e3200000| Untracked 
|  51|0x00000000e3300000, 0x00000000e3300000, 0x00000000e3400000|  0%| F|  |TAMS 0x00000000e3300000| PB 0x00000000e3300000| Untracked 
|  52|0x00000000e3400000, 0x00000000e3400000, 0x00000000e3500000|  0%| F|  |TAMS 0x00000000e3400000| PB 0x00000000e3400000| Untracked 
|  53|0x00000000e3500000, 0x00000000e3500000, 0x00000000e3600000|  0%| F|  |TAMS 0x00000000e3500000| PB 0x00000000e3500000| Untracked 
|  54|0x00000000e3600000, 0x00000000e3600000, 0x00000000e3700000|  0%| F|  |TAMS 0x00000000e3600000| PB 0x00000000e3600000| Untracked 
|  55|0x00000000e3700000, 0x00000000e3700000, 0x00000000e3800000|  0%| F|  |TAMS 0x00000000e3700000| PB 0x00000000e3700000| Untracked 
|  56|0x00000000e3800000, 0x00000000e3800000, 0x00000000e3900000|  0%| F|  |TAMS 0x00000000e3800000| PB 0x00000000e3800000| Untracked 
|  57|0x00000000e3900000, 0x00000000e3900000, 0x00000000e3a00000|  0%| F|  |TAMS 0x00000000e3900000| PB 0x00000000e3900000| Untracked 
|  58|0x00000000e3a00000, 0x00000000e3a00000, 0x00000000e3b00000|  0%| F|  |TAMS 0x00000000e3a00000| PB 0x00000000e3a00000| Untracked 
|  59|0x00000000e3b00000, 0x00000000e3b00000, 0x00000000e3c00000|  0%| F|  |TAMS 0x00000000e3b00000| PB 0x00000000e3b00000| Untracked 
|  60|0x00000000e3c00000, 0x00000000e3c00000, 0x00000000e3d00000|  0%| F|  |TAMS 0x00000000e3c00000| PB 0x00000000e3c00000| Untracked 
|  61|0x00000000e3d00000, 0x00000000e3d00000, 0x00000000e3e00000|  0%| F|  |TAMS 0x00000000e3d00000| PB 0x00000000e3d00000| Untracked 
|  62|0x00000000e3e00000, 0x00000000e3e00000, 0x00000000e3f00000|  0%| F|  |TAMS 0x00000000e3e00000| PB 0x00000000e3e00000| Untracked 
|  63|0x00000000e3f00000, 0x00000000e3f00000, 0x00000000e4000000|  0%| F|  |TAMS 0x00000000e3f00000| PB 0x00000000e3f00000| Untracked 
|  64|0x00000000e4000000, 0x00000000e4000000, 0x00000000e4100000|  0%| F|  |TAMS 0x00000000e4000000| PB 0x00000000e4000000| Untracked 
|  65|0x00000000e4100000, 0x00000000e4100000, 0x00000000e4200000|  0%| F|  |TAMS 0x00000000e4100000| PB 0x00000000e4100000| Untracked 
|  66|0x00000000e4200000, 0x00000000e4200000, 0x00000000e4300000|  0%| F|  |TAMS 0x00000000e4200000| PB 0x00000000e4200000| Untracked 
|  67|0x00000000e4300000, 0x00000000e4300000, 0x00000000e4400000|  0%| F|  |TAMS 0x00000000e4300000| PB 0x00000000e4300000| Untracked 
|  68|0x00000000e4400000, 0x00000000e4400000, 0x00000000e4500000|  0%| F|  |TAMS 0x00000000e4400000| PB 0x00000000e4400000| Untracked 
|  69|0x00000000e4500000, 0x00000000e4500000, 0x00000000e4600000|  0%| F|  |TAMS 0x00000000e4500000| PB 0x00000000e4500000| Untracked 
|  70|0x00000000e4600000, 0x00000000e4600000, 0x00000000e4700000|  0%| F|  |TAMS 0x00000000e4600000| PB 0x00000000e4600000| Untracked 
|  71|0x00000000e4700000, 0x00000000e4700000, 0x00000000e4800000|  0%| F|  |TAMS 0x00000000e4700000| PB 0x00000000e4700000| Untracked 
|  72|0x00000000e4800000, 0x00000000e4800000, 0x00000000e4900000|  0%| F|  |TAMS 0x00000000e4800000| PB 0x00000000e4800000| Untracked 
|  73|0x00000000e4900000, 0x00000000e4900000, 0x00000000e4a00000|  0%| F|  |TAMS 0x00000000e4900000| PB 0x00000000e4900000| Untracked 
|  74|0x00000000e4a00000, 0x00000000e4a00000, 0x00000000e4b00000|  0%| F|  |TAMS 0x00000000e4a00000| PB 0x00000000e4a00000| Untracked 
|  75|0x00000000e4b00000, 0x00000000e4b00000, 0x00000000e4c00000|  0%| F|  |TAMS 0x00000000e4b00000| PB 0x00000000e4b00000| Untracked 
|  76|0x00000000e4c00000, 0x00000000e4c00000, 0x00000000e4d00000|  0%| F|  |TAMS 0x00000000e4c00000| PB 0x00000000e4c00000| Untracked 
|  77|0x00000000e4d00000, 0x00000000e4d00000, 0x00000000e4e00000|  0%| F|  |TAMS 0x00000000e4d00000| PB 0x00000000e4d00000| Untracked 
|  78|0x00000000e4e00000, 0x00000000e4e00000, 0x00000000e4f00000|  0%| F|  |TAMS 0x00000000e4e00000| PB 0x00000000e4e00000| Untracked 
|  79|0x00000000e4f00000, 0x00000000e4f00000, 0x00000000e5000000|  0%| F|  |TAMS 0x00000000e4f00000| PB 0x00000000e4f00000| Untracked 
|  80|0x00000000e5000000, 0x00000000e5000000, 0x00000000e5100000|  0%| F|  |TAMS 0x00000000e5000000| PB 0x00000000e5000000| Untracked 
|  81|0x00000000e5100000, 0x00000000e5100000, 0x00000000e5200000|  0%| F|  |TAMS 0x00000000e5100000| PB 0x00000000e5100000| Untracked 
|  82|0x00000000e5200000, 0x00000000e5200000, 0x00000000e5300000|  0%| F|  |TAMS 0x00000000e5200000| PB 0x00000000e5200000| Untracked 
|  83|0x00000000e5300000, 0x00000000e5300000, 0x00000000e5400000|  0%| F|  |TAMS 0x00000000e5300000| PB 0x00000000e5300000| Untracked 
|  84|0x00000000e5400000, 0x00000000e5400000, 0x00000000e5500000|  0%| F|  |TAMS 0x00000000e5400000| PB 0x00000000e5400000| Untracked 
|  85|0x00000000e5500000, 0x00000000e5500000, 0x00000000e5600000|  0%| F|  |TAMS 0x00000000e5500000| PB 0x00000000e5500000| Untracked 
|  86|0x00000000e5600000, 0x00000000e5600000, 0x00000000e5700000|  0%| F|  |TAMS 0x00000000e5600000| PB 0x00000000e5600000| Untracked 
|  87|0x00000000e5700000, 0x00000000e5800000, 0x00000000e5800000|100%| S|CS|TAMS 0x00000000e5700000| PB 0x00000000e5700000| Complete 
|  88|0x00000000e5800000, 0x00000000e5900000, 0x00000000e5900000|100%| S|CS|TAMS 0x00000000e5800000| PB 0x00000000e5800000| Complete 
|  89|0x00000000e5900000, 0x00000000e5a00000, 0x00000000e5a00000|100%| S|CS|TAMS 0x00000000e5900000| PB 0x00000000e5900000| Complete 
|  90|0x00000000e5a00000, 0x00000000e5b00000, 0x00000000e5b00000|100%| S|CS|TAMS 0x00000000e5a00000| PB 0x00000000e5a00000| Complete 
|  91|0x00000000e5b00000, 0x00000000e5c00000, 0x00000000e5c00000|100%| S|CS|TAMS 0x00000000e5b00000| PB 0x00000000e5b00000| Complete 
|  92|0x00000000e5c00000, 0x00000000e5d00000, 0x00000000e5d00000|100%| S|CS|TAMS 0x00000000e5c00000| PB 0x00000000e5c00000| Complete 
|  93|0x00000000e5d00000, 0x00000000e5e00000, 0x00000000e5e00000|100%| S|CS|TAMS 0x00000000e5d00000| PB 0x00000000e5d00000| Complete 
|  94|0x00000000e5e00000, 0x00000000e5f00000, 0x00000000e5f00000|100%| S|CS|TAMS 0x00000000e5e00000| PB 0x00000000e5e00000| Complete 
|  95|0x00000000e5f00000, 0x00000000e6000000, 0x00000000e6000000|100%| S|CS|TAMS 0x00000000e5f00000| PB 0x00000000e5f00000| Complete 
|  96|0x00000000e6000000, 0x00000000e6100000, 0x00000000e6100000|100%| S|CS|TAMS 0x00000000e6000000| PB 0x00000000e6000000| Complete 
|  97|0x00000000e6100000, 0x00000000e6200000, 0x00000000e6200000|100%| S|CS|TAMS 0x00000000e6100000| PB 0x00000000e6100000| Complete 
|  98|0x00000000e6200000, 0x00000000e6300000, 0x00000000e6300000|100%| S|CS|TAMS 0x00000000e6200000| PB 0x00000000e6200000| Complete 
|  99|0x00000000e6300000, 0x00000000e6400000, 0x00000000e6400000|100%| S|CS|TAMS 0x00000000e6300000| PB 0x00000000e6300000| Complete 
| 100|0x00000000e6400000, 0x00000000e6500000, 0x00000000e6500000|100%| S|CS|TAMS 0x00000000e6400000| PB 0x00000000e6400000| Complete 
| 101|0x00000000e6500000, 0x00000000e6600000, 0x00000000e6600000|100%| S|CS|TAMS 0x00000000e6500000| PB 0x00000000e6500000| Complete 
| 102|0x00000000e6600000, 0x00000000e6700000, 0x00000000e6700000|100%| S|CS|TAMS 0x00000000e6600000| PB 0x00000000e6600000| Complete 
| 103|0x00000000e6700000, 0x00000000e6700000, 0x00000000e6800000|  0%| F|  |TAMS 0x00000000e6700000| PB 0x00000000e6700000| Untracked 
| 104|0x00000000e6800000, 0x00000000e6800000, 0x00000000e6900000|  0%| F|  |TAMS 0x00000000e6800000| PB 0x00000000e6800000| Untracked 
| 105|0x00000000e6900000, 0x00000000e6900000, 0x00000000e6a00000|  0%| F|  |TAMS 0x00000000e6900000| PB 0x00000000e6900000| Untracked 
| 106|0x00000000e6a00000, 0x00000000e6a00000, 0x00000000e6b00000|  0%| F|  |TAMS 0x00000000e6a00000| PB 0x00000000e6a00000| Untracked 
| 107|0x00000000e6b00000, 0x00000000e6b00000, 0x00000000e6c00000|  0%| F|  |TAMS 0x00000000e6b00000| PB 0x00000000e6b00000| Untracked 
| 108|0x00000000e6c00000, 0x00000000e6c00000, 0x00000000e6d00000|  0%| F|  |TAMS 0x00000000e6c00000| PB 0x00000000e6c00000| Untracked 
| 109|0x00000000e6d00000, 0x00000000e6d00000, 0x00000000e6e00000|  0%| F|  |TAMS 0x00000000e6d00000| PB 0x00000000e6d00000| Untracked 
| 110|0x00000000e6e00000, 0x00000000e6e00000, 0x00000000e6f00000|  0%| F|  |TAMS 0x00000000e6e00000| PB 0x00000000e6e00000| Untracked 
| 111|0x00000000e6f00000, 0x00000000e6f00000, 0x00000000e7000000|  0%| F|  |TAMS 0x00000000e6f00000| PB 0x00000000e6f00000| Untracked 
| 112|0x00000000e7000000, 0x00000000e7000000, 0x00000000e7100000|  0%| F|  |TAMS 0x00000000e7000000| PB 0x00000000e7000000| Untracked 
| 113|0x00000000e7100000, 0x00000000e7100000, 0x00000000e7200000|  0%| F|  |TAMS 0x00000000e7100000| PB 0x00000000e7100000| Untracked 
| 114|0x00000000e7200000, 0x00000000e7200000, 0x00000000e7300000|  0%| F|  |TAMS 0x00000000e7200000| PB 0x00000000e7200000| Untracked 
| 115|0x00000000e7300000, 0x00000000e7300000, 0x00000000e7400000|  0%| F|  |TAMS 0x00000000e7300000| PB 0x00000000e7300000| Untracked 
| 116|0x00000000e7400000, 0x00000000e7400000, 0x00000000e7500000|  0%| F|  |TAMS 0x00000000e7400000| PB 0x00000000e7400000| Untracked 
| 117|0x00000000e7500000, 0x00000000e7500000, 0x00000000e7600000|  0%| F|  |TAMS 0x00000000e7500000| PB 0x00000000e7500000| Untracked 
| 118|0x00000000e7600000, 0x00000000e7600000, 0x00000000e7700000|  0%| F|  |TAMS 0x00000000e7600000| PB 0x00000000e7600000| Untracked 
| 119|0x00000000e7700000, 0x00000000e7700000, 0x00000000e7800000|  0%| F|  |TAMS 0x00000000e7700000| PB 0x00000000e7700000| Untracked 
| 120|0x00000000e7800000, 0x00000000e7800000, 0x00000000e7900000|  0%| F|  |TAMS 0x00000000e7800000| PB 0x00000000e7800000| Untracked 
| 121|0x00000000e7900000, 0x00000000e7900000, 0x00000000e7a00000|  0%| F|  |TAMS 0x00000000e7900000| PB 0x00000000e7900000| Untracked 
| 122|0x00000000e7a00000, 0x00000000e7a00000, 0x00000000e7b00000|  0%| F|  |TAMS 0x00000000e7a00000| PB 0x00000000e7a00000| Untracked 
| 123|0x00000000e7b00000, 0x00000000e7b00000, 0x00000000e7c00000|  0%| F|  |TAMS 0x00000000e7b00000| PB 0x00000000e7b00000| Untracked 
| 124|0x00000000e7c00000, 0x00000000e7c00000, 0x00000000e7d00000|  0%| F|  |TAMS 0x00000000e7c00000| PB 0x00000000e7c00000| Untracked 
| 125|0x00000000e7d00000, 0x00000000e7d00000, 0x00000000e7e00000|  0%| F|  |TAMS 0x00000000e7d00000| PB 0x00000000e7d00000| Untracked 
| 126|0x00000000e7e00000, 0x00000000e7e00000, 0x00000000e7f00000|  0%| F|  |TAMS 0x00000000e7e00000| PB 0x00000000e7e00000| Untracked 
| 127|0x00000000e7f00000, 0x00000000e7f00000, 0x00000000e8000000|  0%| F|  |TAMS 0x00000000e7f00000| PB 0x00000000e7f00000| Untracked 
| 128|0x00000000e8000000, 0x00000000e8000000, 0x00000000e8100000|  0%| F|  |TAMS 0x00000000e8000000| PB 0x00000000e8000000| Untracked 
| 129|0x00000000e8100000, 0x00000000e8100000, 0x00000000e8200000|  0%| F|  |TAMS 0x00000000e8100000| PB 0x00000000e8100000| Untracked 
| 130|0x00000000e8200000, 0x00000000e8200000, 0x00000000e8300000|  0%| F|  |TAMS 0x00000000e8200000| PB 0x00000000e8200000| Untracked 
| 131|0x00000000e8300000, 0x00000000e8300000, 0x00000000e8400000|  0%| F|  |TAMS 0x00000000e8300000| PB 0x00000000e8300000| Untracked 
| 132|0x00000000e8400000, 0x00000000e8400000, 0x00000000e8500000|  0%| F|  |TAMS 0x00000000e8400000| PB 0x00000000e8400000| Untracked 
| 133|0x00000000e8500000, 0x00000000e8500000, 0x00000000e8600000|  0%| F|  |TAMS 0x00000000e8500000| PB 0x00000000e8500000| Untracked 
| 134|0x00000000e8600000, 0x00000000e8600000, 0x00000000e8700000|  0%| F|  |TAMS 0x00000000e8600000| PB 0x00000000e8600000| Untracked 
| 135|0x00000000e8700000, 0x00000000e8700000, 0x00000000e8800000|  0%| F|  |TAMS 0x00000000e8700000| PB 0x00000000e8700000| Untracked 
| 136|0x00000000e8800000, 0x00000000e8800000, 0x00000000e8900000|  0%| F|  |TAMS 0x00000000e8800000| PB 0x00000000e8800000| Untracked 
| 137|0x00000000e8900000, 0x00000000e8900000, 0x00000000e8a00000|  0%| F|  |TAMS 0x00000000e8900000| PB 0x00000000e8900000| Untracked 
| 138|0x00000000e8a00000, 0x00000000e8a00000, 0x00000000e8b00000|  0%| F|  |TAMS 0x00000000e8a00000| PB 0x00000000e8a00000| Untracked 
| 139|0x00000000e8b00000, 0x00000000e8b00000, 0x00000000e8c00000|  0%| F|  |TAMS 0x00000000e8b00000| PB 0x00000000e8b00000| Untracked 
| 140|0x00000000e8c00000, 0x00000000e8c00000, 0x00000000e8d00000|  0%| F|  |TAMS 0x00000000e8c00000| PB 0x00000000e8c00000| Untracked 
| 141|0x00000000e8d00000, 0x00000000e8d00000, 0x00000000e8e00000|  0%| F|  |TAMS 0x00000000e8d00000| PB 0x00000000e8d00000| Untracked 
| 142|0x00000000e8e00000, 0x00000000e8e00000, 0x00000000e8f00000|  0%| F|  |TAMS 0x00000000e8e00000| PB 0x00000000e8e00000| Untracked 
| 143|0x00000000e8f00000, 0x00000000e8f00000, 0x00000000e9000000|  0%| F|  |TAMS 0x00000000e8f00000| PB 0x00000000e8f00000| Untracked 
| 144|0x00000000e9000000, 0x00000000e9000000, 0x00000000e9100000|  0%| F|  |TAMS 0x00000000e9000000| PB 0x00000000e9000000| Untracked 
| 145|0x00000000e9100000, 0x00000000e9100000, 0x00000000e9200000|  0%| F|  |TAMS 0x00000000e9100000| PB 0x00000000e9100000| Untracked 
| 146|0x00000000e9200000, 0x00000000e9200000, 0x00000000e9300000|  0%| F|  |TAMS 0x00000000e9200000| PB 0x00000000e9200000| Untracked 
| 147|0x00000000e9300000, 0x00000000e9300000, 0x00000000e9400000|  0%| F|  |TAMS 0x00000000e9300000| PB 0x00000000e9300000| Untracked 
| 148|0x00000000e9400000, 0x00000000e9400000, 0x00000000e9500000|  0%| F|  |TAMS 0x00000000e9400000| PB 0x00000000e9400000| Untracked 
| 149|0x00000000e9500000, 0x00000000e9500000, 0x00000000e9600000|  0%| F|  |TAMS 0x00000000e9500000| PB 0x00000000e9500000| Untracked 
| 150|0x00000000e9600000, 0x00000000e9600000, 0x00000000e9700000|  0%| F|  |TAMS 0x00000000e9600000| PB 0x00000000e9600000| Untracked 
| 151|0x00000000e9700000, 0x00000000e9700000, 0x00000000e9800000|  0%| F|  |TAMS 0x00000000e9700000| PB 0x00000000e9700000| Untracked 
| 152|0x00000000e9800000, 0x00000000e9800000, 0x00000000e9900000|  0%| F|  |TAMS 0x00000000e9800000| PB 0x00000000e9800000| Untracked 
| 153|0x00000000e9900000, 0x00000000e9900000, 0x00000000e9a00000|  0%| F|  |TAMS 0x00000000e9900000| PB 0x00000000e9900000| Untracked 
| 154|0x00000000e9a00000, 0x00000000e9a00000, 0x00000000e9b00000|  0%| F|  |TAMS 0x00000000e9a00000| PB 0x00000000e9a00000| Untracked 
| 155|0x00000000e9b00000, 0x00000000e9b00000, 0x00000000e9c00000|  0%| F|  |TAMS 0x00000000e9b00000| PB 0x00000000e9b00000| Untracked 
| 156|0x00000000e9c00000, 0x00000000e9c00000, 0x00000000e9d00000|  0%| F|  |TAMS 0x00000000e9c00000| PB 0x00000000e9c00000| Untracked 
| 157|0x00000000e9d00000, 0x00000000e9d00000, 0x00000000e9e00000|  0%| F|  |TAMS 0x00000000e9d00000| PB 0x00000000e9d00000| Untracked 
| 158|0x00000000e9e00000, 0x00000000e9e00000, 0x00000000e9f00000|  0%| F|  |TAMS 0x00000000e9e00000| PB 0x00000000e9e00000| Untracked 
| 159|0x00000000e9f00000, 0x00000000e9f00000, 0x00000000ea000000|  0%| F|  |TAMS 0x00000000e9f00000| PB 0x00000000e9f00000| Untracked 
| 160|0x00000000ea000000, 0x00000000ea000000, 0x00000000ea100000|  0%| F|  |TAMS 0x00000000ea000000| PB 0x00000000ea000000| Untracked 
| 161|0x00000000ea100000, 0x00000000ea100000, 0x00000000ea200000|  0%| F|  |TAMS 0x00000000ea100000| PB 0x00000000ea100000| Untracked 
| 162|0x00000000ea200000, 0x00000000ea200000, 0x00000000ea300000|  0%| F|  |TAMS 0x00000000ea200000| PB 0x00000000ea200000| Untracked 
| 163|0x00000000ea300000, 0x00000000ea300000, 0x00000000ea400000|  0%| F|  |TAMS 0x00000000ea300000| PB 0x00000000ea300000| Untracked 
| 164|0x00000000ea400000, 0x00000000ea400000, 0x00000000ea500000|  0%| F|  |TAMS 0x00000000ea400000| PB 0x00000000ea400000| Untracked 
| 165|0x00000000ea500000, 0x00000000ea500000, 0x00000000ea600000|  0%| F|  |TAMS 0x00000000ea500000| PB 0x00000000ea500000| Untracked 
| 166|0x00000000ea600000, 0x00000000ea700000, 0x00000000ea700000|100%| E|  |TAMS 0x00000000ea600000| PB 0x00000000ea600000| Complete 
| 167|0x00000000ea700000, 0x00000000ea800000, 0x00000000ea800000|100%| E|CS|TAMS 0x00000000ea700000| PB 0x00000000ea700000| Complete 
| 168|0x00000000ea800000, 0x00000000ea900000, 0x00000000ea900000|100%| E|CS|TAMS 0x00000000ea800000| PB 0x00000000ea800000| Complete 
| 169|0x00000000ea900000, 0x00000000eaa00000, 0x00000000eaa00000|100%| E|CS|TAMS 0x00000000ea900000| PB 0x00000000ea900000| Complete 
| 170|0x00000000eaa00000, 0x00000000eab00000, 0x00000000eab00000|100%| E|CS|TAMS 0x00000000eaa00000| PB 0x00000000eaa00000| Complete 
| 171|0x00000000eab00000, 0x00000000eac00000, 0x00000000eac00000|100%| E|CS|TAMS 0x00000000eab00000| PB 0x00000000eab00000| Complete 
| 172|0x00000000eac00000, 0x00000000ead00000, 0x00000000ead00000|100%| E|CS|TAMS 0x00000000eac00000| PB 0x00000000eac00000| Complete 
| 173|0x00000000ead00000, 0x00000000eae00000, 0x00000000eae00000|100%| E|CS|TAMS 0x00000000ead00000| PB 0x00000000ead00000| Complete 
| 174|0x00000000eae00000, 0x00000000eaf00000, 0x00000000eaf00000|100%| E|CS|TAMS 0x00000000eae00000| PB 0x00000000eae00000| Complete 
| 175|0x00000000eaf00000, 0x00000000eb000000, 0x00000000eb000000|100%| E|CS|TAMS 0x00000000eaf00000| PB 0x00000000eaf00000| Complete 
| 176|0x00000000eb000000, 0x00000000eb100000, 0x00000000eb100000|100%| E|CS|TAMS 0x00000000eb000000| PB 0x00000000eb000000| Complete 
| 177|0x00000000eb100000, 0x00000000eb200000, 0x00000000eb200000|100%| E|CS|TAMS 0x00000000eb100000| PB 0x00000000eb100000| Complete 
| 178|0x00000000eb200000, 0x00000000eb300000, 0x00000000eb300000|100%| E|CS|TAMS 0x00000000eb200000| PB 0x00000000eb200000| Complete 
| 179|0x00000000eb300000, 0x00000000eb400000, 0x00000000eb400000|100%| E|CS|TAMS 0x00000000eb300000| PB 0x00000000eb300000| Complete 
| 180|0x00000000eb400000, 0x00000000eb500000, 0x00000000eb500000|100%| E|CS|TAMS 0x00000000eb400000| PB 0x00000000eb400000| Complete 
| 181|0x00000000eb500000, 0x00000000eb600000, 0x00000000eb600000|100%| E|CS|TAMS 0x00000000eb500000| PB 0x00000000eb500000| Complete 
| 182|0x00000000eb600000, 0x00000000eb700000, 0x00000000eb700000|100%| E|CS|TAMS 0x00000000eb600000| PB 0x00000000eb600000| Complete 
| 183|0x00000000eb700000, 0x00000000eb800000, 0x00000000eb800000|100%| E|CS|TAMS 0x00000000eb700000| PB 0x00000000eb700000| Complete 
| 184|0x00000000eb800000, 0x00000000eb900000, 0x00000000eb900000|100%| E|CS|TAMS 0x00000000eb800000| PB 0x00000000eb800000| Complete 
| 185|0x00000000eb900000, 0x00000000eba00000, 0x00000000eba00000|100%| E|CS|TAMS 0x00000000eb900000| PB 0x00000000eb900000| Complete 
| 186|0x00000000eba00000, 0x00000000ebb00000, 0x00000000ebb00000|100%| E|CS|TAMS 0x00000000eba00000| PB 0x00000000eba00000| Complete 
| 187|0x00000000ebb00000, 0x00000000ebc00000, 0x00000000ebc00000|100%| E|CS|TAMS 0x00000000ebb00000| PB 0x00000000ebb00000| Complete 
| 188|0x00000000ebc00000, 0x00000000ebd00000, 0x00000000ebd00000|100%| E|CS|TAMS 0x00000000ebc00000| PB 0x00000000ebc00000| Complete 
| 189|0x00000000ebd00000, 0x00000000ebe00000, 0x00000000ebe00000|100%| E|CS|TAMS 0x00000000ebd00000| PB 0x00000000ebd00000| Complete 
| 190|0x00000000ebe00000, 0x00000000ebf00000, 0x00000000ebf00000|100%| E|CS|TAMS 0x00000000ebe00000| PB 0x00000000ebe00000| Complete 
| 191|0x00000000ebf00000, 0x00000000ec000000, 0x00000000ec000000|100%| E|CS|TAMS 0x00000000ebf00000| PB 0x00000000ebf00000| Complete 
| 192|0x00000000ec000000, 0x00000000ec100000, 0x00000000ec100000|100%| E|CS|TAMS 0x00000000ec000000| PB 0x00000000ec000000| Complete 
| 193|0x00000000ec100000, 0x00000000ec200000, 0x00000000ec200000|100%| E|CS|TAMS 0x00000000ec100000| PB 0x00000000ec100000| Complete 
| 194|0x00000000ec200000, 0x00000000ec300000, 0x00000000ec300000|100%| E|CS|TAMS 0x00000000ec200000| PB 0x00000000ec200000| Complete 
| 195|0x00000000ec300000, 0x00000000ec400000, 0x00000000ec400000|100%| E|CS|TAMS 0x00000000ec300000| PB 0x00000000ec300000| Complete 
| 196|0x00000000ec400000, 0x00000000ec500000, 0x00000000ec500000|100%| E|CS|TAMS 0x00000000ec400000| PB 0x00000000ec400000| Complete 
| 197|0x00000000ec500000, 0x00000000ec600000, 0x00000000ec600000|100%| E|CS|TAMS 0x00000000ec500000| PB 0x00000000ec500000| Complete 
| 198|0x00000000ec600000, 0x00000000ec700000, 0x00000000ec700000|100%| E|CS|TAMS 0x00000000ec600000| PB 0x00000000ec600000| Complete 
| 199|0x00000000ec700000, 0x00000000ec800000, 0x00000000ec800000|100%| E|CS|TAMS 0x00000000ec700000| PB 0x00000000ec700000| Complete 
| 200|0x00000000ec800000, 0x00000000ec900000, 0x00000000ec900000|100%| E|CS|TAMS 0x00000000ec800000| PB 0x00000000ec800000| Complete 
| 201|0x00000000ec900000, 0x00000000eca00000, 0x00000000eca00000|100%| E|CS|TAMS 0x00000000ec900000| PB 0x00000000ec900000| Complete 
| 202|0x00000000eca00000, 0x00000000ecb00000, 0x00000000ecb00000|100%| E|CS|TAMS 0x00000000eca00000| PB 0x00000000eca00000| Complete 
| 203|0x00000000ecb00000, 0x00000000ecc00000, 0x00000000ecc00000|100%| E|CS|TAMS 0x00000000ecb00000| PB 0x00000000ecb00000| Complete 
| 204|0x00000000ecc00000, 0x00000000ecd00000, 0x00000000ecd00000|100%| E|CS|TAMS 0x00000000ecc00000| PB 0x00000000ecc00000| Complete 
| 205|0x00000000ecd00000, 0x00000000ece00000, 0x00000000ece00000|100%| E|CS|TAMS 0x00000000ecd00000| PB 0x00000000ecd00000| Complete 
| 206|0x00000000ece00000, 0x00000000ecf00000, 0x00000000ecf00000|100%| E|CS|TAMS 0x00000000ece00000| PB 0x00000000ece00000| Complete 
| 207|0x00000000ecf00000, 0x00000000ed000000, 0x00000000ed000000|100%| E|CS|TAMS 0x00000000ecf00000| PB 0x00000000ecf00000| Complete 
| 208|0x00000000ed000000, 0x00000000ed100000, 0x00000000ed100000|100%| E|CS|TAMS 0x00000000ed000000| PB 0x00000000ed000000| Complete 
| 209|0x00000000ed100000, 0x00000000ed200000, 0x00000000ed200000|100%| E|CS|TAMS 0x00000000ed100000| PB 0x00000000ed100000| Complete 
| 210|0x00000000ed200000, 0x00000000ed300000, 0x00000000ed300000|100%| E|CS|TAMS 0x00000000ed200000| PB 0x00000000ed200000| Complete 
| 211|0x00000000ed300000, 0x00000000ed400000, 0x00000000ed400000|100%| E|CS|TAMS 0x00000000ed300000| PB 0x00000000ed300000| Complete 
| 212|0x00000000ed400000, 0x00000000ed500000, 0x00000000ed500000|100%| E|CS|TAMS 0x00000000ed400000| PB 0x00000000ed400000| Complete 
| 213|0x00000000ed500000, 0x00000000ed600000, 0x00000000ed600000|100%| E|CS|TAMS 0x00000000ed500000| PB 0x00000000ed500000| Complete 
| 214|0x00000000ed600000, 0x00000000ed700000, 0x00000000ed700000|100%| E|CS|TAMS 0x00000000ed600000| PB 0x00000000ed600000| Complete 
| 215|0x00000000ed700000, 0x00000000ed800000, 0x00000000ed800000|100%| E|CS|TAMS 0x00000000ed700000| PB 0x00000000ed700000| Complete 
| 216|0x00000000ed800000, 0x00000000ed900000, 0x00000000ed900000|100%| E|CS|TAMS 0x00000000ed800000| PB 0x00000000ed800000| Complete 
| 217|0x00000000ed900000, 0x00000000eda00000, 0x00000000eda00000|100%| E|CS|TAMS 0x00000000ed900000| PB 0x00000000ed900000| Complete 
| 218|0x00000000eda00000, 0x00000000edb00000, 0x00000000edb00000|100%| E|CS|TAMS 0x00000000eda00000| PB 0x00000000eda00000| Complete 
| 219|0x00000000edb00000, 0x00000000edc00000, 0x00000000edc00000|100%| E|CS|TAMS 0x00000000edb00000| PB 0x00000000edb00000| Complete 
| 220|0x00000000edc00000, 0x00000000edd00000, 0x00000000edd00000|100%| E|CS|TAMS 0x00000000edc00000| PB 0x00000000edc00000| Complete 
| 221|0x00000000edd00000, 0x00000000ede00000, 0x00000000ede00000|100%| E|CS|TAMS 0x00000000edd00000| PB 0x00000000edd00000| Complete 
| 222|0x00000000ede00000, 0x00000000edf00000, 0x00000000edf00000|100%| E|CS|TAMS 0x00000000ede00000| PB 0x00000000ede00000| Complete 
| 223|0x00000000edf00000, 0x00000000ee000000, 0x00000000ee000000|100%| E|CS|TAMS 0x00000000edf00000| PB 0x00000000edf00000| Complete 
| 224|0x00000000ee000000, 0x00000000ee100000, 0x00000000ee100000|100%| E|CS|TAMS 0x00000000ee000000| PB 0x00000000ee000000| Complete 
| 225|0x00000000ee100000, 0x00000000ee200000, 0x00000000ee200000|100%| E|CS|TAMS 0x00000000ee100000| PB 0x00000000ee100000| Complete 
| 226|0x00000000ee200000, 0x00000000ee300000, 0x00000000ee300000|100%| E|CS|TAMS 0x00000000ee200000| PB 0x00000000ee200000| Complete 
| 227|0x00000000ee300000, 0x00000000ee400000, 0x00000000ee400000|100%| E|CS|TAMS 0x00000000ee300000| PB 0x00000000ee300000| Complete 
| 228|0x00000000ee400000, 0x00000000ee500000, 0x00000000ee500000|100%| E|CS|TAMS 0x00000000ee400000| PB 0x00000000ee400000| Complete 
| 229|0x00000000ee500000, 0x00000000ee600000, 0x00000000ee600000|100%| E|CS|TAMS 0x00000000ee500000| PB 0x00000000ee500000| Complete 
| 230|0x00000000ee600000, 0x00000000ee700000, 0x00000000ee700000|100%| E|CS|TAMS 0x00000000ee600000| PB 0x00000000ee600000| Complete 
| 231|0x00000000ee700000, 0x00000000ee800000, 0x00000000ee800000|100%| E|CS|TAMS 0x00000000ee700000| PB 0x00000000ee700000| Complete 
| 232|0x00000000ee800000, 0x00000000ee900000, 0x00000000ee900000|100%| E|CS|TAMS 0x00000000ee800000| PB 0x00000000ee800000| Complete 
| 233|0x00000000ee900000, 0x00000000eea00000, 0x00000000eea00000|100%| E|CS|TAMS 0x00000000ee900000| PB 0x00000000ee900000| Complete 
| 234|0x00000000eea00000, 0x00000000eeb00000, 0x00000000eeb00000|100%| E|CS|TAMS 0x00000000eea00000| PB 0x00000000eea00000| Complete 
| 235|0x00000000eeb00000, 0x00000000eec00000, 0x00000000eec00000|100%| E|CS|TAMS 0x00000000eeb00000| PB 0x00000000eeb00000| Complete 
| 236|0x00000000eec00000, 0x00000000eed00000, 0x00000000eed00000|100%| E|CS|TAMS 0x00000000eec00000| PB 0x00000000eec00000| Complete 
| 237|0x00000000eed00000, 0x00000000eee00000, 0x00000000eee00000|100%| E|CS|TAMS 0x00000000eed00000| PB 0x00000000eed00000| Complete 
| 238|0x00000000eee00000, 0x00000000eef00000, 0x00000000eef00000|100%| E|CS|TAMS 0x00000000eee00000| PB 0x00000000eee00000| Complete 
| 239|0x00000000eef00000, 0x00000000ef000000, 0x00000000ef000000|100%| E|CS|TAMS 0x00000000eef00000| PB 0x00000000eef00000| Complete 
| 240|0x00000000ef000000, 0x00000000ef100000, 0x00000000ef100000|100%| E|CS|TAMS 0x00000000ef000000| PB 0x00000000ef000000| Complete 
| 241|0x00000000ef100000, 0x00000000ef200000, 0x00000000ef200000|100%| E|CS|TAMS 0x00000000ef100000| PB 0x00000000ef100000| Complete 
| 242|0x00000000ef200000, 0x00000000ef300000, 0x00000000ef300000|100%| E|CS|TAMS 0x00000000ef200000| PB 0x00000000ef200000| Complete 
| 243|0x00000000ef300000, 0x00000000ef400000, 0x00000000ef400000|100%| E|CS|TAMS 0x00000000ef300000| PB 0x00000000ef300000| Complete 
| 244|0x00000000ef400000, 0x00000000ef500000, 0x00000000ef500000|100%| E|CS|TAMS 0x00000000ef400000| PB 0x00000000ef400000| Complete 
| 245|0x00000000ef500000, 0x00000000ef600000, 0x00000000ef600000|100%| E|CS|TAMS 0x00000000ef500000| PB 0x00000000ef500000| Complete 
| 246|0x00000000ef600000, 0x00000000ef700000, 0x00000000ef700000|100%| E|CS|TAMS 0x00000000ef600000| PB 0x00000000ef600000| Complete 
| 247|0x00000000ef700000, 0x00000000ef800000, 0x00000000ef800000|100%| E|CS|TAMS 0x00000000ef700000| PB 0x00000000ef700000| Complete 
| 248|0x00000000ef800000, 0x00000000ef900000, 0x00000000ef900000|100%| E|CS|TAMS 0x00000000ef800000| PB 0x00000000ef800000| Complete 
| 249|0x00000000ef900000, 0x00000000efa00000, 0x00000000efa00000|100%| E|CS|TAMS 0x00000000ef900000| PB 0x00000000ef900000| Complete 
| 250|0x00000000efa00000, 0x00000000efb00000, 0x00000000efb00000|100%| E|CS|TAMS 0x00000000efa00000| PB 0x00000000efa00000| Complete 
| 251|0x00000000efb00000, 0x00000000efc00000, 0x00000000efc00000|100%| E|CS|TAMS 0x00000000efb00000| PB 0x00000000efb00000| Complete 
| 252|0x00000000efc00000, 0x00000000efd00000, 0x00000000efd00000|100%| E|CS|TAMS 0x00000000efc00000| PB 0x00000000efc00000| Complete 
| 253|0x00000000efd00000, 0x00000000efe00000, 0x00000000efe00000|100%| E|CS|TAMS 0x00000000efd00000| PB 0x00000000efd00000| Complete 
| 254|0x00000000efe00000, 0x00000000eff00000, 0x00000000eff00000|100%| E|CS|TAMS 0x00000000efe00000| PB 0x00000000efe00000| Complete 
| 255|0x00000000eff00000, 0x00000000f0000000, 0x00000000f0000000|100%| E|CS|TAMS 0x00000000eff00000| PB 0x00000000eff00000| Complete 

Card table byte_map: [0x000002d55b570000,0x000002d55b670000] _byte_map_base: 0x000002d55ae70000

Marking Bits: (CMBitMap*) 0x000002d541f89b10
 Bits: [0x000002d55b670000, 0x000002d55be70000)

Polling page: 0x000002d541cc0000

Metaspace:

Usage:
  Non-class:     48.19 MB used.
      Class:      8.00 MB used.
       Both:     56.19 MB used.

Virtual space:
  Non-class space:       64.00 MB reserved,      49.19 MB ( 77%) committed,  1 nodes.
      Class space:      320.00 MB reserved,       8.94 MB (  3%) committed,  1 nodes.
             Both:      384.00 MB reserved,      58.12 MB ( 15%) committed. 

Chunk freelists:
   Non-Class:  14.86 MB
       Class:  7.08 MB
        Both:  21.94 MB

MaxMetaspaceSize: 384.00 MB
CompressedClassSpaceSize: 320.00 MB
Initial GC threshold: 21.00 MB
Current GC threshold: 59.81 MB
CDS: on
 - commit_granule_bytes: 65536.
 - commit_granule_words: 8192.
 - virtual_space_node_default_size: 8388608.
 - enlarge_chunks_in_place: 1.
 - use_allocation_guard: 0.


Internal statistics:

num_allocs_failed_limit: 12.
num_arena_births: 3450.
num_arena_deaths: 0.
num_vsnodes_births: 2.
num_vsnodes_deaths: 0.
num_space_committed: 930.
num_space_uncommitted: 0.
num_chunks_returned_to_freelist: 12.
num_chunks_taken_from_freelist: 6299.
num_chunk_merges: 12.
num_chunk_splits: 4018.
num_chunks_enlarged: 2394.
num_inconsistent_stats: 0.

CodeHeap 'non-profiled nmethods': size=120000Kb used=4331Kb max_used=4331Kb free=115668Kb
 bounds [0x000002d5534e0000, 0x000002d553920000, 0x000002d55aa10000]
CodeHeap 'profiled nmethods': size=120000Kb used=12595Kb max_used=12595Kb free=107404Kb
 bounds [0x000002d54ba10000, 0x000002d54c660000, 0x000002d552f40000]
CodeHeap 'non-nmethods': size=5760Kb used=3020Kb max_used=3058Kb free=2739Kb
 bounds [0x000002d552f40000, 0x000002d553250000, 0x000002d5534e0000]
 total_blobs=7312 nmethods=6432 adapters=782
 compilation: enabled
              stopped_count=0, restarted_count=0
 full_count=0

Compilation events (20 events):
Event: 8.324 Thread 0x000002d55ea1b340 6881   !   3       io.spring.gradle.dependencymanagement.org.apache.maven.model.Dependency::clone (137 bytes)
Event: 8.325 Thread 0x000002d55ea1b340 nmethod 6881 0x000002d54c635590 code [0x000002d54c635900, 0x000002d54c636d50]
Event: 8.353 Thread 0x000002d57c080030 6882       4       jdk.internal.loader.ClassLoaders$BootClassLoader::loadClassOrNull (10 bytes)
Event: 8.355 Thread 0x000002d57c080030 nmethod 6882 0x000002d553914690 code [0x000002d553914840, 0x000002d553914b10]
Event: 8.373 Thread 0x000002d55ea1b340 6883       3       jdk.internal.reflect.MethodHandleFieldAccessorImpl::isStatic (16 bytes)
Event: 8.374 Thread 0x000002d57c080030 6884       4       java.lang.invoke.MethodHandles$Lookup::checkAccess (200 bytes)
Event: 8.374 Thread 0x000002d55ea1b340 nmethod 6883 0x000002d54c637610 code [0x000002d54c6377a0, 0x000002d54c637908]
Event: 8.377 Thread 0x000002d57c080030 nmethod 6884 0x000002d553914d90 code [0x000002d553914f80, 0x000002d553915350]
Event: 8.377 Thread 0x000002d57c080030 6885       4       java.lang.invoke.LambdaFormEditor::getInCache (165 bytes)
Event: 8.548 Thread 0x000002d55ea1b340 6887       1       javax.management.ObjectName$Property::setKeyIndex (6 bytes)
Event: 8.548 Thread 0x000002d55ea1b340 nmethod 6887 0x000002d553915610 code [0x000002d5539157a0, 0x000002d553915868]
Event: 8.548 Thread 0x000002d55ea1b340 6888       3       java.util.stream.ReferencePipeline$Head::forEach (26 bytes)
Event: 8.549 Thread 0x000002d55ea1b340 nmethod 6888 0x000002d54c637990 code [0x000002d54c637bc0, 0x000002d54c6382f8]
Event: 8.549 Thread 0x000002d55ea1b340 6889       3       java.util.stream.AbstractPipeline::sourceStageSpliterator (112 bytes)
Event: 8.549 Thread 0x000002d55ea1b340 nmethod 6889 0x000002d54c638590 code [0x000002d54c6387a0, 0x000002d54c638ea8]
Event: 8.549 Thread 0x000002d55ea1b340 6890       1       sun.management.MemoryPoolImpl::getName (5 bytes)
Event: 8.549 Thread 0x000002d55ea1b340 nmethod 6890 0x000002d553915910 code [0x000002d553915aa0, 0x000002d553915b68]
Event: 9.392 Thread 0x000002d55ea1b340 6891       3       org.gradle.internal.classloader.VisitableURLClassLoader$InstrumentingVisitableURLClassLoader::instrumentClass (10 bytes)
Event: 9.393 Thread 0x000002d55ea1b340 nmethod 6891 0x000002d54c639110 code [0x000002d54c639320, 0x000002d54c6398e0]
Event: 9.393 Thread 0x000002d55ea1b340 6892   !   3       org.gradle.internal.classloader.TransformReplacer::getInstrumentedClass (34 bytes)

GC Heap History (16 events):
Event: 0.375 GC heap before
{Heap before GC invocations=0 (full 0):
 garbage-first heap   total 262144K, used 22528K [0x00000000e0000000, 0x0000000100000000)
  region size 1024K, 23 young (23552K), 0 survivors (0K)
 Metaspace       used 911K, committed 1024K, reserved 393216K
  class space    used 69K, committed 128K, reserved 327680K
}
Event: 0.377 GC heap after
{Heap after GC invocations=1 (full 0):
 garbage-first heap   total 262144K, used 1706K [0x00000000e0000000, 0x0000000100000000)
  region size 1024K, 2 young (2048K), 2 survivors (2048K)
 Metaspace       used 911K, committed 1024K, reserved 393216K
  class space    used 69K, committed 128K, reserved 327680K
}
Event: 0.968 GC heap before
{Heap before GC invocations=1 (full 0):
 garbage-first heap   total 262144K, used 40618K [0x00000000e0000000, 0x0000000100000000)
  region size 1024K, 38 young (38912K), 2 survivors (2048K)
 Metaspace       used 4381K, committed 4544K, reserved 393216K
  class space    used 541K, committed 640K, reserved 327680K
}
Event: 0.972 GC heap after
{Heap after GC invocations=2 (full 0):
 garbage-first heap   total 262144K, used 11441K [0x00000000e0000000, 0x0000000100000000)
  region size 1024K, 5 young (5120K), 5 survivors (5120K)
 Metaspace       used 4381K, committed 4544K, reserved 393216K
  class space    used 541K, committed 640K, reserved 327680K
}
Event: 1.442 GC heap before
{Heap before GC invocations=2 (full 0):
 garbage-first heap   total 262144K, used 64689K [0x00000000e0000000, 0x0000000100000000)
  region size 1024K, 55 young (56320K), 5 survivors (5120K)
 Metaspace       used 5487K, committed 5696K, reserved 393216K
  class space    used 721K, committed 832K, reserved 327680K
}
Event: 1.446 GC heap after
{Heap after GC invocations=3 (full 0):
 garbage-first heap   total 262144K, used 17401K [0x00000000e0000000, 0x0000000100000000)
  region size 1024K, 5 young (5120K), 5 survivors (5120K)
 Metaspace       used 5487K, committed 5696K, reserved 393216K
  class space    used 721K, committed 832K, reserved 327680K
}
Event: 2.803 GC heap before
{Heap before GC invocations=3 (full 0):
 garbage-first heap   total 262144K, used 106489K [0x00000000e0000000, 0x0000000100000000)
  region size 1024K, 93 young (95232K), 5 survivors (5120K)
 Metaspace       used 20825K, committed 21504K, reserved 393216K
  class space    used 2969K, committed 3328K, reserved 327680K
}
Event: 2.811 GC heap after
{Heap after GC invocations=4 (full 0):
 garbage-first heap   total 262144K, used 24444K [0x00000000e0000000, 0x0000000100000000)
  region size 1024K, 12 young (12288K), 12 survivors (12288K)
 Metaspace       used 20825K, committed 21504K, reserved 393216K
  class space    used 2969K, committed 3328K, reserved 327680K
}
Event: 4.625 GC heap before
{Heap before GC invocations=5 (full 0):
 garbage-first heap   total 262144K, used 131964K [0x00000000e0000000, 0x0000000100000000)
  region size 1024K, 119 young (121856K), 12 survivors (12288K)
 Metaspace       used 34878K, committed 35968K, reserved 393216K
  class space    used 4894K, committed 5440K, reserved 327680K
}
Event: 4.638 GC heap after
{Heap after GC invocations=6 (full 0):
 garbage-first heap   total 262144K, used 34305K [0x00000000e0000000, 0x0000000100000000)
  region size 1024K, 17 young (17408K), 17 survivors (17408K)
 Metaspace       used 34878K, committed 35968K, reserved 393216K
  class space    used 4894K, committed 5440K, reserved 327680K
}
Event: 4.670 GC heap before
{Heap before GC invocations=6 (full 0):
 garbage-first heap   total 262144K, used 36353K [0x00000000e0000000, 0x0000000100000000)
  region size 1024K, 20 young (20480K), 17 survivors (17408K)
 Metaspace       used 35173K, committed 36288K, reserved 393216K
  class space    used 4932K, committed 5504K, reserved 327680K
}
Event: 4.678 GC heap after
{Heap after GC invocations=7 (full 0):
 garbage-first heap   total 262144K, used 33148K [0x00000000e0000000, 0x0000000100000000)
  region size 1024K, 9 young (9216K), 9 survivors (9216K)
 Metaspace       used 35173K, committed 36288K, reserved 393216K
  class space    used 4932K, committed 5504K, reserved 327680K
}
Event: 4.717 GC heap before
{Heap before GC invocations=7 (full 0):
 garbage-first heap   total 262144K, used 36220K [0x00000000e0000000, 0x0000000100000000)
  region size 1024K, 13 young (13312K), 9 survivors (9216K)
 Metaspace       used 35502K, committed 36608K, reserved 393216K
  class space    used 4997K, committed 5568K, reserved 327680K
}
Event: 4.722 GC heap after
{Heap after GC invocations=8 (full 0):
 garbage-first heap   total 262144K, used 33193K [0x00000000e0000000, 0x0000000100000000)
  region size 1024K, 9 young (9216K), 9 survivors (9216K)
 Metaspace       used 35502K, committed 36608K, reserved 393216K
  class space    used 4997K, committed 5568K, reserved 327680K
}
Event: 6.881 GC heap before
{Heap before GC invocations=9 (full 0):
 garbage-first heap   total 262144K, used 186793K [0x00000000e0000000, 0x0000000100000000)
  region size 1024K, 153 young (156672K), 9 survivors (9216K)
 Metaspace       used 51240K, committed 53056K, reserved 393216K
  class space    used 7289K, committed 8192K, reserved 327680K
}
Event: 6.893 GC heap after
{Heap after GC invocations=10 (full 0):
 garbage-first heap   total 262144K, used 40689K [0x00000000e0000000, 0x0000000100000000)
  region size 1024K, 16 young (16384K), 16 survivors (16384K)
 Metaspace       used 51240K, committed 53056K, reserved 393216K
  class space    used 7289K, committed 8192K, reserved 327680K
}

Dll operation events (15 events):
Event: 0.012 Loaded shared library C:\Program Files\Java\jdk-21\bin\java.dll
Event: 0.034 Loaded shared library C:\Program Files\Java\jdk-21\bin\jsvml.dll
Event: 0.062 Loaded shared library C:\Program Files\Java\jdk-21\bin\zip.dll
Event: 0.067 Loaded shared library C:\Program Files\Java\jdk-21\bin\instrument.dll
Event: 0.070 Loaded shared library C:\Program Files\Java\jdk-21\bin\net.dll
Event: 0.071 Loaded shared library C:\Program Files\Java\jdk-21\bin\nio.dll
Event: 0.073 Loaded shared library C:\Program Files\Java\jdk-21\bin\zip.dll
Event: 0.354 Loaded shared library C:\Program Files\Java\jdk-21\bin\jimage.dll
Event: 0.557 Loaded shared library C:\Program Files\Java\jdk-21\bin\verify.dll
Event: 0.647 Loaded shared library C:\Users\emmmz\.gradle\native\1def1411415f61bf3af743bc5b6707747c0891f09f0c88961ee8f79bc544acac\windows-amd64\native-platform.dll
Event: 0.659 Loaded shared library C:\Users\emmmz\.gradle\native\0.2.7\x86_64-windows-gnu\gradle-fileevents.dll
Event: 1.513 Loaded shared library C:\Program Files\Java\jdk-21\bin\management.dll
Event: 1.515 Loaded shared library C:\Program Files\Java\jdk-21\bin\management_ext.dll
Event: 1.620 Loaded shared library C:\Program Files\Java\jdk-21\bin\extnet.dll
Event: 1.785 Loaded shared library C:\Program Files\Java\jdk-21\bin\sunmscapi.dll

Deoptimization events (20 events):
Event: 8.251 Thread 0x000002d57974e850 Uncommon trap: trap_request=0xffffffde fr.pc=0x000002d55370f1d4 relative=0x0000000000000194
Event: 8.251 Thread 0x000002d57974e850 Uncommon trap: reason=class_check action=maybe_recompile pc=0x000002d55370f1d4 method=java.util.regex.Matcher.getTextLength()I @ 4 c2
Event: 8.251 Thread 0x000002d57974e850 DEOPT PACKING pc=0x000002d55370f1d4 sp=0x000000d728ff6a50
Event: 8.251 Thread 0x000002d57974e850 DEOPT UNPACKING pc=0x000002d552f97da2 sp=0x000000d728ff6998 mode 2
Event: 8.251 Thread 0x000002d57974e850 Uncommon trap: trap_request=0xffffffc6 fr.pc=0x000002d5538a1640 relative=0x0000000000000520
Event: 8.251 Thread 0x000002d57974e850 Uncommon trap: reason=bimorphic_or_optimized_type_check action=maybe_recompile pc=0x000002d5538a1640 method=java.util.regex.Matcher.search(I)Z @ 121 c2
Event: 8.251 Thread 0x000002d57974e850 DEOPT PACKING pc=0x000002d5538a1640 sp=0x000000d728ff6ad0
Event: 8.251 Thread 0x000002d57974e850 DEOPT UNPACKING pc=0x000002d552f97da2 sp=0x000000d728ff6a38 mode 2
Event: 8.251 Thread 0x000002d57974e850 Uncommon trap: trap_request=0xffffffde fr.pc=0x000002d5536f7248 relative=0x0000000000000208
Event: 8.251 Thread 0x000002d57974e850 Uncommon trap: reason=class_check action=maybe_recompile pc=0x000002d5536f7248 method=java.util.regex.Pattern$BmpCharProperty.match(Ljava/util/regex/Matcher;ILjava/lang/CharSequence;)Z @ 14 c2
Event: 8.251 Thread 0x000002d57974e850 DEOPT PACKING pc=0x000002d5536f7248 sp=0x000000d728ff67f0
Event: 8.251 Thread 0x000002d57974e850 DEOPT UNPACKING pc=0x000002d552f97da2 sp=0x000000d728ff6780 mode 2
Event: 8.306 Thread 0x000002d57974e850 Uncommon trap: trap_request=0xffffff45 fr.pc=0x000002d553911574 relative=0x00000000000001d4
Event: 8.306 Thread 0x000002d57974e850 Uncommon trap: reason=unstable_if action=reinterpret pc=0x000002d553911574 method=io.spring.gradle.dependencymanagement.org.codehaus.plexus.util.xml.pull.MXParser.isWhitespace()Z @ 20 c2
Event: 8.306 Thread 0x000002d57974e850 DEOPT PACKING pc=0x000002d553911574 sp=0x000000d728ff69f0
Event: 8.306 Thread 0x000002d57974e850 DEOPT UNPACKING pc=0x000002d552f97da2 sp=0x000000d728ff6980 mode 2
Event: 8.319 Thread 0x000002d57974e850 Uncommon trap: trap_request=0xffffff45 fr.pc=0x000002d553912ba0 relative=0x0000000000001180
Event: 8.319 Thread 0x000002d57974e850 Uncommon trap: reason=unstable_if action=reinterpret pc=0x000002d553912ba0 method=io.spring.gradle.dependencymanagement.org.codehaus.plexus.util.xml.pull.MXParser.ensureElementsCapacity()V @ 24 c2
Event: 8.319 Thread 0x000002d57974e850 DEOPT PACKING pc=0x000002d553912ba0 sp=0x000000d728ff66f0
Event: 8.319 Thread 0x000002d57974e850 DEOPT UNPACKING pc=0x000002d552f97da2 sp=0x000000d728ff65f8 mode 2

Classes loaded (20 events):
Event: 7.669 Loading class jdk/internal/logger/LoggerFinderLoader
Event: 7.669 Loading class jdk/internal/logger/LoggerFinderLoader done
Event: 7.669 Loading class jdk/internal/logger/LoggerFinderLoader$TemporaryLoggerFinder
Event: 7.669 Loading class jdk/internal/logger/LoggerFinderLoader$TemporaryLoggerFinder done
Event: 7.669 Loading class sun/util/logging/internal/LoggingProviderImpl$JULWrapper
Event: 7.669 Loading class sun/util/logging/PlatformLogger$ConfigurableBridge$LoggerConfiguration
Event: 7.669 Loading class sun/util/logging/PlatformLogger$ConfigurableBridge$LoggerConfiguration done
Event: 7.669 Loading class sun/util/logging/internal/LoggingProviderImpl$JULWrapper done
Event: 7.670 Loading class java/lang/System$Logger$Level
Event: 7.670 Loading class java/lang/System$Logger$Level done
Event: 8.042 Loading class java/util/stream/ReduceOps$2
Event: 8.042 Loading class java/util/stream/ReduceOps$2 done
Event: 8.042 Loading class java/util/stream/ReduceOps$2ReducingSink
Event: 8.042 Loading class java/util/stream/ReduceOps$2ReducingSink done
Event: 8.178 Loading class java/io/FileReader
Event: 8.178 Loading class java/io/FileReader done
Event: 8.180 Loading class java/text/MessageFormat
Event: 8.182 Loading class java/text/MessageFormat done
Event: 8.348 Loading class java/util/Stack
Event: 8.349 Loading class java/util/Stack done

Classes unloaded (0 events):
No events

Classes redefined (0 events):
No events

Internal exceptions (20 events):
Event: 7.422 Thread 0x000002d57974e850 Exception <a 'java/lang/ClassNotFoundException'{0x00000000ecf63600}: org/gradle/api/internal/artifacts/dsl/DefaultRepositoryHandler_DecoratedCustomizer> (0x00000000ecf63600) 
thrown [s\open\src\hotspot\share\classfile\systemDictionary.cpp, line 312]
Event: 7.444 Thread 0x000002d57974e850 Exception <a 'java/lang/ClassNotFoundException'{0x00000000ece02928}: org/gradle/api/internal/artifacts/dsl/dependencies/DefaultDependencyHandler_DecoratedBeanInfo> (0x00000000ece02928) 
thrown [s\open\src\hotspot\share\classfile\systemDictionary.cpp, line 312]
Event: 7.445 Thread 0x000002d57974e850 Exception <a 'java/lang/ClassNotFoundException'{0x00000000ece18a30}: org/gradle/api/internal/artifacts/dsl/dependencies/DefaultDependencyHandlerBeanInfo> (0x00000000ece18a30) 
thrown [s\open\src\hotspot\share\classfile\systemDictionary.cpp, line 312]
Event: 7.450 Thread 0x000002d57974e850 Exception <a 'java/lang/ClassNotFoundException'{0x00000000ece2e7e8}: org/gradle/api/internal/artifacts/dsl/dependencies/DefaultDependencyHandlerCustomizer> (0x00000000ece2e7e8) 
thrown [s\open\src\hotspot\share\classfile\systemDictionary.cpp, line 312]
Event: 7.454 Thread 0x000002d57974e850 Exception <a 'java/lang/ClassNotFoundException'{0x00000000ece77a40}: org/gradle/api/internal/artifacts/dsl/dependencies/DefaultDependencyHandler_DecoratedCustomizer> (0x00000000ece77a40) 
thrown [s\open\src\hotspot\share\classfile\systemDictionary.cpp, line 312]
Event: 7.477 Thread 0x000002d57974e850 Exception <a 'java/lang/ClassNotFoundException'{0x00000000eca07888}: org/gradle/api/internal/tasks/DefaultTaskContainer_DecoratedBeanInfo> (0x00000000eca07888) 
thrown [s\open\src\hotspot\share\classfile\systemDictionary.cpp, line 312]
Event: 7.479 Thread 0x000002d57974e850 Exception <a 'java/lang/ClassNotFoundException'{0x00000000eca187a0}: org/gradle/api/internal/tasks/DefaultTaskContainerBeanInfo> (0x00000000eca187a0) 
thrown [s\open\src\hotspot\share\classfile\systemDictionary.cpp, line 312]
Event: 7.479 Thread 0x000002d57974e850 Exception <a 'java/lang/ClassNotFoundException'{0x00000000eca296d8}: org/gradle/api/internal/tasks/DefaultTaskCollectionBeanInfo> (0x00000000eca296d8) 
thrown [s\open\src\hotspot\share\classfile\systemDictionary.cpp, line 312]
Event: 7.484 Thread 0x000002d57974e850 Exception <a 'java/lang/ClassNotFoundException'{0x00000000eca3a898}: org/gradle/api/internal/tasks/DefaultTaskCollectionCustomizer> (0x00000000eca3a898) 
thrown [s\open\src\hotspot\share\classfile\systemDictionary.cpp, line 312]
Event: 7.485 Thread 0x000002d57974e850 Exception <a 'java/lang/ClassNotFoundException'{0x00000000eca9f040}: org/gradle/api/internal/tasks/DefaultTaskContainerCustomizer> (0x00000000eca9f040) 
thrown [s\open\src\hotspot\share\classfile\systemDictionary.cpp, line 312]
Event: 7.488 Thread 0x000002d57974e850 Exception <a 'java/lang/ClassNotFoundException'{0x00000000ec92c738}: org/gradle/api/internal/tasks/DefaultTaskContainer_DecoratedCustomizer> (0x00000000ec92c738) 
thrown [s\open\src\hotspot\share\classfile\systemDictionary.cpp, line 312]
Event: 7.496 Thread 0x000002d57974e850 Exception <a 'java/lang/NoSuchMethodError'{0x00000000ec9b85c8}: 'void java.lang.invoke.DirectMethodHandle$Holder.invokeInterface(java.lang.Object, java.lang.Object, java.lang.Object, java.lang.Object)'> (0x00000000ec9b85c8) 
thrown [s\open\src\hotspot\share\interpreter\linkResolver.cpp, line 773]
Event: 7.526 Thread 0x000002d57974e850 Implicit null exception at 0x000002d553724879 to 0x000002d5537248a4
Event: 7.584 Thread 0x000002d57974e850 Exception <a 'java/lang/NoSuchMethodError'{0x00000000ec3ea820}: 'int java.lang.invoke.DirectMethodHandle$Holder.invokeSpecialIFC(java.lang.Object, java.lang.Object, java.lang.Object, java.lang.Object, java.lang.Object)'> (0x00000000ec3ea820) 
thrown [s\open\src\hotspot\share\interpreter\linkResolver.cpp, line 773]
Event: 7.624 Thread 0x000002d57974e850 Exception <a 'java/lang/NoSuchMethodError'{0x00000000ebe0d3c8}: 'java.lang.Object java.lang.invoke.DirectMethodHandle$Holder.newInvokeSpecial(java.lang.Object, java.lang.Object, java.lang.Object, java.lang.Object, java.lang.Object, java.lang.Object, int)'> (0x00000000ebe0d3c8) 
thrown [s\open\src\hotspot\share\interpreter\linkResolver.cpp, line 773]
Event: 7.624 Thread 0x000002d57974e850 Exception <a 'java/lang/NoSuchMethodError'{0x00000000ebe122f8}: 'java.lang.Object java.lang.invoke.DirectMethodHandle$Holder.invokeSpecial(java.lang.Object, java.lang.Object, java.lang.Object, java.lang.Object, java.lang.Object, java.lang.Object, java.lang.Object, int)'> (0x00000000ebe122f8) 
thrown [s\open\src\hotspot\share\interpreter\linkResolver.cpp, line 773]
Event: 7.624 Thread 0x000002d57974e850 Exception <a 'java/lang/NoSuchMethodError'{0x00000000ebe16c00}: 'java.lang.Object java.lang.invoke.Invokers$Holder.linkToTargetMethod(java.lang.Object, java.lang.Object, java.lang.Object, java.lang.Object, java.lang.Object, int, java.lang.Object)'> (0x00000000ebe16c00) 
thrown [s\open\src\hotspot\share\interpreter\linkResolver.cpp, line 773]
Event: 7.632 Thread 0x000002d57cba6690 Implicit null exception at 0x000002d55354eb07 to 0x000002d55354ebd4
Event: 7.666 Thread 0x000002d57c4b4450 Exception <a 'java/lang/NoSuchMethodError'{0x00000000ebcc9960}: 'void java.lang.invoke.DirectMethodHandle$Holder.invokeStatic(java.lang.Object, long)'> (0x00000000ebcc9960) 
thrown [s\open\src\hotspot\share\interpreter\linkResolver.cpp, line 773]
Event: 7.667 Thread 0x000002d57c4b4450 Exception <a 'java/lang/NoSuchMethodError'{0x00000000ebcd3d58}: 'java.lang.Object java.lang.invoke.DirectMethodHandle$Holder.invokeStaticInit(java.lang.Object, long, java.lang.Object)'> (0x00000000ebcd3d58) 
thrown [s\open\src\hotspot\share\interpreter\linkResolver.cpp, line 773]

ZGC Phase Switch (0 events):
No events

VM Operations (20 events):
Event: 6.331 Executing VM operation: HandshakeAllThreads (Deoptimize)
Event: 6.331 Executing VM operation: HandshakeAllThreads (Deoptimize) done
Event: 6.452 Executing VM operation: HandshakeAllThreads (Deoptimize)
Event: 6.452 Executing VM operation: HandshakeAllThreads (Deoptimize) done
Event: 6.476 Executing VM operation: HandshakeAllThreads (Deoptimize)
Event: 6.476 Executing VM operation: HandshakeAllThreads (Deoptimize) done
Event: 6.476 Executing VM operation: ICBufferFull
Event: 6.477 Executing VM operation: ICBufferFull done
Event: 6.651 Executing VM operation: ICBufferFull
Event: 6.651 Executing VM operation: ICBufferFull done
Event: 6.819 Executing VM operation: HandshakeAllThreads (Deoptimize)
Event: 6.819 Executing VM operation: HandshakeAllThreads (Deoptimize) done
Event: 6.881 Executing VM operation: G1CollectForAllocation (G1 Evacuation Pause)
Event: 6.893 Executing VM operation: G1CollectForAllocation (G1 Evacuation Pause) done
Event: 7.228 Executing VM operation: ICBufferFull
Event: 7.228 Executing VM operation: ICBufferFull done
Event: 7.615 Executing VM operation: ICBufferFull
Event: 7.615 Executing VM operation: ICBufferFull done
Event: 8.624 Executing VM operation: Cleanup
Event: 8.624 Executing VM operation: Cleanup done

Events (20 events):
Event: 6.577 Thread 0x000002d57cba3210 Thread added: 0x000002d57cba3210
Event: 6.577 Thread 0x000002d57cba1e60 Thread added: 0x000002d57cba1e60
Event: 6.578 Thread 0x000002d57cba38a0 Thread added: 0x000002d57cba38a0
Event: 6.578 Thread 0x000002d57cba5970 Thread added: 0x000002d57cba5970
Event: 6.578 Thread 0x000002d57cba6000 Thread added: 0x000002d57cba6000
Event: 6.579 Thread 0x000002d57cba2b80 Thread added: 0x000002d57cba2b80
Event: 6.853 Thread 0x000002d57cba8760 Thread added: 0x000002d57cba8760
Event: 7.224 Thread 0x000002d57cba7a40 Thread added: 0x000002d57cba7a40
Event: 7.632 Thread 0x000002d57cba6690 Thread added: 0x000002d57cba6690
Event: 7.632 Thread 0x000002d57cba9480 Thread added: 0x000002d57cba9480
Event: 7.632 Thread 0x000002d57cba73b0 Thread added: 0x000002d57cba73b0
Event: 7.632 Thread 0x000002d57cba6d20 Thread added: 0x000002d57cba6d20
Event: 7.632 Thread 0x000002d57cba80d0 Thread added: 0x000002d57cba80d0
Event: 7.632 Thread 0x000002d57cba8df0 Thread added: 0x000002d57cba8df0
Event: 7.632 Thread 0x000002d57c4b2a10 Thread added: 0x000002d57c4b2a10
Event: 7.657 Thread 0x000002d57c4b4450 Thread added: 0x000002d57c4b4450
Event: 7.670 Thread 0x000002d57c4b4ae0 Thread added: 0x000002d57c4b4ae0
Event: 7.671 Thread 0x000002d57c4b2380 Thread added: 0x000002d57c4b2380
Event: 7.892 Thread 0x000002d57b34a930 Thread exited: 0x000002d57b34a930
Event: 8.086 Thread 0x000002d57c080030 Thread added: 0x000002d57c080030


Dynamic libraries:
0x00007ff6008e0000 - 0x00007ff6008f0000 	C:\Program Files\Java\jdk-21\bin\java.exe
0x00007ffc64b20000 - 0x00007ffc64d87000 	C:\WINDOWS\SYSTEM32\ntdll.dll
0x00007ffc62ed0000 - 0x00007ffc62f99000 	C:\WINDOWS\System32\KERNEL32.DLL
0x00007ffc61a10000 - 0x00007ffc61e01000 	C:\WINDOWS\System32\KERNELBASE.dll
0x00007ffc61400000 - 0x00007ffc6154b000 	C:\WINDOWS\System32\ucrtbase.dll
0x00007ffc406b0000 - 0x00007ffc406c9000 	C:\Program Files\Java\jdk-21\bin\jli.dll
0x00007ffc4f0f0000 - 0x00007ffc4f10b000 	C:\Program Files\Java\jdk-21\bin\VCRUNTIME140.dll
0x00007ffc63410000 - 0x00007ffc634cb000 	C:\WINDOWS\System32\ADVAPI32.dll
0x00007ffc62b40000 - 0x00007ffc62be9000 	C:\WINDOWS\System32\msvcrt.dll
0x00007ffc637e0000 - 0x00007ffc63887000 	C:\WINDOWS\System32\sechost.dll
0x00007ffc640e0000 - 0x00007ffc641f8000 	C:\WINDOWS\System32\RPCRT4.dll
0x00007ffc63560000 - 0x00007ffc63725000 	C:\WINDOWS\System32\USER32.dll
0x00007ffc61e10000 - 0x00007ffc61e37000 	C:\WINDOWS\System32\win32u.dll
0x00007ffc46050000 - 0x00007ffc462e3000 	C:\WINDOWS\WinSxS\amd64_microsoft.windows.common-controls_6595b64144ccf1df_6.0.26100.8037_none_3e092faae333b53b\COMCTL32.dll
0x00007ffc62b10000 - 0x00007ffc62b3b000 	C:\WINDOWS\System32\GDI32.dll
0x00007ffc618e0000 - 0x00007ffc61a0b000 	C:\WINDOWS\System32\gdi32full.dll
0x00007ffc61550000 - 0x00007ffc615f3000 	C:\WINDOWS\System32\msvcp_win.dll
0x00007ffc53ad0000 - 0x00007ffc53adb000 	C:\WINDOWS\SYSTEM32\VERSION.dll
0x00007ffc640a0000 - 0x00007ffc640d1000 	C:\WINDOWS\System32\IMM32.DLL
0x00007ffc51120000 - 0x00007ffc5112c000 	C:\Program Files\Java\jdk-21\bin\vcruntime140_1.dll
0x00007ffbfbc80000 - 0x00007ffbfbd0e000 	C:\Program Files\Java\jdk-21\bin\msvcp140.dll
0x00007ffbd0bc0000 - 0x00007ffbd18d8000 	C:\Program Files\Java\jdk-21\bin\server\jvm.dll
0x00007ffc64020000 - 0x00007ffc64094000 	C:\WINDOWS\System32\WS2_32.dll
0x00007ffc61260000 - 0x00007ffc612be000 	C:\WINDOWS\SYSTEM32\POWRPROF.dll
0x00007ffc59050000 - 0x00007ffc59085000 	C:\WINDOWS\SYSTEM32\WINMM.dll
0x00007ffc61240000 - 0x00007ffc61254000 	C:\WINDOWS\SYSTEM32\UMPDC.dll
0x00007ffc60190000 - 0x00007ffc601ab000 	C:\WINDOWS\SYSTEM32\kernel.appcore.dll
0x00007ffc50910000 - 0x00007ffc5091a000 	C:\Program Files\Java\jdk-21\bin\jimage.dll
0x00007ffc5e8f0000 - 0x00007ffc5eb32000 	C:\WINDOWS\SYSTEM32\DBGHELP.DLL
0x00007ffc62fa0000 - 0x00007ffc63322000 	C:\WINDOWS\System32\combase.dll
0x00007ffc63330000 - 0x00007ffc63407000 	C:\WINDOWS\System32\OLEAUT32.dll
0x00007ffc4dfd0000 - 0x00007ffc4e00b000 	C:\WINDOWS\SYSTEM32\dbgcore.DLL
0x00007ffc616c0000 - 0x00007ffc61765000 	C:\WINDOWS\System32\bcryptPrimitives.dll
0x00007ffc3d660000 - 0x00007ffc3d66f000 	C:\Program Files\Java\jdk-21\bin\instrument.dll
0x00007ffc3fed0000 - 0x00007ffc3feef000 	C:\Program Files\Java\jdk-21\bin\java.dll
0x00007ffc64370000 - 0x00007ffc64acf000 	C:\WINDOWS\System32\SHELL32.dll
0x00007ffc61770000 - 0x00007ffc618da000 	C:\WINDOWS\System32\wintypes.dll
0x00007ffc61e40000 - 0x00007ffc626a4000 	C:\WINDOWS\System32\windows.storage.dll
0x00007ffc62bf0000 - 0x00007ffc62ce7000 	C:\WINDOWS\System32\SHCORE.dll
0x00007ffc64300000 - 0x00007ffc64367000 	C:\WINDOWS\System32\shlwapi.dll
0x00007ffc61320000 - 0x00007ffc61349000 	C:\WINDOWS\SYSTEM32\profapi.dll
0x00007ffbf65b0000 - 0x00007ffbf6687000 	C:\Program Files\Java\jdk-21\bin\jsvml.dll
0x00007ffc34100000 - 0x00007ffc34118000 	C:\Program Files\Java\jdk-21\bin\zip.dll
0x00007ffc4eda0000 - 0x00007ffc4edb0000 	C:\Program Files\Java\jdk-21\bin\net.dll
0x00007ffc587c0000 - 0x00007ffc588e7000 	C:\WINDOWS\SYSTEM32\WINHTTP.dll
0x00007ffc60700000 - 0x00007ffc6076b000 	C:\WINDOWS\system32\mswsock.dll
0x00007ffc3fd80000 - 0x00007ffc3fd96000 	C:\Program Files\Java\jdk-21\bin\nio.dll
0x00007ffc3ff30000 - 0x00007ffc3ff40000 	C:\Program Files\Java\jdk-21\bin\verify.dll
0x00007ffc26160000 - 0x00007ffc26187000 	C:\Users\emmmz\.gradle\native\1def1411415f61bf3af743bc5b6707747c0891f09f0c88961ee8f79bc544acac\windows-amd64\native-platform.dll
0x00007ffc3d5e0000 - 0x00007ffc3d658000 	C:\Users\emmmz\.gradle\native\0.2.7\x86_64-windows-gnu\gradle-fileevents.dll
0x00007ffc3fe50000 - 0x00007ffc3fe5a000 	C:\Program Files\Java\jdk-21\bin\management.dll
0x00007ffc3fb50000 - 0x00007ffc3fb5b000 	C:\Program Files\Java\jdk-21\bin\management_ext.dll
0x00007ffc62aa0000 - 0x00007ffc62aa8000 	C:\WINDOWS\System32\PSAPI.DLL
0x00007ffc5fc00000 - 0x00007ffc5fc33000 	C:\WINDOWS\SYSTEM32\IPHLPAPI.DLL
0x00007ffc634d0000 - 0x00007ffc634da000 	C:\WINDOWS\System32\NSI.dll
0x00007ffc3d6a0000 - 0x00007ffc3d6a9000 	C:\Program Files\Java\jdk-21\bin\extnet.dll
0x00007ffc609e0000 - 0x00007ffc609fb000 	C:\WINDOWS\SYSTEM32\CRYPTSP.dll
0x00007ffc600f0000 - 0x00007ffc60129000 	C:\WINDOWS\system32\rsaenh.dll
0x00007ffc607b0000 - 0x00007ffc607e2000 	C:\WINDOWS\SYSTEM32\USERENV.dll
0x00007ffc612f0000 - 0x00007ffc6131a000 	C:\WINDOWS\SYSTEM32\bcrypt.dll
0x00007ffc60a00000 - 0x00007ffc60a0c000 	C:\WINDOWS\SYSTEM32\CRYPTBASE.dll
0x00007ffc3b940000 - 0x00007ffc3b94e000 	C:\Program Files\Java\jdk-21\bin\sunmscapi.dll
0x00007ffc626b0000 - 0x00007ffc62827000 	C:\WINDOWS\System32\CRYPT32.dll
0x00007ffc60c00000 - 0x00007ffc60c30000 	C:\WINDOWS\SYSTEM32\ncrypt.dll
0x00007ffc60bb0000 - 0x00007ffc60bef000 	C:\WINDOWS\SYSTEM32\NTASN1.dll
0x00007ffbf2a50000 - 0x00007ffbf2a58000 	C:\WINDOWS\system32\wshunix.dll

dbghelp: loaded successfully - version: 4.0.5 - missing functions: none
symbol engine: initialized successfully - sym options: 0x614 - pdb path: .;C:\Program Files\Java\jdk-21\bin;C:\WINDOWS\SYSTEM32;C:\WINDOWS\WinSxS\amd64_microsoft.windows.common-controls_6595b64144ccf1df_6.0.26100.8037_none_3e092faae333b53b;C:\Program Files\Java\jdk-21\bin\server;C:\Users\emmmz\.gradle\native\1def1411415f61bf3af743bc5b6707747c0891f09f0c88961ee8f79bc544acac\windows-amd64;C:\Users\emmmz\.gradle\native\0.2.7\x86_64-windows-gnu

VM Arguments:
jvm_args: --add-opens=java.base/java.lang=ALL-UNNAMED --add-opens=java.base/java.lang.invoke=ALL-UNNAMED --add-opens=java.base/java.util=ALL-UNNAMED --add-opens=java.prefs/java.util.prefs=ALL-UNNAMED --add-exports=jdk.compiler/com.sun.tools.javac.api=ALL-UNNAMED --add-exports=jdk.compiler/com.sun.tools.javac.util=ALL-UNNAMED --add-opens=java.base/java.util=ALL-UNNAMED --add-opens=java.prefs/java.util.prefs=ALL-UNNAMED --add-opens=java.base/java.nio.charset=ALL-UNNAMED --add-opens=java.base/java.net=ALL-UNNAMED --add-opens=java.base/java.util.concurrent.atomic=ALL-UNNAMED --add-opens=java.xml/javax.xml.namespace=ALL-UNNAMED -XX:MaxMetaspaceSize=384m -XX:+HeapDumpOnOutOfMemoryError -Xms256m -Xmx512m -Dfile.encoding=UTF-8 -Duser.country=US -Duser.language=en -Duser.variant -javaagent:C:\Users\emmmz\.gradle\wrapper\dists\gradle-8.14.4-bin\92wwslzcyst3phie3o264zltu\gradle-8.14.4\lib\agents\gradle-instrumentation-agent-8.14.4.jar 
java_command: org.gradle.launcher.daemon.bootstrap.GradleDaemon 8.14.4
java_class_path (initial): C:\Users\emmmz\.gradle\wrapper\dists\gradle-8.14.4-bin\92wwslzcyst3phie3o264zltu\gradle-8.14.4\lib\gradle-daemon-main-8.14.4.jar
Launcher Type: SUN_STANDARD

[Global flags]
     intx CICompilerCount                          = 4                                         {product} {ergonomic}
   size_t CompressedClassSpaceSize                 = 335544320                                 {product} {ergonomic}
     uint ConcGCThreads                            = 2                                         {product} {ergonomic}
     uint G1ConcRefinementThreads                  = 8                                         {product} {ergonomic}
   size_t G1HeapRegionSize                         = 1048576                                   {product} {ergonomic}
    uintx GCDrainStackTargetSize                   = 64                                        {product} {ergonomic}
     bool HeapDumpOnOutOfMemoryError               = true                                   {manageable} {command line}
   size_t InitialHeapSize                          = 268435456                                 {product} {command line}
   size_t MarkStackSize                            = 4194304                                   {product} {ergonomic}
   size_t MaxHeapSize                              = 536870912                                 {product} {command line}
   size_t MaxMetaspaceSize                         = 402653184                                 {product} {command line}
   size_t MaxNewSize                               = 321912832                                 {product} {ergonomic}
   size_t MinHeapDeltaBytes                        = 1048576                                   {product} {ergonomic}
   size_t MinHeapSize                              = 268435456                                 {product} {command line}
    uintx NonNMethodCodeHeapSize                   = 5839372                                {pd product} {ergonomic}
    uintx NonProfiledCodeHeapSize                  = 122909434                              {pd product} {ergonomic}
    uintx ProfiledCodeHeapSize                     = 122909434                              {pd product} {ergonomic}
    uintx ReservedCodeCacheSize                    = 251658240                              {pd product} {ergonomic}
     bool SegmentedCodeCache                       = true                                      {product} {ergonomic}
   size_t SoftMaxHeapSize                          = 536870912                              {manageable} {ergonomic}
     bool UseCompressedOops                        = true                           {product lp64_product} {ergonomic}
     bool UseG1GC                                  = true                                      {product} {ergonomic}
     bool UseLargePagesIndividualAllocation        = false                                  {pd product} {ergonomic}

Logging:
Log output configuration:
 #0: stdout all=warning uptime,level,tags foldmultilines=false
 #1: stderr all=off uptime,level,tags foldmultilines=false

Environment Variables:
PATH=C:\xampp_lite_8_4\apps\php;C:\Python313\Scripts\;C:\Python313\;C:\Program Files (x86)\NVIDIA Corporation\PhysX\Common;C:\Program Files\Common Files\Oracle\Java\javapath;C:\oraclexe\app\oracle\product\11.2.0\server\bin;C:\Windows\System32\HWAudioDriverLibs;C:\Windows\system32;C:\Windows;C:\Windows\System32\Wbem;C:\Windows\System32\WindowsPowerShell\v1.0\;C:\Windows\System32\OpenSSH\;C:\Users\Administrator\AppData\Local\Microsoft\WindowsApps;C:\WINDOWS\system32;C:\WINDOWS;C:\WINDOWS\System32\Wbem;C:\WINDOWS\System32\WindowsPowerShell\v1.0\;C:\WINDOWS\System32\OpenSSH\;C:\Program Files\Microsoft SQL Server\120\Tools\Binn\;C:\Program Files\Common Files\Autodesk Shared\;C:\Program Files\dotnet\;C:\Windows\SysWow64\;C:\Program Files\Git\cmd;D:\ComposerSetup;C:\sqlite3;C:\Program Files\nodejs\;C:\ProgramData\chocolatey\bin;C:\Program Files\Microsoft SQL Server\150\Tools\Binn\;C:\WINDOWS\system32;C:\WINDOWS;C:\WINDOWS\System32\Wbem;C:\WINDOWS\System32\WindowsPowerShell\v1.0\;C:\WINDOWS\System32\OpenSSH\;C:\ProgramData\ComposerSetup\bin;;C:\Users\emmmz\AppData\Local\Programs\Microsoft VS Code\bin;C:\Users\emmmz\AppData\Local\Programs\Antigravity\bin
USERNAME=emmmz
OS=Windows_NT
PROCESSOR_IDENTIFIER=Intel64 Family 6 Model 140 Stepping 1, GenuineIntel
TMP=C:\Users\emmmz\AppData\Local\Temp
TEMP=C:\Users\emmmz\AppData\Local\Temp




Periodic native trim disabled

---------------  S Y S T E M  ---------------

OS:
 Windows 11 , 64 bit Build 26100 (10.0.26100.7920)
OS uptime: 0 days 20:25 hours
Hyper-V role detected

CPU: total 8 (initial active 8) (4 cores per cpu, 2 threads per core) family 6 model 140 stepping 1 microcode 0x8a, cx8, cmov, fxsr, ht, mmx, 3dnowpref, sse, sse2, sse3, ssse3, sse4.1, sse4.2, popcnt, lzcnt, tsc, tscinvbit, avx, avx2, aes, erms, clmul, bmi1, bmi2, adx, avx512f, avx512dq, avx512cd, avx512bw, avx512vl, sha, fma, vzeroupper, avx512_vpopcntdq, avx512_vpclmulqdq, avx512_vaes, avx512_vnni, clflush, clflushopt, clwb, avx512_vbmi2, avx512_vbmi, hv, rdtscp, rdpid, fsrm, gfni, avx512_bitalg, f16c, cet_ibt, cet_ss, avx512_ifma
Processor Information for all 8 processors :
  Max Mhz: 2419, Current Mhz: 2419, Mhz Limit: 2419

Memory: 4k page, system-wide physical 7991M (789M free)
TotalPageFile size 16183M (AvailPageFile size 24M)
current process WorkingSet (physical memory assigned to process): 407M, peak: 407M
current process commit charge ("private bytes"): 508M, peak: 509M

vm_info: Java HotSpot(TM) 64-Bit Server VM (21.0.5+9-LTS-239) for windows-amd64 JRE (21.0.5+9-LTS-239), built on 2024-09-30T05:17:38Z by "mach5one" with MS VC++ 17.6 (VS2022)

END.
