#
# There is insufficient memory for the Java Runtime Environment to continue.
# Native memory allocation (mmap) failed to map 65536 bytes. Error detail: Failed to commit metaspace.
# Possible reasons:
#   The system is out of physical RAM or swap space
#   This process is running with CompressedOops enabled, and the Java Heap may be blocking the growth of the native heap
# Possible solutions:
#   Reduce memory load on the system
#   Increase physical memory or swap space
#   Check if swap backing store is full
#   Decrease Java heap size (-Xmx/-Xms)
#   Decrease number of Java threads
#   Decrease Java thread stack sizes (-Xss)
#   Set larger code cache with -XX:ReservedCodeCacheSize=
#   JVM is running with Unscaled Compressed Oops mode in which the Java heap is
#     placed in the first 4GB address space. The Java Heap base address is the
#     maximum limit for the native heap growth. Please use -XX:HeapBaseMinAddress
#     to set the Java Heap base and to place the Java Heap above 4GB virtual address.
# This output file may be truncated or incomplete.
#
#  Out of Memory Error (virtualSpaceNode.cpp:113), pid=20856, tid=10636
#
# JRE version: OpenJDK Runtime Environment Temurin-21.0.10+7 (21.0.10+7) (build 21.0.10+7-LTS)
# Java VM: OpenJDK 64-Bit Server VM Temurin-21.0.10+7 (21.0.10+7-LTS, mixed mode, sharing, tiered, compressed oops, compressed class ptrs, parallel gc, windows-amd64)
# No core dump will be written. Minidumps are not enabled by default on client versions of Windows
#

---------------  S U M M A R Y ------------

Command Line: --add-modules=ALL-SYSTEM --add-opens=java.base/java.util=ALL-UNNAMED --add-opens=java.base/java.lang=ALL-UNNAMED --add-opens=java.base/sun.nio.fs=ALL-UNNAMED -Declipse.application=org.eclipse.jdt.ls.core.id1 -Dosgi.bundles.defaultStartLevel=4 -Declipse.product=org.eclipse.jdt.ls.core.product -Djava.import.generatesMetadataFilesAtProjectRoot=false -DDetectVMInstallationsJob.disabled=true -Dfile.encoding=utf8 -XX:+UseParallelGC -XX:GCTimeRatio=4 -XX:AdaptiveSizePolicyWeight=90 -Dsun.zip.disableMemoryMapping=true -Xmx2G -Xms100m -Xlog:disable -javaagent:c:\Users\emmmz\.vscode\extensions\redhat.java-1.53.0-win32-x64\lombok\lombok-1.18.39-4050.jar c:\Users\emmmz\.vscode\extensions\redhat.java-1.53.0-win32-x64\server\plugins\org.eclipse.equinox.launcher_1.7.100.v20251111-0406.jar -configuration c:\Users\emmmz\AppData\Roaming\Code\User\globalStorage\redhat.java\1.53.0\config_ss_win -data c:\Users\emmmz\AppData\Roaming\Code\User\workspaceStorage\9411440532b7ac369f8afd7c0c09128e\redhat.java\ss_ws --pipe=\\.\pipe\lsp-7ad34755c467f4b25a2752d9fc854ca9-sock

Host: 11th Gen Intel(R) Core(TM) i5-1135G7 @ 2.40GHz, 8 cores, 7G,  Windows 11 , 64 bit Build 26100 (10.0.26100.7920)
Time: Sat Apr 11 21:36:52 2026 Afr. centrale Ouest elapsed time: 5.062344 seconds (0d 0h 0m 5s)

---------------  T H R E A D  ---------------

Current thread (0x000001738223f640):  JavaThread "main"             [_thread_in_vm, id=10636, stack(0x000000524a400000,0x000000524a500000) (1024K)]

Stack: [0x000000524a400000,0x000000524a500000]
Native frames: (J=compiled Java code, j=interpreted, Vv=VM code, C=native code)
V  [jvm.dll+0x6d7a39]
V  [jvm.dll+0x8b4b26]
V  [jvm.dll+0x8b70de]
V  [jvm.dll+0x8b77c3]
V  [jvm.dll+0x284346]
V  [jvm.dll+0x8b086e]
V  [jvm.dll+0x679444]
V  [jvm.dll+0x1e82bb]
V  [jvm.dll+0x1e807e]
V  [jvm.dll+0x67bd42]
V  [jvm.dll+0x67bb72]
V  [jvm.dll+0x679e1e]
V  [jvm.dll+0x3c74d3]
V  [jvm.dll+0x2116fb]
V  [jvm.dll+0x5b6479]
V  [jvm.dll+0x82ec4d]
V  [jvm.dll+0x47952e]
V  [jvm.dll+0x48c8a6]
C  [java.dll+0x1657]

Java frames: (J=compiled Java code, j=interpreted, Vv=VM code)
j  java.lang.ClassLoader.defineClass0(Ljava/lang/ClassLoader;Ljava/lang/Class;Ljava/lang/String;[BIILjava/security/ProtectionDomain;ZILjava/lang/Object;)Ljava/lang/Class;+0 java.base@21.0.10
j  java.lang.System$2.defineClass(Ljava/lang/ClassLoader;Ljava/lang/Class;Ljava/lang/String;[BLjava/security/ProtectionDomain;ZILjava/lang/Object;)Ljava/lang/Class;+17 java.base@21.0.10
j  java.lang.invoke.MethodHandles$Lookup$ClassDefiner.defineClass(ZLjava/lang/Object;)Ljava/lang/Class;+57 java.base@21.0.10
j  java.lang.invoke.InvokerBytecodeGenerator.loadMethod([B)Ljava/lang/invoke/MemberName;+22 java.base@21.0.10
j  java.lang.invoke.InvokerBytecodeGenerator.generateCustomizedCode(Ljava/lang/invoke/LambdaForm;Ljava/lang/invoke/MethodType;)Ljava/lang/invoke/MemberName;+30 java.base@21.0.10
j  java.lang.invoke.LambdaForm.compileToBytecode()V+69 java.base@21.0.10
J 625 c1 java.lang.invoke.LambdaForm.prepare()V java.base@21.0.10 (108 bytes) @ 0x000001738551367c [0x00000173855134e0+0x000000000000019c]
J 624 c1 java.lang.invoke.MethodHandle.<init>(Ljava/lang/invoke/MethodType;Ljava/lang/invoke/LambdaForm;)V java.base@21.0.10 (37 bytes) @ 0x0000017385512d44 [0x0000017385512b20+0x0000000000000224]
j  java.lang.invoke.BoundMethodHandle.<init>(Ljava/lang/invoke/MethodType;Ljava/lang/invoke/LambdaForm;)V+3 java.base@21.0.10
j  java.lang.invoke.BoundMethodHandle$Species_L.<init>(Ljava/lang/invoke/MethodType;Ljava/lang/invoke/LambdaForm;Ljava/lang/Object;)V+3 java.base@21.0.10
j  java.lang.invoke.BoundMethodHandle$Species_L.copyWith(Ljava/lang/invoke/MethodType;Ljava/lang/invoke/LambdaForm;)Ljava/lang/invoke/BoundMethodHandle;+10 java.base@21.0.10
j  java.lang.invoke.MethodHandles.dropArgumentsTrusted(Ljava/lang/invoke/MethodHandle;I[Ljava/lang/Class;)Ljava/lang/invoke/MethodHandle;+103 java.base@21.0.10
j  java.lang.invoke.StringConcatFactory.generateMHInlineCopy(Ljava/lang/invoke/MethodType;[Ljava/lang/String;)Ljava/lang/invoke/MethodHandle;+323 java.base@21.0.10
j  java.lang.invoke.StringConcatFactory.makeConcatWithConstants(Ljava/lang/invoke/MethodHandles$Lookup;Ljava/lang/String;Ljava/lang/invoke/MethodType;Ljava/lang/String;[Ljava/lang/Object;)Ljava/lang/invoke/CallSite;+227 java.base@21.0.10
j  java.lang.invoke.DirectMethodHandle$Holder.invokeStatic(Ljava/lang/Object;Ljava/lang/Object;Ljava/lang/Object;Ljava/lang/Object;Ljava/lang/Object;Ljava/lang/Object;)Ljava/lang/Object;+18 java.base@21.0.10
j  java.lang.invoke.DelegatingMethodHandle$Holder.delegate(Ljava/lang/Object;Ljava/lang/Object;Ljava/lang/Object;Ljava/lang/Object;Ljava/lang/Object;Ljava/lang/Object;)Ljava/lang/Object;+21 java.base@21.0.10
j  java.lang.invoke.Invokers$Holder.invokeExact_MT(Ljava/lang/Object;Ljava/lang/Object;Ljava/lang/Object;Ljava/lang/Object;Ljava/lang/Object;Ljava/lang/Object;Ljava/lang/Object;)Ljava/lang/Object;+26 java.base@21.0.10
j  java.lang.invoke.BootstrapMethodInvoker.invoke(Ljava/lang/Class;Ljava/lang/invoke/MethodHandle;Ljava/lang/String;Ljava/lang/Object;Ljava/lang/Object;Ljava/lang/Class;)Ljava/lang/Object;+157 java.base@21.0.10
j  java.lang.invoke.CallSite.makeSite(Ljava/lang/invoke/MethodHandle;Ljava/lang/String;Ljava/lang/invoke/MethodType;Ljava/lang/Object;Ljava/lang/Class;)Ljava/lang/invoke/CallSite;+8 java.base@21.0.10
j  java.lang.invoke.MethodHandleNatives.linkCallSiteImpl(Ljava/lang/Class;Ljava/lang/invoke/MethodHandle;Ljava/lang/String;Ljava/lang/invoke/MethodType;Ljava/lang/Object;[Ljava/lang/Object;)Ljava/lang/invoke/MemberName;+6 java.base@21.0.10
j  java.lang.invoke.MethodHandleNatives.linkCallSite(Ljava/lang/Object;Ljava/lang/Object;Ljava/lang/Object;Ljava/lang/Object;Ljava/lang/Object;[Ljava/lang/Object;)Ljava/lang/invoke/MemberName;+45 java.base@21.0.10
v  ~StubRoutines::call_stub 0x000001738c9610e7
j  org.eclipse.equinox.launcher.Main.readFrameworkExtensions(Ljava/net/URL;Ljava/util/List;)V+337
j  org.eclipse.equinox.launcher.Main.addBaseJars(Ljava/net/URL;Ljava/util/List;)V+13
j  org.eclipse.equinox.launcher.Main.getDevPath(Ljava/net/URL;)Ljava/util/List;+27
j  org.eclipse.equinox.launcher.Main.getBootPath(Ljava/lang/String;)Ljava/util/List;+169
j  org.eclipse.equinox.launcher.Main.basicRun([Ljava/lang/String;)V+121
j  org.eclipse.equinox.launcher.Main.run([Ljava/lang/String;)I+4
j  org.eclipse.equinox.launcher.Main.main([Ljava/lang/String;)V+10
v  ~StubRoutines::call_stub 0x000001738c9610e7

Compiled method (c1) 5085  625       3       java.lang.invoke.LambdaForm::prepare (108 bytes)
 total in heap  [0x0000017385513290,0x0000017385513ec0] = 3120
 relocation     [0x00000173855133f0,0x00000173855134d0] = 224
 main code      [0x00000173855134e0,0x0000017385513b90] = 1712
 stub code      [0x0000017385513b90,0x0000017385513c28] = 152
 metadata       [0x0000017385513c28,0x0000017385513c70] = 72
 scopes data    [0x0000017385513c70,0x0000017385513d28] = 184
 scopes pcs     [0x0000017385513d28,0x0000017385513e68] = 320
 dependencies   [0x0000017385513e68,0x0000017385513e80] = 24
 nul chk table  [0x0000017385513e80,0x0000017385513ec0] = 64

[Constant Pool (empty)]

[MachCode]
[Entry Point]
  # {method} {0x000001739908e998} 'prepare' '()V' in 'java/lang/invoke/LambdaForm'
  #           [sp+0x70]  (sp of caller)
  0x00000173855134e0: 448b 5208 | 49bb 0000 | 0099 7301 | 0000 4d03 | d34c 3bd0 

  0x00000173855134f4: ;   {runtime_call ic_miss_stub}
  0x00000173855134f4: 0f85 86b1 | 4907 660f | 1f44 0000 
[Verified Entry Point]
  0x0000017385513500: 8984 2400 | 80ff ff55 | 4883 ec60 | 4181 7f20 | 0100 0000 

  0x0000017385513514: ;   {runtime_call StubRoutines (final stubs)}
  0x0000017385513514: 7405 e8e5 | a248 0748 | 8954 2438 

  0x0000017385513520: ;   {metadata(method data for {method} {0x000001739908e998} 'prepare' '()V' in 'java/lang/invoke/LambdaForm')}
  0x0000017385513520: 48be b829 | 16dc 7301 | 0000 8bbe | cc00 0000 | 83c7 0289 | becc 0000 | 0081 e7fe | 0700 0085 
  0x0000017385513540: ff0f 8452 

  0x0000017385513544: ;   {metadata(method data for {method} {0x000001739908e998} 'prepare' '()V' in 'java/lang/invoke/LambdaForm')}
  0x0000017385513544: 0500 0048 | beb8 2916 | dc73 0100 | 00ff 8620 | 0100 0048 

  0x0000017385513558: ;   {metadata(method data for {method} {0x000001739908e998} 'prepare' '()V' in 'java/lang/invoke/LambdaForm')}
  0x0000017385513558: 8bf2 48bf | b829 16dc | 7301 0000 | 4883 8730 | 0100 0001 

  0x000001738551356c: ;   {metadata(method data for {method} {0x00000173993f8730} 'forceInterpretation' '()Z' in 'java/lang/invoke/LambdaForm')}
  0x000001738551356c: 48be 182e | 16dc 7301 | 0000 8bbe | cc00 0000 | 83c7 0289 | becc 0000 | 0081 e7fe | ff1f 0085 
  0x000001738551358c: ff0f 8427 | 0500 008b | 7214 83fe 

  0x0000017385513598: ;   {metadata(method data for {method} {0x00000173993f8730} 'forceInterpretation' '()Z' in 'java/lang/invoke/LambdaForm')}
  0x0000017385513598: ff48 be18 | 2e16 dc73 | 0100 0048 | c7c7 1001 | 0000 7507 | 48c7 c720 | 0100 0048 | 8b1c 3e48 
  0x00000173855135b8: 8d5b 0148 | 891c 3e0f | 851a 0000 

  0x00000173855135c4: ;   {metadata(method data for {method} {0x00000173993f8730} 'forceInterpretation' '()Z' in 'java/lang/invoke/LambdaForm')}
  0x00000173855135c4: 0048 be18 | 2e16 dc73 | 0100 00ff | 8630 0100 | 00be 0100 | 0000 e905 | 0000 00be | 0000 0000 
  0x00000173855135e4: 83e6 0185 

  0x00000173855135e8: ;   {metadata(method data for {method} {0x000001739908e998} 'prepare' '()V' in 'java/lang/invoke/LambdaForm')}
  0x00000173855135e8: f648 beb8 | 2916 dc73 | 0100 0048 | c7c7 6801 | 0000 7507 | 48c7 c778 | 0100 0048 | 8b1c 3e48 
  0x0000017385513608: 8d5b 0148 | 891c 3e0f | 8574 0000 | 000f be72 

  0x0000017385513618: ;   {metadata(method data for {method} {0x000001739908e998} 'prepare' '()V' in 'java/lang/invoke/LambdaForm')}
  0x0000017385513618: 1985 f648 | beb8 2916 | dc73 0100 | 0048 c7c7 | 8801 0000 | 7507 48c7 | c798 0100 | 0048 8b1c 
  0x0000017385513638: 3e48 8d5b | 0148 891c | 3e0f 8542 | 0000 0048 

  0x0000017385513648: ;   {metadata(method data for {method} {0x000001739908e998} 'prepare' '()V' in 'java/lang/invoke/LambdaForm')}
  0x0000017385513648: 8bf2 48bf | b829 16dc | 7301 0000 

  0x0000017385513654: ;   {metadata('java/lang/invoke/LambdaForm')}
  0x0000017385513654: 49ba e0e2 | 0899 7301 | 0000 4c89 | 97b8 0100 | 0048 8387 | c001 0000 | 0148 8bf2 | 488b d60f 
  0x0000017385513674: ;   {optimized virtual_call}
  0x0000017385513674: 1f40 00e8 

  0x0000017385513678: ; ImmutableOopMap {[56]=Oop }
                      ;*invokevirtual compileToBytecode {reexecute=0 rethrow=0 return_oop=0}
                      ; - java.lang.invoke.LambdaForm::prepare@21
  0x0000017385513678: 1905 0000 

  0x000001738551367c: ;   {other}
  0x000001738551367c: 0f1f 8400 | ec03 0000 | 488b 5424 | 388b 7228 

  0x000001738551368c: ;   {metadata(method data for {method} {0x000001739908e998} 'prepare' '()V' in 'java/lang/invoke/LambdaForm')}
  0x000001738551368c: 4885 f648 | beb8 2916 | dc73 0100 | 0048 c7c7 | f001 0000 | 7507 48c7 | c7e0 0100 | 0048 8b1c 
  0x00000173855136ac: 3e48 8d5b | 0148 891c | 3e0f 85cb | 0300 0048 

  0x00000173855136bc: ;   {metadata(method data for {method} {0x000001739908e998} 'prepare' '()V' in 'java/lang/invoke/LambdaForm')}
  0x00000173855136bc: 8bf2 48bf | b829 16dc | 7301 0000 

  0x00000173855136c8: ;   {metadata('java/lang/invoke/LambdaForm')}
  0x00000173855136c8: 49ba e0e2 | 0899 7301 | 0000 4c89 | 9710 0200 | 0048 8387 | 1802 0000 | 0148 8bf2 

  0x00000173855136e4: ;   {optimized virtual_call}
  0x00000173855136e4: 488b d6e8 

  0x00000173855136e8: ; ImmutableOopMap {[56]=Oop }
                      ;*invokevirtual methodType {reexecute=0 rethrow=0 return_oop=0}
                      ; - java.lang.invoke.LambdaForm::prepare@33
  0x00000173855136e8: 94b4 4907 

  0x00000173855136ec: ;   {other}
  0x00000173855136ec: 0f1f 8400 | 5c04 0001 | 4889 4424 | 4048 3b00 

  0x00000173855136fc: ;   {metadata(method data for {method} {0x000001739908e998} 'prepare' '()V' in 'java/lang/invoke/LambdaForm')}
  0x00000173855136fc: 488b d048 | beb8 2916 | dc73 0100 | 0048 8386 | 3802 0000 | 018b 5014 

  0x0000017385513714: ; implicit exception: dispatches to 0x0000017385513ae0
  0x0000017385513714: 483b 0248 

  0x0000017385513718: ;   {metadata(method data for {method} {0x000001739908e998} 'prepare' '()V' in 'java/lang/invoke/LambdaForm')}
  0x0000017385513718: 8bf2 48bf | b829 16dc | 7301 0000 | 4883 8770 | 0200 0001 

  0x000001738551372c: ;   {metadata(method data for {method} {0x00000173993f7600} 'cachedLambdaForm' '(I)Ljava/lang/invoke/LambdaForm;' in 'java/lang/invoke/MethodTypeForm')}
  0x000001738551372c: 48be 6837 | 16dc 7301 | 0000 8bbe | cc00 0000 | 83c7 0289 | becc 0000 | 0081 e7fe | ff1f 0085 
  0x000001738551374c: ff0f 8492 | 0300 008b | 521c 8b72 | 0c83 fe06 | 0f86 a903 | 0000 8b52 | 2848 85d2 

  0x0000017385513768: ;   {metadata(method data for {method} {0x00000173993f7600} 'cachedLambdaForm' '(I)Ljava/lang/invoke/LambdaForm;' in 'java/lang/invoke/MethodTypeForm')}
  0x0000017385513768: 48be 6837 | 16dc 7301 | 0000 48c7 | c710 0100 | 0074 0748 | c7c7 2001 | 0000 488b | 1c3e 488d 
  0x0000017385513788: 5b01 4889 | 1c3e 0f84 | a701 0000 

  0x0000017385513794: ; implicit exception: dispatches to 0x0000017385513b1d
  0x0000017385513794: 483b 0248 

  0x0000017385513798: ;   {metadata(method data for {method} {0x00000173993f7600} 'cachedLambdaForm' '(I)Ljava/lang/invoke/LambdaForm;' in 'java/lang/invoke/MethodTypeForm')}
  0x0000017385513798: 8bf2 48bf | 6837 16dc | 7301 0000 | 8b76 0849 | ba00 0000 | 9973 0100 | 0049 03f2 | 483b b740 
  0x00000173855137b8: 0100 0075 | 0d48 8387 | 4801 0000 | 01e9 6000 | 0000 483b | b750 0100 | 0075 0d48 | 8387 5801 
  0x00000173855137d8: 0000 01e9 | 4a00 0000 | 4883 bf40 | 0100 0000 | 7517 4889 | b740 0100 | 0048 c787 | 4801 0000 
  0x00000173855137f8: 0100 0000 | e929 0000 | 0048 83bf | 5001 0000 | 0075 1748 | 89b7 5001 | 0000 48c7 | 8758 0100 
  0x0000017385513818: 0001 0000 | 00e9 0800 | 0000 4883 | 8730 0100 | 0001 0f1f 

  0x000001738551382c: ;   {optimized virtual_call}
  0x000001738551382c: 4400 00e8 

  0x0000017385513830: ; ImmutableOopMap {[56]=Oop [64]=Oop }
                      ;*invokevirtual get {reexecute=0 rethrow=0 return_oop=0}
                      ; - java.lang.invoke.MethodTypeForm::cachedLambdaForm@12
                      ; - java.lang.invoke.LambdaForm::prepare@43
  0x0000017385513830: 4cb3 4907 

  0x0000017385513834: ;   {other}
  0x0000017385513834: 0f1f 8400 | a405 0002 | 4885 c075 

  0x0000017385513840: ;   {metadata(method data for {method} {0x00000173993f7600} 'cachedLambdaForm' '(I)Ljava/lang/invoke/LambdaForm;' in 'java/lang/invoke/MethodTypeForm')}
  0x0000017385513840: 1648 bf68 | 3716 dc73 | 0100 0080 | 8f61 0100 | 0001 e9cc 

  0x0000017385513854: ;   {metadata('java/lang/invoke/LambdaForm')}
  0x0000017385513854: 0000 0048 | bbe0 e208 | 9973 0100 | 008b 7008 | 49ba 0000 | 0099 7301 | 0000 4903 | f248 3bde 
  0x0000017385513874: 0f85 8d00 

  0x0000017385513878: ;   {metadata(method data for {method} {0x00000173993f7600} 'cachedLambdaForm' '(I)Ljava/lang/invoke/LambdaForm;' in 'java/lang/invoke/MethodTypeForm')}
  0x0000017385513878: 0000 48bf | 6837 16dc | 7301 0000 | 8b58 0849 | ba00 0000 | 9973 0100 | 0049 03da | 483b 9f78 
  0x0000017385513898: 0100 0075 | 0d48 8387 | 8001 0000 | 01e9 7900 | 0000 483b | 9f88 0100 | 0075 0d48 | 8387 9001 
  0x00000173855138b8: 0000 01e9 | 6300 0000 | 4883 bf78 | 0100 0000 | 7517 4889 | 9f78 0100 | 0048 c787 | 8001 0000 
  0x00000173855138d8: 0100 0000 | e942 0000 | 0048 83bf | 8801 0000 | 0075 1748 | 899f 8801 | 0000 48c7 | 8790 0100 
  0x00000173855138f8: 0001 0000 | 00e9 2100 | 0000 e91c 

  0x0000017385513904: ;   {metadata(method data for {method} {0x00000173993f7600} 'cachedLambdaForm' '(I)Ljava/lang/invoke/LambdaForm;' in 'java/lang/invoke/MethodTypeForm')}
  0x0000017385513904: 0000 0048 | bf68 3716 | dc73 0100 | 0048 83af | 6801 0000 | 01e9 0402 | 0000 e900 | 0000 0048 
  0x0000017385513924: ;   {metadata(method data for {method} {0x00000173993f7600} 'cachedLambdaForm' '(I)Ljava/lang/invoke/LambdaForm;' in 'java/lang/invoke/MethodTypeForm')}
  0x0000017385513924: 8bd0 48be | 6837 16dc | 7301 0000 | ff86 a001 | 0000 e90a 

  0x0000017385513938: ;   {oop(nullptr)}
  0x0000017385513938: 0000 0048 | ba00 0000 | 0000 0000 | 0048 85d2 

  0x0000017385513948: ;   {metadata(method data for {method} {0x000001739908e998} 'prepare' '()V' in 'java/lang/invoke/LambdaForm')}
  0x0000017385513948: 48be b829 | 16dc 7301 | 0000 48c7 | c7a8 0200 | 0075 0748 | c7c7 b802 | 0000 488b | 1c3e 488d 
  0x0000017385513968: 5b01 4889 | 1c3e 0f85 | db00 0000 

  0x0000017385513974: ;   {metadata(method data for {method} {0x000001739908e998} 'prepare' '()V' in 'java/lang/invoke/LambdaForm')}
  0x0000017385513974: 48ba b829 | 16dc 7301 | 0000 ff82 | c802 0000 | 488b 4424 

  0x0000017385513988: ;   {metadata(method data for {method} {0x000001739908e998} 'prepare' '()V' in 'java/lang/invoke/LambdaForm')}
  0x0000017385513988: 4048 bab8 | 2916 dc73 | 0100 0048 | 8382 6003 | 0000 0148 

  0x000001738551399c: ;   {static_call}
  0x000001738551399c: 8bd0 90e8 

  0x00000173855139a0: ; ImmutableOopMap {[56]=Oop [64]=Oop }
                      ;*invokestatic createBlankForType {reexecute=0 rethrow=0 return_oop=0}
                      ; - java.lang.invoke.LambdaForm::prepare@76
  0x00000173855139a0: dcbb 4907 

  0x00000173855139a4: ;   {other}
  0x00000173855139a4: 0f1f 8400 | 1407 0003 

  0x00000173855139ac: ;   {metadata(method data for {method} {0x000001739908e998} 'prepare' '()V' in 'java/lang/invoke/LambdaForm')}
  0x00000173855139ac: 48ba b829 | 16dc 7301 | 0000 4883 | 8270 0300 | 0001 488b | 5424 4048 | 8944 2448 | 0f1f 8000 
  0x00000173855139cc: ;   {static_call}
  0x00000173855139cc: 0000 00e8 

  0x00000173855139d0: ; ImmutableOopMap {[56]=Oop [64]=Oop [72]=Oop }
                      ;*invokestatic generateLambdaFormInterpreterEntryPoint {reexecute=0 rethrow=0 return_oop=0}
                      ; - java.lang.invoke.LambdaForm::prepare@82
  0x00000173855139d0: acbb 4907 

  0x00000173855139d4: ;   {other}
  0x00000173855139d4: 0f1f 8400 | 4407 0004 | 4c8b 4c24 | 484c 8bd0 

  0x00000173855139e4: ; implicit exception: dispatches to 0x0000017385513b2b
  0x00000173855139e4: 4589 5128 | 4d8d 0149 | c1e8 0948 | ba00 007d | 8173 0100 | 0041 c604 | 1000 488b 

  0x0000017385513a00: ;   {metadata(method data for {method} {0x000001739908e998} 'prepare' '()V' in 'java/lang/invoke/LambdaForm')}
  0x0000017385513a00: 4424 4049 | b8b8 2916 | dc73 0100 | 0049 8380 | 8003 0000 | 0148 8b44 | 2440 8b50 | 1448 3b02 
  0x0000017385513a20: ;   {metadata(method data for {method} {0x000001739908e998} 'prepare' '()V' in 'java/lang/invoke/LambdaForm')}
  0x0000017385513a20: 4c8b c248 | beb8 2916 | dc73 0100 | 0048 8386 | b803 0000 | 0141 b806 | 0000 000f 

  0x0000017385513a3c: ;   {optimized virtual_call}
  0x0000017385513a3c: 1f40 00e8 

  0x0000017385513a40: ; ImmutableOopMap {[56]=Oop }
                      ;*invokevirtual setCachedLambdaForm {reexecute=0 rethrow=0 return_oop=0}
                      ; - java.lang.invoke.LambdaForm::prepare@95
  0x0000017385513a40: 3cb1 4907 

  0x0000017385513a44: ;   {other}
  0x0000017385513a44: 0f1f 8400 | b407 0005 | 488b d048 | 8b74 2438 

  0x0000017385513a54: ; implicit exception: dispatches to 0x0000017385513b35
  0x0000017385513a54: 8b7a 284c | 8bd7 4489 | 5628 488d | 3648 c1ee | 0948 bf00 | 007d 8173 | 0100 00c6 | 043e 0048 
  0x0000017385513a74: 83c4 605d 

  0x0000017385513a78: ;   {poll_return}
  0x0000017385513a78: 493b a750 | 0400 000f | 87b5 0000 | 00c3 4883 

  0x0000017385513a88: ;   {poll_return}
  0x0000017385513a88: c460 5d49 | 3ba7 5004 | 0000 0f87 | b800 0000 

  0x0000017385513a98: ;   {metadata({method} {0x000001739908e998} 'prepare' '()V' in 'java/lang/invoke/LambdaForm')}
  0x0000017385513a98: c349 ba90 | e908 9973 | 0100 004c | 8954 2408 | 48c7 0424 | ffff ffff 

  0x0000017385513ab0: ;   {runtime_call counter_overflow Runtime1 stub}
  0x0000017385513ab0: e8cb 3955 

  0x0000017385513ab4: ; ImmutableOopMap {rdx=Oop [56]=Oop }
                      ;*synchronization entry
                      ; - java.lang.invoke.LambdaForm::prepare@-1
  0x0000017385513ab4: 07e9 8dfa 

  0x0000017385513ab8: ;   {metadata({method} {0x00000173993f8730} 'forceInterpretation' '()Z' in 'java/lang/invoke/LambdaForm')}
  0x0000017385513ab8: ffff 49ba | 2887 3f99 | 7301 0000 | 4c89 5424 | 0848 c704 | 24ff ffff 

  0x0000017385513ad0: ;   {runtime_call counter_overflow Runtime1 stub}
  0x0000017385513ad0: ffe8 aa39 

  0x0000017385513ad4: ; ImmutableOopMap {rdx=Oop [56]=Oop }
                      ;*synchronization entry
                      ; - java.lang.invoke.LambdaForm::forceInterpretation@-1
                      ; - java.lang.invoke.LambdaForm::prepare@7
  0x0000017385513ad4: 5507 e9b8 

  0x0000017385513ad8: ;   {runtime_call throw_null_pointer_exception Runtime1 stub}
  0x0000017385513ad8: faff ffe8 

  0x0000017385513adc: ; ImmutableOopMap {rax=Oop [56]=Oop [64]=Oop }
                      ;*invokevirtual form {reexecute=0 rethrow=0 return_oop=0}
                      ; - java.lang.invoke.LambdaForm::prepare@38
  0x0000017385513adc: c0fe 5307 

  0x0000017385513ae0: ;   {runtime_call throw_null_pointer_exception Runtime1 stub}
  0x0000017385513ae0: e8bb fe53 

  0x0000017385513ae4: ; ImmutableOopMap {rax=Oop rdx=Oop [56]=Oop [64]=Oop }
                      ;*invokevirtual cachedLambdaForm {reexecute=0 rethrow=0 return_oop=0}
                      ; - java.lang.invoke.LambdaForm::prepare@43
                      ;   {metadata({method} {0x00000173993f7600} 'cachedLambdaForm' '(I)Ljava/lang/invoke/LambdaForm;' in 'java/lang/invoke/MethodTypeForm')}
  0x0000017385513ae4: 0749 baf8 | 753f 9973 | 0100 004c | 8954 2408 | 48c7 0424 | ffff ffff 

  0x0000017385513afc: ;   {runtime_call counter_overflow Runtime1 stub}
  0x0000017385513afc: e87f 3955 

  0x0000017385513b00: ; ImmutableOopMap {rax=Oop rdx=Oop [56]=Oop [64]=Oop }
                      ;*synchronization entry
                      ; - java.lang.invoke.MethodTypeForm::cachedLambdaForm@-1
                      ; - java.lang.invoke.LambdaForm::prepare@43
  0x0000017385513b00: 07e9 4dfc 

  0x0000017385513b04: ;   {runtime_call throw_null_pointer_exception Runtime1 stub}
  0x0000017385513b04: ffff e895 

  0x0000017385513b08: ; ImmutableOopMap {rax=Oop rdx=Oop [56]=Oop [64]=Oop }
                      ;*aaload {reexecute=0 rethrow=0 return_oop=0}
                      ; - java.lang.invoke.MethodTypeForm::cachedLambdaForm@5
                      ; - java.lang.invoke.LambdaForm::prepare@43
  0x0000017385513b08: fe53 0748 | c704 2406 | 0000 0048 | 8954 2408 

  0x0000017385513b18: ;   {runtime_call throw_range_check_failed Runtime1 stub}
  0x0000017385513b18: e883 f553 

  0x0000017385513b1c: ; ImmutableOopMap {rax=Oop rdx=Oop [56]=Oop [64]=Oop }
                      ;*aaload {reexecute=0 rethrow=0 return_oop=0}
                      ; - java.lang.invoke.MethodTypeForm::cachedLambdaForm@5
                      ; - java.lang.invoke.LambdaForm::prepare@43
                      ;   {runtime_call throw_null_pointer_exception Runtime1 stub}
  0x0000017385513b1c: 07e8 7efe 

  0x0000017385513b20: ; ImmutableOopMap {rdx=Oop [56]=Oop [64]=Oop }
                      ;*invokevirtual get {reexecute=0 rethrow=0 return_oop=0}
                      ; - java.lang.invoke.MethodTypeForm::cachedLambdaForm@12
                      ; - java.lang.invoke.LambdaForm::prepare@43
  0x0000017385513b20: 5307 4889 

  0x0000017385513b24: ;   {runtime_call throw_class_cast_exception Runtime1 stub}
  0x0000017385513b24: 0424 e8f5 

  0x0000017385513b28: ; ImmutableOopMap {[56]=Oop [64]=Oop }
                      ;*checkcast {reexecute=0 rethrow=0 return_oop=0}
                      ; - java.lang.invoke.MethodTypeForm::cachedLambdaForm@15
                      ; - java.lang.invoke.LambdaForm::prepare@43
                      ;   {runtime_call throw_null_pointer_exception Runtime1 stub}
  0x0000017385513b28: 0255 07e8 

  0x0000017385513b2c: ; ImmutableOopMap {r9=Oop [56]=Oop [64]=Oop }
                      ;*putfield vmentry {reexecute=1 rethrow=0 return_oop=0}
                      ; - (reexecute) java.lang.invoke.LambdaForm::prepare@85
  0x0000017385513b2c: 70fe 5307 

  0x0000017385513b30: ;   {runtime_call throw_null_pointer_exception Runtime1 stub}
  0x0000017385513b30: e86b fe53 

  0x0000017385513b34: ; ImmutableOopMap {r9=Oop rdx=Oop [56]=Oop }
                      ;*invokevirtual setCachedLambdaForm {reexecute=0 rethrow=0 return_oop=0}
                      ; - java.lang.invoke.LambdaForm::prepare@95
                      ;   {runtime_call throw_null_pointer_exception Runtime1 stub}
  0x0000017385513b34: 07e8 66fe 

  0x0000017385513b38: ; ImmutableOopMap {rsi=Oop [56]=Oop }
                      ;*getfield vmentry {reexecute=1 rethrow=0 return_oop=0}
                      ; - (reexecute) java.lang.invoke.LambdaForm::prepare@101
                      ;   {internal_word}
  0x0000017385513b38: 5307 49ba | 783a 5185 | 7301 0000 | 4d89 9768 

  0x0000017385513b48: ;   {runtime_call SafepointBlob}
  0x0000017385513b48: 0400 00e9 | 3020 4a07 

  0x0000017385513b50: ;   {internal_word}
  0x0000017385513b50: 49ba 8b3a | 5185 7301 | 0000 4d89 | 9768 0400 

  0x0000017385513b60: ;   {runtime_call SafepointBlob}
  0x0000017385513b60: 00e9 1a20 | 4a07 498b | 8700 0500 | 0049 c787 | 0005 0000 | 0000 0000 | 49c7 8708 | 0500 0000 
  0x0000017385513b80: 0000 0048 | 83c4 605d 

  0x0000017385513b88: ;   {runtime_call unwind_exception Runtime1 stub}
  0x0000017385513b88: e9f3 ee53 | 07f4 f4f4 
[Stub Code]
  0x0000017385513b90: ;   {no_reloc}
  0x0000017385513b90: 0f1f 4400 

  0x0000017385513b94: ;   {static_stub}
  0x0000017385513b94: 0048 bbe0 | e808 9973 

  0x0000017385513b9c: ;   {runtime_call I2C/C2I adapters}
  0x0000017385513b9c: 0100 00e9 | 3fa0 4907 

  0x0000017385513ba4: ;   {static_stub}
  0x0000017385513ba4: 9048 bb00 | 0000 0000 

  0x0000017385513bac: ;   {runtime_call nmethod}
  0x0000017385513bac: 0000 00e9 | fbff ffff 

  0x0000017385513bb4: ;   {static_stub}
  0x0000017385513bb4: 9048 bb00 | 0000 0000 

  0x0000017385513bbc: ;   {runtime_call nmethod}
  0x0000017385513bbc: 0000 00e9 | fbff ffff 

  0x0000017385513bc4: ;   {static_stub}
  0x0000017385513bc4: 48bb 0000 | 0000 0000 

  0x0000017385513bcc: ;   {runtime_call nmethod}
  0x0000017385513bcc: 0000 e9fb 

  0x0000017385513bd0: ;   {static_stub}
  0x0000017385513bd0: ffff ff48 | bb00 0000 | 0000 0000 

  0x0000017385513bdc: ;   {runtime_call nmethod}
  0x0000017385513bdc: 00e9 fbff 

  0x0000017385513be0: ;   {static_stub}
  0x0000017385513be0: ffff 48bb | 0000 0000 | 0000 0000 

  0x0000017385513bec: ;   {runtime_call nmethod}
  0x0000017385513bec: e9fb ffff 

  0x0000017385513bf0: ;   {runtime_call handle_exception_from_callee Runtime1 stub}
  0x0000017385513bf0: ffe8 0afc 

  0x0000017385513bf4: ;   {external_word}
  0x0000017385513bf4: 5407 48b9 | 4053 78ef | f87f 0000 | 4883 e4f0 

  0x0000017385513c04: ;   {runtime_call}
  0x0000017385513c04: 48b8 b0c3 | 3aef f87f | 0000 ffd0 

  0x0000017385513c10: ;   {section_word}
  0x0000017385513c10: f449 ba11 | 3c51 8573 | 0100 0041 

  0x0000017385513c1c: ;   {runtime_call DeoptimizationBlob}
  0x0000017385513c1c: 52e9 fe33 | 4a07 f4f4 | f4f4 f4f4 
[/MachCode]


Compiled method (c1) 5099  624       3       java.lang.invoke.MethodHandle::<init> (37 bytes)
 total in heap  [0x0000017385512910,0x0000017385513230] = 2336
 relocation     [0x0000017385512a70,0x0000017385512b10] = 160
 main code      [0x0000017385512b20,0x0000017385512fb0] = 1168
 stub code      [0x0000017385512fb0,0x0000017385513018] = 104
 metadata       [0x0000017385513018,0x0000017385513050] = 56
 scopes data    [0x0000017385513050,0x0000017385513100] = 176
 scopes pcs     [0x0000017385513100,0x0000017385513200] = 256
 dependencies   [0x0000017385513200,0x0000017385513218] = 24
 nul chk table  [0x0000017385513218,0x0000017385513230] = 24

[Constant Pool (empty)]

[MachCode]
[Entry Point]
  # {method} {0x0000017399408328} '<init>' '(Ljava/lang/invoke/MethodType;Ljava/lang/invoke/LambdaForm;)V' in 'java/lang/invoke/MethodHandle'
  # this:     rdx:rdx   = 'java/lang/invoke/MethodHandle'
  # parm0:    r8:r8     = 'java/lang/invoke/MethodType'
  # parm1:    r9:r9     = 'java/lang/invoke/LambdaForm'
  #           [sp+0x70]  (sp of caller)
  0x0000017385512b20: 448b 5208 | 49bb 0000 | 0099 7301 | 0000 4d03 | d34c 3bd0 

  0x0000017385512b34: ;   {runtime_call ic_miss_stub}
  0x0000017385512b34: 0f85 46bb | 4907 660f | 1f44 0000 
[Verified Entry Point]
  0x0000017385512b40: 8984 2400 | 80ff ff55 | 4883 ec60 | 4181 7f20 | 0100 0000 

  0x0000017385512b54: ;   {runtime_call StubRoutines (final stubs)}
  0x0000017385512b54: 7405 e8a5 | ac48 0748 | 8954 2430 

  0x0000017385512b60: ;   {metadata(method data for {method} {0x0000017399408328} '<init>' '(Ljava/lang/invoke/MethodType;Ljava/lang/invoke/LambdaForm;)V' in 'java/lang/invoke/MethodHandle')}
  0x0000017385512b60: 48be d824 | 16dc 7301 | 0000 8bbe | cc00 0000 | 83c7 0289 | becc 0000 | 0081 e7fe | 0700 0085 
  0x0000017385512b80: ff0f 840f | 0300 0048 

  0x0000017385512b88: ;   {metadata(method data for {method} {0x0000017399408328} '<init>' '(Ljava/lang/invoke/MethodType;Ljava/lang/invoke/LambdaForm;)V' in 'java/lang/invoke/MethodHandle')}
  0x0000017385512b88: 8bf2 48bf | d824 16dc | 7301 0000 | 4883 8710 | 0100 0001 

  0x0000017385512b9c: ;   {metadata(method data for {method} {0x0000017399474dc0} '<init>' '()V' in 'java/lang/Object')}
  0x0000017385512b9c: 48be 9067 | 00dc 7301 | 0000 8bbe | cc00 0000 | 83c7 0289 | becc 0000 | 0081 e7fe | ff1f 0085 
  0x0000017385512bbc: ff0f 84f4 

  0x0000017385512bc0: ;   {metadata(method data for {method} {0x0000017399408328} '<init>' '(Ljava/lang/invoke/MethodType;Ljava/lang/invoke/LambdaForm;)V' in 'java/lang/invoke/MethodHandle')}
  0x0000017385512bc0: 0200 0048 | bed8 2416 | dc73 0100 | 0048 8386 | 2001 0000 

  0x0000017385512bd4: ;   {metadata(method data for {method} {0x0000017399055658} 'requireNonNull' '(Ljava/lang/Object;)Ljava/lang/Object;' in 'java/util/Objects')}
  0x0000017385512bd4: 0148 be88 | e500 dc73 | 0100 008b | becc 0000 | 0083 c702 | 89be cc00 | 0000 81e7 | feff 1f00 
  0x0000017385512bf4: 85ff 0f84 | dc02 0000 

  0x0000017385512bfc: ;   {metadata(method data for {method} {0x0000017399055658} 'requireNonNull' '(Ljava/lang/Object;)Ljava/lang/Object;' in 'java/util/Objects')}
  0x0000017385512bfc: 4d85 c048 | be88 e500 | dc73 0100 | 0048 c7c7 | 2001 0000 | 7407 48c7 | c710 0100 | 0048 8b1c 
  0x0000017385512c1c: 3e48 8d5b | 0148 891c | 3e0f 84cb | 0100 004d | 8bd0 4489 | 5210 488d | 3248 c1ee | 0948 bf00 
  0x0000017385512c3c: 007d 8173 | 0100 00c6 

  0x0000017385512c44: ;   {metadata(method data for {method} {0x0000017399408328} '<init>' '(Ljava/lang/invoke/MethodType;Ljava/lang/invoke/LambdaForm;)V' in 'java/lang/invoke/MethodHandle')}
  0x0000017385512c44: 043e 0048 | bed8 2416 | dc73 0100 | 0048 8386 | 6801 0000 

  0x0000017385512c58: ;   {metadata(method data for {method} {0x0000017399055658} 'requireNonNull' '(Ljava/lang/Object;)Ljava/lang/Object;' in 'java/util/Objects')}
  0x0000017385512c58: 0148 be88 | e500 dc73 | 0100 008b | becc 0000 | 0083 c702 | 89be cc00 | 0000 81e7 | feff 1f00 
  0x0000017385512c78: 85ff 0f84 | 7902 0000 

  0x0000017385512c80: ;   {metadata(method data for {method} {0x0000017399055658} 'requireNonNull' '(Ljava/lang/Object;)Ljava/lang/Object;' in 'java/util/Objects')}
  0x0000017385512c80: 4d85 c948 | be88 e500 | dc73 0100 | 0048 c7c7 | 2001 0000 | 7407 48c7 | c710 0100 | 0048 8b1c 
  0x0000017385512ca0: 3e48 8d5b | 0148 891c | 3e0f 84b0 | 0000 0049 | 3b01 498b 

  0x0000017385512cb4: ;   {metadata(method data for {method} {0x0000017399408328} '<init>' '(Ljava/lang/invoke/MethodType;Ljava/lang/invoke/LambdaForm;)V' in 'java/lang/invoke/MethodHandle')}
  0x0000017385512cb4: f148 bfd8 | 2416 dc73 

  0x0000017385512cbc: ;   {metadata('java/lang/invoke/LambdaForm')}
  0x0000017385512cbc: 0100 0049 | bae0 e208 | 9973 0100 | 004c 8997 | c001 0000 | 4883 87c8 | 0100 0001 | 498b d10f 
  0x0000017385512cdc: ;   {optimized virtual_call}
  0x0000017385512cdc: 1f40 00e8 

  0x0000017385512ce0: ; ImmutableOopMap {[48]=Oop }
                      ;*invokevirtual uncustomize {reexecute=0 rethrow=0 return_oop=0}
                      ; - java.lang.invoke.MethodHandle::<init>@23
  0x0000017385512ce0: 1c2d 0400 

  0x0000017385512ce4: ;   {other}
  0x0000017385512ce4: 0f1f 8400 | d403 0000 | 488b 5424 | 304c 8bd0 | 4489 5214 | 488d 1248 | c1ea 0948 | be00 007d 
  0x0000017385512d04: 8173 0100 | 00c6 0432 | 0048 3b00 

  0x0000017385512d10: ;   {metadata(method data for {method} {0x0000017399408328} '<init>' '(Ljava/lang/invoke/MethodType;Ljava/lang/invoke/LambdaForm;)V' in 'java/lang/invoke/MethodHandle')}
  0x0000017385512d10: 488b d048 | bed8 2416 | dc73 0100 

  0x0000017385512d1c: ;   {metadata('java/lang/invoke/LambdaForm')}
  0x0000017385512d1c: 0049 bae0 | e208 9973 | 0100 004c | 8996 f801 | 0000 4883 | 8600 0200 | 0001 488b | d066 0f1f 
  0x0000017385512d3c: ;   {optimized virtual_call}
  0x0000017385512d3c: 4400 00e8 

  0x0000017385512d40: ; ImmutableOopMap {}
                      ;*invokevirtual prepare {reexecute=0 rethrow=0 return_oop=0}
                      ; - java.lang.invoke.MethodHandle::<init>@33
  0x0000017385512d40: bc07 0000 

  0x0000017385512d44: ;   {other}
  0x0000017385512d44: 0f1f 8400 | 3404 0001 | 4883 c460 

  0x0000017385512d50: ;   {poll_return}
  0x0000017385512d50: 5d49 3ba7 | 5004 0000 | 0f87 c601 | 0000 c390 

  0x0000017385512d60: ;   {no_reloc}
  0x0000017385512d60: e9e4 0100 | 0000 0000 | 0000 498b | 87b8 0100 | 0048 8d78 | 3049 3bbf | c801 0000 | 0f87 d101 
  0x0000017385512d80: 0000 4989 | bfb8 0100 | 0048 c700 | 0100 0000 | 488b ca49 | ba00 0000 | 9973 0100 | 0049 2bca 
  0x0000017385512da0: 8948 0848 | 33c9 8948 | 0c48 33c9 | 4889 4810 | 4889 4818 | 4889 4820 | 4889 4828 

  0x0000017385512dbc: ;   {metadata(method data for {method} {0x0000017399055658} 'requireNonNull' '(Ljava/lang/Object;)Ljava/lang/Object;' in 'java/util/Objects')}
  0x0000017385512dbc: 488b d048 | be88 e500 | dc73 0100 | 0048 8386 | 3001 0000 | 0148 8bd0 | 4889 4424 | 3866 0f1f 
  0x0000017385512ddc: ;   {optimized virtual_call}
  0x0000017385512ddc: 4400 00e8 

  0x0000017385512de0: ; ImmutableOopMap {[48]=Oop [56]=Oop }
                      ;*invokespecial <init> {reexecute=0 rethrow=0 return_oop=0}
                      ; - java.util.Objects::requireNonNull@8
                      ; - java.lang.invoke.MethodHandle::<init>@17
  0x0000017385512de0: 9cbd 4907 

  0x0000017385512de4: ;   {other}
  0x0000017385512de4: 0f1f 8400 | d404 0002 | 488b 4424 | 38e9 ad01 | 0000 4c89 | 4c24 480f | 1f44 0000 

  0x0000017385512e00: ;   {no_reloc}
  0x0000017385512e00: e96a 0100 | 0000 0000 | 0000 498b | 87b8 0100 | 0048 8d78 | 3049 3bbf | c801 0000 | 0f87 5701 
  0x0000017385512e20: 0000 4989 | bfb8 0100 | 0048 c700 | 0100 0000 | 488b ca49 | ba00 0000 | 9973 0100 | 0049 2bca 
  0x0000017385512e40: 8948 0848 | 33c9 8948 | 0c48 33c9 | 4889 4810 | 4889 4818 | 4889 4820 | 4889 4828 

  0x0000017385512e5c: ;   {metadata(method data for {method} {0x0000017399055658} 'requireNonNull' '(Ljava/lang/Object;)Ljava/lang/Object;' in 'java/util/Objects')}
  0x0000017385512e5c: 488b d048 | be88 e500 | dc73 0100 | 0048 8386 | 3001 0000 | 0148 8bd0 | 4889 4424 | 4066 0f1f 
  0x0000017385512e7c: ;   {optimized virtual_call}
  0x0000017385512e7c: 4400 00e8 

  0x0000017385512e80: ; ImmutableOopMap {[48]=Oop [64]=Oop [72]=Oop }
                      ;*invokespecial <init> {reexecute=0 rethrow=0 return_oop=0}
                      ; - java.util.Objects::requireNonNull@8
                      ; - java.lang.invoke.MethodHandle::<init>@6
  0x0000017385512e80: fcbc 4907 

  0x0000017385512e84: ;   {other}
  0x0000017385512e84: 0f1f 8400 | 7405 0003 | 488b 4424 | 40e9 0d01 

  0x0000017385512e94: ;   {metadata({method} {0x0000017399408328} '<init>' '(Ljava/lang/invoke/MethodType;Ljava/lang/invoke/LambdaForm;)V' in 'java/lang/invoke/MethodHandle')}
  0x0000017385512e94: 0000 49ba | 2083 4099 | 7301 0000 | 4c89 5424 | 0848 c704 | 24ff ffff 

  0x0000017385512eac: ;   {runtime_call counter_overflow Runtime1 stub}
  0x0000017385512eac: ffe8 ce45 

  0x0000017385512eb0: ; ImmutableOopMap {rdx=Oop r8=Oop r9=Oop [48]=Oop }
                      ;*synchronization entry
                      ; - java.lang.invoke.MethodHandle::<init>@-1
  0x0000017385512eb0: 5507 e9d0 

  0x0000017385512eb4: ;   {metadata({method} {0x0000017399474dc0} '<init>' '()V' in 'java/lang/Object')}
  0x0000017385512eb4: fcff ff49 | bab8 4d47 | 9973 0100 | 004c 8954 | 2408 48c7 | 0424 ffff 

  0x0000017385512ecc: ;   {runtime_call counter_overflow Runtime1 stub}
  0x0000017385512ecc: ffff e8ad 

  0x0000017385512ed0: ; ImmutableOopMap {rdx=Oop r8=Oop r9=Oop [48]=Oop }
                      ;*synchronization entry
                      ; - java.lang.Object::<init>@-1
                      ; - java.lang.invoke.MethodHandle::<init>@1
  0x0000017385512ed0: 4555 07e9 | ebfc ffff 

  0x0000017385512ed8: ;   {metadata({method} {0x0000017399055658} 'requireNonNull' '(Ljava/lang/Object;)Ljava/lang/Object;' in 'java/util/Objects')}
  0x0000017385512ed8: 49ba 5056 | 0599 7301 | 0000 4c89 | 5424 0848 | c704 24ff 

  0x0000017385512eec: ;   {runtime_call counter_overflow Runtime1 stub}
  0x0000017385512eec: ffff ffe8 

  0x0000017385512ef0: ; ImmutableOopMap {rdx=Oop r8=Oop r9=Oop [48]=Oop }
                      ;*synchronization entry
                      ; - java.util.Objects::requireNonNull@-1
                      ; - java.lang.invoke.MethodHandle::<init>@6
  0x0000017385512ef0: 8c45 5507 | e903 fdff 

  0x0000017385512ef8: ;   {metadata({method} {0x0000017399055658} 'requireNonNull' '(Ljava/lang/Object;)Ljava/lang/Object;' in 'java/util/Objects')}
  0x0000017385512ef8: ff49 ba50 | 5605 9973 | 0100 004c | 8954 2408 | 48c7 0424 | ffff ffff 

  0x0000017385512f10: ;   {runtime_call counter_overflow Runtime1 stub}
  0x0000017385512f10: e86b 4555 

  0x0000017385512f14: ; ImmutableOopMap {rdx=Oop r9=Oop [48]=Oop }
                      ;*synchronization entry
                      ; - java.util.Objects::requireNonNull@-1
                      ; - java.lang.invoke.MethodHandle::<init>@17
  0x0000017385512f14: 07e9 66fd 

  0x0000017385512f18: ;   {runtime_call throw_null_pointer_exception Runtime1 stub}
  0x0000017385512f18: ffff e881 

  0x0000017385512f1c: ; ImmutableOopMap {r9=Oop [48]=Oop }
                      ;*invokevirtual uncustomize {reexecute=0 rethrow=0 return_oop=0}
                      ; - java.lang.invoke.MethodHandle::<init>@23
                      ;   {runtime_call throw_null_pointer_exception Runtime1 stub}
  0x0000017385512f1c: 0a54 07e8 

  0x0000017385512f20: ; ImmutableOopMap {rax=Oop }
                      ;*invokevirtual prepare {reexecute=0 rethrow=0 return_oop=0}
                      ; - java.lang.invoke.MethodHandle::<init>@33
  0x0000017385512f20: 7c0a 5407 

  0x0000017385512f24: ;   {internal_word}
  0x0000017385512f24: 49ba 512d | 5185 7301 | 0000 4d89 | 9768 0400 

  0x0000017385512f34: ;   {runtime_call SafepointBlob}
  0x0000017385512f34: 00e9 462c 

  0x0000017385512f38: ;   {metadata(nullptr)}
  0x0000017385512f38: 4a07 48ba | 0000 0000 | 0000 0000 | b800 0f05 

  0x0000017385512f48: ;   {runtime_call load_klass_patching Runtime1 stub}
  0x0000017385512f48: 0ae8 b22e 

  0x0000017385512f4c: ; ImmutableOopMap {[48]=Oop }
                      ;*new {reexecute=1 rethrow=0 return_oop=0}
                      ; - (reexecute) java.util.Objects::requireNonNull@4
                      ; - java.lang.invoke.MethodHandle::<init>@17
  0x0000017385512f4c: 5507 e90d | feff ff48 

  0x0000017385512f54: ;   {runtime_call fast_new_instance Runtime1 stub}
  0x0000017385512f54: 8bd2 e8a5 

  0x0000017385512f58: ; ImmutableOopMap {[48]=Oop }
                      ;*new {reexecute=0 rethrow=0 return_oop=0}
                      ; - java.util.Objects::requireNonNull@4
                      ; - java.lang.invoke.MethodHandle::<init>@17
  0x0000017385512f58: ed54 07e9 | 5cfe ffff 

  0x0000017385512f60: ;   {metadata(nullptr)}
  0x0000017385512f60: 48ba 0000 | 0000 0000 | 0000 b800 

  0x0000017385512f6c: ;   {runtime_call load_klass_patching Runtime1 stub}
  0x0000017385512f6c: 0f05 0ae8 

  0x0000017385512f70: ; ImmutableOopMap {[48]=Oop [72]=Oop }
                      ;*new {reexecute=1 rethrow=0 return_oop=0}
                      ; - (reexecute) java.util.Objects::requireNonNull@4
                      ; - java.lang.invoke.MethodHandle::<init>@6
  0x0000017385512f70: 8c2e 5507 | e987 feff | ff48 8bd2 

  0x0000017385512f7c: ;   {runtime_call fast_new_instance Runtime1 stub}
  0x0000017385512f7c: e87f ed54 

  0x0000017385512f80: ; ImmutableOopMap {[48]=Oop [72]=Oop }
                      ;*new {reexecute=0 rethrow=0 return_oop=0}
                      ; - java.util.Objects::requireNonNull@4
                      ; - java.lang.invoke.MethodHandle::<init>@6
  0x0000017385512f80: 07e9 d6fe | ffff 498b | 8700 0500 | 0049 c787 | 0005 0000 | 0000 0000 | 49c7 8708 | 0500 0000 
  0x0000017385512fa0: 0000 0048 | 83c4 605d 

  0x0000017385512fa8: ;   {runtime_call unwind_exception Runtime1 stub}
  0x0000017385512fa8: e9d3 fa53 | 07f4 f4f4 
[Stub Code]
  0x0000017385512fb0: ;   {no_reloc}
  0x0000017385512fb0: 0f1f 4400 

  0x0000017385512fb4: ;   {static_stub}
  0x0000017385512fb4: 0048 bb38 | e908 9973 

  0x0000017385512fbc: ;   {runtime_call I2C/C2I adapters}
  0x0000017385512fbc: 0100 00e9 | 1fac 4907 

  0x0000017385512fc4: ;   {static_stub}
  0x0000017385512fc4: 9048 bb90 | e908 9973 

  0x0000017385512fcc: ;   {runtime_call I2C/C2I adapters}
  0x0000017385512fcc: 0100 00e9 | 0fac 4907 

  0x0000017385512fd4: ;   {static_stub}
  0x0000017385512fd4: 48bb 0000 | 0000 0000 

  0x0000017385512fdc: ;   {runtime_call nmethod}
  0x0000017385512fdc: 0000 e9fb 

  0x0000017385512fe0: ;   {runtime_call handle_exception_from_callee Runtime1 stub}
  0x0000017385512fe0: ffff ffe8 | 1808 5507 

  0x0000017385512fe8: ;   {external_word}
  0x0000017385512fe8: 48b9 4053 | 78ef f87f | 0000 4883 

  0x0000017385512ff4: ;   {runtime_call}
  0x0000017385512ff4: e4f0 48b8 | b0c3 3aef | f87f 0000 

  0x0000017385513000: ;   {section_word}
  0x0000017385513000: ffd0 f449 | ba03 3051 | 8573 0100 

  0x000001738551300c: ;   {runtime_call DeoptimizationBlob}
  0x000001738551300c: 0041 52e9 | 0c40 4a07 | f4f4 f4f4 
[/MachCode]


---------------  P R O C E S S  ---------------

Threads class SMR info:
_java_thread_list=0x00000173db859390, length=13, elements={
0x000001738223f640, 0x00000173821aa630, 0x00000173821ad7c0, 0x00000173821b50b0,
0x00000173821b5b10, 0x00000173821b8750, 0x00000173821bdaa0, 0x00000173821c8670,
0x00000173821d0f90, 0x00000173db660ec0, 0x00000173db770c10, 0x00000173db7c9640,
0x00000173db8e1910
}

Java Threads: ( => current thread )
=>0x000001738223f640 JavaThread "main"                              [_thread_in_vm, id=10636, stack(0x000000524a400000,0x000000524a500000) (1024K)]
  0x00000173821aa630 JavaThread "Reference Handler"          daemon [_thread_blocked, id=22136, stack(0x000000524a800000,0x000000524a900000) (1024K)]
  0x00000173821ad7c0 JavaThread "Finalizer"                  daemon [_thread_blocked, id=5340, stack(0x000000524a900000,0x000000524aa00000) (1024K)]
  0x00000173821b50b0 JavaThread "Signal Dispatcher"          daemon [_thread_blocked, id=6888, stack(0x000000524aa00000,0x000000524ab00000) (1024K)]
  0x00000173821b5b10 JavaThread "Attach Listener"            daemon [_thread_blocked, id=11984, stack(0x000000524ab00000,0x000000524ac00000) (1024K)]
  0x00000173821b8750 JavaThread "Service Thread"             daemon [_thread_blocked, id=12428, stack(0x000000524ac00000,0x000000524ad00000) (1024K)]
  0x00000173821bdaa0 JavaThread "Monitor Deflation Thread"   daemon [_thread_blocked, id=6476, stack(0x000000524ad00000,0x000000524ae00000) (1024K)]
  0x00000173821c8670 JavaThread "C2 CompilerThread0"         daemon [_thread_blocked, id=9752, stack(0x000000524ae00000,0x000000524af00000) (1024K)]
  0x00000173821d0f90 JavaThread "C1 CompilerThread0"         daemon [_thread_blocked, id=17368, stack(0x000000524af00000,0x000000524b000000) (1024K)]
  0x00000173db660ec0 JavaThread "C2 CompilerThread1"         daemon [_thread_blocked, id=8992, stack(0x000000524b000000,0x000000524b100000) (1024K)]
  0x00000173db770c10 JavaThread "Common-Cleaner"             daemon [_thread_blocked, id=16172, stack(0x000000524b100000,0x000000524b200000) (1024K)]
  0x00000173db7c9640 JavaThread "Notification Thread"        daemon [_thread_blocked, id=5380, stack(0x000000524b200000,0x000000524b300000) (1024K)]
  0x00000173db8e1910 JavaThread "C2 CompilerThread2"         daemon [_thread_blocked, id=17980, stack(0x000000524b300000,0x000000524b400000) (1024K)]
Total: 13

Other Threads:
  0x00000173822d6680 VMThread "VM Thread"                           [id=9592, stack(0x000000524a700000,0x000000524a800000) (1024K)] _threads_hazard_ptr=0x00000173db859390
  0x00000173822a38a0 WatcherThread "VM Periodic Task Thread"        [id=1476, stack(0x000000524a600000,0x000000524a700000) (1024K)]
  0x000001738224f6b0 WorkerThread "GC Thread#0"                     [id=20136, stack(0x000000524a500000,0x000000524a600000) (1024K)]
Total: 3

Threads with active compile tasks:
Total: 0

VM state: synchronizing (normal execution)

VM Mutex/Monitor currently owned by a thread:  ([mutex/lock_event])
[0x00007ff8efa3c4e0] Metaspace_lock - owner thread: 0x000001738223f640
[0x00007ff8efa3e560] Threads_lock - owner thread: 0x00000173822d6680

Heap address: 0x0000000080000000, size: 2048 MB, Compressed Oops mode: 32-bit

CDS archive(s) mapped at: [0x0000017399000000-0x0000017399ba0000-0x0000017399ba0000), size 12189696, SharedBaseAddress: 0x0000017399000000, ArchiveRelocationMode: 1.
Compressed class space mapped at: 0x000001739a000000-0x00000173da000000, reserved size: 1073741824
Narrow klass base: 0x0000017399000000, Narrow klass shift: 0, Narrow klass range: 0x100000000

GC Precious Log:
 CardTable entry size: 512
 CPUs: 8 total, 8 available
 Memory: 7991M
 Large Page Support: Disabled
 NUMA Support: Disabled
 Compressed Oops: Enabled (32-bit)
 Alignments: Space 512K, Generation 512K, Heap 2M
 Heap Min Capacity: 100M
 Heap Initial Capacity: 100M
 Heap Max Capacity: 2G
 Pre-touch: Disabled
 Parallel Workers: 8

Heap:
 PSYoungGen      total 29696K, used 17090K [0x00000000d5580000, 0x00000000d7680000, 0x0000000100000000)
  eden space 25600K, 66% used [0x00000000d5580000,0x00000000d6630970,0x00000000d6e80000)
  from space 4096K, 0% used [0x00000000d7280000,0x00000000d7280000,0x00000000d7680000)
  to   space 4096K, 0% used [0x00000000d6e80000,0x00000000d6e80000,0x00000000d7280000)
 ParOldGen       total 68608K, used 0K [0x0000000080000000, 0x0000000084300000, 0x00000000d5580000)
  object space 68608K, 0% used [0x0000000080000000,0x0000000080000000,0x0000000084300000)
 Metaspace       used 3274K, committed 3456K, reserved 1114112K
  class space    used 349K, committed 448K, reserved 1048576K

Card table byte_map: [0x0000017381bd0000,0x0000017381fe0000] _byte_map_base: 0x00000173817d0000

Marking Bits: (ParMarkBitMap*) 0x00007ff8efa43450
 Begin Bits: [0x00000173946e0000, 0x00000173966e0000)
 End Bits:   [0x00000173966e0000, 0x00000173986e0000)

Polling page: 0x0000017380080000

Metaspace:

Usage:
  Non-class:      2.86 MB used.
      Class:    349.60 KB used.
       Both:      3.20 MB used.

Virtual space:
  Non-class space:       64.00 MB reserved,       2.94 MB (  5%) committed,  1 nodes.
      Class space:        1.00 GB reserved,     448.00 KB ( <1%) committed,  1 nodes.
             Both:        1.06 GB reserved,       3.38 MB ( <1%) committed. 

Chunk freelists:
   Non-Class:  11.50 MB
       Class:  15.50 MB
        Both:  27.00 MB

MaxMetaspaceSize: unlimited
CompressedClassSpaceSize: 1.00 GB
Initial GC threshold: 21.00 MB
Current GC threshold: 21.00 MB
CDS: on
 - commit_granule_bytes: 65536.
 - commit_granule_words: 8192.
 - virtual_space_node_default_size: 8388608.
 - enlarge_chunks_in_place: 1.
 - use_allocation_guard: 0.


Internal statistics:

num_allocs_failed_limit: 0.
num_arena_births: 148.
num_arena_deaths: 0.
num_vsnodes_births: 2.
num_vsnodes_deaths: 0.
num_space_committed: 54.
num_space_uncommitted: 0.
num_chunks_returned_to_freelist: 0.
num_chunks_taken_from_freelist: 187.
num_chunk_merges: 0.
num_chunk_splits: 123.
num_chunks_enlarged: 67.
num_inconsistent_stats: 0.

CodeHeap 'non-profiled nmethods': size=120000Kb used=370Kb max_used=370Kb free=119629Kb
 bounds [0x000001738cf00000, 0x000001738d170000, 0x0000017394430000]
CodeHeap 'profiled nmethods': size=120000Kb used=1315Kb max_used=1315Kb free=118684Kb
 bounds [0x0000017385430000, 0x00000173856a0000, 0x000001738c960000]
CodeHeap 'non-nmethods': size=5760Kb used=1197Kb max_used=1227Kb free=4562Kb
 bounds [0x000001738c960000, 0x000001738cbd0000, 0x000001738cf00000]
CodeCache: size=245760Kb, used=2882Kb, max_used=2912Kb, free=242875Kb
 total_blobs=1333, nmethods=886, adapters=354, full_count=0
Compilation: enabled, stopped_count=0, restarted_count=0

Compilation events (20 events):
Event: 3.030 Thread 0x00000173821d0f90  876       3       jdk.internal.org.objectweb.asm.Frame::setLocal (65 bytes)
Event: 3.030 Thread 0x00000173821d0f90 nmethod 876 0x0000017385573f90 code [0x0000017385574160, 0x00000173855745e0]
Event: 3.030 Thread 0x00000173821d0f90  877       3       java.lang.reflect.Modifier::isPrivate (12 bytes)
Event: 3.030 Thread 0x00000173821d0f90 nmethod 877 0x0000017385574790 code [0x0000017385574920, 0x0000017385574a60]
Event: 3.030 Thread 0x00000173821d0f90  878       3       java.lang.invoke.LambdaForm$NamedFunction::member (26 bytes)
Event: 3.031 Thread 0x00000173821d0f90 nmethod 878 0x0000017385574b10 code [0x0000017385574ca0, 0x0000017385574dc0]
Event: 3.031 Thread 0x00000173821d0f90  879       3       java.lang.invoke.InvokerBytecodeGenerator::isStaticallyInvocable (165 bytes)
Event: 3.032 Thread 0x00000173821d0f90 nmethod 879 0x0000017385574e90 code [0x0000017385575240, 0x00000173855765c0]
Event: 3.032 Thread 0x00000173821d0f90  881       3       java.util.ImmutableCollections$ListN::size (6 bytes)
Event: 3.032 Thread 0x00000173821d0f90 nmethod 881 0x0000017385576b10 code [0x0000017385576ca0, 0x0000017385576db8]
Event: 3.032 Thread 0x00000173821d0f90  880       3       java.lang.invoke.InvokerBytecodeGenerator::refKindOpcode (112 bytes)
Event: 3.032 Thread 0x00000173821d0f90 nmethod 880 0x0000017385576e90 code [0x0000017385577100, 0x0000017385577908]
Event: 3.032 Thread 0x00000173821d0f90  884       3       java.lang.invoke.MethodType::toMethodDescriptorString (28 bytes)
Event: 3.032 Thread 0x00000173821d0f90 nmethod 884 0x0000017385577b90 code [0x0000017385577d40, 0x0000017385577ee8]
Event: 3.032 Thread 0x00000173821d0f90  885       3       java.lang.invoke.InvokerBytecodeGenerator::storeInsnOpcode (98 bytes)
Event: 3.033 Thread 0x00000173821d0f90 nmethod 885 0x0000017385577f90 code [0x0000017385578200, 0x0000017385578b48]
Event: 3.033 Thread 0x00000173821d0f90  886       1       java.lang.String::value (5 bytes)
Event: 3.033 Thread 0x00000173821d0f90 nmethod 886 0x000001738cf5c310 code [0x000001738cf5c4a0, 0x000001738cf5c568]
Event: 3.047 Thread 0x00000173db8e1910  887       4       java.lang.Math::max (11 bytes)
Event: 3.048 Thread 0x00000173db8e1910 nmethod 887 0x000001738cf5c610 code [0x000001738cf5c780, 0x000001738cf5c7f0]

GC Heap History (0 events):
No events

Dll operation events (8 events):
Event: 0.173 Loaded shared library c:\Users\emmmz\.vscode\extensions\redhat.java-1.53.0-win32-x64\jre\21.0.10-win32-x86_64\bin\java.dll
Event: 0.369 Loaded shared library c:\Users\emmmz\.vscode\extensions\redhat.java-1.53.0-win32-x64\jre\21.0.10-win32-x86_64\bin\zip.dll
Event: 0.404 Loaded shared library C:\Users\emmmz\.vscode\extensions\redhat.java-1.53.0-win32-x64\jre\21.0.10-win32-x86_64\bin\instrument.dll
Event: 0.441 Loaded shared library C:\Users\emmmz\.vscode\extensions\redhat.java-1.53.0-win32-x64\jre\21.0.10-win32-x86_64\bin\net.dll
Event: 0.483 Loaded shared library C:\Users\emmmz\.vscode\extensions\redhat.java-1.53.0-win32-x64\jre\21.0.10-win32-x86_64\bin\nio.dll
Event: 0.487 Loaded shared library C:\Users\emmmz\.vscode\extensions\redhat.java-1.53.0-win32-x64\jre\21.0.10-win32-x86_64\bin\zip.dll
Event: 0.511 Loaded shared library C:\Users\emmmz\.vscode\extensions\redhat.java-1.53.0-win32-x64\jre\21.0.10-win32-x86_64\bin\jimage.dll
Event: 0.613 Loaded shared library c:\Users\emmmz\.vscode\extensions\redhat.java-1.53.0-win32-x64\jre\21.0.10-win32-x86_64\bin\verify.dll

Deoptimization events (20 events):
Event: 0.859 Thread 0x000001738223f640 DEOPT PACKING pc=0x000001738552ea04 sp=0x000000524a4fd810
Event: 0.859 Thread 0x000001738223f640 DEOPT UNPACKING pc=0x000001738c9b78e2 sp=0x000000524a4fcc68 mode 0
Event: 0.860 Thread 0x000001738223f640 DEOPT PACKING pc=0x000001738552ea04 sp=0x000000524a4fd930
Event: 0.860 Thread 0x000001738223f640 DEOPT UNPACKING pc=0x000001738c9b78e2 sp=0x000000524a4fcd88 mode 0
Event: 0.860 Thread 0x000001738223f640 DEOPT PACKING pc=0x000001738552ea04 sp=0x000000524a4fd930
Event: 0.860 Thread 0x000001738223f640 DEOPT UNPACKING pc=0x000001738c9b78e2 sp=0x000000524a4fcd88 mode 0
Event: 0.876 Thread 0x000001738223f640 Uncommon trap: trap_request=0xffffff6e fr.pc=0x000001738cf417e8 relative=0x0000000000000348
Event: 0.876 Thread 0x000001738223f640 Uncommon trap: reason=loop_limit_check action=maybe_recompile pc=0x000001738cf417e8 method=java.math.BigInteger.implMulAdd([I[IIII)I @ 26 c2
Event: 0.876 Thread 0x000001738223f640 DEOPT PACKING pc=0x000001738cf417e8 sp=0x000000524a4fda00
Event: 0.876 Thread 0x000001738223f640 DEOPT UNPACKING pc=0x000001738c9b6da2 sp=0x000000524a4fd950 mode 2
Event: 0.923 Thread 0x000001738223f640 DEOPT PACKING pc=0x000001738554697b sp=0x000000524a4fab60
Event: 0.924 Thread 0x000001738223f640 DEOPT UNPACKING pc=0x000001738c9b78e2 sp=0x000000524a4f9fd8 mode 0
Event: 2.998 Thread 0x000001738223f640 Uncommon trap: trap_request=0xffffff45 fr.pc=0x000001738cf486ac relative=0x000000000000008c
Event: 2.998 Thread 0x000001738223f640 Uncommon trap: reason=unstable_if action=reinterpret pc=0x000001738cf486ac method=jdk.internal.misc.Unsafe.convEndian(ZI)I @ 4 c2
Event: 2.998 Thread 0x000001738223f640 DEOPT PACKING pc=0x000001738cf486ac sp=0x000000524a4fdd60
Event: 2.998 Thread 0x000001738223f640 DEOPT UNPACKING pc=0x000001738c9b6da2 sp=0x000000524a4fdc90 mode 2
Event: 3.000 Thread 0x000001738223f640 Uncommon trap: trap_request=0xffffff45 fr.pc=0x000001738cf2f13c relative=0x000000000000065c
Event: 3.000 Thread 0x000001738223f640 Uncommon trap: reason=unstable_if action=reinterpret pc=0x000001738cf2f13c method=java.lang.AbstractStringBuilder.append(Ljava/lang/String;)Ljava/lang/AbstractStringBuilder; @ 1 c2
Event: 3.000 Thread 0x000001738223f640 DEOPT PACKING pc=0x000001738cf2f13c sp=0x000000524a4fe0c0
Event: 3.000 Thread 0x000001738223f640 DEOPT UNPACKING pc=0x000001738c9b6da2 sp=0x000000524a4fe050 mode 2

Classes loaded (20 events):
Event: 3.005 Loading class java/util/regex/Pattern$1MatcherIterator
Event: 3.005 Loading class java/util/regex/Pattern$1MatcherIterator done
Event: 3.007 Loading class java/util/ImmutableCollections$Access
Event: 3.007 Loading class java/util/ImmutableCollections$Access done
Event: 3.007 Loading class java/util/ImmutableCollections$Access$1
Event: 3.007 Loading class jdk/internal/access/JavaUtilCollectionAccess
Event: 3.007 Loading class jdk/internal/access/JavaUtilCollectionAccess done
Event: 3.007 Loading class java/util/ImmutableCollections$Access$1 done
Event: 3.009 Loading class java/util/stream/Nodes$SpinedNodeBuilder
Event: 3.009 Loading class java/util/stream/SpinedBuffer
Event: 3.009 Loading class java/util/stream/AbstractSpinedBuffer
Event: 3.009 Loading class java/util/stream/AbstractSpinedBuffer done
Event: 3.010 Loading class java/util/stream/SpinedBuffer done
Event: 3.010 Loading class java/util/stream/Nodes$SpinedNodeBuilder done
Event: 3.016 Loading class java/lang/invoke/DirectMethodHandle$Special
Event: 3.016 Loading class java/lang/invoke/DirectMethodHandle$Special done
Event: 3.023 Loading class java/util/stream/ReduceOps$2
Event: 3.023 Loading class java/util/stream/ReduceOps$2 done
Event: 3.023 Loading class java/util/stream/ReduceOps$2ReducingSink
Event: 3.023 Loading class java/util/stream/ReduceOps$2ReducingSink done

Classes unloaded (0 events):
No events

Classes redefined (0 events):
No events

Internal exceptions (20 events):
Event: 0.545 Thread 0x000001738223f640 Exception <a 'java/lang/NoSuchMethodError'{0x00000000d59dcbd0}: 'java.lang.Object java.lang.invoke.DirectMethodHandle$Holder.invokeStatic(java.lang.Object, java.lang.Object, java.lang.Object, java.lang.Object, int)'> (0x00000000d59dcbd0) 
thrown [s\src\hotspot\share\interpreter\linkResolver.cpp, line 773]
Event: 0.546 Thread 0x000001738223f640 Exception <a 'java/lang/NoSuchMethodError'{0x00000000d59e8010}: 'void java.lang.invoke.DelegatingMethodHandle$Holder.reinvoke_L(java.lang.Object, java.lang.Object, java.lang.Object, int, java.lang.Object)'> (0x00000000d59e8010) 
thrown [s\src\hotspot\share\interpreter\linkResolver.cpp, line 773]
Event: 0.548 Thread 0x000001738223f640 Exception <a 'java/lang/NoSuchMethodError'{0x00000000d59f8960}: 'int java.lang.invoke.DirectMethodHandle$Holder.invokeSpecial(java.lang.Object, java.lang.Object, java.lang.Object)'> (0x00000000d59f8960) 
thrown [s\src\hotspot\share\interpreter\linkResolver.cpp, line 773]
Event: 0.550 Thread 0x000001738223f640 Exception <a 'java/lang/NoSuchMethodError'{0x00000000d5a04620}: 'java.lang.Object java.lang.invoke.DirectMethodHandle$Holder.invokeStatic(java.lang.Object, java.lang.Object, int)'> (0x00000000d5a04620) 
thrown [s\src\hotspot\share\interpreter\linkResolver.cpp, line 773]
Event: 0.551 Thread 0x000001738223f640 Exception <a 'java/lang/NoSuchMethodError'{0x00000000d5a08f70}: 'void java.lang.invoke.DirectMethodHandle$Holder.invokeStatic(java.lang.Object, java.lang.Object, int, java.lang.Object)'> (0x00000000d5a08f70) 
thrown [s\src\hotspot\share\interpreter\linkResolver.cpp, line 773]
Event: 0.551 Thread 0x000001738223f640 Exception <a 'java/lang/NoSuchMethodError'{0x00000000d5a0cb00}: 'void java.lang.invoke.DirectMethodHandle$Holder.invokeSpecial(java.lang.Object, java.lang.Object, java.lang.Object, int, java.lang.Object)'> (0x00000000d5a0cb00) 
thrown [s\src\hotspot\share\interpreter\linkResolver.cpp, line 773]
Event: 0.552 Thread 0x000001738223f640 Exception <a 'java/lang/NoSuchMethodError'{0x00000000d5a0ff70}: 'void java.lang.invoke.DelegatingMethodHandle$Holder.delegate(java.lang.Object, java.lang.Object, int, java.lang.Object)'> (0x00000000d5a0ff70) 
thrown [s\src\hotspot\share\interpreter\linkResolver.cpp, line 773]
Event: 0.631 Thread 0x000001738223f640 Exception <a 'java/lang/NoSuchMethodError'{0x00000000d5bcede0}: 'void java.lang.invoke.DelegatingMethodHandle$Holder.reinvoke_L(java.lang.Object, java.lang.Object, java.lang.Object, int)'> (0x00000000d5bcede0) 
thrown [s\src\hotspot\share\interpreter\linkResolver.cpp, line 773]
Event: 0.770 Thread 0x000001738223f640 Exception <a 'java/lang/NoSuchMethodError'{0x00000000d605aa18}: 'void java.lang.invoke.DirectMethodHandle$Holder.invokeVirtual(java.lang.Object, java.lang.Object)'> (0x00000000d605aa18) 
thrown [s\src\hotspot\share\interpreter\linkResolver.cpp, line 773]
Event: 0.935 Thread 0x000001738223f640 Exception <a 'java/lang/NoSuchMethodError'{0x00000000d643d9f8}: 'void java.lang.invoke.DirectMethodHandle$Holder.invokeStatic(java.lang.Object, java.lang.Object)'> (0x00000000d643d9f8) 
thrown [s\src\hotspot\share\interpreter\linkResolver.cpp, line 773]
Event: 0.946 Thread 0x000001738223f640 Exception <a 'java/lang/ClassNotFoundException'{0x00000000d6465dd0}: sun/net/www/protocol/c/Handler> (0x00000000d6465dd0) 
thrown [s\src\hotspot\share\classfile\systemDictionary.cpp, line 312]
Event: 2.997 Thread 0x000001738223f640 Exception <a 'java/io/FileNotFoundException'{0x00000000d64c35b0}> (0x00000000d64c35b0) 
thrown [s\src\hotspot\share\prims\jni.cpp, line 520]
Event: 2.998 Thread 0x000001738223f640 Exception <a 'java/io/FileNotFoundException'{0x00000000d64c48d8}> (0x00000000d64c48d8) 
thrown [s\src\hotspot\share\prims\jni.cpp, line 520]
Event: 2.998 Thread 0x000001738223f640 Exception <a 'java/io/FileNotFoundException'{0x00000000d64c5550}> (0x00000000d64c5550) 
thrown [s\src\hotspot\share\prims\jni.cpp, line 520]
Event: 2.998 Thread 0x000001738223f640 Exception <a 'java/io/FileNotFoundException'{0x00000000d64c6090}> (0x00000000d64c6090) 
thrown [s\src\hotspot\share\prims\jni.cpp, line 520]
Event: 3.000 Thread 0x000001738223f640 Implicit null exception at 0x000001738cf2eb24 to 0x000001738cf2f124
Event: 3.004 Thread 0x000001738223f640 Exception <a 'java/io/FileNotFoundException'{0x00000000d64fe4e0}> (0x00000000d64fe4e0) 
thrown [s\src\hotspot\share\prims\jni.cpp, line 520]
Event: 3.017 Thread 0x000001738223f640 Exception <a 'java/lang/NoSuchMethodError'{0x00000000d6537bb8}: 'java.lang.Object java.lang.invoke.DirectMethodHandle$Holder.invokeInterface(java.lang.Object, java.lang.Object)'> (0x00000000d6537bb8) 
thrown [s\src\hotspot\share\interpreter\linkResolver.cpp, line 773]
Event: 3.020 Thread 0x000001738223f640 Exception <a 'java/lang/NoSuchMethodError'{0x00000000d654b148}: 'java.lang.Object java.lang.invoke.Invokers$Holder.invokeExact_MT(java.lang.Object, java.lang.Object, java.lang.Object, java.lang.Object, java.lang.Object, java.lang.Object)'> (0x00000000d654b148) 
thrown [s\src\hotspot\share\interpreter\linkResolver.cpp, line 773]
Event: 3.022 Thread 0x000001738223f640 Exception <a 'java/lang/NoSuchMethodError'{0x00000000d6562220}: 'int java.lang.invoke.DirectMethodHandle$Holder.invokeStatic(java.lang.Object, java.lang.Object, java.lang.Object, java.lang.Object, java.lang.Object)'> (0x00000000d6562220) 
thrown [s\src\hotspot\share\interpreter\linkResolver.cpp, line 773]

ZGC Phase Switch (0 events):
No events

VM Operations (11 events):
Event: 0.334 Executing non-safepoint VM operation: HandshakeAllThreads (Deoptimize)
Event: 0.334 Executing non-safepoint VM operation: HandshakeAllThreads (Deoptimize) done
Event: 0.526 Executing non-safepoint VM operation: HandshakeAllThreads (Deoptimize)
Event: 0.527 Executing non-safepoint VM operation: HandshakeAllThreads (Deoptimize) done
Event: 0.888 Executing non-safepoint VM operation: HandshakeAllThreads (Deoptimize)
Event: 0.888 Executing non-safepoint VM operation: HandshakeAllThreads (Deoptimize) done
Event: 0.921 Executing non-safepoint VM operation: HandshakeAllThreads (Deoptimize)
Event: 0.921 Executing non-safepoint VM operation: HandshakeAllThreads (Deoptimize) done
Event: 1.928 Executing safepoint VM operation: Cleanup
Event: 1.928 Executing safepoint VM operation: Cleanup done
Event: 3.957 Executing safepoint VM operation: Cleanup

Memory protections (0 events):
No events

Nmethod flushes (0 events):
No events

Events (13 events):
Event: 0.255 Thread 0x000001738223f640 Thread added: 0x000001738223f640
Event: 0.290 Thread 0x000001738223f640 Thread added: 0x00000173821aa630
Event: 0.290 Thread 0x000001738223f640 Thread added: 0x00000173821ad7c0
Event: 0.291 Thread 0x000001738223f640 Thread added: 0x00000173821b50b0
Event: 0.291 Thread 0x000001738223f640 Thread added: 0x00000173821b5b10
Event: 0.291 Thread 0x000001738223f640 Thread added: 0x00000173821b8750
Event: 0.291 Thread 0x000001738223f640 Thread added: 0x00000173821bdaa0
Event: 0.291 Thread 0x000001738223f640 Thread added: 0x00000173821c8670
Event: 0.291 Thread 0x000001738223f640 Thread added: 0x00000173821d0f90
Event: 0.381 Thread 0x00000173821c8670 Thread added: 0x00000173db660ec0
Event: 0.406 Thread 0x000001738223f640 Thread added: 0x00000173db770c10
Event: 0.706 Thread 0x000001738223f640 Thread added: 0x00000173db7c9640
Event: 0.801 Thread 0x00000173db660ec0 Thread added: 0x00000173db8e1910


Dynamic libraries:
0x00007ff7d43e0000 - 0x00007ff7d43ee000 	c:\Users\emmmz\.vscode\extensions\redhat.java-1.53.0-win32-x64\jre\21.0.10-win32-x86_64\bin\java.exe
0x00007ff9ae540000 - 0x00007ff9ae7a7000 	C:\WINDOWS\SYSTEM32\ntdll.dll
0x00007ff9ac640000 - 0x00007ff9ac709000 	C:\WINDOWS\System32\KERNEL32.DLL
0x00007ff9ab990000 - 0x00007ff9abd81000 	C:\WINDOWS\System32\KERNELBASE.dll
0x00007ff9a8640000 - 0x00007ff9a86df000 	C:\WINDOWS\SYSTEM32\apphelp.dll
0x00007ff9abf80000 - 0x00007ff9ac0cb000 	C:\WINDOWS\System32\ucrtbase.dll
0x00007ff9986a0000 - 0x00007ff9986be000 	c:\Users\emmmz\.vscode\extensions\redhat.java-1.53.0-win32-x64\jre\21.0.10-win32-x86_64\bin\VCRUNTIME140.dll
0x00007ff997df0000 - 0x00007ff997e08000 	c:\Users\emmmz\.vscode\extensions\redhat.java-1.53.0-win32-x64\jre\21.0.10-win32-x86_64\bin\jli.dll
0x00007ff9ae320000 - 0x00007ff9ae4e5000 	C:\WINDOWS\System32\USER32.dll
0x00007ff996ad0000 - 0x00007ff996d63000 	C:\WINDOWS\WinSxS\amd64_microsoft.windows.common-controls_6595b64144ccf1df_6.0.26100.8037_none_3e092faae333b53b\COMCTL32.dll
0x00007ff9aaed0000 - 0x00007ff9aaef7000 	C:\WINDOWS\System32\win32u.dll
0x00007ff9ac480000 - 0x00007ff9ac529000 	C:\WINDOWS\System32\msvcrt.dll
0x00007ff9adef0000 - 0x00007ff9adf1b000 	C:\WINDOWS\System32\GDI32.dll
0x00007ff9abe50000 - 0x00007ff9abf7b000 	C:\WINDOWS\System32\gdi32full.dll
0x00007ff9aae20000 - 0x00007ff9aaec3000 	C:\WINDOWS\System32\msvcp_win.dll
0x00007ff9ac710000 - 0x00007ff9ac741000 	C:\WINDOWS\System32\IMM32.DLL
0x00007ff9a3af0000 - 0x00007ff9a3afc000 	c:\Users\emmmz\.vscode\extensions\redhat.java-1.53.0-win32-x64\jre\21.0.10-win32-x86_64\bin\vcruntime140_1.dll
0x00007ff926c50000 - 0x00007ff926cdd000 	c:\Users\emmmz\.vscode\extensions\redhat.java-1.53.0-win32-x64\jre\21.0.10-win32-x86_64\bin\msvcp140.dll
0x00007ff8eed80000 - 0x00007ff8efb21000 	c:\Users\emmmz\.vscode\extensions\redhat.java-1.53.0-win32-x64\jre\21.0.10-win32-x86_64\bin\server\jvm.dll
0x00007ff9ae240000 - 0x00007ff9ae2fb000 	C:\WINDOWS\System32\ADVAPI32.dll
0x00007ff9ade40000 - 0x00007ff9adee7000 	C:\WINDOWS\System32\sechost.dll
0x00007ff9ae120000 - 0x00007ff9ae238000 	C:\WINDOWS\System32\RPCRT4.dll
0x00007ff9adfa0000 - 0x00007ff9ae014000 	C:\WINDOWS\System32\WS2_32.dll
0x00007ff9aac80000 - 0x00007ff9aacde000 	C:\WINDOWS\SYSTEM32\POWRPROF.dll
0x00007ff998810000 - 0x00007ff998845000 	C:\WINDOWS\SYSTEM32\WINMM.dll
0x00007ff99cf10000 - 0x00007ff99cf1b000 	C:\WINDOWS\SYSTEM32\VERSION.dll
0x00007ff9aac60000 - 0x00007ff9aac74000 	C:\WINDOWS\SYSTEM32\UMPDC.dll
0x00007ff9a9b80000 - 0x00007ff9a9b9b000 	C:\WINDOWS\SYSTEM32\kernel.appcore.dll
0x00007ff9a22f0000 - 0x00007ff9a22fa000 	c:\Users\emmmz\.vscode\extensions\redhat.java-1.53.0-win32-x64\jre\21.0.10-win32-x86_64\bin\jimage.dll
0x00007ff9a5de0000 - 0x00007ff9a6022000 	C:\WINDOWS\SYSTEM32\DBGHELP.DLL
0x00007ff9acfe0000 - 0x00007ff9ad362000 	C:\WINDOWS\System32\combase.dll
0x00007ff9ad370000 - 0x00007ff9ad447000 	C:\WINDOWS\System32\OLEAUT32.dll
0x00007ff9938f0000 - 0x00007ff99392b000 	C:\WINDOWS\SYSTEM32\dbgcore.DLL
0x00007ff9aaf00000 - 0x00007ff9aafa5000 	C:\WINDOWS\System32\bcryptPrimitives.dll
0x00007ff9a2240000 - 0x00007ff9a224f000 	c:\Users\emmmz\.vscode\extensions\redhat.java-1.53.0-win32-x64\jre\21.0.10-win32-x86_64\bin\instrument.dll
0x00007ff9977a0000 - 0x00007ff9977c0000 	c:\Users\emmmz\.vscode\extensions\redhat.java-1.53.0-win32-x64\jre\21.0.10-win32-x86_64\bin\java.dll
0x00007ff9ad450000 - 0x00007ff9adbaf000 	C:\WINDOWS\System32\SHELL32.dll
0x00007ff9ab820000 - 0x00007ff9ab98a000 	C:\WINDOWS\System32\wintypes.dll
0x00007ff9aafb0000 - 0x00007ff9ab814000 	C:\WINDOWS\System32\windows.storage.dll
0x00007ff9acd10000 - 0x00007ff9ace07000 	C:\WINDOWS\System32\SHCORE.dll
0x00007ff9acf70000 - 0x00007ff9acfd7000 	C:\WINDOWS\System32\shlwapi.dll
0x00007ff9aad40000 - 0x00007ff9aad69000 	C:\WINDOWS\SYSTEM32\profapi.dll
0x00007ff994660000 - 0x00007ff994678000 	c:\Users\emmmz\.vscode\extensions\redhat.java-1.53.0-win32-x64\jre\21.0.10-win32-x86_64\bin\zip.dll
0x00007ff99b6f0000 - 0x00007ff99b700000 	C:\Users\emmmz\.vscode\extensions\redhat.java-1.53.0-win32-x64\jre\21.0.10-win32-x86_64\bin\net.dll
0x00007ff9a3d70000 - 0x00007ff9a3e97000 	C:\WINDOWS\SYSTEM32\WINHTTP.dll
0x00007ff9aa120000 - 0x00007ff9aa18b000 	C:\WINDOWS\system32\mswsock.dll
0x00007ff993310000 - 0x00007ff993326000 	C:\Users\emmmz\.vscode\extensions\redhat.java-1.53.0-win32-x64\jre\21.0.10-win32-x86_64\bin\nio.dll
0x00007ff99b3e0000 - 0x00007ff99b3f0000 	c:\Users\emmmz\.vscode\extensions\redhat.java-1.53.0-win32-x64\jre\21.0.10-win32-x86_64\bin\verify.dll

JVMTI agents:
c:\Users\emmmz\.vscode\extensions\redhat.java-1.53.0-win32-x64\lombok\lombok-1.18.39-4050.jar path:c:\Users\emmmz\.vscode\extensions\redhat.java-1.53.0-win32-x64\jre\21.0.10-win32-x86_64\bin\instrument.dll, loaded, initialized, instrumentlib options:none

dbghelp: loaded successfully - version: 4.0.5 - missing functions: none
symbol engine: initialized successfully - sym options: 0x614 - pdb path: .;c:\Users\emmmz\.vscode\extensions\redhat.java-1.53.0-win32-x64\jre\21.0.10-win32-x86_64\bin;C:\WINDOWS\SYSTEM32;C:\WINDOWS\WinSxS\amd64_microsoft.windows.common-controls_6595b64144ccf1df_6.0.26100.8037_none_3e092faae333b53b;c:\Users\emmmz\.vscode\extensions\redhat.java-1.53.0-win32-x64\jre\21.0.10-win32-x86_64\bin\server

VM Arguments:
jvm_args: --add-modules=ALL-SYSTEM --add-opens=java.base/java.util=ALL-UNNAMED --add-opens=java.base/java.lang=ALL-UNNAMED --add-opens=java.base/sun.nio.fs=ALL-UNNAMED -Declipse.application=org.eclipse.jdt.ls.core.id1 -Dosgi.bundles.defaultStartLevel=4 -Declipse.product=org.eclipse.jdt.ls.core.product -Djava.import.generatesMetadataFilesAtProjectRoot=false -DDetectVMInstallationsJob.disabled=true -Dfile.encoding=utf8 -XX:+UseParallelGC -XX:GCTimeRatio=4 -XX:AdaptiveSizePolicyWeight=90 -Dsun.zip.disableMemoryMapping=true -Xmx2G -Xms100m -Xlog:disable -javaagent:c:\Users\emmmz\.vscode\extensions\redhat.java-1.53.0-win32-x64\lombok\lombok-1.18.39-4050.jar 
java_command: c:\Users\emmmz\.vscode\extensions\redhat.java-1.53.0-win32-x64\server\plugins\org.eclipse.equinox.launcher_1.7.100.v20251111-0406.jar -configuration c:\Users\emmmz\AppData\Roaming\Code\User\globalStorage\redhat.java\1.53.0\config_ss_win -data c:\Users\emmmz\AppData\Roaming\Code\User\workspaceStorage\9411440532b7ac369f8afd7c0c09128e\redhat.java\ss_ws --pipe=\\.\pipe\lsp-7ad34755c467f4b25a2752d9fc854ca9-sock
java_class_path (initial): c:\Users\emmmz\.vscode\extensions\redhat.java-1.53.0-win32-x64\server\plugins\org.eclipse.equinox.launcher_1.7.100.v20251111-0406.jar
Launcher Type: SUN_STANDARD

[Global flags]
    uintx AdaptiveSizePolicyWeight                 = 90                                        {product} {command line}
     intx CICompilerCount                          = 4                                         {product} {ergonomic}
    uintx GCTimeRatio                              = 4                                         {product} {command line}
   size_t InitialHeapSize                          = 104857600                                 {product} {command line}
   size_t MaxHeapSize                              = 2147483648                                {product} {command line}
   size_t MaxNewSize                               = 715653120                                 {product} {ergonomic}
   size_t MinHeapDeltaBytes                        = 524288                                    {product} {ergonomic}
   size_t MinHeapSize                              = 104857600                                 {product} {command line}
   size_t NewSize                                  = 34603008                                  {product} {ergonomic}
    uintx NonNMethodCodeHeapSize                   = 5839372                                {pd product} {ergonomic}
    uintx NonProfiledCodeHeapSize                  = 122909434                              {pd product} {ergonomic}
   size_t OldSize                                  = 70254592                                  {product} {ergonomic}
    uintx ProfiledCodeHeapSize                     = 122909434                              {pd product} {ergonomic}
    uintx ReservedCodeCacheSize                    = 251658240                              {pd product} {ergonomic}
     bool SegmentedCodeCache                       = true                                      {product} {ergonomic}
   size_t SoftMaxHeapSize                          = 2147483648                             {manageable} {ergonomic}
     bool UseCompressedOops                        = true                           {product lp64_product} {ergonomic}
     bool UseLargePagesIndividualAllocation        = false                                  {pd product} {ergonomic}
     bool UseParallelGC                            = true                                      {product} {command line}

Logging:
Log output configuration:
 #0: stdout all=off uptime,level,tags foldmultilines=false
 #1: stderr all=off uptime,level,tags foldmultilines=false

Release file:
JAVA_VERSION="21.0.10" 
MODULES="java.base java.compiler java.datatransfer java.xml java.prefs java.desktop java.instrument java.logging java.management java.security.sasl java.naming java.rmi java.management.rmi java.net.http java.scripting java.security.jgss java.transaction.xa java.sql java.sql.rowset java.xml.crypto java.se java.smartcardio jdk.accessibility jdk.internal.jvmstat jdk.attach jdk.charsets jdk.internal.opt jdk.zipfs jdk.compiler jdk.crypto.ec jdk.crypto.cryptoki jdk.crypto.mscapi jdk.dynalink jdk.internal.ed jdk.editpad jdk.hotspot.agent jdk.httpserver jdk.internal.le jdk.internal.vm.ci jdk.internal.vm.compiler jdk.internal.vm.compiler.management jdk.jartool jdk.javadoc jdk.jcmd jdk.management jdk.management.agent jdk.jconsole jdk.jdeps jdk.jdwp.agent jdk.jdi jdk.jfr jdk.jshell jdk.jsobject jdk.jstatd jdk.localedata jdk.management.jfr jdk.naming.dns jdk.naming.rmi jdk.net jdk.nio.mapmode jdk.random jdk.sctp jdk.security.auth jdk.security.jgss jdk.unsupported jdk.unsupported.desktop jdk.xml.dom" 

Environment Variables:
PATH=C:\Users\emmmz\AppData\Local\Programs\Microsoft VS Code;C:\xampp_lite_8_4\apps\php;C:\Python313\Scripts\;C:\Python313\;C:\Program Files (x86)\NVIDIA Corporation\PhysX\Common;C:\Program Files\Common Files\Oracle\Java\javapath;C:\oraclexe\app\oracle\product\11.2.0\server\bin;C:\Windows\System32\HWAudioDriverLibs;C:\Windows\system32;C:\Windows;C:\Windows\System32\Wbem;C:\Windows\System32\WindowsPowerShell\v1.0\;C:\Windows\System32\OpenSSH\;C:\Users\Administrator\AppData\Local\Microsoft\WindowsApps;C:\WINDOWS\system32;C:\WINDOWS;C:\WINDOWS\System32\Wbem;C:\WINDOWS\System32\WindowsPowerShell\v1.0\;C:\WINDOWS\System32\OpenSSH\;C:\Program Files\Microsoft SQL Server\120\Tools\Binn\;C:\Program Files\Common Files\Autodesk Shared\;C:\Program Files\dotnet\;C:\Windows\SysWow64\;C:\Program Files\Git\cmd;D:\ComposerSetup;C:\sqlite3;C:\Program Files\nodejs\;C:\ProgramData\chocolatey\bin;C:\Program Files\Microsoft SQL Server\150\Tools\Binn\;C:\WINDOWS\system32;C:\WINDOWS;C:\WINDOWS\System32\Wbem;C:\WINDOWS\System32\WindowsPowerShell\v1.0\;C:\WINDOWS\System32\OpenSSH\;C:\ProgramData\ComposerSetup\bin;;C:\Users\emmmz\AppData\Local\Programs\Microsoft VS Code\bin;C:\Users\emmmz\AppData\Local\Programs\Antigravity\bin
USERNAME=emmmz
OS=Windows_NT
PROCESSOR_IDENTIFIER=Intel64 Family 6 Model 140 Stepping 1, GenuineIntel
TMP=C:\Users\emmmz\AppData\Local\Temp
TEMP=C:\Users\emmmz\AppData\Local\Temp




Periodic native trim disabled

---------------  S Y S T E M  ---------------

OS:
 Windows 11 , 64 bit Build 26100 (10.0.26100.7920)
OS uptime: 6 days 22:04 hours
Hyper-V role detected

CPU: total 8 (initial active 8) (4 cores per cpu, 2 threads per core) family 6 model 140 stepping 1 microcode 0x8a, cx8, cmov, fxsr, ht, mmx, 3dnowpref, sse, sse2, sse3, ssse3, sse4.1, sse4.2, popcnt, lzcnt, tsc, tscinvbit, avx, avx2, aes, erms, clmul, bmi1, bmi2, adx, avx512f, avx512dq, avx512cd, avx512bw, avx512vl, sha, fma, vzeroupper, avx512_vpopcntdq, avx512_vpclmulqdq, avx512_vaes, avx512_vnni, clflush, clflushopt, clwb, avx512_vbmi2, avx512_vbmi, hv, rdtscp, rdpid, fsrm, gfni, avx512_bitalg, f16c, cet_ibt, cet_ss, avx512_ifma
Processor Information for the first 8 processors :
  Max Mhz: 2419, Current Mhz: 2419, Mhz Limit: 2419

Memory: 4k page, system-wide physical 7991M (881M free)
TotalPageFile size 16183M (AvailPageFile size 5M)
current process WorkingSet (physical memory assigned to process): 67M, peak: 68M
current process commit charge ("private bytes"): 234M, peak: 235M

vm_info: OpenJDK 64-Bit Server VM (21.0.10+7-LTS) for windows-amd64 JRE (21.0.10+7-LTS), built on 2026-01-20T00:00:00Z by "admin" with MS VC++ 17.12 (VS2022)

END.
