#
# There is insufficient memory for the Java Runtime Environment to continue.
# Native memory allocation (malloc) failed to allocate 722816 bytes. Error detail: Chunk::new
# Possible reasons:
#   The system is out of physical RAM or swap space
#   This process is running with CompressedOops enabled, and the Java Heap may be blocking the growth of the native heap
# Possible solutions:
#   Reduce memory load on the system
#   Increase physical memory or swap space
#   Check if swap backing store is full
#   Decrease Java heap size (-Xmx/-Xms)
#   Decrease number of Java threads
#   Decrease Java thread stack sizes (-Xss)
#   Set larger code cache with -XX:ReservedCodeCacheSize=
#   JVM is running with Unscaled Compressed Oops mode in which the Java heap is
#     placed in the first 4GB address space. The Java Heap base address is the
#     maximum limit for the native heap growth. Please use -XX:HeapBaseMinAddress
#     to set the Java Heap base and to place the Java Heap above 4GB virtual address.
# This output file may be truncated or incomplete.
#
#  Out of Memory Error (arena.cpp:168), pid=9332, tid=18936
#
# JRE version: OpenJDK Runtime Environment Temurin-21.0.10+7 (21.0.10+7) (build 21.0.10+7-LTS)
# Java VM: OpenJDK 64-Bit Server VM Temurin-21.0.10+7 (21.0.10+7-LTS, mixed mode, sharing, tiered, compressed oops, compressed class ptrs, parallel gc, windows-amd64)
# No core dump will be written. Minidumps are not enabled by default on client versions of Windows
#

---------------  S U M M A R Y ------------

Command Line: --add-modules=ALL-SYSTEM --add-opens=java.base/java.util=ALL-UNNAMED --add-opens=java.base/java.lang=ALL-UNNAMED --add-opens=java.base/sun.nio.fs=ALL-UNNAMED -Declipse.application=org.eclipse.jdt.ls.core.id1 -Dosgi.bundles.defaultStartLevel=4 -Declipse.product=org.eclipse.jdt.ls.core.product -Djava.import.generatesMetadataFilesAtProjectRoot=false -DDetectVMInstallationsJob.disabled=true -Dfile.encoding=utf8 -XX:+UseParallelGC -XX:GCTimeRatio=4 -XX:AdaptiveSizePolicyWeight=90 -Dsun.zip.disableMemoryMapping=true -Xmx2G -Xms100m -Xlog:disable -javaagent:c:\Users\emmmz\.antigravity\extensions\redhat.java-1.53.0-win32-x64\lombok\lombok-1.18.39-4050.jar c:\Users\emmmz\.antigravity\extensions\redhat.java-1.53.0-win32-x64\server\plugins\org.eclipse.equinox.launcher_1.7.100.v20251111-0406.jar -configuration c:\Users\emmmz\AppData\Roaming\Antigravity\User\globalStorage\redhat.java\1.53.0\config_ss_win -data c:\Users\emmmz\AppData\Roaming\Antigravity\User\workspaceStorage\9411440532b7ac369f8afd7c0c09128e\redhat.java\ss_ws --pipe=\\.\pipe\lsp-2f87be5e1b73b3fc2c88ce1a7b27d8e2-sock

Host: 11th Gen Intel(R) Core(TM) i5-1135G7 @ 2.40GHz, 8 cores, 7G,  Windows 11 , 64 bit Build 26100 (10.0.26100.7920)
Time: Fri Apr  3 20:07:06 2026 Afr. centrale Ouest elapsed time: 20.849119 seconds (0d 0h 0m 20s)

---------------  T H R E A D  ---------------

Current thread (0x000002daeabf59c0):  JavaThread "C2 CompilerThread2" daemon [_thread_in_native, id=18936, stack(0x000000dde6300000,0x000000dde6400000) (1024K)]


Current CompileTask:
C2:20849 4903       4       org.lombokweb.asm.ClassReader::readMethod (1070 bytes)

Stack: [0x000000dde6300000,0x000000dde6400000]
Native frames: (J=compiled Java code, j=interpreted, Vv=VM code, C=native code)
V  [jvm.dll+0x6d7a39]
V  [jvm.dll+0x8b4b26]
V  [jvm.dll+0x8b70de]
V  [jvm.dll+0x8b77c3]
V  [jvm.dll+0x284346]
V  [jvm.dll+0xc66ed]
V  [jvm.dll+0xc6c31]
V  [jvm.dll+0x2fb29e]
V  [jvm.dll+0x5fe884]
V  [jvm.dll+0x255b17]
V  [jvm.dll+0x255edd]
V  [jvm.dll+0x24e500]
V  [jvm.dll+0x24ba42]
V  [jvm.dll+0x1cb34e]
V  [jvm.dll+0x25b85d]
V  [jvm.dll+0x259dea]
V  [jvm.dll+0x3f857e]
V  [jvm.dll+0x85f59d]
V  [jvm.dll+0x6d626d]
C  [ucrtbase.dll+0x37b0]
C  [KERNEL32.DLL+0x2e8d7]
C  [ntdll.dll+0x8c48c]


---------------  P R O C E S S  ---------------

Threads class SMR info:
_java_thread_list=0x000002dae9032ca0, length=38, elements={
0x000002da88098e30, 0x000002da8a58bc80, 0x000002da8a444ab0, 0x000002da8a449250,
0x000002da8a44a060, 0x000002da8a44d4e0, 0x000002da8a44df40, 0x000002da8a44ed80,
0x000002da8a46baa0, 0x000002dae3965c80, 0x000002dae3a84e80, 0x000002dae87f2180,
0x000002dae86e7000, 0x000002dae8613430, 0x000002dae870d540, 0x000002dae89c80d0,
0x000002dae896e910, 0x000002dae8b85ed0, 0x000002dae3a0e510, 0x000002dae3a0f230,
0x000002dae3a0c440, 0x000002dae3a0eba0, 0x000002dae3a0cad0, 0x000002dae3a0de80,
0x000002dae3a0bdb0, 0x000002dae3a0d160, 0x000002dae3a0d7f0, 0x000002dae9d13ef0,
0x000002dae9d131d0, 0x000002dae9d14580, 0x000002dae9d13860, 0x000002dae9d14c10,
0x000002dae9d11790, 0x000002dae9d152a0, 0x000002dae9d11e20, 0x000002dae9d15930,
0x000002dae931b0a0, 0x000002daeabf59c0
}

Java Threads: ( => current thread )
  0x000002da88098e30 JavaThread "main"                              [_thread_blocked, id=11196, stack(0x000000dde3200000,0x000000dde3300000) (1024K)]
  0x000002da8a58bc80 JavaThread "Reference Handler"          daemon [_thread_blocked, id=5208, stack(0x000000dde3600000,0x000000dde3700000) (1024K)]
  0x000002da8a444ab0 JavaThread "Finalizer"                  daemon [_thread_blocked, id=2180, stack(0x000000dde3700000,0x000000dde3800000) (1024K)]
  0x000002da8a449250 JavaThread "Signal Dispatcher"          daemon [_thread_blocked, id=9224, stack(0x000000dde3800000,0x000000dde3900000) (1024K)]
  0x000002da8a44a060 JavaThread "Attach Listener"            daemon [_thread_blocked, id=21700, stack(0x000000dde3900000,0x000000dde3a00000) (1024K)]
  0x000002da8a44d4e0 JavaThread "Service Thread"             daemon [_thread_blocked, id=4740, stack(0x000000dde3a00000,0x000000dde3b00000) (1024K)]
  0x000002da8a44df40 JavaThread "Monitor Deflation Thread"   daemon [_thread_blocked, id=20832, stack(0x000000dde3b00000,0x000000dde3c00000) (1024K)]
  0x000002da8a44ed80 JavaThread "C2 CompilerThread0"         daemon [_thread_blocked, id=8720, stack(0x000000dde3c00000,0x000000dde3d00000) (1024K)]
  0x000002da8a46baa0 JavaThread "C1 CompilerThread0"         daemon [_thread_blocked, id=4284, stack(0x000000dde3d00000,0x000000dde3e00000) (1024K)]
  0x000002dae3965c80 JavaThread "Common-Cleaner"             daemon [_thread_blocked, id=19420, stack(0x000000dde3e00000,0x000000dde3f00000) (1024K)]
  0x000002dae3a84e80 JavaThread "Notification Thread"        daemon [_thread_blocked, id=17504, stack(0x000000dde3f00000,0x000000dde4000000) (1024K)]
  0x000002dae87f2180 JavaThread "Active Thread: Equinox Container: f4e2fa4e-514b-4306-979a-1e3d880ecb3a"        [_thread_blocked, id=19164, stack(0x000000dde4100000,0x000000dde4200000) (1024K)]
  0x000002dae86e7000 JavaThread "Framework Event Dispatcher: Equinox Container: f4e2fa4e-514b-4306-979a-1e3d880ecb3a" daemon [_thread_blocked, id=6836, stack(0x000000dde4000000,0x000000dde4100000) (1024K)]
  0x000002dae8613430 JavaThread "Start Level: Equinox Container: f4e2fa4e-514b-4306-979a-1e3d880ecb3a" daemon [_thread_blocked, id=10704, stack(0x000000dde4800000,0x000000dde4900000) (1024K)]
  0x000002dae870d540 JavaThread "SCR Component Actor"        daemon [_thread_blocked, id=5244, stack(0x000000dde4a00000,0x000000dde4b00000) (1024K)]
  0x000002dae89c80d0 JavaThread "Worker-JM"                         [_thread_blocked, id=3164, stack(0x000000dde4b00000,0x000000dde4c00000) (1024K)]
  0x000002dae896e910 JavaThread "JNA Cleaner"                daemon [_thread_blocked, id=18656, stack(0x000000dde4c00000,0x000000dde4d00000) (1024K)]
  0x000002dae8b85ed0 JavaThread "Worker-0"                          [_thread_blocked, id=21160, stack(0x000000dde4d00000,0x000000dde4e00000) (1024K)]
  0x000002dae3a0e510 JavaThread "Worker-1"                          [_thread_blocked, id=1108, stack(0x000000dde4e00000,0x000000dde4f00000) (1024K)]
  0x000002dae3a0f230 JavaThread "Worker-2"                          [_thread_blocked, id=5852, stack(0x000000dde5000000,0x000000dde5100000) (1024K)]
  0x000002dae3a0c440 JavaThread "Thread-1"                   daemon [_thread_in_native, id=6772, stack(0x000000dde5300000,0x000000dde5400000) (1024K)]
  0x000002dae3a0eba0 JavaThread "Thread-2"                   daemon [_thread_in_native, id=13576, stack(0x000000dde5400000,0x000000dde5500000) (1024K)]
  0x000002dae3a0cad0 JavaThread "Thread-3"                   daemon [_thread_in_native, id=6188, stack(0x000000dde5500000,0x000000dde5600000) (1024K)]
  0x000002dae3a0de80 JavaThread "Thread-4"                   daemon [_thread_in_native, id=11188, stack(0x000000dde5600000,0x000000dde5700000) (1024K)]
  0x000002dae3a0bdb0 JavaThread "Thread-5"                   daemon [_thread_in_native, id=1948, stack(0x000000dde5700000,0x000000dde5800000) (1024K)]
  0x000002dae3a0d160 JavaThread "Thread-6"                   daemon [_thread_in_native, id=19532, stack(0x000000dde5800000,0x000000dde5900000) (1024K)]
  0x000002dae3a0d7f0 JavaThread "Thread-7"                   daemon [_thread_in_native, id=14992, stack(0x000000dde5900000,0x000000dde5a00000) (1024K)]
  0x000002dae9d13ef0 JavaThread "Thread-8"                   daemon [_thread_in_native, id=7628, stack(0x000000dde5a00000,0x000000dde5b00000) (1024K)]
  0x000002dae9d131d0 JavaThread "Thread-9"                   daemon [_thread_in_native, id=10484, stack(0x000000dde5b00000,0x000000dde5c00000) (1024K)]
  0x000002dae9d14580 JavaThread "pool-2-thread-1"                   [_thread_blocked, id=12124, stack(0x000000dde5c00000,0x000000dde5d00000) (1024K)]
  0x000002dae9d13860 JavaThread "WorkspaceEventsHandler"            [_thread_blocked, id=20444, stack(0x000000dde5d00000,0x000000dde5e00000) (1024K)]
  0x000002dae9d14c10 JavaThread "pool-1-thread-1"                   [_thread_in_Java, id=7048, stack(0x000000dde5e00000,0x000000dde5f00000) (1024K)]
  0x000002dae9d11790 JavaThread "ForkJoinPool.commonPool-worker-1" daemon [_thread_blocked, id=21728, stack(0x000000dde4f00000,0x000000dde5000000) (1024K)]
  0x000002dae9d152a0 JavaThread "ForkJoinPool.commonPool-worker-2" daemon [_thread_blocked, id=16104, stack(0x000000dde5f00000,0x000000dde6000000) (1024K)]
  0x000002dae9d11e20 JavaThread "ForkJoinPool.commonPool-worker-3" daemon [_thread_in_vm, id=15688, stack(0x000000dde6000000,0x000000dde6100000) (1024K)]
  0x000002dae9d15930 JavaThread "ForkJoinPool.commonPool-worker-4" daemon [_thread_blocked, id=7696, stack(0x000000dde6100000,0x000000dde6200000) (1024K)]
  0x000002dae931b0a0 JavaThread "C2 CompilerThread1"         daemon [_thread_in_native, id=13452, stack(0x000000dde6200000,0x000000dde6300000) (1024K)]
=>0x000002daeabf59c0 JavaThread "C2 CompilerThread2"         daemon [_thread_in_native, id=18936, stack(0x000000dde6300000,0x000000dde6400000) (1024K)]
Total: 38

Other Threads:
  0x000002da8a56e9b0 VMThread "VM Thread"                           [id=21588, stack(0x000000dde3500000,0x000000dde3600000) (1024K)]
  0x000002da8a5386a0 WatcherThread "VM Periodic Task Thread"        [id=3296, stack(0x000000dde3400000,0x000000dde3500000) (1024K)]
  0x000002da8a4ebab0 WorkerThread "GC Thread#0"                     [id=20052, stack(0x000000dde3300000,0x000000dde3400000) (1024K)]
  0x000002dae85ae040 WorkerThread "GC Thread#1"                     [id=16868, stack(0x000000dde4200000,0x000000dde4300000) (1024K)]
  0x000002dae848a3b0 WorkerThread "GC Thread#2"                     [id=20984, stack(0x000000dde4300000,0x000000dde4400000) (1024K)]
  0x000002dae848a760 WorkerThread "GC Thread#3"                     [id=21912, stack(0x000000dde4400000,0x000000dde4500000) (1024K)]
  0x000002dae819fc50 WorkerThread "GC Thread#4"                     [id=9012, stack(0x000000dde4500000,0x000000dde4600000) (1024K)]
  0x000002dae81a0000 WorkerThread "GC Thread#5"                     [id=1128, stack(0x000000dde4600000,0x000000dde4700000) (1024K)]
  0x000002dae81a03b0 WorkerThread "GC Thread#6"                     [id=18504, stack(0x000000dde4700000,0x000000dde4800000) (1024K)]
  0x000002dae85f9700 WorkerThread "GC Thread#7"                     [id=12868, stack(0x000000dde4900000,0x000000dde4a00000) (1024K)]
Total: 10

Threads with active compile tasks:
C1 CompilerThread0  20918 5030       3       org.eclipse.jdt.internal.compiler.parser.Scanner::scanIdentifierOrKeyword (277 bytes)
C2 CompilerThread1  20918 4985       4       java.lang.String::split (242 bytes)
C2 CompilerThread2  20918 4903       4       org.lombokweb.asm.ClassReader::readMethod (1070 bytes)
Total: 3

VM state: not at safepoint (normal execution)

VM Mutex/Monitor currently owned by a thread: None

Heap address: 0x0000000080000000, size: 2048 MB, Compressed Oops mode: 32-bit

CDS archive(s) mapped at: [0x000002daa1000000-0x000002daa1ba0000-0x000002daa1ba0000), size 12189696, SharedBaseAddress: 0x000002daa1000000, ArchiveRelocationMode: 1.
Compressed class space mapped at: 0x000002daa2000000-0x000002dae2000000, reserved size: 1073741824
Narrow klass base: 0x000002daa1000000, Narrow klass shift: 0, Narrow klass range: 0x100000000

GC Precious Log:
 CardTable entry size: 512
 CPUs: 8 total, 8 available
 Memory: 7991M
 Large Page Support: Disabled
 NUMA Support: Disabled
 Compressed Oops: Enabled (32-bit)
 Alignments: Space 512K, Generation 512K, Heap 2M
 Heap Min Capacity: 100M
 Heap Initial Capacity: 100M
 Heap Max Capacity: 2G
 Pre-touch: Disabled
 Parallel Workers: 8

Heap:
 PSYoungGen      total 22016K, used 21048K [0x00000000d5580000, 0x00000000d6d00000, 0x0000000100000000)
  eden space 20992K, 96% used [0x00000000d5580000,0x00000000d6948930,0x00000000d6a00000)
  from space 1024K, 77% used [0x00000000d6a00000,0x00000000d6ac59f8,0x00000000d6b00000)
  to   space 1536K, 0% used [0x00000000d6b80000,0x00000000d6b80000,0x00000000d6d00000)
 ParOldGen       total 68608K, used 30024K [0x0000000080000000, 0x0000000084300000, 0x00000000d5580000)
  object space 68608K, 43% used [0x0000000080000000,0x0000000081d522c8,0x0000000084300000)
 Metaspace       used 39535K, committed 40448K, reserved 1114112K
  class space    used 4006K, committed 4416K, reserved 1048576K

Card table byte_map: [0x000002da89e70000,0x000002da8a280000] _byte_map_base: 0x000002da89a70000

Marking Bits: (ParMarkBitMap*) 0x00007ffc16683450
 Begin Bits: [0x000002da9c980000, 0x000002da9e980000)
 End Bits:   [0x000002da9e980000, 0x000002daa0980000)

Polling page: 0x000002da88290000

Metaspace:

Usage:
  Non-class:     34.70 MB used.
      Class:      3.91 MB used.
       Both:     38.61 MB used.

Virtual space:
  Non-class space:       64.00 MB reserved,      35.19 MB ( 55%) committed,  1 nodes.
      Class space:        1.00 GB reserved,       4.31 MB ( <1%) committed,  1 nodes.
             Both:        1.06 GB reserved,      39.50 MB (  4%) committed. 

Chunk freelists:
   Non-Class:  12.62 MB
       Class:  11.70 MB
        Both:  24.33 MB

MaxMetaspaceSize: unlimited
CompressedClassSpaceSize: 1.00 GB
Initial GC threshold: 21.00 MB
Current GC threshold: 58.38 MB
CDS: on
 - commit_granule_bytes: 65536.
 - commit_granule_words: 8192.
 - virtual_space_node_default_size: 8388608.
 - enlarge_chunks_in_place: 1.
 - use_allocation_guard: 0.


Internal statistics:

num_allocs_failed_limit: 6.
num_arena_births: 870.
num_arena_deaths: 144.
num_vsnodes_births: 2.
num_vsnodes_deaths: 0.
num_space_committed: 632.
num_space_uncommitted: 0.
num_chunks_returned_to_freelist: 207.
num_chunks_taken_from_freelist: 2636.
num_chunk_merges: 75.
num_chunk_splits: 1593.
num_chunks_enlarged: 938.
num_inconsistent_stats: 0.

CodeHeap 'non-profiled nmethods': size=120000Kb used=2770Kb max_used=2770Kb free=117229Kb
 bounds [0x000002da951a0000, 0x000002da95460000, 0x000002da9c6d0000]
CodeHeap 'profiled nmethods': size=120000Kb used=9606Kb max_used=9606Kb free=110393Kb
 bounds [0x000002da8d6d0000, 0x000002da8e050000, 0x000002da94c00000]
CodeHeap 'non-nmethods': size=5760Kb used=1397Kb max_used=1465Kb free=4362Kb
 bounds [0x000002da94c00000, 0x000002da94e70000, 0x000002da951a0000]
CodeCache: size=245760Kb, used=13773Kb, max_used=13841Kb, free=231984Kb
 total_blobs=5322, nmethods=4631, adapters=597, full_count=0
Compilation: enabled, stopped_count=0, restarted_count=0

Compilation events (20 events):
Event: 18.813 Thread 0x000002da8a46baa0 nmethod 4997 0x000002da8d71a790 code [0x000002da8d71a960, 0x000002da8d71ac18]
Event: 18.813 Thread 0x000002da8a46baa0 4995       3       java.lang.System$2::decodeASCII (11 bytes)
Event: 18.814 Thread 0x000002da8a46baa0 nmethod 4995 0x000002da8d71a390 code [0x000002da8d71a540, 0x000002da8d71a688]
Event: 18.814 Thread 0x000002da8a46baa0 4996       1       java.nio.charset.Charset::name (5 bytes)
Event: 18.814 Thread 0x000002da8a46baa0 nmethod 4996 0x000002da951f9910 code [0x000002da951f9aa0, 0x000002da951f9b68]
Event: 18.814 Thread 0x000002da8a46baa0 5000       1       sun.nio.ch.Iocp$CompletionStatus::completionKey (5 bytes)
Event: 18.814 Thread 0x000002da8a46baa0 nmethod 5000 0x000002da951f9610 code [0x000002da951f97a0, 0x000002da951f9868]
Event: 18.815 Thread 0x000002da8a44ed80 5002       4       java.lang.AbstractStringBuilder::appendChars (207 bytes)
Event: 18.816 Thread 0x000002da8a46baa0 5003       3       org.eclipse.core.runtime.Path::append (264 bytes)
Event: 18.821 Thread 0x000002da8a46baa0 nmethod 5003 0x000002da8db5a190 code [0x000002da8db5a540, 0x000002da8db5bcd8]
Event: 18.822 Thread 0x000002da8a46baa0 5004       3       org.eclipse.core.runtime.Path::removeTrailingSeparator (32 bytes)
Event: 18.822 Thread 0x000002da8a46baa0 nmethod 5004 0x000002da8d719e10 code [0x000002da8d719fe0, 0x000002da8d71a2b8]
Event: 18.822 Thread 0x000002da8a46baa0 5005       3       org.eclipse.core.runtime.IPath::fromOSString (9 bytes)
Event: 18.822 Thread 0x000002da8a46baa0 nmethod 5005 0x000002da8d719990 code [0x000002da8d719b40, 0x000002da8d719d30]
Event: 18.822 Thread 0x000002da8a46baa0 5006       1       org.eclipse.core.internal.resources.ResourceInfo::getFileStoreRoot (5 bytes)
Event: 18.822 Thread 0x000002da8a46baa0 nmethod 5006 0x000002da951f9310 code [0x000002da951f94a0, 0x000002da951f9568]
Event: 18.825 Thread 0x000002da8a44ed80 nmethod 5002 0x000002da9527ca10 code [0x000002da9527cbe0, 0x000002da9527cff0]
Event: 18.829 Thread 0x000002da8a46baa0 5007       1       org.eclipse.jdt.internal.compiler.impl.JavaFeature::getCompliance (5 bytes)
Event: 18.829 Thread 0x000002da8a46baa0 nmethod 5007 0x000002da951f9010 code [0x000002da951f91a0, 0x000002da951f9268]
Event: 18.832 Thread 0x000002da8a46baa0 5008   !   3       org.eclipse.jdt.internal.compiler.parser.Scanner::$SWITCH_TABLE$org$eclipse$jdt$internal$compiler$parser$TerminalToken (2065 bytes)

GC Heap History (20 events):
Event: 14.307 GC heap before
{Heap before GC invocations=14 (full 1):
 PSYoungGen      total 23552K, used 23522K [0x00000000d5580000, 0x00000000d7500000, 0x0000000100000000)
  eden space 20992K, 100% used [0x00000000d5580000,0x00000000d6a00000,0x00000000d6a00000)
  from space 2560K, 98% used [0x00000000d6f00000,0x00000000d71788a0,0x00000000d7180000)
  to   space 5120K, 0% used [0x00000000d6a00000,0x00000000d6a00000,0x00000000d6f00000)
 ParOldGen       total 68608K, used 18503K [0x0000000080000000, 0x0000000084300000, 0x00000000d5580000)
  object space 68608K, 26% used [0x0000000080000000,0x0000000081211eb0,0x0000000084300000)
 Metaspace       used 32683K, committed 33792K, reserved 1114112K
  class space    used 3341K, committed 3840K, reserved 1048576K
}
Event: 14.316 GC heap after
{Heap after GC invocations=14 (full 1):
 PSYoungGen      total 23552K, used 2272K [0x00000000d5580000, 0x00000000d7100000, 0x0000000100000000)
  eden space 20992K, 0% used [0x00000000d5580000,0x00000000d5580000,0x00000000d6a00000)
  from space 2560K, 88% used [0x00000000d6a00000,0x00000000d6c38000,0x00000000d6c80000)
  to   space 3584K, 0% used [0x00000000d6d80000,0x00000000d6d80000,0x00000000d7100000)
 ParOldGen       total 68608K, used 21018K [0x0000000080000000, 0x0000000084300000, 0x00000000d5580000)
  object space 68608K, 30% used [0x0000000080000000,0x00000000814869a0,0x0000000084300000)
 Metaspace       used 32683K, committed 33792K, reserved 1114112K
  class space    used 3341K, committed 3840K, reserved 1048576K
}
Event: 14.485 GC heap before
{Heap before GC invocations=15 (full 1):
 PSYoungGen      total 23552K, used 23264K [0x00000000d5580000, 0x00000000d7100000, 0x0000000100000000)
  eden space 20992K, 100% used [0x00000000d5580000,0x00000000d6a00000,0x00000000d6a00000)
  from space 2560K, 88% used [0x00000000d6a00000,0x00000000d6c38000,0x00000000d6c80000)
  to   space 3584K, 0% used [0x00000000d6d80000,0x00000000d6d80000,0x00000000d7100000)
 ParOldGen       total 68608K, used 21018K [0x0000000080000000, 0x0000000084300000, 0x00000000d5580000)
  object space 68608K, 30% used [0x0000000080000000,0x00000000814869a0,0x0000000084300000)
 Metaspace       used 32710K, committed 33792K, reserved 1114112K
  class space    used 3341K, committed 3840K, reserved 1048576K
}
Event: 14.494 GC heap after
{Heap after GC invocations=15 (full 1):
 PSYoungGen      total 23040K, used 2020K [0x00000000d5580000, 0x00000000d6f80000, 0x0000000100000000)
  eden space 20992K, 0% used [0x00000000d5580000,0x00000000d5580000,0x00000000d6a00000)
  from space 2048K, 98% used [0x00000000d6d80000,0x00000000d6f79000,0x00000000d6f80000)
  to   space 2560K, 0% used [0x00000000d6a80000,0x00000000d6a80000,0x00000000d6d00000)
 ParOldGen       total 68608K, used 23144K [0x0000000080000000, 0x0000000084300000, 0x00000000d5580000)
  object space 68608K, 33% used [0x0000000080000000,0x000000008169a350,0x0000000084300000)
 Metaspace       used 32710K, committed 33792K, reserved 1114112K
  class space    used 3341K, committed 3840K, reserved 1048576K
}
Event: 14.668 GC heap before
{Heap before GC invocations=16 (full 1):
 PSYoungGen      total 23040K, used 23012K [0x00000000d5580000, 0x00000000d6f80000, 0x0000000100000000)
  eden space 20992K, 100% used [0x00000000d5580000,0x00000000d6a00000,0x00000000d6a00000)
  from space 2048K, 98% used [0x00000000d6d80000,0x00000000d6f79000,0x00000000d6f80000)
  to   space 2560K, 0% used [0x00000000d6a80000,0x00000000d6a80000,0x00000000d6d00000)
 ParOldGen       total 68608K, used 23144K [0x0000000080000000, 0x0000000084300000, 0x00000000d5580000)
  object space 68608K, 33% used [0x0000000080000000,0x000000008169a350,0x0000000084300000)
 Metaspace       used 32766K, committed 33792K, reserved 1114112K
  class space    used 3341K, committed 3840K, reserved 1048576K
}
Event: 14.674 GC heap after
{Heap after GC invocations=16 (full 1):
 PSYoungGen      total 23552K, used 2208K [0x00000000d5580000, 0x00000000d6f00000, 0x0000000100000000)
  eden space 20992K, 0% used [0x00000000d5580000,0x00000000d5580000,0x00000000d6a00000)
  from space 2560K, 86% used [0x00000000d6a80000,0x00000000d6ca8010,0x00000000d6d00000)
  to   space 2048K, 0% used [0x00000000d6d00000,0x00000000d6d00000,0x00000000d6f00000)
 ParOldGen       total 68608K, used 25014K [0x0000000080000000, 0x0000000084300000, 0x00000000d5580000)
  object space 68608K, 36% used [0x0000000080000000,0x000000008186d978,0x0000000084300000)
 Metaspace       used 32766K, committed 33792K, reserved 1114112K
  class space    used 3341K, committed 3840K, reserved 1048576K
}
Event: 14.903 GC heap before
{Heap before GC invocations=17 (full 1):
 PSYoungGen      total 23552K, used 23200K [0x00000000d5580000, 0x00000000d6f00000, 0x0000000100000000)
  eden space 20992K, 100% used [0x00000000d5580000,0x00000000d6a00000,0x00000000d6a00000)
  from space 2560K, 86% used [0x00000000d6a80000,0x00000000d6ca8010,0x00000000d6d00000)
  to   space 2048K, 0% used [0x00000000d6d00000,0x00000000d6d00000,0x00000000d6f00000)
 ParOldGen       total 68608K, used 25014K [0x0000000080000000, 0x0000000084300000, 0x00000000d5580000)
  object space 68608K, 36% used [0x0000000080000000,0x000000008186d978,0x0000000084300000)
 Metaspace       used 32873K, committed 33920K, reserved 1114112K
  class space    used 3343K, committed 3840K, reserved 1048576K
}
Event: 14.910 GC heap after
{Heap after GC invocations=17 (full 1):
 PSYoungGen      total 23040K, used 2040K [0x00000000d5580000, 0x00000000d6f00000, 0x0000000100000000)
  eden space 20992K, 0% used [0x00000000d5580000,0x00000000d5580000,0x00000000d6a00000)
  from space 2048K, 99% used [0x00000000d6d00000,0x00000000d6efe200,0x00000000d6f00000)
  to   space 2560K, 0% used [0x00000000d6a00000,0x00000000d6a00000,0x00000000d6c80000)
 ParOldGen       total 68608K, used 27150K [0x0000000080000000, 0x0000000084300000, 0x00000000d5580000)
  object space 68608K, 39% used [0x0000000080000000,0x0000000081a83988,0x0000000084300000)
 Metaspace       used 32873K, committed 33920K, reserved 1114112K
  class space    used 3343K, committed 3840K, reserved 1048576K
}
Event: 15.112 GC heap before
{Heap before GC invocations=18 (full 1):
 PSYoungGen      total 23040K, used 23032K [0x00000000d5580000, 0x00000000d6f00000, 0x0000000100000000)
  eden space 20992K, 100% used [0x00000000d5580000,0x00000000d6a00000,0x00000000d6a00000)
  from space 2048K, 99% used [0x00000000d6d00000,0x00000000d6efe200,0x00000000d6f00000)
  to   space 2560K, 0% used [0x00000000d6a00000,0x00000000d6a00000,0x00000000d6c80000)
 ParOldGen       total 68608K, used 27150K [0x0000000080000000, 0x0000000084300000, 0x00000000d5580000)
  object space 68608K, 39% used [0x0000000080000000,0x0000000081a83988,0x0000000084300000)
 Metaspace       used 33312K, committed 34304K, reserved 1114112K
  class space    used 3398K, committed 3840K, reserved 1048576K
}
Event: 15.120 GC heap after
{Heap after GC invocations=18 (full 1):
 PSYoungGen      total 23040K, used 1699K [0x00000000d5580000, 0x00000000d6e00000, 0x0000000100000000)
  eden space 20992K, 0% used [0x00000000d5580000,0x00000000d5580000,0x00000000d6a00000)
  from space 2048K, 82% used [0x00000000d6a00000,0x00000000d6ba8f08,0x00000000d6c00000)
  to   space 2048K, 0% used [0x00000000d6c00000,0x00000000d6c00000,0x00000000d6e00000)
 ParOldGen       total 68608K, used 29070K [0x0000000080000000, 0x0000000084300000, 0x00000000d5580000)
  object space 68608K, 42% used [0x0000000080000000,0x0000000081c63b88,0x0000000084300000)
 Metaspace       used 33312K, committed 34304K, reserved 1114112K
  class space    used 3398K, committed 3840K, reserved 1048576K
}
Event: 15.350 GC heap before
{Heap before GC invocations=19 (full 1):
 PSYoungGen      total 23040K, used 10718K [0x00000000d5580000, 0x00000000d6e00000, 0x0000000100000000)
  eden space 20992K, 42% used [0x00000000d5580000,0x00000000d5e4e968,0x00000000d6a00000)
  from space 2048K, 82% used [0x00000000d6a00000,0x00000000d6ba8f08,0x00000000d6c00000)
  to   space 2048K, 0% used [0x00000000d6c00000,0x00000000d6c00000,0x00000000d6e00000)
 ParOldGen       total 68608K, used 29070K [0x0000000080000000, 0x0000000084300000, 0x00000000d5580000)
  object space 68608K, 42% used [0x0000000080000000,0x0000000081c63b88,0x0000000084300000)
 Metaspace       used 34835K, committed 35840K, reserved 1114112K
  class space    used 3557K, committed 4032K, reserved 1048576K
}
Event: 15.354 GC heap after
{Heap after GC invocations=19 (full 1):
 PSYoungGen      total 22016K, used 529K [0x00000000d5580000, 0x00000000d6d00000, 0x0000000100000000)
  eden space 20992K, 0% used [0x00000000d5580000,0x00000000d5580000,0x00000000d6a00000)
  from space 1024K, 51% used [0x00000000d6c00000,0x00000000d6c84770,0x00000000d6d00000)
  to   space 1024K, 0% used [0x00000000d6b00000,0x00000000d6b00000,0x00000000d6c00000)
 ParOldGen       total 68608K, used 30587K [0x0000000080000000, 0x0000000084300000, 0x00000000d5580000)
  object space 68608K, 44% used [0x0000000080000000,0x0000000081ddeee0,0x0000000084300000)
 Metaspace       used 34835K, committed 35840K, reserved 1114112K
  class space    used 3557K, committed 4032K, reserved 1048576K
}
Event: 15.354 GC heap before
{Heap before GC invocations=20 (full 2):
 PSYoungGen      total 22016K, used 529K [0x00000000d5580000, 0x00000000d6d00000, 0x0000000100000000)
  eden space 20992K, 0% used [0x00000000d5580000,0x00000000d5580000,0x00000000d6a00000)
  from space 1024K, 51% used [0x00000000d6c00000,0x00000000d6c84770,0x00000000d6d00000)
  to   space 1024K, 0% used [0x00000000d6b00000,0x00000000d6b00000,0x00000000d6c00000)
 ParOldGen       total 68608K, used 30587K [0x0000000080000000, 0x0000000084300000, 0x00000000d5580000)
  object space 68608K, 44% used [0x0000000080000000,0x0000000081ddeee0,0x0000000084300000)
 Metaspace       used 34835K, committed 35840K, reserved 1114112K
  class space    used 3557K, committed 4032K, reserved 1048576K
}
Event: 15.490 GC heap after
{Heap after GC invocations=20 (full 2):
 PSYoungGen      total 22016K, used 0K [0x00000000d5580000, 0x00000000d6d00000, 0x0000000100000000)
  eden space 20992K, 0% used [0x00000000d5580000,0x00000000d5580000,0x00000000d6a00000)
  from space 1024K, 0% used [0x00000000d6c00000,0x00000000d6c00000,0x00000000d6d00000)
  to   space 1024K, 0% used [0x00000000d6b00000,0x00000000d6b00000,0x00000000d6c00000)
 ParOldGen       total 68608K, used 28619K [0x0000000080000000, 0x0000000084300000, 0x00000000d5580000)
  object space 68608K, 41% used [0x0000000080000000,0x0000000081bf2fd8,0x0000000084300000)
 Metaspace       used 34720K, committed 35840K, reserved 1114112K
  class space    used 3524K, committed 4032K, reserved 1048576K
}
Event: 16.497 GC heap before
{Heap before GC invocations=21 (full 2):
 PSYoungGen      total 22016K, used 20992K [0x00000000d5580000, 0x00000000d6d00000, 0x0000000100000000)
  eden space 20992K, 100% used [0x00000000d5580000,0x00000000d6a00000,0x00000000d6a00000)
  from space 1024K, 0% used [0x00000000d6c00000,0x00000000d6c00000,0x00000000d6d00000)
  to   space 1024K, 0% used [0x00000000d6b00000,0x00000000d6b00000,0x00000000d6c00000)
 ParOldGen       total 68608K, used 28619K [0x0000000080000000, 0x0000000084300000, 0x00000000d5580000)
  object space 68608K, 41% used [0x0000000080000000,0x0000000081bf2fd8,0x0000000084300000)
 Metaspace       used 36118K, committed 37056K, reserved 1114112K
  class space    used 3700K, committed 4160K, reserved 1048576K
}
Event: 16.501 GC heap after
{Heap after GC invocations=21 (full 2):
 PSYoungGen      total 22016K, used 660K [0x00000000d5580000, 0x00000000d6c80000, 0x0000000100000000)
  eden space 20992K, 0% used [0x00000000d5580000,0x00000000d5580000,0x00000000d6a00000)
  from space 1024K, 64% used [0x00000000d6b00000,0x00000000d6ba53b8,0x00000000d6c00000)
  to   space 512K, 0% used [0x00000000d6c00000,0x00000000d6c00000,0x00000000d6c80000)
 ParOldGen       total 68608K, used 28627K [0x0000000080000000, 0x0000000084300000, 0x00000000d5580000)
  object space 68608K, 41% used [0x0000000080000000,0x0000000081bf4fd8,0x0000000084300000)
 Metaspace       used 36118K, committed 37056K, reserved 1114112K
  class space    used 3700K, committed 4160K, reserved 1048576K
}
Event: 17.534 GC heap before
{Heap before GC invocations=22 (full 2):
 PSYoungGen      total 22016K, used 21636K [0x00000000d5580000, 0x00000000d6c80000, 0x0000000100000000)
  eden space 20992K, 99% used [0x00000000d5580000,0x00000000d69fbd60,0x00000000d6a00000)
  from space 1024K, 64% used [0x00000000d6b00000,0x00000000d6ba53b8,0x00000000d6c00000)
  to   space 512K, 0% used [0x00000000d6c00000,0x00000000d6c00000,0x00000000d6c80000)
 ParOldGen       total 68608K, used 28627K [0x0000000080000000, 0x0000000084300000, 0x00000000d5580000)
  object space 68608K, 41% used [0x0000000080000000,0x0000000081bf4fd8,0x0000000084300000)
 Metaspace       used 37319K, committed 38272K, reserved 1114112K
  class space    used 3812K, committed 4224K, reserved 1048576K
}
Event: 17.538 GC heap after
{Heap after GC invocations=22 (full 2):
 PSYoungGen      total 21504K, used 503K [0x00000000d5580000, 0x00000000d6e00000, 0x0000000100000000)
  eden space 20992K, 0% used [0x00000000d5580000,0x00000000d5580000,0x00000000d6a00000)
  from space 512K, 98% used [0x00000000d6c00000,0x00000000d6c7dee0,0x00000000d6c80000)
  to   space 2048K, 0% used [0x00000000d6a00000,0x00000000d6a00000,0x00000000d6c00000)
 ParOldGen       total 68608K, used 29776K [0x0000000080000000, 0x0000000084300000, 0x00000000d5580000)
  object space 68608K, 43% used [0x0000000080000000,0x0000000081d142c8,0x0000000084300000)
 Metaspace       used 37319K, committed 38272K, reserved 1114112K
  class space    used 3812K, committed 4224K, reserved 1048576K
}
Event: 17.793 GC heap before
{Heap before GC invocations=23 (full 2):
 PSYoungGen      total 21504K, used 21495K [0x00000000d5580000, 0x00000000d6e00000, 0x0000000100000000)
  eden space 20992K, 100% used [0x00000000d5580000,0x00000000d6a00000,0x00000000d6a00000)
  from space 512K, 98% used [0x00000000d6c00000,0x00000000d6c7dee0,0x00000000d6c80000)
  to   space 2048K, 0% used [0x00000000d6a00000,0x00000000d6a00000,0x00000000d6c00000)
 ParOldGen       total 68608K, used 29776K [0x0000000080000000, 0x0000000084300000, 0x00000000d5580000)
  object space 68608K, 43% used [0x0000000080000000,0x0000000081d142c8,0x0000000084300000)
 Metaspace       used 37343K, committed 38272K, reserved 1114112K
  class space    used 3812K, committed 4224K, reserved 1048576K
}
Event: 17.795 GC heap after
{Heap after GC invocations=23 (full 2):
 PSYoungGen      total 22016K, used 790K [0x00000000d5580000, 0x00000000d6d00000, 0x0000000100000000)
  eden space 20992K, 0% used [0x00000000d5580000,0x00000000d5580000,0x00000000d6a00000)
  from space 1024K, 77% used [0x00000000d6a00000,0x00000000d6ac59f8,0x00000000d6b00000)
  to   space 1536K, 0% used [0x00000000d6b80000,0x00000000d6b80000,0x00000000d6d00000)
 ParOldGen       total 68608K, used 30024K [0x0000000080000000, 0x0000000084300000, 0x00000000d5580000)
  object space 68608K, 43% used [0x0000000080000000,0x0000000081d522c8,0x0000000084300000)
 Metaspace       used 37343K, committed 38272K, reserved 1114112K
  class space    used 3812K, committed 4224K, reserved 1048576K
}

Dll operation events (10 events):
Event: 0.017 Loaded shared library c:\Users\emmmz\.antigravity\extensions\redhat.java-1.53.0-win32-x64\jre\21.0.10-win32-x86_64\bin\java.dll
Event: 0.240 Loaded shared library c:\Users\emmmz\.antigravity\extensions\redhat.java-1.53.0-win32-x64\jre\21.0.10-win32-x86_64\bin\zip.dll
Event: 0.283 Loaded shared library C:\Users\emmmz\.antigravity\extensions\redhat.java-1.53.0-win32-x64\jre\21.0.10-win32-x86_64\bin\instrument.dll
Event: 0.289 Loaded shared library C:\Users\emmmz\.antigravity\extensions\redhat.java-1.53.0-win32-x64\jre\21.0.10-win32-x86_64\bin\net.dll
Event: 0.293 Loaded shared library C:\Users\emmmz\.antigravity\extensions\redhat.java-1.53.0-win32-x64\jre\21.0.10-win32-x86_64\bin\nio.dll
Event: 0.298 Loaded shared library C:\Users\emmmz\.antigravity\extensions\redhat.java-1.53.0-win32-x64\jre\21.0.10-win32-x86_64\bin\zip.dll
Event: 0.345 Loaded shared library C:\Users\emmmz\.antigravity\extensions\redhat.java-1.53.0-win32-x64\jre\21.0.10-win32-x86_64\bin\jimage.dll
Event: 0.460 Loaded shared library c:\Users\emmmz\.antigravity\extensions\redhat.java-1.53.0-win32-x64\jre\21.0.10-win32-x86_64\bin\verify.dll
Event: 3.033 Loaded shared library C:\Users\emmmz\AppData\Roaming\Antigravity\User\globalStorage\redhat.java\1.53.0\config_ss_win\org.eclipse.equinox.launcher\org.eclipse.equinox.launcher.win32.win32.x86_64_1.3.0.v20260203-2149\eclipse_11919.dll
Event: 6.255 Loaded shared library C:\Users\emmmz\AppData\Local\Temp\jna-96631090\jna7263984038630060441.dll

Deoptimization events (20 events):
Event: 18.727 Thread 0x000002dae9d14c10 Uncommon trap: trap_request=0xffffffc6 fr.pc=0x000002da9537b7d0 relative=0x0000000000000090
Event: 18.727 Thread 0x000002dae9d14c10 Uncommon trap: reason=bimorphic_or_optimized_type_check action=maybe_recompile pc=0x000002da9537b7d0 method=java.util.stream.Sink$ChainedReference.cancellationRequested()Z @ 4 c2
Event: 18.727 Thread 0x000002dae9d14c10 DEOPT PACKING pc=0x000002da9537b7d0 sp=0x000000dde5efe2d0
Event: 18.728 Thread 0x000002dae9d14c10 DEOPT UNPACKING pc=0x000002da94c56da2 sp=0x000000dde5efe200 mode 2
Event: 18.730 Thread 0x000002dae9d14c10 Uncommon trap: trap_request=0xffffff45 fr.pc=0x000002da953cfe0c relative=0x000000000000064c
Event: 18.730 Thread 0x000002dae9d14c10 Uncommon trap: reason=unstable_if action=reinterpret pc=0x000002da953cfe0c method=java.util.ArrayList.equals(Ljava/lang/Object;)Z @ 27 c2
Event: 18.730 Thread 0x000002dae9d14c10 DEOPT PACKING pc=0x000002da953cfe0c sp=0x000000dde5efe6d0
Event: 18.730 Thread 0x000002dae9d14c10 DEOPT UNPACKING pc=0x000002da94c56da2 sp=0x000000dde5efe6a8 mode 2
Event: 18.762 Thread 0x000002dae9d14c10 Uncommon trap: trap_request=0xffffffc6 fr.pc=0x000002da9537b7f8 relative=0x00000000000000b8
Event: 18.762 Thread 0x000002dae9d14c10 Uncommon trap: reason=bimorphic_or_optimized_type_check action=maybe_recompile pc=0x000002da9537b7f8 method=java.util.stream.Sink$ChainedReference.cancellationRequested()Z @ 4 c2
Event: 18.762 Thread 0x000002dae9d14c10 DEOPT PACKING pc=0x000002da9537b7f8 sp=0x000000dde5efdd50
Event: 18.762 Thread 0x000002dae9d14c10 DEOPT UNPACKING pc=0x000002da94c56da2 sp=0x000000dde5efdce0 mode 2
Event: 18.762 Thread 0x000002dae9d14c10 Uncommon trap: trap_request=0xffffffc6 fr.pc=0x000002da9537b7f8 relative=0x00000000000000b8
Event: 18.762 Thread 0x000002dae9d14c10 Uncommon trap: reason=bimorphic_or_optimized_type_check action=maybe_recompile pc=0x000002da9537b7f8 method=java.util.stream.Sink$ChainedReference.cancellationRequested()Z @ 4 c2
Event: 18.762 Thread 0x000002dae9d14c10 DEOPT PACKING pc=0x000002da9537b7f8 sp=0x000000dde5efdd50
Event: 18.762 Thread 0x000002dae9d14c10 DEOPT UNPACKING pc=0x000002da94c56da2 sp=0x000000dde5efdce0 mode 2
Event: 18.766 Thread 0x000002dae9d14c10 Uncommon trap: trap_request=0xffffffc6 fr.pc=0x000002da9537b7f8 relative=0x00000000000000b8
Event: 18.766 Thread 0x000002dae9d14c10 Uncommon trap: reason=bimorphic_or_optimized_type_check action=maybe_recompile pc=0x000002da9537b7f8 method=java.util.stream.Sink$ChainedReference.cancellationRequested()Z @ 4 c2
Event: 18.768 Thread 0x000002dae9d14c10 DEOPT PACKING pc=0x000002da9537b7f8 sp=0x000000dde5efe300
Event: 18.768 Thread 0x000002dae9d14c10 DEOPT UNPACKING pc=0x000002da94c56da2 sp=0x000000dde5efe290 mode 2

Classes loaded (20 events):
Event: 18.779 Loading class java/lang/StackStreamFactory$StackFrameTraverser$StackFrameBuffer
Event: 18.780 Loading class java/lang/StackStreamFactory$FrameBuffer
Event: 18.780 Loading class java/lang/StackStreamFactory$FrameBuffer done
Event: 18.780 Loading class java/lang/StackStreamFactory$StackFrameTraverser$StackFrameBuffer done
Event: 18.784 Loading class java/util/logging/Level$RbAccess
Event: 18.784 Loading class java/util/logging/Level$RbAccess done
Event: 18.786 Loading class sun/util/logging/resources/logging
Event: 18.787 Loading class sun/util/logging/resources/logging done
Event: 18.787 Loading class sun/util/logging/resources/logging_en
Event: 18.787 Loading class sun/util/logging/resources/logging_en done
Event: 18.787 Loading class sun/util/logging/resources/logging_en
Event: 18.787 Loading class sun/util/logging/resources/logging_en done
Event: 18.788 Loading class sun/util/logging/resources/logging_en_US
Event: 18.788 Loading class sun/util/logging/resources/logging_en_US done
Event: 18.788 Loading class sun/util/logging/resources/logging_en_US
Event: 18.788 Loading class sun/util/logging/resources/logging_en_US done
Event: 18.789 Loading class java/util/Formatter$DateTime
Event: 18.789 Loading class java/util/Formatter$DateTime done
Event: 18.790 Loading class java/time/ZonedDateTime$1
Event: 18.790 Loading class java/time/ZonedDateTime$1 done

Classes unloaded (20 events):
Event: 15.381 Thread 0x000002da8a56e9b0 Unloading class 0x000002daa238a400 'java/lang/invoke/LambdaForm$MH+0x000002daa238a400'
Event: 15.381 Thread 0x000002da8a56e9b0 Unloading class 0x000002daa238a800 'java/lang/invoke/LambdaForm$MH+0x000002daa238a800'
Event: 15.381 Thread 0x000002da8a56e9b0 Unloading class 0x000002daa2389c00 'java/lang/invoke/LambdaForm$MH+0x000002daa2389c00'
Event: 15.381 Thread 0x000002da8a56e9b0 Unloading class 0x000002daa2389800 'java/lang/invoke/LambdaForm$MH+0x000002daa2389800'
Event: 15.381 Thread 0x000002da8a56e9b0 Unloading class 0x000002daa2389400 'java/lang/invoke/LambdaForm$MH+0x000002daa2389400'
Event: 15.381 Thread 0x000002da8a56e9b0 Unloading class 0x000002daa2389000 'java/lang/invoke/LambdaForm$MH+0x000002daa2389000'
Event: 15.381 Thread 0x000002da8a56e9b0 Unloading class 0x000002daa2388400 'java/lang/invoke/LambdaForm$MH+0x000002daa2388400'
Event: 15.381 Thread 0x000002da8a56e9b0 Unloading class 0x000002daa2388000 'java/lang/invoke/LambdaForm$MH+0x000002daa2388000'
Event: 15.381 Thread 0x000002da8a56e9b0 Unloading class 0x000002daa2387800 'java/lang/invoke/LambdaForm$MH+0x000002daa2387800'
Event: 15.381 Thread 0x000002da8a56e9b0 Unloading class 0x000002daa2387400 'java/lang/invoke/LambdaForm$MH+0x000002daa2387400'
Event: 15.381 Thread 0x000002da8a56e9b0 Unloading class 0x000002daa2387000 'java/lang/invoke/LambdaForm$MH+0x000002daa2387000'
Event: 15.381 Thread 0x000002da8a56e9b0 Unloading class 0x000002daa2386c00 'java/lang/invoke/LambdaForm$MH+0x000002daa2386c00'
Event: 15.381 Thread 0x000002da8a56e9b0 Unloading class 0x000002daa2386800 'java/lang/invoke/LambdaForm$MH+0x000002daa2386800'
Event: 15.381 Thread 0x000002da8a56e9b0 Unloading class 0x000002daa2386000 'java/lang/invoke/LambdaForm$MH+0x000002daa2386000'
Event: 15.381 Thread 0x000002da8a56e9b0 Unloading class 0x000002daa2385c00 'java/lang/invoke/LambdaForm$MH+0x000002daa2385c00'
Event: 15.381 Thread 0x000002da8a56e9b0 Unloading class 0x000002daa2385800 'java/lang/invoke/LambdaForm$MH+0x000002daa2385800'
Event: 15.381 Thread 0x000002da8a56e9b0 Unloading class 0x000002daa2385400 'java/lang/invoke/LambdaForm$DMH+0x000002daa2385400'
Event: 15.381 Thread 0x000002da8a56e9b0 Unloading class 0x000002daa2385000 'java/lang/invoke/LambdaForm$MH+0x000002daa2385000'
Event: 15.381 Thread 0x000002da8a56e9b0 Unloading class 0x000002daa2384800 'java/lang/invoke/LambdaForm$DMH+0x000002daa2384800'
Event: 15.381 Thread 0x000002da8a56e9b0 Unloading class 0x000002daa2384400 'java/lang/invoke/LambdaForm$DMH+0x000002daa2384400'

Classes redefined (0 events):
No events

Internal exceptions (20 events):
Event: 13.834 Thread 0x000002dae9d14c10 Exception <a 'java/lang/NoSuchMethodError'{0x00000000d5e6acb8}: 'int java.lang.invoke.DirectMethodHandle$Holder.invokeSpecial(java.lang.Object, java.lang.Object, java.lang.Object, java.lang.Object)'> (0x00000000d5e6acb8) 
thrown [s\src\hotspot\share\interpreter\linkResolver.cpp, line 773]
Event: 13.852 Thread 0x000002dae3a0f230 Exception <a 'java/lang/NoSuchMethodError'{0x00000000d5e98ca8}: 'java.lang.Object java.lang.invoke.DirectMethodHandle$Holder.invokeStatic(java.lang.Object, int, java.lang.Object, java.lang.Object)'> (0x00000000d5e98ca8) 
thrown [s\src\hotspot\share\interpreter\linkResolver.cpp, line 773]
Event: 13.852 Thread 0x000002dae9d15930 Exception <a 'java/lang/NoSuchMethodError'{0x00000000d5e92c78}: 'java.lang.Object java.lang.invoke.DirectMethodHandle$Holder.invokeStatic(java.lang.Object, int, java.lang.Object, java.lang.Object)'> (0x00000000d5e92c78) 
thrown [s\src\hotspot\share\interpreter\linkResolver.cpp, line 773]
Event: 13.853 Thread 0x000002dae9d14c10 Exception <a 'java/lang/NoSuchMethodError'{0x00000000d5e77390}: 'java.lang.Object java.lang.invoke.DirectMethodHandle$Holder.invokeStatic(java.lang.Object, int, java.lang.Object, java.lang.Object)'> (0x00000000d5e77390) 
thrown [s\src\hotspot\share\interpreter\linkResolver.cpp, line 773]
Event: 13.853 Thread 0x000002dae9d11790 Exception <a 'java/lang/NoSuchMethodError'{0x00000000d5e56568}: 'java.lang.Object java.lang.invoke.DirectMethodHandle$Holder.invokeStatic(java.lang.Object, int, java.lang.Object, java.lang.Object)'> (0x00000000d5e56568) 
thrown [s\src\hotspot\share\interpreter\linkResolver.cpp, line 773]
Event: 13.854 Thread 0x000002dae9d15930 Exception <a 'java/lang/NoSuchMethodError'{0x00000000d5ea4b28}: 'java.lang.Object java.lang.invoke.DelegatingMethodHandle$Holder.delegate(java.lang.Object, int, java.lang.Object, java.lang.Object)'> (0x00000000d5ea4b28) 
thrown [s\src\hotspot\share\interpreter\linkResolver.cpp, line 773]
Event: 13.854 Thread 0x000002dae3a0f230 Exception <a 'java/lang/NoSuchMethodError'{0x00000000d5eaa4c0}: 'java.lang.Object java.lang.invoke.DelegatingMethodHandle$Holder.delegate(java.lang.Object, int, java.lang.Object, java.lang.Object)'> (0x00000000d5eaa4c0) 
thrown [s\src\hotspot\share\interpreter\linkResolver.cpp, line 773]
Event: 13.854 Thread 0x000002dae9d14c10 Exception <a 'java/lang/NoSuchMethodError'{0x00000000d5e7a988}: 'java.lang.Object java.lang.invoke.DelegatingMethodHandle$Holder.delegate(java.lang.Object, int, java.lang.Object, java.lang.Object)'> (0x00000000d5e7a988) 
thrown [s\src\hotspot\share\interpreter\linkResolver.cpp, line 773]
Event: 13.856 Thread 0x000002dae9d11790 Exception <a 'java/lang/NoSuchMethodError'{0x00000000d5e59b60}: 'java.lang.Object java.lang.invoke.DelegatingMethodHandle$Holder.delegate(java.lang.Object, int, java.lang.Object, java.lang.Object)'> (0x00000000d5e59b60) 
thrown [s\src\hotspot\share\interpreter\linkResolver.cpp, line 773]
Event: 13.858 Thread 0x000002dae9d11790 Implicit null exception at 0x000002da9536e876 to 0x000002da9536ebac
Event: 13.858 Thread 0x000002dae3a0f230 Implicit null exception at 0x000002da9536e876 to 0x000002da9536ebac
Event: 13.867 Thread 0x000002dae3a0f230 Exception <a 'java/lang/NoSuchMethodError'{0x00000000d5ec88a0}: 'int java.lang.invoke.Invokers$Holder.linkToTargetMethod(java.lang.Object, java.lang.Object, java.lang.Object)'> (0x00000000d5ec88a0) 
thrown [s\src\hotspot\share\interpreter\linkResolver.cpp, line 773]
Event: 13.867 Thread 0x000002dae9d11790 Exception <a 'java/lang/NoSuchMethodError'{0x00000000d5ecf430}: 'int java.lang.invoke.Invokers$Holder.linkToTargetMethod(java.lang.Object, java.lang.Object, java.lang.Object)'> (0x00000000d5ecf430) 
thrown [s\src\hotspot\share\interpreter\linkResolver.cpp, line 773]
Event: 13.867 Thread 0x000002dae9d152a0 Exception <a 'java/lang/NoSuchMethodError'{0x00000000d5e9eb70}: 'int java.lang.invoke.Invokers$Holder.linkToTargetMethod(java.lang.Object, java.lang.Object, java.lang.Object)'> (0x00000000d5e9eb70) 
thrown [s\src\hotspot\share\interpreter\linkResolver.cpp, line 773]
Event: 13.868 Thread 0x000002dae9d15930 Exception <a 'java/lang/NoSuchMethodError'{0x00000000d5ec24c8}: 'int java.lang.invoke.Invokers$Holder.linkToTargetMethod(java.lang.Object, java.lang.Object, java.lang.Object)'> (0x00000000d5ec24c8) 
thrown [s\src\hotspot\share\interpreter\linkResolver.cpp, line 773]
Event: 13.868 Thread 0x000002dae9d14c10 Exception <a 'java/lang/NoSuchMethodError'{0x00000000d5e82800}: 'int java.lang.invoke.Invokers$Holder.linkToTargetMethod(java.lang.Object, java.lang.Object, java.lang.Object)'> (0x00000000d5e82800) 
thrown [s\src\hotspot\share\interpreter\linkResolver.cpp, line 773]
Event: 15.632 Thread 0x000002dae3a0f230 Exception <a 'java/lang/NoSuchMethodError'{0x00000000d577cd40}: 'java.lang.Object java.lang.invoke.DirectMethodHandle$Holder.invokeVirtual(java.lang.Object, java.lang.Object, int)'> (0x00000000d577cd40) 
thrown [s\src\hotspot\share\interpreter\linkResolver.cpp, line 773]
Event: 17.056 Thread 0x000002dae9d14c10 Implicit null exception at 0x000002da9520229d to 0x000002da95202d88
Event: 18.786 Thread 0x000002dae9d14c10 Exception <a 'java/lang/ClassNotFoundException'{0x00000000d6730ed8}: sun/util/logging/resources/spi/loggingProvider> (0x00000000d6730ed8) 
thrown [s\src\hotspot\share\classfile\systemDictionary.cpp, line 312]
Event: 18.800 Thread 0x000002dae9d14c10 Exception <a 'java/lang/IncompatibleClassChangeError'{0x00000000d67702c0}: Found class java.lang.Object, but interface was expected> (0x00000000d67702c0) 
thrown [s\src\hotspot\share\interpreter\linkResolver.cpp, line 840]

ZGC Phase Switch (0 events):
No events

VM Operations (20 events):
Event: 14.910 Executing safepoint VM operation: ParallelGCFailedAllocation (Allocation Failure) done
Event: 15.093 Executing safepoint VM operation: ParallelGCFailedAllocation (Allocation Failure)
Event: 15.120 Executing safepoint VM operation: ParallelGCFailedAllocation (Allocation Failure) done
Event: 15.124 Executing non-safepoint VM operation: HandshakeAllThreads (Deoptimize)
Event: 15.139 Executing non-safepoint VM operation: HandshakeAllThreads (Deoptimize) done
Event: 15.350 Executing safepoint VM operation: CollectForMetadataAllocation (Metadata GC Threshold)
Event: 15.490 Executing safepoint VM operation: CollectForMetadataAllocation (Metadata GC Threshold) done
Event: 15.649 Executing non-safepoint VM operation: HandshakeAllThreads (Deoptimize)
Event: 15.649 Executing non-safepoint VM operation: HandshakeAllThreads (Deoptimize) done
Event: 16.497 Executing safepoint VM operation: ParallelGCFailedAllocation (Allocation Failure)
Event: 16.501 Executing safepoint VM operation: ParallelGCFailedAllocation (Allocation Failure) done
Event: 17.503 Executing safepoint VM operation: Cleanup
Event: 17.503 Executing safepoint VM operation: Cleanup done
Event: 17.534 Executing safepoint VM operation: ParallelGCFailedAllocation (Allocation Failure)
Event: 17.538 Executing safepoint VM operation: ParallelGCFailedAllocation (Allocation Failure) done
Event: 17.793 Executing safepoint VM operation: ParallelGCFailedAllocation (Allocation Failure)
Event: 17.796 Executing safepoint VM operation: ParallelGCFailedAllocation (Allocation Failure) done
Event: 18.796 Executing safepoint VM operation: Cleanup
Event: 18.796 Executing safepoint VM operation: Cleanup done
Event: 19.803 Executing safepoint VM operation: Cleanup

Memory protections (0 events):
No events

Nmethod flushes (20 events):
Event: 15.406 Thread 0x000002da8a56e9b0 flushing  nmethod 0x000002da8da56410
Event: 15.406 Thread 0x000002da8a56e9b0 flushing  nmethod 0x000002da8da5a290
Event: 15.406 Thread 0x000002da8a56e9b0 flushing  nmethod 0x000002da8da85e90
Event: 15.406 Thread 0x000002da8a56e9b0 flushing  nmethod 0x000002da8daa8410
Event: 15.406 Thread 0x000002da8a56e9b0 flushing  nmethod 0x000002da8db0bf90
Event: 15.406 Thread 0x000002da8a56e9b0 flushing  nmethod 0x000002da8db0e990
Event: 15.406 Thread 0x000002da8a56e9b0 flushing  nmethod 0x000002da8db2b290
Event: 15.406 Thread 0x000002da8a56e9b0 flushing  nmethod 0x000002da8db2bc90
Event: 15.406 Thread 0x000002da8a56e9b0 flushing  nmethod 0x000002da8db31a10
Event: 15.406 Thread 0x000002da8a56e9b0 flushing  nmethod 0x000002da8db33090
Event: 15.406 Thread 0x000002da8a56e9b0 flushing  nmethod 0x000002da8db49f10
Event: 15.406 Thread 0x000002da8a56e9b0 flushing  nmethod 0x000002da8db58590
Event: 15.406 Thread 0x000002da8a56e9b0 flushing  nmethod 0x000002da8db59910
Event: 15.406 Thread 0x000002da8a56e9b0 flushing  nmethod 0x000002da8db74a10
Event: 15.406 Thread 0x000002da8a56e9b0 flushing  nmethod 0x000002da8dba9e10
Event: 15.406 Thread 0x000002da8a56e9b0 flushing  nmethod 0x000002da8dbaa690
Event: 15.406 Thread 0x000002da8a56e9b0 flushing  nmethod 0x000002da8dbaaa90
Event: 15.406 Thread 0x000002da8a56e9b0 flushing  nmethod 0x000002da8dbab410
Event: 15.406 Thread 0x000002da8a56e9b0 flushing  nmethod 0x000002da8dbaba10
Event: 15.406 Thread 0x000002da8a56e9b0 flushing  nmethod 0x000002da8dbc9790

Events (20 events):
Event: 10.368 Thread 0x000002da88098e30 Thread added: 0x000002dae3a0d160
Event: 10.368 Thread 0x000002da88098e30 Thread added: 0x000002dae3a0d7f0
Event: 10.369 Thread 0x000002da88098e30 Thread added: 0x000002dae9d13ef0
Event: 10.369 Thread 0x000002da88098e30 Thread added: 0x000002dae9d131d0
Event: 10.415 Thread 0x000002da88098e30 Thread added: 0x000002dae9d14580
Event: 10.873 Thread 0x000002da88098e30 Thread added: 0x000002dae9d13860
Event: 10.874 Thread 0x000002da88098e30 Thread added: 0x000002dae9d14c10
Event: 11.032 Thread 0x000002dae93b9360 Thread exited: 0x000002dae93b9360
Event: 11.553 Thread 0x000002dae9d14c10 Thread added: 0x000002dae9d11790
Event: 11.561 Thread 0x000002dae9d14c10 Thread added: 0x000002dae9d152a0
Event: 11.566 Thread 0x000002dae9d152a0 Thread added: 0x000002dae9d11e20
Event: 11.568 Thread 0x000002dae9d14c10 Thread added: 0x000002dae9d15930
Event: 12.257 Thread 0x000002da8a46baa0 Thread added: 0x000002dae9e84790
Event: 12.387 Thread 0x000002dae9e84790 Thread exited: 0x000002dae9e84790
Event: 12.697 Thread 0x000002da8a46baa0 Thread added: 0x000002daea0fd510
Event: 12.964 Thread 0x000002daea0fd510 Thread added: 0x000002dae9caef50
Event: 15.542 Thread 0x000002dae9caef50 Thread exited: 0x000002dae9caef50
Event: 15.852 Thread 0x000002daea0fd510 Thread exited: 0x000002daea0fd510
Event: 17.269 Thread 0x000002da8a46baa0 Thread added: 0x000002dae931b0a0
Event: 17.567 Thread 0x000002da8a46baa0 Thread added: 0x000002daeabf59c0


Dynamic libraries:
0x00007ff7a2ed0000 - 0x00007ff7a2ede000 	c:\Users\emmmz\.antigravity\extensions\redhat.java-1.53.0-win32-x64\jre\21.0.10-win32-x86_64\bin\java.exe
0x00007ffcac740000 - 0x00007ffcac9a7000 	C:\WINDOWS\SYSTEM32\ntdll.dll
0x00007ffcabbb0000 - 0x00007ffcabc79000 	C:\WINDOWS\System32\KERNEL32.DLL
0x00007ffca9ea0000 - 0x00007ffcaa291000 	C:\WINDOWS\System32\KERNELBASE.dll
0x00007ffca9890000 - 0x00007ffca99db000 	C:\WINDOWS\System32\ucrtbase.dll
0x00007ffc95420000 - 0x00007ffc95438000 	c:\Users\emmmz\.antigravity\extensions\redhat.java-1.53.0-win32-x64\jre\21.0.10-win32-x86_64\bin\jli.dll
0x00007ffcaaf70000 - 0x00007ffcab135000 	C:\WINDOWS\System32\USER32.dll
0x00007ffcaa4b0000 - 0x00007ffcaa4d7000 	C:\WINDOWS\System32\win32u.dll
0x00007ffcac3b0000 - 0x00007ffcac3db000 	C:\WINDOWS\System32\GDI32.dll
0x00007ffca9cc0000 - 0x00007ffca9deb000 	C:\WINDOWS\System32\gdi32full.dll
0x00007ffca9df0000 - 0x00007ffca9e93000 	C:\WINDOWS\System32\msvcp_win.dll
0x00007ffc89c30000 - 0x00007ffc89c4e000 	c:\Users\emmmz\.antigravity\extensions\redhat.java-1.53.0-win32-x64\jre\21.0.10-win32-x86_64\bin\VCRUNTIME140.dll
0x00007ffc914f0000 - 0x00007ffc91783000 	C:\WINDOWS\WinSxS\amd64_microsoft.windows.common-controls_6595b64144ccf1df_6.0.26100.8037_none_3e092faae333b53b\COMCTL32.dll
0x00007ffcabdf0000 - 0x00007ffcabe99000 	C:\WINDOWS\System32\msvcrt.dll
0x00007ffcac6c0000 - 0x00007ffcac6f1000 	C:\WINDOWS\System32\IMM32.DLL
0x00007ffc98d80000 - 0x00007ffc98d8c000 	c:\Users\emmmz\.antigravity\extensions\redhat.java-1.53.0-win32-x64\jre\21.0.10-win32-x86_64\bin\vcruntime140_1.dll
0x00007ffc86020000 - 0x00007ffc860ad000 	c:\Users\emmmz\.antigravity\extensions\redhat.java-1.53.0-win32-x64\jre\21.0.10-win32-x86_64\bin\msvcp140.dll
0x00007ffc159c0000 - 0x00007ffc16761000 	c:\Users\emmmz\.antigravity\extensions\redhat.java-1.53.0-win32-x64\jre\21.0.10-win32-x86_64\bin\server\jvm.dll
0x00007ffcac100000 - 0x00007ffcac1bb000 	C:\WINDOWS\System32\ADVAPI32.dll
0x00007ffcabea0000 - 0x00007ffcabf47000 	C:\WINDOWS\System32\sechost.dll
0x00007ffcac460000 - 0x00007ffcac578000 	C:\WINDOWS\System32\RPCRT4.dll
0x00007ffcac580000 - 0x00007ffcac5f4000 	C:\WINDOWS\System32\WS2_32.dll
0x00007ffca8e80000 - 0x00007ffca8ede000 	C:\WINDOWS\SYSTEM32\POWRPROF.dll
0x00007ffca3810000 - 0x00007ffca3845000 	C:\WINDOWS\SYSTEM32\WINMM.dll
0x00007ffc9c660000 - 0x00007ffc9c66b000 	C:\WINDOWS\SYSTEM32\VERSION.dll
0x00007ffca8e60000 - 0x00007ffca8e74000 	C:\WINDOWS\SYSTEM32\UMPDC.dll
0x00007ffca7db0000 - 0x00007ffca7dcb000 	C:\WINDOWS\SYSTEM32\kernel.appcore.dll
0x00007ffc98b80000 - 0x00007ffc98b8a000 	c:\Users\emmmz\.antigravity\extensions\redhat.java-1.53.0-win32-x64\jre\21.0.10-win32-x86_64\bin\jimage.dll
0x00007ffca69c0000 - 0x00007ffca6c02000 	C:\WINDOWS\SYSTEM32\DBGHELP.DLL
0x00007ffcaa4e0000 - 0x00007ffcaa862000 	C:\WINDOWS\System32\combase.dll
0x00007ffcabc80000 - 0x00007ffcabd57000 	C:\WINDOWS\System32\OLEAUT32.dll
0x00007ffc96bb0000 - 0x00007ffc96beb000 	C:\WINDOWS\SYSTEM32\dbgcore.DLL
0x00007ffca99e0000 - 0x00007ffca9a85000 	C:\WINDOWS\System32\bcryptPrimitives.dll
0x00007ffc96f40000 - 0x00007ffc96f4f000 	c:\Users\emmmz\.antigravity\extensions\redhat.java-1.53.0-win32-x64\jre\21.0.10-win32-x86_64\bin\instrument.dll
0x00007ffc89020000 - 0x00007ffc89040000 	c:\Users\emmmz\.antigravity\extensions\redhat.java-1.53.0-win32-x64\jre\21.0.10-win32-x86_64\bin\java.dll
0x00007ffcab140000 - 0x00007ffcab89f000 	C:\WINDOWS\System32\SHELL32.dll
0x00007ffca9a90000 - 0x00007ffca9bfa000 	C:\WINDOWS\System32\wintypes.dll
0x00007ffca9020000 - 0x00007ffca9884000 	C:\WINDOWS\System32\windows.storage.dll
0x00007ffcab950000 - 0x00007ffcaba47000 	C:\WINDOWS\System32\SHCORE.dll
0x00007ffcac340000 - 0x00007ffcac3a7000 	C:\WINDOWS\System32\shlwapi.dll
0x00007ffca8f40000 - 0x00007ffca8f69000 	C:\WINDOWS\SYSTEM32\profapi.dll
0x00007ffc86380000 - 0x00007ffc86398000 	c:\Users\emmmz\.antigravity\extensions\redhat.java-1.53.0-win32-x64\jre\21.0.10-win32-x86_64\bin\zip.dll
0x00007ffc96da0000 - 0x00007ffc96db0000 	C:\Users\emmmz\.antigravity\extensions\redhat.java-1.53.0-win32-x64\jre\21.0.10-win32-x86_64\bin\net.dll
0x00007ffca2d80000 - 0x00007ffca2ea7000 	C:\WINDOWS\SYSTEM32\WINHTTP.dll
0x00007ffca8320000 - 0x00007ffca838b000 	C:\WINDOWS\system32\mswsock.dll
0x00007ffc86360000 - 0x00007ffc86376000 	C:\Users\emmmz\.antigravity\extensions\redhat.java-1.53.0-win32-x64\jre\21.0.10-win32-x86_64\bin\nio.dll
0x00007ffc96c80000 - 0x00007ffc96c90000 	c:\Users\emmmz\.antigravity\extensions\redhat.java-1.53.0-win32-x64\jre\21.0.10-win32-x86_64\bin\verify.dll
0x00007ffc824d0000 - 0x00007ffc82515000 	C:\Users\emmmz\AppData\Roaming\Antigravity\User\globalStorage\redhat.java\1.53.0\config_ss_win\org.eclipse.equinox.launcher\org.eclipse.equinox.launcher.win32.win32.x86_64_1.3.0.v20260203-2149\eclipse_11919.dll
0x00007ffcabf60000 - 0x00007ffcac0f5000 	C:\WINDOWS\System32\ole32.dll
0x00007ffca8600000 - 0x00007ffca861b000 	C:\WINDOWS\SYSTEM32\CRYPTSP.dll
0x00007ffca7cf0000 - 0x00007ffca7d29000 	C:\WINDOWS\system32\rsaenh.dll
0x00007ffca83d0000 - 0x00007ffca8402000 	C:\WINDOWS\SYSTEM32\USERENV.dll
0x00007ffca8f10000 - 0x00007ffca8f3a000 	C:\WINDOWS\SYSTEM32\bcrypt.dll
0x00007ffca8620000 - 0x00007ffca862c000 	C:\WINDOWS\SYSTEM32\CRYPTBASE.dll
0x00007ffca7820000 - 0x00007ffca7853000 	C:\WINDOWS\SYSTEM32\IPHLPAPI.DLL
0x00007ffcabf50000 - 0x00007ffcabf5a000 	C:\WINDOWS\System32\NSI.dll
0x00007ffc81b80000 - 0x00007ffc81bc9000 	C:\Users\emmmz\AppData\Local\Temp\jna-96631090\jna7263984038630060441.dll
0x00007ffcab940000 - 0x00007ffcab948000 	C:\WINDOWS\System32\PSAPI.DLL
0x00007ffca33b0000 - 0x00007ffca33cd000 	C:\WINDOWS\SYSTEM32\dhcpcsvc6.DLL
0x00007ffca3380000 - 0x00007ffca33a3000 	C:\WINDOWS\SYSTEM32\dhcpcsvc.DLL

JVMTI agents:
c:\Users\emmmz\.antigravity\extensions\redhat.java-1.53.0-win32-x64\lombok\lombok-1.18.39-4050.jar path:c:\Users\emmmz\.antigravity\extensions\redhat.java-1.53.0-win32-x64\jre\21.0.10-win32-x86_64\bin\instrument.dll, loaded, initialized, instrumentlib options:none

dbghelp: loaded successfully - version: 4.0.5 - missing functions: none
symbol engine: initialized successfully - sym options: 0x614 - pdb path: .;c:\Users\emmmz\.antigravity\extensions\redhat.java-1.53.0-win32-x64\jre\21.0.10-win32-x86_64\bin;C:\WINDOWS\SYSTEM32;C:\WINDOWS\WinSxS\amd64_microsoft.windows.common-controls_6595b64144ccf1df_6.0.26100.8037_none_3e092faae333b53b;c:\Users\emmmz\.antigravity\extensions\redhat.java-1.53.0-win32-x64\jre\21.0.10-win32-x86_64\bin\server;C:\Users\emmmz\AppData\Roaming\Antigravity\User\globalStorage\redhat.java\1.53.0\config_ss_win\org.eclipse.equinox.launcher\org.eclipse.equinox.launcher.win32.win32.x86_64_1.3.0.v20260203-2149;C:\Users\emmmz\AppData\Local\Temp\jna-96631090

VM Arguments:
jvm_args: --add-modules=ALL-SYSTEM --add-opens=java.base/java.util=ALL-UNNAMED --add-opens=java.base/java.lang=ALL-UNNAMED --add-opens=java.base/sun.nio.fs=ALL-UNNAMED -Declipse.application=org.eclipse.jdt.ls.core.id1 -Dosgi.bundles.defaultStartLevel=4 -Declipse.product=org.eclipse.jdt.ls.core.product -Djava.import.generatesMetadataFilesAtProjectRoot=false -DDetectVMInstallationsJob.disabled=true -Dfile.encoding=utf8 -XX:+UseParallelGC -XX:GCTimeRatio=4 -XX:AdaptiveSizePolicyWeight=90 -Dsun.zip.disableMemoryMapping=true -Xmx2G -Xms100m -Xlog:disable -javaagent:c:\Users\emmmz\.antigravity\extensions\redhat.java-1.53.0-win32-x64\lombok\lombok-1.18.39-4050.jar 
java_command: c:\Users\emmmz\.antigravity\extensions\redhat.java-1.53.0-win32-x64\server\plugins\org.eclipse.equinox.launcher_1.7.100.v20251111-0406.jar -configuration c:\Users\emmmz\AppData\Roaming\Antigravity\User\globalStorage\redhat.java\1.53.0\config_ss_win -data c:\Users\emmmz\AppData\Roaming\Antigravity\User\workspaceStorage\9411440532b7ac369f8afd7c0c09128e\redhat.java\ss_ws --pipe=\\.\pipe\lsp-2f87be5e1b73b3fc2c88ce1a7b27d8e2-sock
java_class_path (initial): c:\Users\emmmz\.antigravity\extensions\redhat.java-1.53.0-win32-x64\server\plugins\org.eclipse.equinox.launcher_1.7.100.v20251111-0406.jar
Launcher Type: SUN_STANDARD

[Global flags]
    uintx AdaptiveSizePolicyWeight                 = 90                                        {product} {command line}
     intx CICompilerCount                          = 4                                         {product} {ergonomic}
    uintx GCTimeRatio                              = 4                                         {product} {command line}
   size_t InitialHeapSize                          = 104857600                                 {product} {command line}
   size_t MaxHeapSize                              = 2147483648                                {product} {command line}
   size_t MaxNewSize                               = 715653120                                 {product} {ergonomic}
   size_t MinHeapDeltaBytes                        = 524288                                    {product} {ergonomic}
   size_t MinHeapSize                              = 104857600                                 {product} {command line}
   size_t NewSize                                  = 34603008                                  {product} {ergonomic}
    uintx NonNMethodCodeHeapSize                   = 5839372                                {pd product} {ergonomic}
    uintx NonProfiledCodeHeapSize                  = 122909434                              {pd product} {ergonomic}
   size_t OldSize                                  = 70254592                                  {product} {ergonomic}
    uintx ProfiledCodeHeapSize                     = 122909434                              {pd product} {ergonomic}
    uintx ReservedCodeCacheSize                    = 251658240                              {pd product} {ergonomic}
     bool SegmentedCodeCache                       = true                                      {product} {ergonomic}
   size_t SoftMaxHeapSize                          = 2147483648                             {manageable} {ergonomic}
     bool UseCompressedOops                        = true                           {product lp64_product} {ergonomic}
     bool UseLargePagesIndividualAllocation        = false                                  {pd product} {ergonomic}
     bool UseParallelGC                            = true                                      {product} {command line}

Logging:
Log output configuration:
 #0: stdout all=off uptime,level,tags foldmultilines=false
 #1: stderr all=off uptime,level,tags foldmultilines=false

Release file:
JAVA_VERSION="21.0.10" 
MODULES="java.base java.compiler java.datatransfer java.xml java.prefs java.desktop java.instrument java.logging java.management java.security.sasl java.naming java.rmi java.management.rmi java.net.http java.scripting java.security.jgss java.transaction.xa java.sql java.sql.rowset java.xml.crypto java.se java.smartcardio jdk.accessibility jdk.internal.jvmstat jdk.attach jdk.charsets jdk.internal.opt jdk.zipfs jdk.compiler jdk.crypto.ec jdk.crypto.cryptoki jdk.crypto.mscapi jdk.dynalink jdk.internal.ed jdk.editpad jdk.hotspot.agent jdk.httpserver jdk.internal.le jdk.internal.vm.ci jdk.internal.vm.compiler jdk.internal.vm.compiler.management jdk.jartool jdk.javadoc jdk.jcmd jdk.management jdk.management.agent jdk.jconsole jdk.jdeps jdk.jdwp.agent jdk.jdi jdk.jfr jdk.jshell jdk.jsobject jdk.jstatd jdk.localedata jdk.management.jfr jdk.naming.dns jdk.naming.rmi jdk.net jdk.nio.mapmode jdk.random jdk.sctp jdk.security.auth jdk.security.jgss jdk.unsupported jdk.unsupported.desktop jdk.xml.dom" 

Environment Variables:
PATH=C:\xampp_lite_8_4\apps\php;C:\Python313\Scripts\;C:\Python313\;C:\Program Files (x86)\NVIDIA Corporation\PhysX\Common;C:\Program Files\Common Files\Oracle\Java\javapath;C:\oraclexe\app\oracle\product\11.2.0\server\bin;C:\Windows\System32\HWAudioDriverLibs;C:\Windows\system32;C:\Windows;C:\Windows\System32\Wbem;C:\Windows\System32\WindowsPowerShell\v1.0\;C:\Windows\System32\OpenSSH\;C:\Users\Administrator\AppData\Local\Microsoft\WindowsApps;C:\WINDOWS\system32;C:\WINDOWS;C:\WINDOWS\System32\Wbem;C:\WINDOWS\System32\WindowsPowerShell\v1.0\;C:\WINDOWS\System32\OpenSSH\;C:\Program Files\Microsoft SQL Server\120\Tools\Binn\;C:\Program Files\Common Files\Autodesk Shared\;C:\Program Files\dotnet\;C:\Windows\SysWow64\;C:\Program Files\Git\cmd;D:\ComposerSetup;C:\sqlite3;C:\Program Files\nodejs\;C:\ProgramData\chocolatey\bin;C:\Program Files\Microsoft SQL Server\150\Tools\Binn\;C:\WINDOWS\system32;C:\WINDOWS;C:\WINDOWS\System32\Wbem;C:\WINDOWS\System32\WindowsPowerShell\v1.0\;C:\WINDOWS\System32\OpenSSH\;C:\ProgramData\ComposerSetup\bin;;C:\Users\emmmz\AppData\Local\Programs\Microsoft VS Code\bin;C:\Users\emmmz\AppData\Local\Programs\Antigravity\bin
USERNAME=emmmz
OS=Windows_NT
PROCESSOR_IDENTIFIER=Intel64 Family 6 Model 140 Stepping 1, GenuineIntel
TMP=C:\Users\emmmz\AppData\Local\Temp
TEMP=C:\Users\emmmz\AppData\Local\Temp




Periodic native trim disabled

---------------  S Y S T E M  ---------------

OS:
 Windows 11 , 64 bit Build 26100 (10.0.26100.7920)
OS uptime: 1 days 23:08 hours
Hyper-V role detected

CPU: total 8 (initial active 8) (4 cores per cpu, 2 threads per core) family 6 model 140 stepping 1 microcode 0x8a, cx8, cmov, fxsr, ht, mmx, 3dnowpref, sse, sse2, sse3, ssse3, sse4.1, sse4.2, popcnt, lzcnt, tsc, tscinvbit, avx, avx2, aes, erms, clmul, bmi1, bmi2, adx, avx512f, avx512dq, avx512cd, avx512bw, avx512vl, sha, fma, vzeroupper, avx512_vpopcntdq, avx512_vpclmulqdq, avx512_vaes, avx512_vnni, clflush, clflushopt, clwb, avx512_vbmi2, avx512_vbmi, hv, rdtscp, rdpid, fsrm, gfni, avx512_bitalg, f16c, cet_ibt, cet_ss, avx512_ifma
Processor Information for processor 0
  Max Mhz: 2419, Current Mhz: 1007, Mhz Limit: 2419
Processor Information for processor 1
  Max Mhz: 2419, Current Mhz: 1007, Mhz Limit: 2419
Processor Information for processor 2
  Max Mhz: 2419, Current Mhz: 1007, Mhz Limit: 2419
Processor Information for processor 3
  Max Mhz: 2419, Current Mhz: 1007, Mhz Limit: 2419
Processor Information for processor 4
  Max Mhz: 2419, Current Mhz: 1007, Mhz Limit: 2419
Processor Information for processor 5
  Max Mhz: 2419, Current Mhz: 2419, Mhz Limit: 2419
Processor Information for processor 6
  Max Mhz: 2419, Current Mhz: 1007, Mhz Limit: 2419
Processor Information for processor 7
  Max Mhz: 2419, Current Mhz: 1007, Mhz Limit: 2419

Memory: 4k page, system-wide physical 7991M (882M free)
TotalPageFile size 16183M (AvailPageFile size 11M)
current process WorkingSet (physical memory assigned to process): 209M, peak: 210M
current process commit charge ("private bytes"): 317M, peak: 319M

vm_info: OpenJDK 64-Bit Server VM (21.0.10+7-LTS) for windows-amd64 JRE (21.0.10+7-LTS), built on 2026-01-20T00:00:00Z by "admin" with MS VC++ 17.12 (VS2022)

END.
