#
# There is insufficient memory for the Java Runtime Environment to continue.
# Native memory allocation (malloc) failed to allocate 1112496 bytes. Error detail: Chunk::new
# Possible reasons:
#   The system is out of physical RAM or swap space
#   This process is running with CompressedOops enabled, and the Java Heap may be blocking the growth of the native heap
# Possible solutions:
#   Reduce memory load on the system
#   Increase physical memory or swap space
#   Check if swap backing store is full
#   Decrease Java heap size (-Xmx/-Xms)
#   Decrease number of Java threads
#   Decrease Java thread stack sizes (-Xss)
#   Set larger code cache with -XX:ReservedCodeCacheSize=
#   JVM is running with Unscaled Compressed Oops mode in which the Java heap is
#     placed in the first 4GB address space. The Java Heap base address is the
#     maximum limit for the native heap growth. Please use -XX:HeapBaseMinAddress
#     to set the Java Heap base and to place the Java Heap above 4GB virtual address.
# This output file may be truncated or incomplete.
#
#  Out of Memory Error (arena.cpp:168), pid=16704, tid=20088
#
# JRE version: OpenJDK Runtime Environment Temurin-21.0.10+7 (21.0.10+7) (build 21.0.10+7-LTS)
# Java VM: OpenJDK 64-Bit Server VM Temurin-21.0.10+7 (21.0.10+7-LTS, mixed mode, sharing, tiered, compressed oops, compressed class ptrs, parallel gc, windows-amd64)
# No core dump will be written. Minidumps are not enabled by default on client versions of Windows
#

---------------  S U M M A R Y ------------

Command Line: --add-modules=ALL-SYSTEM --add-opens=java.base/java.util=ALL-UNNAMED --add-opens=java.base/java.lang=ALL-UNNAMED --add-opens=java.base/sun.nio.fs=ALL-UNNAMED -Declipse.application=org.eclipse.jdt.ls.core.id1 -Dosgi.bundles.defaultStartLevel=4 -Declipse.product=org.eclipse.jdt.ls.core.product -Djava.import.generatesMetadataFilesAtProjectRoot=false -DDetectVMInstallationsJob.disabled=true -Dfile.encoding=utf8 -XX:+UseParallelGC -XX:GCTimeRatio=4 -XX:AdaptiveSizePolicyWeight=90 -Dsun.zip.disableMemoryMapping=true -Xmx2G -Xms100m -Xlog:disable -javaagent:c:\Users\emmmz\.antigravity\extensions\redhat.java-1.54.0-win32-x64\lombok\lombok-1.18.39-4050.jar -XX:+HeapDumpOnOutOfMemoryError -XX:HeapDumpPath=c:\Users\emmmz\AppData\Roaming\Antigravity\User\workspaceStorage\9411440532b7ac369f8afd7c0c09128e\redhat.java -Daether.dependencyCollector.impl=bf c:\Users\emmmz\.antigravity\extensions\redhat.java-1.54.0-win32-x64\server\plugins\org.eclipse.equinox.launcher_1.7.100.v20251111-0406.jar -configuration c:\Users\emmmz\AppData\Roaming\Antigravity\User\globalStorage\redhat.java\1.54.0\config_win -data c:\Users\emmmz\AppData\Roaming\Antigravity\User\workspaceStorage\9411440532b7ac369f8afd7c0c09128e\redhat.java\jdt_ws --pipe=\\.\pipe\lsp-9a2abca99d652f5d504e36a3e10c8f4c-sock

Host: 11th Gen Intel(R) Core(TM) i5-1135G7 @ 2.40GHz, 8 cores, 7G,  Windows 11 , 64 bit Build 26100 (10.0.26100.7920)
Time: Sat Apr 18 22:30:56 2026 Afr. centrale Ouest elapsed time: 15.194616 seconds (0d 0h 0m 15s)

---------------  T H R E A D  ---------------

Current thread (0x000002399b33bf40):  JavaThread "C2 CompilerThread0" daemon [_thread_in_native, id=20088, stack(0x0000005b27a00000,0x0000005b27b00000) (1024K)]


Current CompileTask:
C2:15194 10100   !   4       org.eclipse.osgi.internal.loader.classpath.ClasspathManager::defineClass (636 bytes)

Stack: [0x0000005b27a00000,0x0000005b27b00000]
Native frames: (J=compiled Java code, j=interpreted, Vv=VM code, C=native code)
V  [jvm.dll+0x6d7a39]
V  [jvm.dll+0x8b4b26]
V  [jvm.dll+0x8b70de]
V  [jvm.dll+0x8b77c3]
V  [jvm.dll+0x284346]
V  [jvm.dll+0xc66ed]
V  [jvm.dll+0xc6c31]
V  [jvm.dll+0x3bec01]
V  [jvm.dll+0x38b162]
V  [jvm.dll+0x38a5aa]
V  [jvm.dll+0x24c560]
V  [jvm.dll+0x24bb40]
V  [jvm.dll+0x1cb34e]
V  [jvm.dll+0x25b85d]
V  [jvm.dll+0x259dea]
V  [jvm.dll+0x3f857e]
V  [jvm.dll+0x85f59d]
V  [jvm.dll+0x6d626d]
C  [ucrtbase.dll+0x37b0]
C  [KERNEL32.DLL+0x2e8d7]
C  [ntdll.dll+0x8c48c]


---------------  P R O C E S S  ---------------

Threads class SMR info:
_java_thread_list=0x00000239e4e991a0, length=68, elements={
0x00000239848aecf0, 0x000002398496ca90, 0x000002398496e6b0, 0x000002399b3299f0,
0x000002399b32c6e0, 0x000002399b331330, 0x000002399b334540, 0x000002399b33bf40,
0x000002399b342c20, 0x00000239e2276770, 0x00000239e2341cf0, 0x00000239e2b3cfb0,
0x00000239e26813b0, 0x00000239e2957080, 0x00000239e29576f0, 0x00000239e30a1c80,
0x00000239e357db40, 0x00000239e3665690, 0x00000239e36bb130, 0x00000239e222c2e0,
0x00000239e222e3b0, 0x00000239e222d000, 0x00000239e222dd20, 0x00000239e222ea40,
0x00000239e222b5c0, 0x00000239e222bc50, 0x00000239e222c970, 0x00000239e222d690,
0x00000239e571e700, 0x00000239e57207d0, 0x00000239e571f420, 0x00000239e5721b80,
0x00000239e5722210, 0x00000239e5720e60, 0x00000239e57214f0, 0x00000239e5720140,
0x00000239e571fab0, 0x00000239e571ed90, 0x00000239e5722f30, 0x00000239e5725000,
0x00000239e57235c0, 0x00000239e5725690, 0x00000239e57228a0, 0x00000239e5723c50,
0x00000239e57242e0, 0x00000239e5724970, 0x00000239eea30300, 0x00000239eea30990,
0x00000239eea323d0, 0x00000239eea2f5e0, 0x00000239eea316b0, 0x00000239eea31d40,
0x00000239eea2fc70, 0x00000239eea344a0, 0x00000239eea34b30, 0x00000239eea32a60,
0x00000239eea35850, 0x00000239eea35ee0, 0x00000239eea36570, 0x00000239eec079d0,
0x00000239eec06cb0, 0x00000239eec05f90, 0x00000239eec05900, 0x00000239eec05270,
0x00000239eec09410, 0x00000239eec08d80, 0x00000239eec086f0, 0x00000239eec0a7c0
}

Java Threads: ( => current thread )
  0x00000239848aecf0 JavaThread "main"                              [_thread_blocked, id=12412, stack(0x0000005b27000000,0x0000005b27100000) (1024K)]
  0x000002398496ca90 JavaThread "Reference Handler"          daemon [_thread_blocked, id=11564, stack(0x0000005b27400000,0x0000005b27500000) (1024K)]
  0x000002398496e6b0 JavaThread "Finalizer"                  daemon [_thread_blocked, id=9076, stack(0x0000005b27500000,0x0000005b27600000) (1024K)]
  0x000002399b3299f0 JavaThread "Signal Dispatcher"          daemon [_thread_blocked, id=5508, stack(0x0000005b27600000,0x0000005b27700000) (1024K)]
  0x000002399b32c6e0 JavaThread "Attach Listener"            daemon [_thread_blocked, id=10232, stack(0x0000005b27700000,0x0000005b27800000) (1024K)]
  0x000002399b331330 JavaThread "Service Thread"             daemon [_thread_blocked, id=20748, stack(0x0000005b27800000,0x0000005b27900000) (1024K)]
  0x000002399b334540 JavaThread "Monitor Deflation Thread"   daemon [_thread_blocked, id=2772, stack(0x0000005b27900000,0x0000005b27a00000) (1024K)]
=>0x000002399b33bf40 JavaThread "C2 CompilerThread0"         daemon [_thread_in_native, id=20088, stack(0x0000005b27a00000,0x0000005b27b00000) (1024K)]
  0x000002399b342c20 JavaThread "C1 CompilerThread0"         daemon [_thread_blocked, id=9512, stack(0x0000005b27b00000,0x0000005b27c00000) (1024K)]
  0x00000239e2276770 JavaThread "Common-Cleaner"             daemon [_thread_blocked, id=6156, stack(0x0000005b27d00000,0x0000005b27e00000) (1024K)]
  0x00000239e2341cf0 JavaThread "Notification Thread"        daemon [_thread_blocked, id=18876, stack(0x0000005b27e00000,0x0000005b27f00000) (1024K)]
  0x00000239e2b3cfb0 JavaThread "Active Thread: Equinox Container: 37541076-6019-4029-9709-8147c0e72275"        [_thread_blocked, id=19128, stack(0x0000005b28600000,0x0000005b28700000) (1024K)]
  0x00000239e26813b0 JavaThread "Refresh Thread: Equinox Container: 37541076-6019-4029-9709-8147c0e72275" daemon [_thread_blocked, id=19640, stack(0x0000005b28700000,0x0000005b28800000) (1024K)]
  0x00000239e2957080 JavaThread "Framework Event Dispatcher: Equinox Container: 37541076-6019-4029-9709-8147c0e72275" daemon [_thread_blocked, id=3940, stack(0x0000005b28800000,0x0000005b28900000) (1024K)]
  0x00000239e29576f0 JavaThread "Start Level: Equinox Container: 37541076-6019-4029-9709-8147c0e72275" daemon [_thread_blocked, id=7772, stack(0x0000005b28900000,0x0000005b28a00000) (1024K)]
  0x00000239e30a1c80 JavaThread "Bundle File Closer"         daemon [_thread_blocked, id=17160, stack(0x0000005b28b00000,0x0000005b28c00000) (1024K)]
  0x00000239e357db40 JavaThread "SCR Component Actor"        daemon [_thread_blocked, id=6720, stack(0x0000005b27c00000,0x0000005b27d00000) (1024K)]
  0x00000239e3665690 JavaThread "Worker-JM"                         [_thread_blocked, id=13708, stack(0x0000005b28c00000,0x0000005b28d00000) (1024K)]
  0x00000239e36bb130 JavaThread "C2 CompilerThread1"         daemon [_thread_in_native, id=1196, stack(0x0000005b28a00000,0x0000005b28b00000) (1024K)]
  0x00000239e222c2e0 JavaThread "JNA Cleaner"                daemon [_thread_blocked, id=10364, stack(0x0000005b28e00000,0x0000005b28f00000) (1024K)]
  0x00000239e222e3b0 JavaThread "Worker-0"                          [_thread_blocked, id=17428, stack(0x0000005b28f00000,0x0000005b29000000) (1024K)]
  0x00000239e222d000 JavaThread "Worker-1"                          [_thread_blocked, id=9328, stack(0x0000005b29000000,0x0000005b29100000) (1024K)]
  0x00000239e222dd20 JavaThread "Worker-2"                          [_thread_blocked, id=18052, stack(0x0000005b29100000,0x0000005b29200000) (1024K)]
  0x00000239e222ea40 JavaThread "Java indexing"              daemon [_thread_blocked, id=4980, stack(0x0000005b29200000,0x0000005b29300000) (1024K)]
  0x00000239e222b5c0 JavaThread "Worker-3: Initialize Workspace"        [_thread_blocked, id=11924, stack(0x0000005b29500000,0x0000005b29600000) (1024K)]
  0x00000239e222bc50 JavaThread "Worker-4: Initialize workspace"        [_thread_in_vm, id=15992, stack(0x0000005b29600000,0x0000005b29700000) (1024K)]
  0x00000239e222c970 JavaThread "Worker-5"                          [_thread_blocked, id=14440, stack(0x0000005b29700000,0x0000005b29800000) (1024K)]
  0x00000239e222d690 JavaThread "Thread-1"                   daemon [_thread_in_native, id=10480, stack(0x0000005b29800000,0x0000005b29900000) (1024K)]
  0x00000239e571e700 JavaThread "Thread-2"                   daemon [_thread_in_native, id=19296, stack(0x0000005b29900000,0x0000005b29a00000) (1024K)]
  0x00000239e57207d0 JavaThread "Thread-3"                   daemon [_thread_in_native, id=5616, stack(0x0000005b29a00000,0x0000005b29b00000) (1024K)]
  0x00000239e571f420 JavaThread "Thread-4"                   daemon [_thread_in_native, id=7684, stack(0x0000005b29b00000,0x0000005b29c00000) (1024K)]
  0x00000239e5721b80 JavaThread "Thread-5"                   daemon [_thread_in_native, id=3052, stack(0x0000005b29c00000,0x0000005b29d00000) (1024K)]
  0x00000239e5722210 JavaThread "Thread-6"                   daemon [_thread_in_native, id=2912, stack(0x0000005b29d00000,0x0000005b29e00000) (1024K)]
  0x00000239e5720e60 JavaThread "Thread-7"                   daemon [_thread_in_native, id=18568, stack(0x0000005b29e00000,0x0000005b29f00000) (1024K)]
  0x00000239e57214f0 JavaThread "Thread-8"                   daemon [_thread_in_native, id=19952, stack(0x0000005b29f00000,0x0000005b2a000000) (1024K)]
  0x00000239e5720140 JavaThread "Thread-9"                   daemon [_thread_in_native, id=11772, stack(0x0000005b2a000000,0x0000005b2a100000) (1024K)]
  0x00000239e571fab0 JavaThread "pool-2-thread-1"                   [_thread_blocked, id=20112, stack(0x0000005b2a100000,0x0000005b2a200000) (1024K)]
  0x00000239e571ed90 JavaThread "WorkspaceEventsHandler"            [_thread_blocked, id=2464, stack(0x0000005b2a200000,0x0000005b2a300000) (1024K)]
  0x00000239e5722f30 JavaThread "pool-1-thread-1"                   [_thread_in_Java, id=19840, stack(0x0000005b2a300000,0x0000005b2a400000) (1024K)]
  0x00000239e5725000 JavaThread "LocalFile Deleter"          daemon [_thread_blocked, id=2752, stack(0x0000005b2a400000,0x0000005b2a500000) (1024K)]
  0x00000239e57235c0 JavaThread "LocalFile Deleter"          daemon [_thread_blocked, id=15480, stack(0x0000005b2a500000,0x0000005b2a600000) (1024K)]
  0x00000239e5725690 JavaThread "LocalFile Deleter"          daemon [_thread_blocked, id=2532, stack(0x0000005b2a600000,0x0000005b2a700000) (1024K)]
  0x00000239e57228a0 JavaThread "LocalFile Deleter"          daemon [_thread_blocked, id=6012, stack(0x0000005b2a700000,0x0000005b2a800000) (1024K)]
  0x00000239e5723c50 JavaThread "LocalFile Deleter"          daemon [_thread_blocked, id=15260, stack(0x0000005b2a800000,0x0000005b2a900000) (1024K)]
  0x00000239e57242e0 JavaThread "LocalFile Deleter"          daemon [_thread_blocked, id=6972, stack(0x0000005b2a900000,0x0000005b2aa00000) (1024K)]
  0x00000239e5724970 JavaThread "LocalFile Deleter"          daemon [_thread_blocked, id=7436, stack(0x0000005b2aa00000,0x0000005b2ab00000) (1024K)]
  0x00000239eea30300 JavaThread "LocalFile Deleter"          daemon [_thread_blocked, id=19232, stack(0x0000005b2ab00000,0x0000005b2ac00000) (1024K)]
  0x00000239eea30990 JavaThread "Compiler Source File Reader" daemon [_thread_blocked, id=15968, stack(0x0000005b2ac00000,0x0000005b2ad00000) (1024K)]
  0x00000239eea323d0 JavaThread "Compiler Source File Reader" daemon [_thread_blocked, id=17016, stack(0x0000005b2ad00000,0x0000005b2ae00000) (1024K)]
  0x00000239eea2f5e0 JavaThread "Compiler Source File Reader" daemon [_thread_blocked, id=17304, stack(0x0000005b2ae00000,0x0000005b2af00000) (1024K)]
  0x00000239eea316b0 JavaThread "Compiler Source File Reader" daemon [_thread_blocked, id=13872, stack(0x0000005b2af00000,0x0000005b2b000000) (1024K)]
  0x00000239eea31d40 JavaThread "Compiler Source File Reader" daemon [_thread_blocked, id=6916, stack(0x0000005b2b000000,0x0000005b2b100000) (1024K)]
  0x00000239eea2fc70 JavaThread "Compiler Source File Reader" daemon [_thread_blocked, id=16500, stack(0x0000005b2b100000,0x0000005b2b200000) (1024K)]
  0x00000239eea344a0 JavaThread "ForkJoinPool.commonPool-worker-1" daemon [_thread_blocked, id=21492, stack(0x0000005b2b200000,0x0000005b2b300000) (1024K)]
  0x00000239eea34b30 JavaThread "ForkJoinPool.commonPool-worker-2" daemon [_thread_blocked, id=13296, stack(0x0000005b2b300000,0x0000005b2b400000) (1024K)]
  0x00000239eea32a60 JavaThread "ForkJoinPool.commonPool-worker-3" daemon [_thread_blocked, id=20256, stack(0x0000005b2b400000,0x0000005b2b500000) (1024K)]
  0x00000239eea35850 JavaThread "ForkJoinPool.commonPool-worker-4" daemon [_thread_blocked, id=14696, stack(0x0000005b2b500000,0x0000005b2b600000) (1024K)]
  0x00000239eea35ee0 JavaThread "ForkJoinPool.commonPool-worker-5" daemon [_thread_blocked, id=8460, stack(0x0000005b2b600000,0x0000005b2b700000) (1024K)]
  0x00000239eea36570 JavaThread "ForkJoinPool.commonPool-worker-6" daemon [_thread_blocked, id=8464, stack(0x0000005b2b700000,0x0000005b2b800000) (1024K)]
  0x00000239eec079d0 JavaThread "ForkJoinPool.commonPool-worker-7" daemon [_thread_blocked, id=6208, stack(0x0000005b2b800000,0x0000005b2b900000) (1024K)]
  0x00000239eec06cb0 JavaThread "Compiler Processing Task"   daemon [_thread_blocked, id=15884, stack(0x0000005b2b900000,0x0000005b2ba00000) (1024K)]
  0x00000239eec05f90 JavaThread "Compiler Class File Writer" daemon [_thread_blocked, id=1628, stack(0x0000005b2ba00000,0x0000005b2bb00000) (1024K)]
  0x00000239eec05900 JavaThread "Compiler Class File Writer" daemon [_thread_blocked, id=7628, stack(0x0000005b2bb00000,0x0000005b2bc00000) (1024K)]
  0x00000239eec05270 JavaThread "Compiler Class File Writer" daemon [_thread_blocked, id=18892, stack(0x0000005b2bc00000,0x0000005b2bd00000) (1024K)]
  0x00000239eec09410 JavaThread "Compiler Class File Writer" daemon [_thread_blocked, id=15612, stack(0x0000005b2bd00000,0x0000005b2be00000) (1024K)]
  0x00000239eec08d80 JavaThread "Compiler Class File Writer" daemon [_thread_blocked, id=21044, stack(0x0000005b2be00000,0x0000005b2bf00000) (1024K)]
  0x00000239eec086f0 JavaThread "Compiler Class File Writer" daemon [_thread_blocked, id=5840, stack(0x0000005b2bf00000,0x0000005b2c000000) (1024K)]
  0x00000239eec0a7c0 JavaThread "Timer-0"                           [_thread_blocked, id=11084, stack(0x0000005b2c100000,0x0000005b2c200000) (1024K)]
Total: 68

Other Threads:
  0x000002399b322d40 VMThread "VM Thread"                           [id=21320, stack(0x0000005b27300000,0x0000005b27400000) (1024K)]
  0x000002398491b380 WatcherThread "VM Periodic Task Thread"        [id=5228, stack(0x0000005b27200000,0x0000005b27300000) (1024K)]
  0x00000239848ce520 WorkerThread "GC Thread#0"                     [id=15076, stack(0x0000005b27100000,0x0000005b27200000) (1024K)]
  0x00000239e286ebf0 WorkerThread "GC Thread#1"                     [id=14816, stack(0x0000005b28000000,0x0000005b28100000) (1024K)]
  0x00000239e2d30b90 WorkerThread "GC Thread#2"                     [id=21180, stack(0x0000005b28100000,0x0000005b28200000) (1024K)]
  0x00000239e286efa0 WorkerThread "GC Thread#3"                     [id=13648, stack(0x0000005b28200000,0x0000005b28300000) (1024K)]
  0x00000239e286f350 WorkerThread "GC Thread#4"                     [id=5544, stack(0x0000005b28300000,0x0000005b28400000) (1024K)]
  0x00000239e2874730 WorkerThread "GC Thread#5"                     [id=1396, stack(0x0000005b28400000,0x0000005b28500000) (1024K)]
  0x00000239e284bab0 WorkerThread "GC Thread#6"                     [id=19892, stack(0x0000005b28500000,0x0000005b28600000) (1024K)]
  0x00000239e31ba680 WorkerThread "GC Thread#7"                     [id=19632, stack(0x0000005b27f00000,0x0000005b28000000) (1024K)]
Total: 10

Threads with active compile tasks:
C2 CompilerThread0  15214 10100   !   4       org.eclipse.osgi.internal.loader.classpath.ClasspathManager::defineClass (636 bytes)
C2 CompilerThread1  15214 10225       4       java.lang.reflect.Field::get (39 bytes)
Total: 2

VM state: not at safepoint (normal execution)

VM Mutex/Monitor currently owned by a thread: None

Heap address: 0x0000000080000000, size: 2048 MB, Compressed Oops mode: 32-bit

CDS archive(s) mapped at: [0x000002399c000000-0x000002399cba0000-0x000002399cba0000), size 12189696, SharedBaseAddress: 0x000002399c000000, ArchiveRelocationMode: 1.
Compressed class space mapped at: 0x000002399d000000-0x00000239dd000000, reserved size: 1073741824
Narrow klass base: 0x000002399c000000, Narrow klass shift: 0, Narrow klass range: 0x100000000

GC Precious Log:
 CardTable entry size: 512
 CPUs: 8 total, 8 available
 Memory: 7991M
 Large Page Support: Disabled
 NUMA Support: Disabled
 Compressed Oops: Enabled (32-bit)
 Alignments: Space 512K, Generation 512K, Heap 2M
 Heap Min Capacity: 100M
 Heap Initial Capacity: 100M
 Heap Max Capacity: 2G
 Pre-touch: Disabled
 Parallel Workers: 8

Heap:
 PSYoungGen      total 15872K, used 7289K [0x00000000d5580000, 0x00000000d6980000, 0x0000000100000000)
  eden space 14848K, 44% used [0x00000000d5580000,0x00000000d5bffad8,0x00000000d6400000)
  from space 1024K, 61% used [0x00000000d6880000,0x00000000d691ea88,0x00000000d6980000)
  to   space 1024K, 0% used [0x00000000d6780000,0x00000000d6780000,0x00000000d6880000)
 ParOldGen       total 79360K, used 79054K [0x0000000080000000, 0x0000000084d80000, 0x00000000d5580000)
  object space 79360K, 99% used [0x0000000080000000,0x0000000084d33a20,0x0000000084d80000)
 Metaspace       used 68009K, committed 69440K, reserved 1114112K
  class space    used 7722K, committed 8320K, reserved 1048576K

Card table byte_map: [0x0000023984260000,0x0000023984670000] _byte_map_base: 0x0000023983e60000

Marking Bits: (ParMarkBitMap*) 0x00007ffaa9cd3450
 Begin Bits: [0x0000023996d60000, 0x0000023998d60000)
 End Bits:   [0x0000023998d60000, 0x000002399ad60000)

Polling page: 0x0000023982990000

Metaspace:

Usage:
  Non-class:     58.87 MB used.
      Class:      7.54 MB used.
       Both:     66.42 MB used.

Virtual space:
  Non-class space:       64.00 MB reserved,      59.69 MB ( 93%) committed,  1 nodes.
      Class space:        1.00 GB reserved,       8.12 MB ( <1%) committed,  1 nodes.
             Both:        1.06 GB reserved,      67.81 MB (  6%) committed. 

Chunk freelists:
   Non-Class:  3.84 MB
       Class:  7.93 MB
        Both:  11.77 MB

MaxMetaspaceSize: unlimited
CompressedClassSpaceSize: 1.00 GB
Initial GC threshold: 21.00 MB
Current GC threshold: 97.31 MB
CDS: on
 - commit_granule_bytes: 65536.
 - commit_granule_words: 8192.
 - virtual_space_node_default_size: 8388608.
 - enlarge_chunks_in_place: 1.
 - use_allocation_guard: 0.


Internal statistics:

num_allocs_failed_limit: 9.
num_arena_births: 1146.
num_arena_deaths: 14.
num_vsnodes_births: 2.
num_vsnodes_deaths: 0.
num_space_committed: 1085.
num_space_uncommitted: 0.
num_chunks_returned_to_freelist: 23.
num_chunks_taken_from_freelist: 4223.
num_chunk_merges: 7.
num_chunk_splits: 2643.
num_chunks_enlarged: 1624.
num_inconsistent_stats: 0.

CodeHeap 'non-profiled nmethods': size=120000Kb used=6193Kb max_used=6193Kb free=113806Kb
 bounds [0x000002398f580000, 0x000002398fb90000, 0x0000023996ab0000]
CodeHeap 'profiled nmethods': size=120000Kb used=20934Kb max_used=20934Kb free=99065Kb
 bounds [0x0000023987ab0000, 0x0000023988f30000, 0x000002398efe0000]
CodeHeap 'non-nmethods': size=5760Kb used=1426Kb max_used=1532Kb free=4334Kb
 bounds [0x000002398efe0000, 0x000002398f250000, 0x000002398f580000]
CodeCache: size=245760Kb, used=28553Kb, max_used=28659Kb, free=217205Kb
 total_blobs=10111, nmethods=9387, adapters=629, full_count=0
Compilation: enabled, stopped_count=0, restarted_count=0

Compilation events (20 events):
Event: 14.176 Thread 0x000002399b342c20 10212   !   3       org.eclipse.osgi.internal.framework.EquinoxBundle::adapt0 (939 bytes)
Event: 14.179 Thread 0x00000239e36bb130 nmethod 10206 0x000002398fb87b10 code [0x000002398fb87da0, 0x000002398fb88ec8]
Event: 14.179 Thread 0x00000239e36bb130 10207       4       java.lang.Integer::parseInt (264 bytes)
Event: 14.187 Thread 0x000002399b342c20 nmethod 10212 0x0000023988f09c10 code [0x0000023988f0ab20, 0x0000023988f14920]
Event: 14.188 Thread 0x00000239e36bb130 nmethod 10207 0x000002398fb89990 code [0x000002398fb89ba0, 0x000002398fb8a238]
Event: 14.188 Thread 0x00000239e36bb130 10211       4       org.lombokweb.asm.SymbolTable::addConstantUtf8Reference (101 bytes)
Event: 14.261 Thread 0x000002399b342c20 10213       1       org.eclipse.core.internal.jobs.JobManager::isActive (5 bytes)
Event: 14.261 Thread 0x000002399b342c20 nmethod 10213 0x000002398fb8a810 code [0x000002398fb8a9a0, 0x000002398fb8aa70]
Event: 14.262 Thread 0x000002399b342c20 10214       3       com.google.gson.stream.JsonWriter::name (56 bytes)
Event: 14.263 Thread 0x000002399b342c20 nmethod 10214 0x0000023988f18610 code [0x0000023988f18840, 0x0000023988f18ea8]
Event: 14.263 Thread 0x000002399b342c20 10216       3       com.google.gson.stream.JsonWriter::beforeName (49 bytes)
Event: 14.263 Thread 0x000002399b342c20 nmethod 10216 0x0000023988f19190 code [0x0000023988f193a0, 0x0000023988f19950]
Event: 14.263 Thread 0x000002399b342c20 10219       3       org.eclipse.core.internal.dtree.AbstractDataTreeNode::compareWith (364 bytes)
Event: 14.265 Thread 0x000002399b342c20 nmethod 10219 0x0000023988f19c10 code [0x0000023988f19fa0, 0x0000023988f1bef0]
Event: 14.265 Thread 0x000002399b342c20 10218       3       org.eclipse.core.internal.dtree.DataTreeNode::compareWith (74 bytes)
Event: 14.265 Thread 0x000002399b342c20 nmethod 10218 0x0000023988f1c890 code [0x0000023988f1ca80, 0x0000023988f1cfa8]
Event: 14.265 Thread 0x000002399b342c20 10220       1       org.eclipse.core.internal.resources.Workspace::getMarkerManager (5 bytes)
Event: 14.265 Thread 0x000002399b342c20 nmethod 10220 0x000002398fb8ab10 code [0x000002398fb8aca0, 0x000002398fb8ad68]
Event: 14.265 Thread 0x000002399b342c20 10215       3       com.google.gson.stream.JsonWriter::value (24 bytes)
Event: 14.265 Thread 0x000002399b342c20 nmethod 10215 0x0000023988f1d290 code [0x0000023988f1d480, 0x0000023988f1d848]

GC Heap History (20 events):
Event: 12.523 GC heap before
{Heap before GC invocations=46 (full 3):
 PSYoungGen      total 15872K, used 13510K [0x00000000d5580000, 0x00000000d6d80000, 0x0000000100000000)
  eden space 14848K, 87% used [0x00000000d5580000,0x00000000d6221bc0,0x00000000d6400000)
  from space 1024K, 56% used [0x00000000d6c80000,0x00000000d6d10000,0x00000000d6d80000)
  to   space 3072K, 0% used [0x00000000d6780000,0x00000000d6780000,0x00000000d6a80000)
 ParOldGen       total 71680K, used 63265K [0x0000000080000000, 0x0000000084600000, 0x00000000d5580000)
  object space 71680K, 88% used [0x0000000080000000,0x0000000083dc86b0,0x0000000084600000)
 Metaspace       used 61380K, committed 62656K, reserved 1114112K
  class space    used 6588K, committed 7104K, reserved 1048576K
}
Event: 12.525 GC heap after
{Heap after GC invocations=46 (full 3):
 PSYoungGen      total 17920K, used 3069K [0x00000000d5580000, 0x00000000d6f00000, 0x0000000100000000)
  eden space 14848K, 0% used [0x00000000d5580000,0x00000000d5580000,0x00000000d6400000)
  from space 3072K, 99% used [0x00000000d6780000,0x00000000d6a7f6b8,0x00000000d6a80000)
  to   space 4608K, 0% used [0x00000000d6a80000,0x00000000d6a80000,0x00000000d6f00000)
 ParOldGen       total 71680K, used 64845K [0x0000000080000000, 0x0000000084600000, 0x00000000d5580000)
  object space 71680K, 90% used [0x0000000080000000,0x0000000083f537c0,0x0000000084600000)
 Metaspace       used 61380K, committed 62656K, reserved 1114112K
  class space    used 6588K, committed 7104K, reserved 1048576K
}
Event: 12.680 GC heap before
{Heap before GC invocations=47 (full 3):
 PSYoungGen      total 17920K, used 17917K [0x00000000d5580000, 0x00000000d6f00000, 0x0000000100000000)
  eden space 14848K, 100% used [0x00000000d5580000,0x00000000d6400000,0x00000000d6400000)
  from space 3072K, 99% used [0x00000000d6780000,0x00000000d6a7f6b8,0x00000000d6a80000)
  to   space 4608K, 0% used [0x00000000d6a80000,0x00000000d6a80000,0x00000000d6f00000)
 ParOldGen       total 71680K, used 64845K [0x0000000080000000, 0x0000000084600000, 0x00000000d5580000)
  object space 71680K, 90% used [0x0000000080000000,0x0000000083f537c0,0x0000000084600000)
 Metaspace       used 62353K, committed 63680K, reserved 1114112K
  class space    used 6759K, committed 7296K, reserved 1048576K
}
Event: 12.683 GC heap after
{Heap after GC invocations=47 (full 3):
 PSYoungGen      total 19456K, used 4500K [0x00000000d5580000, 0x00000000d6f00000, 0x0000000100000000)
  eden space 14848K, 0% used [0x00000000d5580000,0x00000000d5580000,0x00000000d6400000)
  from space 4608K, 97% used [0x00000000d6a80000,0x00000000d6ee5260,0x00000000d6f00000)
  to   space 5120K, 0% used [0x00000000d6500000,0x00000000d6500000,0x00000000d6a00000)
 ParOldGen       total 71680K, used 68201K [0x0000000080000000, 0x0000000084600000, 0x00000000d5580000)
  object space 71680K, 95% used [0x0000000080000000,0x000000008429a4e8,0x0000000084600000)
 Metaspace       used 62353K, committed 63680K, reserved 1114112K
  class space    used 6759K, committed 7296K, reserved 1048576K
}
Event: 12.880 GC heap before
{Heap before GC invocations=48 (full 3):
 PSYoungGen      total 19456K, used 19348K [0x00000000d5580000, 0x00000000d6f00000, 0x0000000100000000)
  eden space 14848K, 100% used [0x00000000d5580000,0x00000000d6400000,0x00000000d6400000)
  from space 4608K, 97% used [0x00000000d6a80000,0x00000000d6ee5260,0x00000000d6f00000)
  to   space 5120K, 0% used [0x00000000d6500000,0x00000000d6500000,0x00000000d6a00000)
 ParOldGen       total 71680K, used 68201K [0x0000000080000000, 0x0000000084600000, 0x00000000d5580000)
  object space 71680K, 95% used [0x0000000080000000,0x000000008429a4e8,0x0000000084600000)
 Metaspace       used 63324K, committed 64640K, reserved 1114112K
  class space    used 6937K, committed 7488K, reserved 1048576K
}
Event: 12.883 GC heap after
{Heap after GC invocations=48 (full 3):
 PSYoungGen      total 15872K, used 704K [0x00000000d5580000, 0x00000000d6b00000, 0x0000000100000000)
  eden space 14848K, 0% used [0x00000000d5580000,0x00000000d5580000,0x00000000d6400000)
  from space 1024K, 68% used [0x00000000d6500000,0x00000000d65b0000,0x00000000d6600000)
  to   space 2560K, 0% used [0x00000000d6880000,0x00000000d6880000,0x00000000d6b00000)
 ParOldGen       total 74752K, used 72507K [0x0000000080000000, 0x0000000084900000, 0x00000000d5580000)
  object space 74752K, 96% used [0x0000000080000000,0x00000000846cec58,0x0000000084900000)
 Metaspace       used 63324K, committed 64640K, reserved 1114112K
  class space    used 6937K, committed 7488K, reserved 1048576K
}
Event: 13.010 GC heap before
{Heap before GC invocations=49 (full 3):
 PSYoungGen      total 15872K, used 15552K [0x00000000d5580000, 0x00000000d6b00000, 0x0000000100000000)
  eden space 14848K, 100% used [0x00000000d5580000,0x00000000d6400000,0x00000000d6400000)
  from space 1024K, 68% used [0x00000000d6500000,0x00000000d65b0000,0x00000000d6600000)
  to   space 2560K, 0% used [0x00000000d6880000,0x00000000d6880000,0x00000000d6b00000)
 ParOldGen       total 74752K, used 72507K [0x0000000080000000, 0x0000000084900000, 0x00000000d5580000)
  object space 74752K, 96% used [0x0000000080000000,0x00000000846cec58,0x0000000084900000)
 Metaspace       used 63546K, committed 64832K, reserved 1114112K
  class space    used 6962K, committed 7488K, reserved 1048576K
}
Event: 13.012 GC heap after
{Heap after GC invocations=49 (full 3):
 PSYoungGen      total 15360K, used 448K [0x00000000d5580000, 0x00000000d6900000, 0x0000000100000000)
  eden space 14848K, 0% used [0x00000000d5580000,0x00000000d5580000,0x00000000d6400000)
  from space 512K, 87% used [0x00000000d6880000,0x00000000d68f0000,0x00000000d6900000)
  to   space 1024K, 0% used [0x00000000d6700000,0x00000000d6700000,0x00000000d6800000)
 ParOldGen       total 74752K, used 73091K [0x0000000080000000, 0x0000000084900000, 0x00000000d5580000)
  object space 74752K, 97% used [0x0000000080000000,0x0000000084760c68,0x0000000084900000)
 Metaspace       used 63546K, committed 64832K, reserved 1114112K
  class space    used 6962K, committed 7488K, reserved 1048576K
}
Event: 13.236 GC heap before
{Heap before GC invocations=50 (full 3):
 PSYoungGen      total 15360K, used 15296K [0x00000000d5580000, 0x00000000d6900000, 0x0000000100000000)
  eden space 14848K, 100% used [0x00000000d5580000,0x00000000d6400000,0x00000000d6400000)
  from space 512K, 87% used [0x00000000d6880000,0x00000000d68f0000,0x00000000d6900000)
  to   space 1024K, 0% used [0x00000000d6700000,0x00000000d6700000,0x00000000d6800000)
 ParOldGen       total 74752K, used 73091K [0x0000000080000000, 0x0000000084900000, 0x00000000d5580000)
  object space 74752K, 97% used [0x0000000080000000,0x0000000084760c68,0x0000000084900000)
 Metaspace       used 63551K, committed 64832K, reserved 1114112K
  class space    used 6962K, committed 7488K, reserved 1048576K
}
Event: 13.237 GC heap after
{Heap after GC invocations=50 (full 3):
 PSYoungGen      total 15872K, used 512K [0x00000000d5580000, 0x00000000d6900000, 0x0000000100000000)
  eden space 14848K, 0% used [0x00000000d5580000,0x00000000d5580000,0x00000000d6400000)
  from space 1024K, 50% used [0x00000000d6700000,0x00000000d6780000,0x00000000d6800000)
  to   space 1024K, 0% used [0x00000000d6800000,0x00000000d6800000,0x00000000d6900000)
 ParOldGen       total 74752K, used 73437K [0x0000000080000000, 0x0000000084900000, 0x00000000d5580000)
  object space 74752K, 98% used [0x0000000080000000,0x00000000847b7628,0x0000000084900000)
 Metaspace       used 63551K, committed 64832K, reserved 1114112K
  class space    used 6962K, committed 7488K, reserved 1048576K
}
Event: 13.437 GC heap before
{Heap before GC invocations=51 (full 3):
 PSYoungGen      total 15872K, used 15360K [0x00000000d5580000, 0x00000000d6900000, 0x0000000100000000)
  eden space 14848K, 100% used [0x00000000d5580000,0x00000000d6400000,0x00000000d6400000)
  from space 1024K, 50% used [0x00000000d6700000,0x00000000d6780000,0x00000000d6800000)
  to   space 1024K, 0% used [0x00000000d6800000,0x00000000d6800000,0x00000000d6900000)
 ParOldGen       total 74752K, used 73437K [0x0000000080000000, 0x0000000084900000, 0x00000000d5580000)
  object space 74752K, 98% used [0x0000000080000000,0x00000000847b7628,0x0000000084900000)
 Metaspace       used 63552K, committed 64832K, reserved 1114112K
  class space    used 6962K, committed 7488K, reserved 1048576K
}
Event: 13.438 GC heap after
{Heap after GC invocations=51 (full 3):
 PSYoungGen      total 15872K, used 576K [0x00000000d5580000, 0x00000000d6900000, 0x0000000100000000)
  eden space 14848K, 0% used [0x00000000d5580000,0x00000000d5580000,0x00000000d6400000)
  from space 1024K, 56% used [0x00000000d6800000,0x00000000d6890000,0x00000000d6900000)
  to   space 1024K, 0% used [0x00000000d6700000,0x00000000d6700000,0x00000000d6800000)
 ParOldGen       total 74752K, used 73829K [0x0000000080000000, 0x0000000084900000, 0x00000000d5580000)
  object space 74752K, 98% used [0x0000000080000000,0x0000000084819628,0x0000000084900000)
 Metaspace       used 63552K, committed 64832K, reserved 1114112K
  class space    used 6962K, committed 7488K, reserved 1048576K
}
Event: 13.539 GC heap before
{Heap before GC invocations=52 (full 3):
 PSYoungGen      total 15872K, used 15424K [0x00000000d5580000, 0x00000000d6900000, 0x0000000100000000)
  eden space 14848K, 100% used [0x00000000d5580000,0x00000000d6400000,0x00000000d6400000)
  from space 1024K, 56% used [0x00000000d6800000,0x00000000d6890000,0x00000000d6900000)
  to   space 1024K, 0% used [0x00000000d6700000,0x00000000d6700000,0x00000000d6800000)
 ParOldGen       total 74752K, used 73829K [0x0000000080000000, 0x0000000084900000, 0x00000000d5580000)
  object space 74752K, 98% used [0x0000000080000000,0x0000000084819628,0x0000000084900000)
 Metaspace       used 63561K, committed 64896K, reserved 1114112K
  class space    used 6962K, committed 7488K, reserved 1048576K
}
Event: 13.543 GC heap after
{Heap after GC invocations=52 (full 3):
 PSYoungGen      total 15872K, used 1001K [0x00000000d5580000, 0x00000000d6e00000, 0x0000000100000000)
  eden space 14848K, 0% used [0x00000000d5580000,0x00000000d5580000,0x00000000d6400000)
  from space 1024K, 97% used [0x00000000d6700000,0x00000000d67fa428,0x00000000d6800000)
  to   space 5120K, 0% used [0x00000000d6900000,0x00000000d6900000,0x00000000d6e00000)
 ParOldGen       total 77312K, used 76910K [0x0000000080000000, 0x0000000084b80000, 0x00000000d5580000)
  object space 77312K, 99% used [0x0000000080000000,0x0000000084b1b818,0x0000000084b80000)
 Metaspace       used 63561K, committed 64896K, reserved 1114112K
  class space    used 6962K, committed 7488K, reserved 1048576K
}
Event: 13.742 GC heap before
{Heap before GC invocations=53 (full 3):
 PSYoungGen      total 15872K, used 15849K [0x00000000d5580000, 0x00000000d6e00000, 0x0000000100000000)
  eden space 14848K, 100% used [0x00000000d5580000,0x00000000d6400000,0x00000000d6400000)
  from space 1024K, 97% used [0x00000000d6700000,0x00000000d67fa428,0x00000000d6800000)
  to   space 5120K, 0% used [0x00000000d6900000,0x00000000d6900000,0x00000000d6e00000)
 ParOldGen       total 77312K, used 76910K [0x0000000080000000, 0x0000000084b80000, 0x00000000d5580000)
  object space 77312K, 99% used [0x0000000080000000,0x0000000084b1b818,0x0000000084b80000)
 Metaspace       used 64455K, committed 65792K, reserved 1114112K
  class space    used 7154K, committed 7680K, reserved 1048576K
}
Event: 13.744 GC heap after
{Heap after GC invocations=53 (full 3):
 PSYoungGen      total 15872K, used 933K [0x00000000d5580000, 0x00000000d6a00000, 0x0000000100000000)
  eden space 14848K, 0% used [0x00000000d5580000,0x00000000d5580000,0x00000000d6400000)
  from space 1024K, 91% used [0x00000000d6900000,0x00000000d69e9458,0x00000000d6a00000)
  to   space 2560K, 0% used [0x00000000d6500000,0x00000000d6500000,0x00000000d6780000)
 ParOldGen       total 78336K, used 77910K [0x0000000080000000, 0x0000000084c80000, 0x00000000d5580000)
  object space 78336K, 99% used [0x0000000080000000,0x0000000084c159f0,0x0000000084c80000)
 Metaspace       used 64455K, committed 65792K, reserved 1114112K
  class space    used 7154K, committed 7680K, reserved 1048576K
}
Event: 13.942 GC heap before
{Heap before GC invocations=54 (full 3):
 PSYoungGen      total 15872K, used 15781K [0x00000000d5580000, 0x00000000d6a00000, 0x0000000100000000)
  eden space 14848K, 100% used [0x00000000d5580000,0x00000000d6400000,0x00000000d6400000)
  from space 1024K, 91% used [0x00000000d6900000,0x00000000d69e9458,0x00000000d6a00000)
  to   space 2560K, 0% used [0x00000000d6500000,0x00000000d6500000,0x00000000d6780000)
 ParOldGen       total 78336K, used 77910K [0x0000000080000000, 0x0000000084c80000, 0x00000000d5580000)
  object space 78336K, 99% used [0x0000000080000000,0x0000000084c159f0,0x0000000084c80000)
 Metaspace       used 66278K, committed 67648K, reserved 1114112K
  class space    used 7438K, committed 8000K, reserved 1048576K
}
Event: 13.944 GC heap after
{Heap after GC invocations=54 (full 3):
 PSYoungGen      total 17408K, used 512K [0x00000000d5580000, 0x00000000d6980000, 0x0000000100000000)
  eden space 14848K, 0% used [0x00000000d5580000,0x00000000d5580000,0x00000000d6400000)
  from space 2560K, 20% used [0x00000000d6500000,0x00000000d6580000,0x00000000d6780000)
  to   space 1024K, 0% used [0x00000000d6880000,0x00000000d6880000,0x00000000d6980000)
 ParOldGen       total 78848K, used 78670K [0x0000000080000000, 0x0000000084d00000, 0x00000000d5580000)
  object space 78848K, 99% used [0x0000000080000000,0x0000000084cd3a20,0x0000000084d00000)
 Metaspace       used 66278K, committed 67648K, reserved 1114112K
  class space    used 7438K, committed 8000K, reserved 1048576K
}
Event: 14.135 GC heap before
{Heap before GC invocations=55 (full 3):
 PSYoungGen      total 17408K, used 15345K [0x00000000d5580000, 0x00000000d6980000, 0x0000000100000000)
  eden space 14848K, 99% used [0x00000000d5580000,0x00000000d63fc6a8,0x00000000d6400000)
  from space 2560K, 20% used [0x00000000d6500000,0x00000000d6580000,0x00000000d6780000)
  to   space 1024K, 0% used [0x00000000d6880000,0x00000000d6880000,0x00000000d6980000)
 ParOldGen       total 78848K, used 78670K [0x0000000080000000, 0x0000000084d00000, 0x00000000d5580000)
  object space 78848K, 99% used [0x0000000080000000,0x0000000084cd3a20,0x0000000084d00000)
 Metaspace       used 67437K, committed 68864K, reserved 1114112K
  class space    used 7649K, committed 8256K, reserved 1048576K
}
Event: 14.137 GC heap after
{Heap after GC invocations=55 (full 3):
 PSYoungGen      total 15872K, used 634K [0x00000000d5580000, 0x00000000d6980000, 0x0000000100000000)
  eden space 14848K, 0% used [0x00000000d5580000,0x00000000d5580000,0x00000000d6400000)
  from space 1024K, 61% used [0x00000000d6880000,0x00000000d691ea88,0x00000000d6980000)
  to   space 1024K, 0% used [0x00000000d6780000,0x00000000d6780000,0x00000000d6880000)
 ParOldGen       total 79360K, used 79054K [0x0000000080000000, 0x0000000084d80000, 0x00000000d5580000)
  object space 79360K, 99% used [0x0000000080000000,0x0000000084d33a20,0x0000000084d80000)
 Metaspace       used 67437K, committed 68864K, reserved 1114112K
  class space    used 7649K, committed 8256K, reserved 1048576K
}

Dll operation events (13 events):
Event: 0.011 Loaded shared library c:\Users\emmmz\.antigravity\extensions\redhat.java-1.54.0-win32-x64\jre\21.0.10-win32-x86_64\bin\java.dll
Event: 0.091 Loaded shared library c:\Users\emmmz\.antigravity\extensions\redhat.java-1.54.0-win32-x64\jre\21.0.10-win32-x86_64\bin\zip.dll
Event: 0.118 Loaded shared library C:\Users\emmmz\.antigravity\extensions\redhat.java-1.54.0-win32-x64\jre\21.0.10-win32-x86_64\bin\instrument.dll
Event: 0.125 Loaded shared library C:\Users\emmmz\.antigravity\extensions\redhat.java-1.54.0-win32-x64\jre\21.0.10-win32-x86_64\bin\net.dll
Event: 0.127 Loaded shared library C:\Users\emmmz\.antigravity\extensions\redhat.java-1.54.0-win32-x64\jre\21.0.10-win32-x86_64\bin\nio.dll
Event: 0.133 Loaded shared library C:\Users\emmmz\.antigravity\extensions\redhat.java-1.54.0-win32-x64\jre\21.0.10-win32-x86_64\bin\zip.dll
Event: 0.154 Loaded shared library C:\Users\emmmz\.antigravity\extensions\redhat.java-1.54.0-win32-x64\jre\21.0.10-win32-x86_64\bin\jimage.dll
Event: 0.257 Loaded shared library c:\Users\emmmz\.antigravity\extensions\redhat.java-1.54.0-win32-x64\jre\21.0.10-win32-x86_64\bin\verify.dll
Event: 2.321 Loaded shared library C:\Users\emmmz\AppData\Roaming\Antigravity\User\globalStorage\redhat.java\1.54.0\config_win\org.eclipse.equinox.launcher\org.eclipse.equinox.launcher.win32.win32.x86_64_1.3.0.v20260203-2149\eclipse_11919.dll
Event: 5.862 Loaded shared library C:\Users\emmmz\AppData\Local\Temp\jna-96631090\jna2749798327199077518.dll
Event: 6.748 Loaded shared library C:\Users\emmmz\.antigravity\extensions\redhat.java-1.54.0-win32-x64\jre\21.0.10-win32-x86_64\bin\management.dll
Event: 6.750 Loaded shared library C:\Users\emmmz\.antigravity\extensions\redhat.java-1.54.0-win32-x64\jre\21.0.10-win32-x86_64\bin\management_ext.dll
Event: 12.667 Loaded shared library C:\Users\emmmz\.gradle\native\1def1411415f61bf3af743bc5b6707747c0891f09f0c88961ee8f79bc544acac\windows-amd64\native-platform.dll

Deoptimization events (20 events):
Event: 14.101 Thread 0x00000239e222d000 Uncommon trap: trap_request=0xffffff45 fr.pc=0x000002398f9ed85c relative=0x000000000000009c
Event: 14.101 Thread 0x00000239e222d000 Uncommon trap: reason=unstable_if action=reinterpret pc=0x000002398f9ed85c method=com.google.gson.stream.JsonReader.peek()Lcom/google/gson/stream/JsonToken; @ 15 c2
Event: 14.101 Thread 0x00000239e222d000 DEOPT PACKING pc=0x000002398f9ed85c sp=0x0000005b290feb20
Event: 14.101 Thread 0x00000239e222d000 DEOPT UNPACKING pc=0x000002398f036da2 sp=0x0000005b290fe980 mode 2
Event: 14.135 Thread 0x00000239e5722f30 Uncommon trap: trap_request=0xffffff45 fr.pc=0x000002398fb8260c relative=0x00000000000001cc
Event: 14.135 Thread 0x00000239e5722f30 Uncommon trap: reason=unstable_if action=reinterpret pc=0x000002398fb8260c method=com.google.gson.stream.JsonReader.doPeek()I @ 731 c2
Event: 14.135 Thread 0x00000239e5722f30 DEOPT PACKING pc=0x000002398fb8260c sp=0x0000005b2a3fe850
Event: 14.135 Thread 0x00000239e5722f30 DEOPT UNPACKING pc=0x000002398f036da2 sp=0x0000005b2a3fe7d0 mode 2
Event: 14.148 Thread 0x00000239e5722f30 Uncommon trap: trap_request=0xffffff45 fr.pc=0x000002398fa9a4a8 relative=0x0000000000001028
Event: 14.148 Thread 0x00000239e5722f30 Uncommon trap: reason=unstable_if action=reinterpret pc=0x000002398fa9a4a8 method=org.eclipse.core.runtime.Path.toOSString()Ljava/lang/String; @ 109 c2
Event: 14.148 Thread 0x00000239e5722f30 DEOPT PACKING pc=0x000002398fa9a4a8 sp=0x0000005b2a3fe160
Event: 14.148 Thread 0x00000239e5722f30 DEOPT UNPACKING pc=0x000002398f036da2 sp=0x0000005b2a3fe118 mode 2
Event: 14.148 Thread 0x00000239e5722f30 Uncommon trap: trap_request=0xffffff45 fr.pc=0x000002398fad333c relative=0x000000000000239c
Event: 14.148 Thread 0x00000239e5722f30 Uncommon trap: reason=unstable_if action=reinterpret pc=0x000002398fad333c method=java.io.WinNTFileSystem.normalize(Ljava/lang/String;II)Ljava/lang/String; @ 125 c2
Event: 14.148 Thread 0x00000239e5722f30 DEOPT PACKING pc=0x000002398fad333c sp=0x0000005b2a3fe020
Event: 14.148 Thread 0x00000239e5722f30 DEOPT UNPACKING pc=0x000002398f036da2 sp=0x0000005b2a3fe000 mode 2
Event: 14.148 Thread 0x00000239e5722f30 Uncommon trap: trap_request=0xffffff45 fr.pc=0x000002398f7b7888 relative=0x0000000000001b08
Event: 14.148 Thread 0x00000239e5722f30 Uncommon trap: reason=unstable_if action=reinterpret pc=0x000002398f7b7888 method=org.eclipse.core.runtime.Path.computeSegmentCount(Ljava/lang/String;)I @ 11 c2
Event: 14.148 Thread 0x00000239e5722f30 DEOPT PACKING pc=0x000002398f7b7888 sp=0x0000005b2a3fe000
Event: 14.148 Thread 0x00000239e5722f30 DEOPT UNPACKING pc=0x000002398f036da2 sp=0x0000005b2a3fdf48 mode 2

Classes loaded (20 events):
Event: 12.458 Loading class java/util/concurrent/ConcurrentHashMap$ValueSpliterator
Event: 12.458 Loading class java/util/concurrent/ConcurrentHashMap$ValueSpliterator done
Event: 12.459 Loading class jdk/internal/loader/BootLoader$PackageHelper
Event: 12.459 Loading class jdk/internal/loader/BootLoader$PackageHelper done
Event: 12.708 Loading class java/lang/Class$EnclosingMethodInfo
Event: 12.708 Loading class java/lang/Class$EnclosingMethodInfo done
Event: 13.660 Loading class java/lang/FunctionalInterface
Event: 13.661 Loading class java/lang/FunctionalInterface done
Event: 13.935 Loading class java/lang/invoke/BoundMethodHandle$Species_LLLLLLLLLL
Event: 13.935 Loading class java/lang/invoke/BoundMethodHandle$Species_LLLLLLLLLL done
Event: 13.936 Loading class java/lang/invoke/BoundMethodHandle$Species_LLLLLLLLLLL
Event: 13.936 Loading class java/lang/invoke/BoundMethodHandle$Species_LLLLLLLLLLL done
Event: 14.116 Loading class java/util/Collections$SynchronizedRandomAccessList
Event: 14.116 Loading class java/util/Collections$SynchronizedList
Event: 14.116 Loading class java/util/Collections$SynchronizedList done
Event: 14.116 Loading class java/util/Collections$SynchronizedRandomAccessList done
Event: 14.120 Loading class java/security/DigestInputStream
Event: 14.120 Loading class java/security/DigestInputStream done
Event: 14.123 Loading class java/util/concurrent/CompletableFuture$Signaller
Event: 14.123 Loading class java/util/concurrent/CompletableFuture$Signaller done

Classes unloaded (7 events):
Event: 6.215 Thread 0x000002399b322d40 Unloading class 0x000002399d1aa000 'java/lang/invoke/LambdaForm$MH+0x000002399d1aa000'
Event: 6.215 Thread 0x000002399b322d40 Unloading class 0x000002399d1a9c00 'java/lang/invoke/LambdaForm$MH+0x000002399d1a9c00'
Event: 6.215 Thread 0x000002399b322d40 Unloading class 0x000002399d1a9800 'java/lang/invoke/LambdaForm$MH+0x000002399d1a9800'
Event: 6.215 Thread 0x000002399b322d40 Unloading class 0x000002399d1a9400 'java/lang/invoke/LambdaForm$MH+0x000002399d1a9400'
Event: 6.215 Thread 0x000002399b322d40 Unloading class 0x000002399d1a9000 'java/lang/invoke/LambdaForm$BMH+0x000002399d1a9000'
Event: 6.215 Thread 0x000002399b322d40 Unloading class 0x000002399d1a8c00 'java/lang/invoke/LambdaForm$DMH+0x000002399d1a8c00'
Event: 6.215 Thread 0x000002399b322d40 Unloading class 0x000002399d1a3800 'java/lang/invoke/LambdaForm$DMH+0x000002399d1a3800'

Classes redefined (0 events):
No events

Internal exceptions (20 events):
Event: 11.393 Thread 0x00000239e222c970 Exception <a 'java/lang/NoSuchMethodError'{0x00000000d5e41a98}: 'int java.lang.invoke.DirectMethodHandle$Holder.invokeSpecialIFC(java.lang.Object, java.lang.Object, java.lang.Object, java.lang.Object)'> (0x00000000d5e41a98) 
thrown [s\src\hotspot\share\interpreter\linkResolver.cpp, line 773]
Event: 11.401 Thread 0x00000239e222c970 Exception <a 'java/lang/NoSuchMethodError'{0x00000000d5ed0660}: 'java.lang.Object java.lang.invoke.DirectMethodHandle$Holder.newInvokeSpecial(java.lang.Object, java.lang.Object, int, int, java.lang.Object)'> (0x00000000d5ed0660) 
thrown [s\src\hotspot\share\interpreter\linkResolver.cpp, line 773]
Event: 11.467 Thread 0x00000239eec06cb0 Implicit null exception at 0x000002398f9c1c26 to 0x000002398f9c2230
Event: 11.478 Thread 0x00000239eec06cb0 Exception <a 'java/lang/NoSuchMethodError'{0x00000000d62e89c8}: 'java.lang.Object java.lang.invoke.DirectMethodHandle$Holder.invokeStatic(java.lang.Object, java.lang.Object, int, java.lang.Object, java.lang.Object)'> (0x00000000d62e89c8) 
thrown [s\src\hotspot\share\interpreter\linkResolver.cpp, line 773]
Event: 11.945 Thread 0x00000239e222c970 Exception <a 'sun/nio/fs/WindowsException'{0x00000000d5b3a258}> (0x00000000d5b3a258) 
thrown [s\src\hotspot\share\prims\jni.cpp, line 520]
Event: 11.946 Thread 0x00000239e5725000 Exception <a 'sun/nio/fs/WindowsException'{0x00000000d5b4cf60}> (0x00000000d5b4cf60) 
thrown [s\src\hotspot\share\prims\jni.cpp, line 520]
Event: 12.035 Thread 0x00000239e222c970 Implicit null exception at 0x000002398f6bd19b to 0x000002398f6bd215
Event: 12.063 Thread 0x00000239e222c970 Exception <a 'sun/nio/fs/WindowsException'{0x00000000d566fc00}> (0x00000000d566fc00) 
thrown [s\src\hotspot\share\prims\jni.cpp, line 520]
Event: 12.063 Thread 0x00000239e222c970 Exception <a 'sun/nio/fs/WindowsException'{0x00000000d56704c0}> (0x00000000d56704c0) 
thrown [s\src\hotspot\share\prims\jni.cpp, line 520]
Event: 12.118 Thread 0x00000239e222b5c0 Exception <a 'java/lang/NoSuchMethodError'{0x00000000d58b8c30}: 'int java.lang.invoke.DirectMethodHandle$Holder.invokeInterface(java.lang.Object, java.lang.Object)'> (0x00000000d58b8c30) 
thrown [s\src\hotspot\share\interpreter\linkResolver.cpp, line 773]
Event: 12.118 Thread 0x00000239e222b5c0 Exception <a 'java/lang/IncompatibleClassChangeError'{0x00000000d58bbea0}: Found class java.lang.Object, but interface was expected> (0x00000000d58bbea0) 
thrown [s\src\hotspot\share\interpreter\linkResolver.cpp, line 840]
Event: 12.138 Thread 0x00000239e222b5c0 Exception <a 'java/lang/NoSuchMethodError'{0x00000000d59d4980}: method resolution failed> (0x00000000d59d4980) 
thrown [s\src\hotspot\share\prims\methodHandles.cpp, line 1136]
Event: 12.328 Thread 0x00000239e222b5c0 Exception <a 'java/lang/NoSuchMethodError'{0x00000000d6124928}: 'java.lang.Object java.lang.invoke.DirectMethodHandle$Holder.invokeVirtual(java.lang.Object, java.lang.Object, java.lang.Object, java.lang.Object)'> (0x00000000d6124928) 
thrown [s\src\hotspot\share\interpreter\linkResolver.cpp, line 773]
Event: 12.332 Thread 0x00000239e222b5c0 Exception <a 'java/lang/NoSuchMethodError'{0x00000000d6147da0}: 'java.lang.Object java.lang.invoke.DirectMethodHandle$Holder.invokeVirtual(java.lang.Object, java.lang.Object, java.lang.Object, java.lang.Object, java.lang.Object)'> (0x00000000d6147da0) 
thrown [s\src\hotspot\share\interpreter\linkResolver.cpp, line 773]
Event: 13.738 Thread 0x00000239eec0ae50 Exception <a 'java/lang/NoSuchMethodError'{0x00000000d63be218}: 'java.lang.Object java.lang.invoke.DirectMethodHandle$Holder.invokeVirtual(java.lang.Object, java.lang.Object, java.lang.Object, java.lang.Object, java.lang.Object, java.lang.Object)'> (0x00000000d63be218) 
thrown [s\src\hotspot\share\interpreter\linkResolver.cpp, line 773]
Event: 13.793 Thread 0x00000239eec0ae50 Exception <a 'java/lang/NoSuchMethodError'{0x00000000d5a34c10}: 'java.lang.Object java.lang.invoke.DirectMethodHandle$Holder.invokeVirtual(java.lang.Object, java.lang.Object, java.lang.Object, java.lang.Object, java.lang.Object, java.lang.Object, java.lang.Object)'> (0x00000000d5a34c10) 
thrown [s\src\hotspot\share\interpreter\linkResolver.cpp, line 773]
Event: 13.886 Thread 0x00000239eec0ae50 Exception <a 'java/lang/NoSuchMethodError'{0x00000000d5fdf5b8}: 'java.lang.Object java.lang.invoke.DirectMethodHandle$Holder.invokeVirtual(java.lang.Object, java.lang.Object, java.lang.Object, java.lang.Object, java.lang.Object, java.lang.Object, java.lang.Object, java.lang.Object)'> (0x00000000d5fdf5b8) 
thrown [s\src\hotspot\share\interpreter\linkResolver.cpp, line 773]
Event: 13.931 Thread 0x00000239eec0ae50 Exception <a 'java/lang/NoSuchMethodError'{0x00000000d6346d58}: 'java.lang.Object java.lang.invoke.DirectMethodHandle$Holder.invokeVirtual(java.lang.Object, java.lang.Object, java.lang.Object, java.lang.Object, java.lang.Object, java.lang.Object, java.lang.Object, java.lang.Object, java.lang.Object, java.lang.Object, java.lang.Object, java.lang.Object)'> (0x00000000d6346d58) 
thrown [s\src\hotspot\share\interpreter\linkResolver.cpp, line 773]
Event: 13.936 Thread 0x00000239eec0ae50 Exception <a 'java/lang/NoSuchMethodError'{0x00000000d6394e00}: 'java.lang.Object java.lang.invoke.DirectMethodHandle$Holder.invokeStatic(java.lang.Object, java.lang.Object, java.lang.Object, java.lang.Object, java.lang.Object, java.lang.Object, java.lang.Object, java.lang.Object, java.lang.Object, java.lang.Object, java.lang.Object, java.lang.Object, java.lang.Object)'> (0x00000000d6394e00) 
thrown [s\src\hotspot\share\interpreter\linkResolver.cpp, line 773]
Event: 13.937 Thread 0x00000239eec0ae50 Exception <a 'java/lang/NoSuchMethodError'{0x00000000d63b8108}: 'java.lang.Object java.lang.invoke.DirectMethodHandle$Holder.invokeStatic(java.lang.Object, java.lang.Object, java.lang.Object, java.lang.Object, java.lang.Object, java.lang.Object, java.lang.Object, java.lang.Object, java.lang.Object, java.lang.Object, java.lang.Object, java.lang.Object, java.lang.Object, java.lang.Object)'> (0x00000000d63b8108) 
thrown [s\src\hotspot\share\interpreter\linkResolver.cpp, line 773]

ZGC Phase Switch (0 events):
No events

VM Operations (20 events):
Event: 13.010 Executing safepoint VM operation: ParallelGCFailedAllocation (Allocation Failure)
Event: 13.012 Executing safepoint VM operation: ParallelGCFailedAllocation (Allocation Failure) done
Event: 13.236 Executing safepoint VM operation: ParallelGCFailedAllocation (Allocation Failure)
Event: 13.237 Executing safepoint VM operation: ParallelGCFailedAllocation (Allocation Failure) done
Event: 13.437 Executing safepoint VM operation: ParallelGCFailedAllocation (Allocation Failure)
Event: 13.438 Executing safepoint VM operation: ParallelGCFailedAllocation (Allocation Failure) done
Event: 13.539 Executing safepoint VM operation: ParallelGCFailedAllocation (Allocation Failure)
Event: 13.543 Executing safepoint VM operation: ParallelGCFailedAllocation (Allocation Failure) done
Event: 13.724 Executing non-safepoint VM operation: HandshakeAllThreads (Deoptimize)
Event: 13.724 Executing non-safepoint VM operation: HandshakeAllThreads (Deoptimize) done
Event: 13.742 Executing safepoint VM operation: ParallelGCFailedAllocation (Allocation Failure)
Event: 13.744 Executing safepoint VM operation: ParallelGCFailedAllocation (Allocation Failure) done
Event: 13.942 Executing safepoint VM operation: ParallelGCFailedAllocation (Allocation Failure)
Event: 13.944 Executing safepoint VM operation: ParallelGCFailedAllocation (Allocation Failure) done
Event: 14.135 Executing safepoint VM operation: ParallelGCFailedAllocation (Allocation Failure)
Event: 14.137 Executing safepoint VM operation: ParallelGCFailedAllocation (Allocation Failure) done
Event: 14.189 Executing non-safepoint VM operation: HandshakeAllThreads (Deoptimize)
Event: 14.189 Executing non-safepoint VM operation: HandshakeAllThreads (Deoptimize) done
Event: 14.191 Executing non-safepoint VM operation: HandshakeAllThreads (Deoptimize)
Event: 14.191 Executing non-safepoint VM operation: HandshakeAllThreads (Deoptimize) done

Memory protections (0 events):
No events

Nmethod flushes (20 events):
Event: 11.809 Thread 0x000002399b322d40 flushing  nmethod 0x000002398840e010
Event: 11.809 Thread 0x000002399b322d40 flushing  nmethod 0x000002398840ea10
Event: 11.809 Thread 0x000002399b322d40 flushing  nmethod 0x0000023988411f10
Event: 11.809 Thread 0x000002399b322d40 flushing  nmethod 0x0000023988419810
Event: 11.809 Thread 0x000002399b322d40 flushing  nmethod 0x000002398841d390
Event: 11.809 Thread 0x000002399b322d40 flushing  nmethod 0x000002398841e310
Event: 11.809 Thread 0x000002399b322d40 flushing  nmethod 0x0000023988423690
Event: 11.809 Thread 0x000002399b322d40 flushing  nmethod 0x000002398842b710
Event: 11.809 Thread 0x000002399b322d40 flushing  nmethod 0x000002398842d090
Event: 11.809 Thread 0x000002399b322d40 flushing  nmethod 0x0000023988442b90
Event: 11.809 Thread 0x000002399b322d40 flushing  nmethod 0x0000023988447d10
Event: 11.809 Thread 0x000002399b322d40 flushing  nmethod 0x000002398844ae10
Event: 11.809 Thread 0x000002399b322d40 flushing  nmethod 0x000002398845ab10
Event: 11.809 Thread 0x000002399b322d40 flushing  nmethod 0x000002398845b110
Event: 11.809 Thread 0x000002399b322d40 flushing  nmethod 0x000002398845b990
Event: 11.809 Thread 0x000002399b322d40 flushing  nmethod 0x000002398845c690
Event: 11.809 Thread 0x000002399b322d40 flushing  nmethod 0x0000023988462710
Event: 11.809 Thread 0x000002399b322d40 flushing  nmethod 0x0000023988481010
Event: 11.809 Thread 0x000002399b322d40 flushing  nmethod 0x0000023988481590
Event: 11.809 Thread 0x000002399b322d40 flushing  nmethod 0x00000239884fda10

Events (20 events):
Event: 10.959 Thread 0x00000239e222e3b0 Thread added: 0x00000239eea344a0
Event: 10.959 Thread 0x00000239e222e3b0 Thread added: 0x00000239eea34b30
Event: 10.960 Thread 0x00000239eea344a0 Thread added: 0x00000239eea32a60
Event: 10.960 Thread 0x00000239eea34b30 Thread added: 0x00000239eea35850
Event: 10.960 Thread 0x00000239eea32a60 Thread added: 0x00000239eea35ee0
Event: 10.960 Thread 0x00000239eea35850 Thread added: 0x00000239eea36570
Event: 10.961 Thread 0x00000239eea35ee0 Thread added: 0x00000239eec079d0
Event: 11.329 Thread 0x00000239e222c970 Thread added: 0x00000239eec06cb0
Event: 11.401 Thread 0x00000239e222c970 Thread added: 0x00000239eec05f90
Event: 11.413 Thread 0x00000239e222c970 Thread added: 0x00000239eec05900
Event: 11.424 Thread 0x00000239e222c970 Thread added: 0x00000239eec05270
Event: 11.460 Thread 0x00000239e222c970 Thread added: 0x00000239eec09410
Event: 11.524 Thread 0x00000239e222c970 Thread added: 0x00000239eec08d80
Event: 11.529 Thread 0x00000239e222c970 Thread added: 0x00000239eec086f0
Event: 12.122 Thread 0x00000239e222b5c0 Thread added: 0x00000239eec0a130
Event: 12.292 Thread 0x00000239e222b5c0 Thread added: 0x00000239eec0a7c0
Event: 12.400 Thread 0x00000239e222b5c0 Thread added: 0x00000239eec0ae50
Event: 13.281 Thread 0x00000239e36b8180 Thread exited: 0x00000239e36b8180
Event: 14.075 Thread 0x00000239eec0ae50 Thread exited: 0x00000239eec0ae50
Event: 14.092 Thread 0x00000239eec0a130 Thread exited: 0x00000239eec0a130


Dynamic libraries:
0x00007ff7c53a0000 - 0x00007ff7c53ae000 	c:\Users\emmmz\.antigravity\extensions\redhat.java-1.54.0-win32-x64\jre\21.0.10-win32-x86_64\bin\java.exe
0x00007ffb2adc0000 - 0x00007ffb2b027000 	C:\WINDOWS\SYSTEM32\ntdll.dll
0x00007ffb29a90000 - 0x00007ffb29b59000 	C:\WINDOWS\System32\KERNEL32.DLL
0x00007ffb28610000 - 0x00007ffb28a01000 	C:\WINDOWS\System32\KERNELBASE.dll
0x00007ffb28a10000 - 0x00007ffb28b5b000 	C:\WINDOWS\System32\ucrtbase.dll
0x00007ffb1ca60000 - 0x00007ffb1ca7e000 	c:\Users\emmmz\.antigravity\extensions\redhat.java-1.54.0-win32-x64\jre\21.0.10-win32-x86_64\bin\VCRUNTIME140.dll
0x00007ffb1c950000 - 0x00007ffb1c968000 	c:\Users\emmmz\.antigravity\extensions\redhat.java-1.54.0-win32-x64\jre\21.0.10-win32-x86_64\bin\jli.dll
0x00007ffb29c00000 - 0x00007ffb29dc5000 	C:\WINDOWS\System32\USER32.dll
0x00007ffb09860000 - 0x00007ffb09af3000 	C:\WINDOWS\WinSxS\amd64_microsoft.windows.common-controls_6595b64144ccf1df_6.0.26100.8037_none_3e092faae333b53b\COMCTL32.dll
0x00007ffb2a3f0000 - 0x00007ffb2a499000 	C:\WINDOWS\System32\msvcrt.dll
0x00007ffb291c0000 - 0x00007ffb291eb000 	C:\WINDOWS\System32\GDI32.dll
0x00007ffb276a0000 - 0x00007ffb276c7000 	C:\WINDOWS\System32\win32u.dll
0x00007ffb28370000 - 0x00007ffb2849b000 	C:\WINDOWS\System32\gdi32full.dll
0x00007ffb27a50000 - 0x00007ffb27af3000 	C:\WINDOWS\System32\msvcp_win.dll
0x00007ffb29080000 - 0x00007ffb290b1000 	C:\WINDOWS\System32\IMM32.DLL
0x00007ffb242f0000 - 0x00007ffb242fc000 	c:\Users\emmmz\.antigravity\extensions\redhat.java-1.54.0-win32-x64\jre\21.0.10-win32-x86_64\bin\vcruntime140_1.dll
0x00007ffaf4870000 - 0x00007ffaf48fd000 	c:\Users\emmmz\.antigravity\extensions\redhat.java-1.54.0-win32-x64\jre\21.0.10-win32-x86_64\bin\msvcp140.dll
0x00007ffaa9010000 - 0x00007ffaa9db1000 	c:\Users\emmmz\.antigravity\extensions\redhat.java-1.54.0-win32-x64\jre\21.0.10-win32-x86_64\bin\server\jvm.dll
0x00007ffb2a830000 - 0x00007ffb2a8eb000 	C:\WINDOWS\System32\ADVAPI32.dll
0x00007ffb2a090000 - 0x00007ffb2a137000 	C:\WINDOWS\System32\sechost.dll
0x00007ffb29dd0000 - 0x00007ffb29ee8000 	C:\WINDOWS\System32\RPCRT4.dll
0x00007ffb2a240000 - 0x00007ffb2a2b4000 	C:\WINDOWS\System32\WS2_32.dll
0x00007ffb27500000 - 0x00007ffb2755e000 	C:\WINDOWS\SYSTEM32\POWRPROF.dll
0x00007ffb20780000 - 0x00007ffb207b5000 	C:\WINDOWS\SYSTEM32\WINMM.dll
0x00007ffb16b00000 - 0x00007ffb16b0b000 	C:\WINDOWS\SYSTEM32\VERSION.dll
0x00007ffb274e0000 - 0x00007ffb274f4000 	C:\WINDOWS\SYSTEM32\UMPDC.dll
0x00007ffb26430000 - 0x00007ffb2644b000 	C:\WINDOWS\SYSTEM32\kernel.appcore.dll
0x00007ffb22150000 - 0x00007ffb2215a000 	c:\Users\emmmz\.antigravity\extensions\redhat.java-1.54.0-win32-x64\jre\21.0.10-win32-x86_64\bin\jimage.dll
0x00007ffb25080000 - 0x00007ffb252c2000 	C:\WINDOWS\SYSTEM32\DBGHELP.DLL
0x00007ffb2a4a0000 - 0x00007ffb2a822000 	C:\WINDOWS\System32\combase.dll
0x00007ffb290e0000 - 0x00007ffb291b7000 	C:\WINDOWS\System32\OLEAUT32.dll
0x00007ffb121f0000 - 0x00007ffb1222b000 	C:\WINDOWS\SYSTEM32\dbgcore.DLL
0x00007ffb284a0000 - 0x00007ffb28545000 	C:\WINDOWS\System32\bcryptPrimitives.dll
0x00007ffb1b980000 - 0x00007ffb1b98f000 	c:\Users\emmmz\.antigravity\extensions\redhat.java-1.54.0-win32-x64\jre\21.0.10-win32-x86_64\bin\instrument.dll
0x00007ffb13220000 - 0x00007ffb13240000 	c:\Users\emmmz\.antigravity\extensions\redhat.java-1.54.0-win32-x64\jre\21.0.10-win32-x86_64\bin\java.dll
0x00007ffb292f0000 - 0x00007ffb29a4f000 	C:\WINDOWS\System32\SHELL32.dll
0x00007ffb27760000 - 0x00007ffb278ca000 	C:\WINDOWS\System32\wintypes.dll
0x00007ffb27b00000 - 0x00007ffb28364000 	C:\WINDOWS\System32\windows.storage.dll
0x00007ffb291f0000 - 0x00007ffb292e7000 	C:\WINDOWS\System32\SHCORE.dll
0x00007ffb2a2c0000 - 0x00007ffb2a327000 	C:\WINDOWS\System32\shlwapi.dll
0x00007ffb275c0000 - 0x00007ffb275e9000 	C:\WINDOWS\SYSTEM32\profapi.dll
0x00007ffb10dd0000 - 0x00007ffb10de8000 	c:\Users\emmmz\.antigravity\extensions\redhat.java-1.54.0-win32-x64\jre\21.0.10-win32-x86_64\bin\zip.dll
0x00007ffb1b970000 - 0x00007ffb1b980000 	C:\Users\emmmz\.antigravity\extensions\redhat.java-1.54.0-win32-x64\jre\21.0.10-win32-x86_64\bin\net.dll
0x00007ffb16cc0000 - 0x00007ffb16de7000 	C:\WINDOWS\SYSTEM32\WINHTTP.dll
0x00007ffb269a0000 - 0x00007ffb26a0b000 	C:\WINDOWS\system32\mswsock.dll
0x00007ffb0e890000 - 0x00007ffb0e8a6000 	C:\Users\emmmz\.antigravity\extensions\redhat.java-1.54.0-win32-x64\jre\21.0.10-win32-x86_64\bin\nio.dll
0x00007ffb12c90000 - 0x00007ffb12ca0000 	c:\Users\emmmz\.antigravity\extensions\redhat.java-1.54.0-win32-x64\jre\21.0.10-win32-x86_64\bin\verify.dll
0x00007ffaf4820000 - 0x00007ffaf4865000 	C:\Users\emmmz\AppData\Roaming\Antigravity\User\globalStorage\redhat.java\1.54.0\config_win\org.eclipse.equinox.launcher\org.eclipse.equinox.launcher.win32.win32.x86_64_1.3.0.v20260203-2149\eclipse_11919.dll
0x00007ffb29ef0000 - 0x00007ffb2a085000 	C:\WINDOWS\System32\ole32.dll
0x00007ffb26c80000 - 0x00007ffb26c9b000 	C:\WINDOWS\SYSTEM32\CRYPTSP.dll
0x00007ffb26390000 - 0x00007ffb263c9000 	C:\WINDOWS\system32\rsaenh.dll
0x00007ffb26a50000 - 0x00007ffb26a82000 	C:\WINDOWS\SYSTEM32\USERENV.dll
0x00007ffb27590000 - 0x00007ffb275ba000 	C:\WINDOWS\SYSTEM32\bcrypt.dll
0x00007ffb26ca0000 - 0x00007ffb26cac000 	C:\WINDOWS\SYSTEM32\CRYPTBASE.dll
0x00007ffb25e40000 - 0x00007ffb25e73000 	C:\WINDOWS\SYSTEM32\IPHLPAPI.DLL
0x00007ffb290d0000 - 0x00007ffb290da000 	C:\WINDOWS\System32\NSI.dll
0x00007ffaeec60000 - 0x00007ffaeeca9000 	C:\Users\emmmz\AppData\Local\Temp\jna-96631090\jna2749798327199077518.dll
0x00007ffb290c0000 - 0x00007ffb290c8000 	C:\WINDOWS\System32\PSAPI.DLL
0x00007ffb22430000 - 0x00007ffb2243a000 	C:\Users\emmmz\.antigravity\extensions\redhat.java-1.54.0-win32-x64\jre\21.0.10-win32-x86_64\bin\management.dll
0x00007ffb10bd0000 - 0x00007ffb10bdc000 	C:\Users\emmmz\.antigravity\extensions\redhat.java-1.54.0-win32-x64\jre\21.0.10-win32-x86_64\bin\management_ext.dll
0x00007ffb17f20000 - 0x00007ffb17f3d000 	C:\WINDOWS\SYSTEM32\dhcpcsvc6.DLL
0x00007ffb17e80000 - 0x00007ffb17ea3000 	C:\WINDOWS\SYSTEM32\dhcpcsvc.DLL
0x00007ffaf5db0000 - 0x00007ffaf5dd7000 	C:\Users\emmmz\.gradle\native\1def1411415f61bf3af743bc5b6707747c0891f09f0c88961ee8f79bc544acac\windows-amd64\native-platform.dll

JVMTI agents:
c:\Users\emmmz\.antigravity\extensions\redhat.java-1.54.0-win32-x64\lombok\lombok-1.18.39-4050.jar path:c:\Users\emmmz\.antigravity\extensions\redhat.java-1.54.0-win32-x64\jre\21.0.10-win32-x86_64\bin\instrument.dll, loaded, initialized, instrumentlib options:none

dbghelp: loaded successfully - version: 4.0.5 - missing functions: none
symbol engine: initialized successfully - sym options: 0x614 - pdb path: .;c:\Users\emmmz\.antigravity\extensions\redhat.java-1.54.0-win32-x64\jre\21.0.10-win32-x86_64\bin;C:\WINDOWS\SYSTEM32;C:\WINDOWS\WinSxS\amd64_microsoft.windows.common-controls_6595b64144ccf1df_6.0.26100.8037_none_3e092faae333b53b;c:\Users\emmmz\.antigravity\extensions\redhat.java-1.54.0-win32-x64\jre\21.0.10-win32-x86_64\bin\server;C:\Users\emmmz\AppData\Roaming\Antigravity\User\globalStorage\redhat.java\1.54.0\config_win\org.eclipse.equinox.launcher\org.eclipse.equinox.launcher.win32.win32.x86_64_1.3.0.v20260203-2149;C:\Users\emmmz\AppData\Local\Temp\jna-96631090;C:\Users\emmmz\.gradle\native\1def1411415f61bf3af743bc5b6707747c0891f09f0c88961ee8f79bc544acac\windows-amd64

VM Arguments:
jvm_args: --add-modules=ALL-SYSTEM --add-opens=java.base/java.util=ALL-UNNAMED --add-opens=java.base/java.lang=ALL-UNNAMED --add-opens=java.base/sun.nio.fs=ALL-UNNAMED -Declipse.application=org.eclipse.jdt.ls.core.id1 -Dosgi.bundles.defaultStartLevel=4 -Declipse.product=org.eclipse.jdt.ls.core.product -Djava.import.generatesMetadataFilesAtProjectRoot=false -DDetectVMInstallationsJob.disabled=true -Dfile.encoding=utf8 -XX:+UseParallelGC -XX:GCTimeRatio=4 -XX:AdaptiveSizePolicyWeight=90 -Dsun.zip.disableMemoryMapping=true -Xmx2G -Xms100m -Xlog:disable -javaagent:c:\Users\emmmz\.antigravity\extensions\redhat.java-1.54.0-win32-x64\lombok\lombok-1.18.39-4050.jar -XX:+HeapDumpOnOutOfMemoryError -XX:HeapDumpPath=c:\Users\emmmz\AppData\Roaming\Antigravity\User\workspaceStorage\9411440532b7ac369f8afd7c0c09128e\redhat.java -Daether.dependencyCollector.impl=bf 
java_command: c:\Users\emmmz\.antigravity\extensions\redhat.java-1.54.0-win32-x64\server\plugins\org.eclipse.equinox.launcher_1.7.100.v20251111-0406.jar -configuration c:\Users\emmmz\AppData\Roaming\Antigravity\User\globalStorage\redhat.java\1.54.0\config_win -data c:\Users\emmmz\AppData\Roaming\Antigravity\User\workspaceStorage\9411440532b7ac369f8afd7c0c09128e\redhat.java\jdt_ws --pipe=\\.\pipe\lsp-9a2abca99d652f5d504e36a3e10c8f4c-sock
java_class_path (initial): c:\Users\emmmz\.antigravity\extensions\redhat.java-1.54.0-win32-x64\server\plugins\org.eclipse.equinox.launcher_1.7.100.v20251111-0406.jar
Launcher Type: SUN_STANDARD

[Global flags]
    uintx AdaptiveSizePolicyWeight                 = 90                                        {product} {command line}
     intx CICompilerCount                          = 4                                         {product} {ergonomic}
    uintx GCTimeRatio                              = 4                                         {product} {command line}
     bool HeapDumpOnOutOfMemoryError               = true                                   {manageable} {command line}
    ccstr HeapDumpPath                             = c:\Users\emmmz\AppData\Roaming\Antigravity\User\workspaceStorage\9411440532b7ac369f8afd7c0c09128e\redhat.java         {manageable} {command line}
   size_t InitialHeapSize                          = 104857600                                 {product} {command line}
   size_t MaxHeapSize                              = 2147483648                                {product} {command line}
   size_t MaxNewSize                               = 715653120                                 {product} {ergonomic}
   size_t MinHeapDeltaBytes                        = 524288                                    {product} {ergonomic}
   size_t MinHeapSize                              = 104857600                                 {product} {command line}
   size_t NewSize                                  = 34603008                                  {product} {ergonomic}
    uintx NonNMethodCodeHeapSize                   = 5839372                                {pd product} {ergonomic}
    uintx NonProfiledCodeHeapSize                  = 122909434                              {pd product} {ergonomic}
   size_t OldSize                                  = 70254592                                  {product} {ergonomic}
    uintx ProfiledCodeHeapSize                     = 122909434                              {pd product} {ergonomic}
    uintx ReservedCodeCacheSize                    = 251658240                              {pd product} {ergonomic}
     bool SegmentedCodeCache                       = true                                      {product} {ergonomic}
   size_t SoftMaxHeapSize                          = 2147483648                             {manageable} {ergonomic}
     bool UseCompressedOops                        = true                           {product lp64_product} {ergonomic}
     bool UseLargePagesIndividualAllocation        = false                                  {pd product} {ergonomic}
     bool UseParallelGC                            = true                                      {product} {command line}

Logging:
Log output configuration:
 #0: stdout all=off uptime,level,tags foldmultilines=false
 #1: stderr all=off uptime,level,tags foldmultilines=false

Release file:
JAVA_VERSION="21.0.10" 
MODULES="java.base java.compiler java.datatransfer java.xml java.prefs java.desktop java.instrument java.logging java.management java.security.sasl java.naming java.rmi java.management.rmi java.net.http java.scripting java.security.jgss java.transaction.xa java.sql java.sql.rowset java.xml.crypto java.se java.smartcardio jdk.accessibility jdk.internal.jvmstat jdk.attach jdk.charsets jdk.internal.opt jdk.zipfs jdk.compiler jdk.crypto.ec jdk.crypto.cryptoki jdk.crypto.mscapi jdk.dynalink jdk.internal.ed jdk.editpad jdk.hotspot.agent jdk.httpserver jdk.internal.le jdk.internal.vm.ci jdk.internal.vm.compiler jdk.internal.vm.compiler.management jdk.jartool jdk.javadoc jdk.jcmd jdk.management jdk.management.agent jdk.jconsole jdk.jdeps jdk.jdwp.agent jdk.jdi jdk.jfr jdk.jshell jdk.jsobject jdk.jstatd jdk.localedata jdk.management.jfr jdk.naming.dns jdk.naming.rmi jdk.net jdk.nio.mapmode jdk.random jdk.sctp jdk.security.auth jdk.security.jgss jdk.unsupported jdk.unsupported.desktop jdk.xml.dom" 

Environment Variables:
PATH=C:\xampp_lite_8_4\apps\php;C:\Python313\Scripts\;C:\Python313\;C:\Program Files (x86)\NVIDIA Corporation\PhysX\Common;C:\Program Files\Common Files\Oracle\Java\javapath;C:\oraclexe\app\oracle\product\11.2.0\server\bin;C:\Windows\System32\HWAudioDriverLibs;C:\Windows\system32;C:\Windows;C:\Windows\System32\Wbem;C:\Windows\System32\WindowsPowerShell\v1.0\;C:\Windows\System32\OpenSSH\;C:\Users\Administrator\AppData\Local\Microsoft\WindowsApps;C:\WINDOWS\system32;C:\WINDOWS;C:\WINDOWS\System32\Wbem;C:\WINDOWS\System32\WindowsPowerShell\v1.0\;C:\WINDOWS\System32\OpenSSH\;C:\Program Files\Microsoft SQL Server\120\Tools\Binn\;C:\Program Files\Common Files\Autodesk Shared\;C:\Program Files\dotnet\;C:\Windows\SysWow64\;C:\Program Files\Git\cmd;D:\ComposerSetup;C:\sqlite3;C:\Program Files\nodejs\;C:\ProgramData\chocolatey\bin;C:\Program Files\Microsoft SQL Server\150\Tools\Binn\;C:\WINDOWS\system32;C:\WINDOWS;C:\WINDOWS\System32\Wbem;C:\WINDOWS\System32\WindowsPowerShell\v1.0\;C:\WINDOWS\System32\OpenSSH\;C:\ProgramData\ComposerSetup\bin;;C:\Users\emmmz\AppData\Local\Programs\Microsoft VS Code\bin;C:\Users\emmmz\AppData\Local\Programs\Antigravity\bin
USERNAME=emmmz
OS=Windows_NT
PROCESSOR_IDENTIFIER=Intel64 Family 6 Model 140 Stepping 1, GenuineIntel
TMP=C:\Users\emmmz\AppData\Local\Temp
TEMP=C:\Users\emmmz\AppData\Local\Temp




Periodic native trim disabled

---------------  S Y S T E M  ---------------

OS:
 Windows 11 , 64 bit Build 26100 (10.0.26100.7920)
OS uptime: 1 days 0:28 hours
Hyper-V role detected

CPU: total 8 (initial active 8) (4 cores per cpu, 2 threads per core) family 6 model 140 stepping 1 microcode 0x8a, cx8, cmov, fxsr, ht, mmx, 3dnowpref, sse, sse2, sse3, ssse3, sse4.1, sse4.2, popcnt, lzcnt, tsc, tscinvbit, avx, avx2, aes, erms, clmul, bmi1, bmi2, adx, avx512f, avx512dq, avx512cd, avx512bw, avx512vl, sha, fma, vzeroupper, avx512_vpopcntdq, avx512_vpclmulqdq, avx512_vaes, avx512_vnni, clflush, clflushopt, clwb, avx512_vbmi2, avx512_vbmi, hv, rdtscp, rdpid, fsrm, gfni, avx512_bitalg, f16c, cet_ibt, cet_ss, avx512_ifma
Processor Information for the first 8 processors :
  Max Mhz: 2419, Current Mhz: 2419, Mhz Limit: 2419

Memory: 4k page, system-wide physical 7991M (654M free)
TotalPageFile size 16183M (AvailPageFile size 2M)
current process WorkingSet (physical memory assigned to process): 354M, peak: 354M
current process commit charge ("private bytes"): 423M, peak: 424M

vm_info: OpenJDK 64-Bit Server VM (21.0.10+7-LTS) for windows-amd64 JRE (21.0.10+7-LTS), built on 2026-01-20T00:00:00Z by "admin" with MS VC++ 17.12 (VS2022)

END.
