#
# There is insufficient memory for the Java Runtime Environment to continue.
# Native memory allocation (malloc) failed to allocate 249456 bytes for Chunk::new
# Possible reasons:
#   The system is out of physical RAM or swap space
#   The process is running with CompressedOops enabled, and the Java Heap may be blocking the growth of the native heap
# Possible solutions:
#   Reduce memory load on the system
#   Increase physical memory or swap space
#   Check if swap backing store is full
#   Decrease Java heap size (-Xmx/-Xms)
#   Decrease number of Java threads
#   Decrease Java thread stack sizes (-Xss)
#   Set larger code cache with -XX:ReservedCodeCacheSize=
#   JVM is running with Unscaled Compressed Oops mode in which the Java heap is
#     placed in the first 4GB address space. The Java Heap base address is the
#     maximum limit for the native heap growth. Please use -XX:HeapBaseMinAddress
#     to set the Java Heap base and to place the Java Heap above 4GB virtual address.
# This output file may be truncated or incomplete.
#
#  Out of Memory Error (arena.cpp:168), pid=21152, tid=2716
#
# JRE version: Java(TM) SE Runtime Environment (21.0.5+9) (build 21.0.5+9-LTS-239)
# Java VM: Java HotSpot(TM) 64-Bit Server VM (21.0.5+9-LTS-239, mixed mode, sharing, tiered, compressed oops, compressed class ptrs, g1 gc, windows-amd64)
# No core dump will be written. Minidumps are not enabled by default on client versions of Windows
#

---------------  S U M M A R Y ------------

Command Line: --add-opens=java.base/java.lang=ALL-UNNAMED --add-opens=java.base/java.lang.invoke=ALL-UNNAMED --add-opens=java.base/java.util=ALL-UNNAMED --add-opens=java.prefs/java.util.prefs=ALL-UNNAMED --add-exports=jdk.compiler/com.sun.tools.javac.api=ALL-UNNAMED --add-exports=jdk.compiler/com.sun.tools.javac.util=ALL-UNNAMED --add-opens=java.base/java.util=ALL-UNNAMED --add-opens=java.prefs/java.util.prefs=ALL-UNNAMED --add-opens=java.base/java.nio.charset=ALL-UNNAMED --add-opens=java.base/java.net=ALL-UNNAMED --add-opens=java.base/java.util.concurrent.atomic=ALL-UNNAMED --add-opens=java.xml/javax.xml.namespace=ALL-UNNAMED -XX:MaxMetaspaceSize=384m -XX:+HeapDumpOnOutOfMemoryError -Xms256m -Xmx512m -Dfile.encoding=UTF-8 -Duser.country=US -Duser.language=en -Duser.variant -javaagent:C:\Users\emmmz\.gradle\wrapper\dists\gradle-8.14.4-bin\92wwslzcyst3phie3o264zltu\gradle-8.14.4\lib\agents\gradle-instrumentation-agent-8.14.4.jar org.gradle.launcher.daemon.bootstrap.GradleDaemon 8.14.4

Host: 11th Gen Intel(R) Core(TM) i5-1135G7 @ 2.40GHz, 8 cores, 7G,  Windows 11 , 64 bit Build 26100 (10.0.26100.7920)
Time: Thu Apr  9 22:18:09 2026 Afr. centrale Ouest elapsed time: 9.184253 seconds (0d 0h 0m 9s)

---------------  T H R E A D  ---------------

Current thread (0x000001c95012abe0):  JavaThread "C2 CompilerThread0" daemon [_thread_in_native, id=2716, stack(0x0000004de8600000,0x0000004de8700000) (1024K)]


Current CompileTask:
C2:   9184 2478   !   4       java.util.zip.InflaterInputStream::read (129 bytes)

Stack: [0x0000004de8600000,0x0000004de8700000]
Native frames: (J=compiled Java code, j=interpreted, Vv=VM code, C=native code)
V  [jvm.dll+0x6ca289]
V  [jvm.dll+0x854a51]
V  [jvm.dll+0x856f7e]
V  [jvm.dll+0x857653]
V  [jvm.dll+0x27dd26]
V  [jvm.dll+0xc4c2d]
V  [jvm.dll+0xc5163]
V  [jvm.dll+0x3b4d02]
V  [jvm.dll+0x1df48a]
V  [jvm.dll+0x246a62]
V  [jvm.dll+0x245eef]
V  [jvm.dll+0x1c6d0e]
V  [jvm.dll+0x2554d9]
V  [jvm.dll+0x253a6a]
V  [jvm.dll+0x3ee136]
V  [jvm.dll+0x7fee9b]
V  [jvm.dll+0x6c896d]
C  [ucrtbase.dll+0x37b0]
C  [KERNEL32.DLL+0x2e8d7]
C  [ntdll.dll+0x8c48c]


---------------  P R O C E S S  ---------------

Threads class SMR info:
_java_thread_list=0x000001c9520859f0, length=21, elements={
0x000001c919f9a940, 0x000001c936f31a80, 0x000001c936f344e0, 0x000001c936f36970,
0x000001c936f396b0, 0x000001c936f3c960, 0x000001c936f3c2d0, 0x000001c95012abe0,
0x000001c95012c3c0, 0x000001c936f3e3a0, 0x000001c936f3cff0, 0x000001c936f3b5b0,
0x000001c936f3bc40, 0x000001c936f3d680, 0x000001c936f3dd10, 0x000001c936f3af20,
0x000001c9520a1d80, 0x000001c9520a0340, 0x000001c9520a1060, 0x000001c9520a16f0,
0x000001c95209f620
}

Java Threads: ( => current thread )
  0x000001c919f9a940 JavaThread "main"                              [_thread_blocked, id=6048, stack(0x0000004de7800000,0x0000004de7900000) (1024K)]
  0x000001c936f31a80 JavaThread "Reference Handler"          daemon [_thread_blocked, id=17080, stack(0x0000004de8000000,0x0000004de8100000) (1024K)]
  0x000001c936f344e0 JavaThread "Finalizer"                  daemon [_thread_blocked, id=5760, stack(0x0000004de8100000,0x0000004de8200000) (1024K)]
  0x000001c936f36970 JavaThread "Signal Dispatcher"          daemon [_thread_blocked, id=2488, stack(0x0000004de8200000,0x0000004de8300000) (1024K)]
  0x000001c936f396b0 JavaThread "Attach Listener"            daemon [_thread_blocked, id=18896, stack(0x0000004de8300000,0x0000004de8400000) (1024K)]
  0x000001c936f3c960 JavaThread "Service Thread"             daemon [_thread_blocked, id=16568, stack(0x0000004de8400000,0x0000004de8500000) (1024K)]
  0x000001c936f3c2d0 JavaThread "Monitor Deflation Thread"   daemon [_thread_blocked, id=22184, stack(0x0000004de8500000,0x0000004de8600000) (1024K)]
=>0x000001c95012abe0 JavaThread "C2 CompilerThread0"         daemon [_thread_in_native, id=2716, stack(0x0000004de8600000,0x0000004de8700000) (1024K)]
  0x000001c95012c3c0 JavaThread "C1 CompilerThread0"         daemon [_thread_blocked, id=7324, stack(0x0000004de8700000,0x0000004de8800000) (1024K)]
  0x000001c936f3e3a0 JavaThread "Common-Cleaner"             daemon [_thread_blocked, id=15132, stack(0x0000004de8800000,0x0000004de8900000) (1024K)]
  0x000001c936f3cff0 JavaThread "Notification Thread"        daemon [_thread_blocked, id=17748, stack(0x0000004de8900000,0x0000004de8a00000) (1024K)]
  0x000001c936f3b5b0 JavaThread "Daemon health stats"               [_thread_blocked, id=20144, stack(0x0000004de8b00000,0x0000004de8c00000) (1024K)]
  0x000001c936f3bc40 JavaThread "Incoming local TCP Connector on port 59171"        [_thread_in_native, id=12024, stack(0x0000004de9100000,0x0000004de9200000) (1024K)]
  0x000001c936f3d680 JavaThread "Daemon periodic checks"            [_thread_blocked, id=12740, stack(0x0000004de9400000,0x0000004de9500000) (1024K)]
  0x000001c936f3dd10 JavaThread "Daemon"                            [_thread_blocked, id=3012, stack(0x0000004de9500000,0x0000004de9600000) (1024K)]
  0x000001c936f3af20 JavaThread "Handler for socket connection from /127.0.0.1:59171 to /127.0.0.1:59172"        [_thread_in_native, id=17276, stack(0x0000004de9600000,0x0000004de9700000) (1024K)]
  0x000001c9520a1d80 JavaThread "Cancel handler"                    [_thread_blocked, id=13368, stack(0x0000004de9700000,0x0000004de9800000) (1024K)]
  0x000001c9520a0340 JavaThread "Daemon worker"                     [_thread_in_vm, id=5880, stack(0x0000004de9800000,0x0000004de9900000) (1024K)]
  0x000001c9520a1060 JavaThread "Asynchronous log dispatcher for DefaultDaemonConnection: socket connection from /127.0.0.1:59171 to /127.0.0.1:59172"        [_thread_blocked, id=6364, stack(0x0000004de9900000,0x0000004de9a00000) (1024K)]
  0x000001c9520a16f0 JavaThread "Stdin handler"                     [_thread_blocked, id=12128, stack(0x0000004de9a00000,0x0000004de9b00000) (1024K)]
  0x000001c95209f620 JavaThread "Daemon client event forwarder"        [_thread_blocked, id=7536, stack(0x0000004de9b00000,0x0000004de9c00000) (1024K)]
Total: 21

Other Threads:
  0x000001c936f15140 VMThread "VM Thread"                           [id=13992, stack(0x0000004de7f00000,0x0000004de8000000) (1024K)]
  0x000001c936f08110 WatcherThread "VM Periodic Task Thread"        [id=15528, stack(0x0000004de7e00000,0x0000004de7f00000) (1024K)]
  0x000001c91c32ad90 WorkerThread "GC Thread#0"                     [id=18944, stack(0x0000004de7900000,0x0000004de7a00000) (1024K)]
  0x000001c950645630 WorkerThread "GC Thread#1"                     [id=18504, stack(0x0000004de8c00000,0x0000004de8d00000) (1024K)]
  0x000001c950589c00 WorkerThread "GC Thread#2"                     [id=21424, stack(0x0000004de8d00000,0x0000004de8e00000) (1024K)]
  0x000001c950589fa0 WorkerThread "GC Thread#3"                     [id=9344, stack(0x0000004de8e00000,0x0000004de8f00000) (1024K)]
  0x000001c9505c70f0 WorkerThread "GC Thread#4"                     [id=11864, stack(0x0000004de8f00000,0x0000004de9000000) (1024K)]
  0x000001c9505c7490 WorkerThread "GC Thread#5"                     [id=2044, stack(0x0000004de9000000,0x0000004de9100000) (1024K)]
  0x000001c951f59d60 WorkerThread "GC Thread#6"                     [id=18396, stack(0x0000004de9200000,0x0000004de9300000) (1024K)]
  0x000001c9511faa20 WorkerThread "GC Thread#7"                     [id=11880, stack(0x0000004de9300000,0x0000004de9400000) (1024K)]
  0x000001c91c32fc80 ConcurrentGCThread "G1 Main Marker"            [id=20072, stack(0x0000004de7a00000,0x0000004de7b00000) (1024K)]
  0x000001c91c330690 WorkerThread "G1 Conc#0"                       [id=8244, stack(0x0000004de7b00000,0x0000004de7c00000) (1024K)]
  0x000001c936dd9a10 ConcurrentGCThread "G1 Refine#0"               [id=3244, stack(0x0000004de7c00000,0x0000004de7d00000) (1024K)]
  0x000001c936dda230 ConcurrentGCThread "G1 Service"                [id=9748, stack(0x0000004de7d00000,0x0000004de7e00000) (1024K)]
Total: 14

Threads with active compile tasks:
C2 CompilerThread0     9212 2478   !   4       java.util.zip.InflaterInputStream::read (129 bytes)
Total: 1

VM state: not at safepoint (normal execution)

VM Mutex/Monitor currently owned by a thread:  ([mutex/lock_event])
[0x00007ff8f3e09e18] Metaspace_lock - owner thread: 0x000001c9520a0340

Heap address: 0x00000000e0000000, size: 512 MB, Compressed Oops mode: 32-bit

CDS archive(s) mapped at: [0x000001c937000000-0x000001c937c90000-0x000001c937c90000), size 13172736, SharedBaseAddress: 0x000001c937000000, ArchiveRelocationMode: 1.
Compressed class space mapped at: 0x000001c938000000-0x000001c94c000000, reserved size: 335544320
Narrow klass base: 0x000001c937000000, Narrow klass shift: 0, Narrow klass range: 0x100000000

GC Precious Log:
 CardTable entry size: 512
 Card Set container configuration: InlinePtr #cards 5 size 8 Array Of Cards #cards 12 size 40 Howl #buckets 4 coarsen threshold 1843 Howl Bitmap #cards 512 size 80 coarsen threshold 460 Card regions per heap region 1 cards per card region 2048
 CPUs: 8 total, 8 available
 Memory: 7991M
 Large Page Support: Disabled
 NUMA Support: Disabled
 Compressed Oops: Enabled (32-bit)
 Heap Region Size: 1M
 Heap Min Capacity: 256M
 Heap Initial Capacity: 256M
 Heap Max Capacity: 512M
 Pre-touch: Disabled
 Parallel Workers: 8
 Concurrent Workers: 2
 Concurrent Refinement Workers: 8
 Periodic GC: Disabled

Heap:
 garbage-first heap   total 262144K, used 38730K [0x00000000e0000000, 0x0000000100000000)
  region size 1024K, 30 young (30720K), 9 survivors (9216K)
 Metaspace       used 12557K, committed 12928K, reserved 393216K
  class space    used 1661K, committed 1856K, reserved 327680K

Heap Regions: E=young(eden), S=young(survivor), O=old, HS=humongous(starts), HC=humongous(continues), CS=collection set, F=free, TAMS=top-at-mark-start, PB=parsable bottom
|   0|0x00000000e0000000, 0x00000000e0100000, 0x00000000e0100000|100%|HS|  |TAMS 0x00000000e0000000| PB 0x00000000e0000000| Complete 
|   1|0x00000000e0100000, 0x00000000e0200000, 0x00000000e0200000|100%|HC|  |TAMS 0x00000000e0100000| PB 0x00000000e0100000| Complete 
|   2|0x00000000e0200000, 0x00000000e0300000, 0x00000000e0300000|100%|HC|  |TAMS 0x00000000e0200000| PB 0x00000000e0200000| Complete 
|   3|0x00000000e0300000, 0x00000000e0400000, 0x00000000e0400000|100%| O|  |TAMS 0x00000000e0300000| PB 0x00000000e0300000| Untracked 
|   4|0x00000000e0400000, 0x00000000e0500000, 0x00000000e0500000|100%| O|  |TAMS 0x00000000e0400000| PB 0x00000000e0400000| Untracked 
|   5|0x00000000e0500000, 0x00000000e0600000, 0x00000000e0600000|100%| O|  |TAMS 0x00000000e0500000| PB 0x00000000e0500000| Untracked 
|   6|0x00000000e0600000, 0x00000000e0700000, 0x00000000e0700000|100%|HS|  |TAMS 0x00000000e0600000| PB 0x00000000e0600000| Complete 
|   7|0x00000000e0700000, 0x00000000e0700000, 0x00000000e0800000|  0%| F|  |TAMS 0x00000000e0700000| PB 0x00000000e0700000| Untracked 
|   8|0x00000000e0800000, 0x00000000e0900000, 0x00000000e0900000|100%| O|  |TAMS 0x00000000e0800000| PB 0x00000000e0800000| Untracked 
|   9|0x00000000e0900000, 0x00000000e09d29b0, 0x00000000e0a00000| 82%| O|  |TAMS 0x00000000e0900000| PB 0x00000000e0900000| Untracked 
|  10|0x00000000e0a00000, 0x00000000e0a00000, 0x00000000e0b00000|  0%| F|  |TAMS 0x00000000e0a00000| PB 0x00000000e0a00000| Untracked 
|  11|0x00000000e0b00000, 0x00000000e0b00000, 0x00000000e0c00000|  0%| F|  |TAMS 0x00000000e0b00000| PB 0x00000000e0b00000| Untracked 
|  12|0x00000000e0c00000, 0x00000000e0c00000, 0x00000000e0d00000|  0%| F|  |TAMS 0x00000000e0c00000| PB 0x00000000e0c00000| Untracked 
|  13|0x00000000e0d00000, 0x00000000e0d00000, 0x00000000e0e00000|  0%| F|  |TAMS 0x00000000e0d00000| PB 0x00000000e0d00000| Untracked 
|  14|0x00000000e0e00000, 0x00000000e0e00000, 0x00000000e0f00000|  0%| F|  |TAMS 0x00000000e0e00000| PB 0x00000000e0e00000| Untracked 
|  15|0x00000000e0f00000, 0x00000000e0f00000, 0x00000000e1000000|  0%| F|  |TAMS 0x00000000e0f00000| PB 0x00000000e0f00000| Untracked 
|  16|0x00000000e1000000, 0x00000000e1000000, 0x00000000e1100000|  0%| F|  |TAMS 0x00000000e1000000| PB 0x00000000e1000000| Untracked 
|  17|0x00000000e1100000, 0x00000000e1100000, 0x00000000e1200000|  0%| F|  |TAMS 0x00000000e1100000| PB 0x00000000e1100000| Untracked 
|  18|0x00000000e1200000, 0x00000000e1200000, 0x00000000e1300000|  0%| F|  |TAMS 0x00000000e1200000| PB 0x00000000e1200000| Untracked 
|  19|0x00000000e1300000, 0x00000000e1300000, 0x00000000e1400000|  0%| F|  |TAMS 0x00000000e1300000| PB 0x00000000e1300000| Untracked 
|  20|0x00000000e1400000, 0x00000000e1400000, 0x00000000e1500000|  0%| F|  |TAMS 0x00000000e1400000| PB 0x00000000e1400000| Untracked 
|  21|0x00000000e1500000, 0x00000000e1500000, 0x00000000e1600000|  0%| F|  |TAMS 0x00000000e1500000| PB 0x00000000e1500000| Untracked 
|  22|0x00000000e1600000, 0x00000000e1600000, 0x00000000e1700000|  0%| F|  |TAMS 0x00000000e1600000| PB 0x00000000e1600000| Untracked 
|  23|0x00000000e1700000, 0x00000000e1700000, 0x00000000e1800000|  0%| F|  |TAMS 0x00000000e1700000| PB 0x00000000e1700000| Untracked 
|  24|0x00000000e1800000, 0x00000000e1800000, 0x00000000e1900000|  0%| F|  |TAMS 0x00000000e1800000| PB 0x00000000e1800000| Untracked 
|  25|0x00000000e1900000, 0x00000000e1900000, 0x00000000e1a00000|  0%| F|  |TAMS 0x00000000e1900000| PB 0x00000000e1900000| Untracked 
|  26|0x00000000e1a00000, 0x00000000e1a00000, 0x00000000e1b00000|  0%| F|  |TAMS 0x00000000e1a00000| PB 0x00000000e1a00000| Untracked 
|  27|0x00000000e1b00000, 0x00000000e1b00000, 0x00000000e1c00000|  0%| F|  |TAMS 0x00000000e1b00000| PB 0x00000000e1b00000| Untracked 
|  28|0x00000000e1c00000, 0x00000000e1c00000, 0x00000000e1d00000|  0%| F|  |TAMS 0x00000000e1c00000| PB 0x00000000e1c00000| Untracked 
|  29|0x00000000e1d00000, 0x00000000e1d00000, 0x00000000e1e00000|  0%| F|  |TAMS 0x00000000e1d00000| PB 0x00000000e1d00000| Untracked 
|  30|0x00000000e1e00000, 0x00000000e1e00000, 0x00000000e1f00000|  0%| F|  |TAMS 0x00000000e1e00000| PB 0x00000000e1e00000| Untracked 
|  31|0x00000000e1f00000, 0x00000000e1f00000, 0x00000000e2000000|  0%| F|  |TAMS 0x00000000e1f00000| PB 0x00000000e1f00000| Untracked 
|  32|0x00000000e2000000, 0x00000000e2000000, 0x00000000e2100000|  0%| F|  |TAMS 0x00000000e2000000| PB 0x00000000e2000000| Untracked 
|  33|0x00000000e2100000, 0x00000000e2100000, 0x00000000e2200000|  0%| F|  |TAMS 0x00000000e2100000| PB 0x00000000e2100000| Untracked 
|  34|0x00000000e2200000, 0x00000000e2200000, 0x00000000e2300000|  0%| F|  |TAMS 0x00000000e2200000| PB 0x00000000e2200000| Untracked 
|  35|0x00000000e2300000, 0x00000000e2300000, 0x00000000e2400000|  0%| F|  |TAMS 0x00000000e2300000| PB 0x00000000e2300000| Untracked 
|  36|0x00000000e2400000, 0x00000000e2400000, 0x00000000e2500000|  0%| F|  |TAMS 0x00000000e2400000| PB 0x00000000e2400000| Untracked 
|  37|0x00000000e2500000, 0x00000000e2500000, 0x00000000e2600000|  0%| F|  |TAMS 0x00000000e2500000| PB 0x00000000e2500000| Untracked 
|  38|0x00000000e2600000, 0x00000000e2600000, 0x00000000e2700000|  0%| F|  |TAMS 0x00000000e2600000| PB 0x00000000e2600000| Untracked 
|  39|0x00000000e2700000, 0x00000000e2700000, 0x00000000e2800000|  0%| F|  |TAMS 0x00000000e2700000| PB 0x00000000e2700000| Untracked 
|  40|0x00000000e2800000, 0x00000000e2800000, 0x00000000e2900000|  0%| F|  |TAMS 0x00000000e2800000| PB 0x00000000e2800000| Untracked 
|  41|0x00000000e2900000, 0x00000000e2900000, 0x00000000e2a00000|  0%| F|  |TAMS 0x00000000e2900000| PB 0x00000000e2900000| Untracked 
|  42|0x00000000e2a00000, 0x00000000e2a00000, 0x00000000e2b00000|  0%| F|  |TAMS 0x00000000e2a00000| PB 0x00000000e2a00000| Untracked 
|  43|0x00000000e2b00000, 0x00000000e2b00000, 0x00000000e2c00000|  0%| F|  |TAMS 0x00000000e2b00000| PB 0x00000000e2b00000| Untracked 
|  44|0x00000000e2c00000, 0x00000000e2c00000, 0x00000000e2d00000|  0%| F|  |TAMS 0x00000000e2c00000| PB 0x00000000e2c00000| Untracked 
|  45|0x00000000e2d00000, 0x00000000e2d00000, 0x00000000e2e00000|  0%| F|  |TAMS 0x00000000e2d00000| PB 0x00000000e2d00000| Untracked 
|  46|0x00000000e2e00000, 0x00000000e2e00000, 0x00000000e2f00000|  0%| F|  |TAMS 0x00000000e2e00000| PB 0x00000000e2e00000| Untracked 
|  47|0x00000000e2f00000, 0x00000000e2f00000, 0x00000000e3000000|  0%| F|  |TAMS 0x00000000e2f00000| PB 0x00000000e2f00000| Untracked 
|  48|0x00000000e3000000, 0x00000000e3000000, 0x00000000e3100000|  0%| F|  |TAMS 0x00000000e3000000| PB 0x00000000e3000000| Untracked 
|  49|0x00000000e3100000, 0x00000000e3100000, 0x00000000e3200000|  0%| F|  |TAMS 0x00000000e3100000| PB 0x00000000e3100000| Untracked 
|  50|0x00000000e3200000, 0x00000000e3200000, 0x00000000e3300000|  0%| F|  |TAMS 0x00000000e3200000| PB 0x00000000e3200000| Untracked 
|  51|0x00000000e3300000, 0x00000000e3300000, 0x00000000e3400000|  0%| F|  |TAMS 0x00000000e3300000| PB 0x00000000e3300000| Untracked 
|  52|0x00000000e3400000, 0x00000000e3400000, 0x00000000e3500000|  0%| F|  |TAMS 0x00000000e3400000| PB 0x00000000e3400000| Untracked 
|  53|0x00000000e3500000, 0x00000000e3500000, 0x00000000e3600000|  0%| F|  |TAMS 0x00000000e3500000| PB 0x00000000e3500000| Untracked 
|  54|0x00000000e3600000, 0x00000000e3600000, 0x00000000e3700000|  0%| F|  |TAMS 0x00000000e3600000| PB 0x00000000e3600000| Untracked 
|  55|0x00000000e3700000, 0x00000000e3700000, 0x00000000e3800000|  0%| F|  |TAMS 0x00000000e3700000| PB 0x00000000e3700000| Untracked 
|  56|0x00000000e3800000, 0x00000000e3800000, 0x00000000e3900000|  0%| F|  |TAMS 0x00000000e3800000| PB 0x00000000e3800000| Untracked 
|  57|0x00000000e3900000, 0x00000000e3900000, 0x00000000e3a00000|  0%| F|  |TAMS 0x00000000e3900000| PB 0x00000000e3900000| Untracked 
|  58|0x00000000e3a00000, 0x00000000e3a00000, 0x00000000e3b00000|  0%| F|  |TAMS 0x00000000e3a00000| PB 0x00000000e3a00000| Untracked 
|  59|0x00000000e3b00000, 0x00000000e3b00000, 0x00000000e3c00000|  0%| F|  |TAMS 0x00000000e3b00000| PB 0x00000000e3b00000| Untracked 
|  60|0x00000000e3c00000, 0x00000000e3c00000, 0x00000000e3d00000|  0%| F|  |TAMS 0x00000000e3c00000| PB 0x00000000e3c00000| Untracked 
|  61|0x00000000e3d00000, 0x00000000e3d00000, 0x00000000e3e00000|  0%| F|  |TAMS 0x00000000e3d00000| PB 0x00000000e3d00000| Untracked 
|  62|0x00000000e3e00000, 0x00000000e3e00000, 0x00000000e3f00000|  0%| F|  |TAMS 0x00000000e3e00000| PB 0x00000000e3e00000| Untracked 
|  63|0x00000000e3f00000, 0x00000000e3f00000, 0x00000000e4000000|  0%| F|  |TAMS 0x00000000e3f00000| PB 0x00000000e3f00000| Untracked 
|  64|0x00000000e4000000, 0x00000000e4000000, 0x00000000e4100000|  0%| F|  |TAMS 0x00000000e4000000| PB 0x00000000e4000000| Untracked 
|  65|0x00000000e4100000, 0x00000000e4100000, 0x00000000e4200000|  0%| F|  |TAMS 0x00000000e4100000| PB 0x00000000e4100000| Untracked 
|  66|0x00000000e4200000, 0x00000000e4200000, 0x00000000e4300000|  0%| F|  |TAMS 0x00000000e4200000| PB 0x00000000e4200000| Untracked 
|  67|0x00000000e4300000, 0x00000000e4300000, 0x00000000e4400000|  0%| F|  |TAMS 0x00000000e4300000| PB 0x00000000e4300000| Untracked 
|  68|0x00000000e4400000, 0x00000000e4400000, 0x00000000e4500000|  0%| F|  |TAMS 0x00000000e4400000| PB 0x00000000e4400000| Untracked 
|  69|0x00000000e4500000, 0x00000000e4500000, 0x00000000e4600000|  0%| F|  |TAMS 0x00000000e4500000| PB 0x00000000e4500000| Untracked 
|  70|0x00000000e4600000, 0x00000000e4600000, 0x00000000e4700000|  0%| F|  |TAMS 0x00000000e4600000| PB 0x00000000e4600000| Untracked 
|  71|0x00000000e4700000, 0x00000000e4700000, 0x00000000e4800000|  0%| F|  |TAMS 0x00000000e4700000| PB 0x00000000e4700000| Untracked 
|  72|0x00000000e4800000, 0x00000000e4800000, 0x00000000e4900000|  0%| F|  |TAMS 0x00000000e4800000| PB 0x00000000e4800000| Untracked 
|  73|0x00000000e4900000, 0x00000000e4900000, 0x00000000e4a00000|  0%| F|  |TAMS 0x00000000e4900000| PB 0x00000000e4900000| Untracked 
|  74|0x00000000e4a00000, 0x00000000e4a00000, 0x00000000e4b00000|  0%| F|  |TAMS 0x00000000e4a00000| PB 0x00000000e4a00000| Untracked 
|  75|0x00000000e4b00000, 0x00000000e4b00000, 0x00000000e4c00000|  0%| F|  |TAMS 0x00000000e4b00000| PB 0x00000000e4b00000| Untracked 
|  76|0x00000000e4c00000, 0x00000000e4c00000, 0x00000000e4d00000|  0%| F|  |TAMS 0x00000000e4c00000| PB 0x00000000e4c00000| Untracked 
|  77|0x00000000e4d00000, 0x00000000e4d00000, 0x00000000e4e00000|  0%| F|  |TAMS 0x00000000e4d00000| PB 0x00000000e4d00000| Untracked 
|  78|0x00000000e4e00000, 0x00000000e4e00000, 0x00000000e4f00000|  0%| F|  |TAMS 0x00000000e4e00000| PB 0x00000000e4e00000| Untracked 
|  79|0x00000000e4f00000, 0x00000000e4f00000, 0x00000000e5000000|  0%| F|  |TAMS 0x00000000e4f00000| PB 0x00000000e4f00000| Untracked 
|  80|0x00000000e5000000, 0x00000000e5000000, 0x00000000e5100000|  0%| F|  |TAMS 0x00000000e5000000| PB 0x00000000e5000000| Untracked 
|  81|0x00000000e5100000, 0x00000000e5100000, 0x00000000e5200000|  0%| F|  |TAMS 0x00000000e5100000| PB 0x00000000e5100000| Untracked 
|  82|0x00000000e5200000, 0x00000000e5200000, 0x00000000e5300000|  0%| F|  |TAMS 0x00000000e5200000| PB 0x00000000e5200000| Untracked 
|  83|0x00000000e5300000, 0x00000000e5300000, 0x00000000e5400000|  0%| F|  |TAMS 0x00000000e5300000| PB 0x00000000e5300000| Untracked 
|  84|0x00000000e5400000, 0x00000000e5400000, 0x00000000e5500000|  0%| F|  |TAMS 0x00000000e5400000| PB 0x00000000e5400000| Untracked 
|  85|0x00000000e5500000, 0x00000000e5500000, 0x00000000e5600000|  0%| F|  |TAMS 0x00000000e5500000| PB 0x00000000e5500000| Untracked 
|  86|0x00000000e5600000, 0x00000000e5600000, 0x00000000e5700000|  0%| F|  |TAMS 0x00000000e5600000| PB 0x00000000e5600000| Untracked 
|  87|0x00000000e5700000, 0x00000000e5700000, 0x00000000e5800000|  0%| F|  |TAMS 0x00000000e5700000| PB 0x00000000e5700000| Untracked 
|  88|0x00000000e5800000, 0x00000000e5800000, 0x00000000e5900000|  0%| F|  |TAMS 0x00000000e5800000| PB 0x00000000e5800000| Untracked 
|  89|0x00000000e5900000, 0x00000000e5900000, 0x00000000e5a00000|  0%| F|  |TAMS 0x00000000e5900000| PB 0x00000000e5900000| Untracked 
|  90|0x00000000e5a00000, 0x00000000e5a00000, 0x00000000e5b00000|  0%| F|  |TAMS 0x00000000e5a00000| PB 0x00000000e5a00000| Untracked 
|  91|0x00000000e5b00000, 0x00000000e5b00000, 0x00000000e5c00000|  0%| F|  |TAMS 0x00000000e5b00000| PB 0x00000000e5b00000| Untracked 
|  92|0x00000000e5c00000, 0x00000000e5c00000, 0x00000000e5d00000|  0%| F|  |TAMS 0x00000000e5c00000| PB 0x00000000e5c00000| Untracked 
|  93|0x00000000e5d00000, 0x00000000e5d00000, 0x00000000e5e00000|  0%| F|  |TAMS 0x00000000e5d00000| PB 0x00000000e5d00000| Untracked 
|  94|0x00000000e5e00000, 0x00000000e5e00000, 0x00000000e5f00000|  0%| F|  |TAMS 0x00000000e5e00000| PB 0x00000000e5e00000| Untracked 
|  95|0x00000000e5f00000, 0x00000000e5f00000, 0x00000000e6000000|  0%| F|  |TAMS 0x00000000e5f00000| PB 0x00000000e5f00000| Untracked 
|  96|0x00000000e6000000, 0x00000000e6000000, 0x00000000e6100000|  0%| F|  |TAMS 0x00000000e6000000| PB 0x00000000e6000000| Untracked 
|  97|0x00000000e6100000, 0x00000000e6100000, 0x00000000e6200000|  0%| F|  |TAMS 0x00000000e6100000| PB 0x00000000e6100000| Untracked 
|  98|0x00000000e6200000, 0x00000000e6200000, 0x00000000e6300000|  0%| F|  |TAMS 0x00000000e6200000| PB 0x00000000e6200000| Untracked 
|  99|0x00000000e6300000, 0x00000000e6300000, 0x00000000e6400000|  0%| F|  |TAMS 0x00000000e6300000| PB 0x00000000e6300000| Untracked 
| 100|0x00000000e6400000, 0x00000000e6400000, 0x00000000e6500000|  0%| F|  |TAMS 0x00000000e6400000| PB 0x00000000e6400000| Untracked 
| 101|0x00000000e6500000, 0x00000000e6500000, 0x00000000e6600000|  0%| F|  |TAMS 0x00000000e6500000| PB 0x00000000e6500000| Untracked 
| 102|0x00000000e6600000, 0x00000000e6600000, 0x00000000e6700000|  0%| F|  |TAMS 0x00000000e6600000| PB 0x00000000e6600000| Untracked 
| 103|0x00000000e6700000, 0x00000000e6700000, 0x00000000e6800000|  0%| F|  |TAMS 0x00000000e6700000| PB 0x00000000e6700000| Untracked 
| 104|0x00000000e6800000, 0x00000000e6800000, 0x00000000e6900000|  0%| F|  |TAMS 0x00000000e6800000| PB 0x00000000e6800000| Untracked 
| 105|0x00000000e6900000, 0x00000000e6900000, 0x00000000e6a00000|  0%| F|  |TAMS 0x00000000e6900000| PB 0x00000000e6900000| Untracked 
| 106|0x00000000e6a00000, 0x00000000e6a00000, 0x00000000e6b00000|  0%| F|  |TAMS 0x00000000e6a00000| PB 0x00000000e6a00000| Untracked 
| 107|0x00000000e6b00000, 0x00000000e6b00000, 0x00000000e6c00000|  0%| F|  |TAMS 0x00000000e6b00000| PB 0x00000000e6b00000| Untracked 
| 108|0x00000000e6c00000, 0x00000000e6c00000, 0x00000000e6d00000|  0%| F|  |TAMS 0x00000000e6c00000| PB 0x00000000e6c00000| Untracked 
| 109|0x00000000e6d00000, 0x00000000e6d00000, 0x00000000e6e00000|  0%| F|  |TAMS 0x00000000e6d00000| PB 0x00000000e6d00000| Untracked 
| 110|0x00000000e6e00000, 0x00000000e6e00000, 0x00000000e6f00000|  0%| F|  |TAMS 0x00000000e6e00000| PB 0x00000000e6e00000| Untracked 
| 111|0x00000000e6f00000, 0x00000000e6f00000, 0x00000000e7000000|  0%| F|  |TAMS 0x00000000e6f00000| PB 0x00000000e6f00000| Untracked 
| 112|0x00000000e7000000, 0x00000000e7000000, 0x00000000e7100000|  0%| F|  |TAMS 0x00000000e7000000| PB 0x00000000e7000000| Untracked 
| 113|0x00000000e7100000, 0x00000000e7100000, 0x00000000e7200000|  0%| F|  |TAMS 0x00000000e7100000| PB 0x00000000e7100000| Untracked 
| 114|0x00000000e7200000, 0x00000000e7200000, 0x00000000e7300000|  0%| F|  |TAMS 0x00000000e7200000| PB 0x00000000e7200000| Untracked 
| 115|0x00000000e7300000, 0x00000000e7300000, 0x00000000e7400000|  0%| F|  |TAMS 0x00000000e7300000| PB 0x00000000e7300000| Untracked 
| 116|0x00000000e7400000, 0x00000000e7400000, 0x00000000e7500000|  0%| F|  |TAMS 0x00000000e7400000| PB 0x00000000e7400000| Untracked 
| 117|0x00000000e7500000, 0x00000000e7500000, 0x00000000e7600000|  0%| F|  |TAMS 0x00000000e7500000| PB 0x00000000e7500000| Untracked 
| 118|0x00000000e7600000, 0x00000000e7600000, 0x00000000e7700000|  0%| F|  |TAMS 0x00000000e7600000| PB 0x00000000e7600000| Untracked 
| 119|0x00000000e7700000, 0x00000000e7700000, 0x00000000e7800000|  0%| F|  |TAMS 0x00000000e7700000| PB 0x00000000e7700000| Untracked 
| 120|0x00000000e7800000, 0x00000000e7800000, 0x00000000e7900000|  0%| F|  |TAMS 0x00000000e7800000| PB 0x00000000e7800000| Untracked 
| 121|0x00000000e7900000, 0x00000000e7900000, 0x00000000e7a00000|  0%| F|  |TAMS 0x00000000e7900000| PB 0x00000000e7900000| Untracked 
| 122|0x00000000e7a00000, 0x00000000e7a00000, 0x00000000e7b00000|  0%| F|  |TAMS 0x00000000e7a00000| PB 0x00000000e7a00000| Untracked 
| 123|0x00000000e7b00000, 0x00000000e7b00000, 0x00000000e7c00000|  0%| F|  |TAMS 0x00000000e7b00000| PB 0x00000000e7b00000| Untracked 
| 124|0x00000000e7c00000, 0x00000000e7c00000, 0x00000000e7d00000|  0%| F|  |TAMS 0x00000000e7c00000| PB 0x00000000e7c00000| Untracked 
| 125|0x00000000e7d00000, 0x00000000e7d00000, 0x00000000e7e00000|  0%| F|  |TAMS 0x00000000e7d00000| PB 0x00000000e7d00000| Untracked 
| 126|0x00000000e7e00000, 0x00000000e7e00000, 0x00000000e7f00000|  0%| F|  |TAMS 0x00000000e7e00000| PB 0x00000000e7e00000| Untracked 
| 127|0x00000000e7f00000, 0x00000000e7f00000, 0x00000000e8000000|  0%| F|  |TAMS 0x00000000e7f00000| PB 0x00000000e7f00000| Untracked 
| 128|0x00000000e8000000, 0x00000000e8000000, 0x00000000e8100000|  0%| F|  |TAMS 0x00000000e8000000| PB 0x00000000e8000000| Untracked 
| 129|0x00000000e8100000, 0x00000000e8100000, 0x00000000e8200000|  0%| F|  |TAMS 0x00000000e8100000| PB 0x00000000e8100000| Untracked 
| 130|0x00000000e8200000, 0x00000000e8200000, 0x00000000e8300000|  0%| F|  |TAMS 0x00000000e8200000| PB 0x00000000e8200000| Untracked 
| 131|0x00000000e8300000, 0x00000000e8300000, 0x00000000e8400000|  0%| F|  |TAMS 0x00000000e8300000| PB 0x00000000e8300000| Untracked 
| 132|0x00000000e8400000, 0x00000000e8400000, 0x00000000e8500000|  0%| F|  |TAMS 0x00000000e8400000| PB 0x00000000e8400000| Untracked 
| 133|0x00000000e8500000, 0x00000000e8500000, 0x00000000e8600000|  0%| F|  |TAMS 0x00000000e8500000| PB 0x00000000e8500000| Untracked 
| 134|0x00000000e8600000, 0x00000000e8600000, 0x00000000e8700000|  0%| F|  |TAMS 0x00000000e8600000| PB 0x00000000e8600000| Untracked 
| 135|0x00000000e8700000, 0x00000000e8700000, 0x00000000e8800000|  0%| F|  |TAMS 0x00000000e8700000| PB 0x00000000e8700000| Untracked 
| 136|0x00000000e8800000, 0x00000000e8800000, 0x00000000e8900000|  0%| F|  |TAMS 0x00000000e8800000| PB 0x00000000e8800000| Untracked 
| 137|0x00000000e8900000, 0x00000000e8900000, 0x00000000e8a00000|  0%| F|  |TAMS 0x00000000e8900000| PB 0x00000000e8900000| Untracked 
| 138|0x00000000e8a00000, 0x00000000e8a00000, 0x00000000e8b00000|  0%| F|  |TAMS 0x00000000e8a00000| PB 0x00000000e8a00000| Untracked 
| 139|0x00000000e8b00000, 0x00000000e8b00000, 0x00000000e8c00000|  0%| F|  |TAMS 0x00000000e8b00000| PB 0x00000000e8b00000| Untracked 
| 140|0x00000000e8c00000, 0x00000000e8c00000, 0x00000000e8d00000|  0%| F|  |TAMS 0x00000000e8c00000| PB 0x00000000e8c00000| Untracked 
| 141|0x00000000e8d00000, 0x00000000e8d00000, 0x00000000e8e00000|  0%| F|  |TAMS 0x00000000e8d00000| PB 0x00000000e8d00000| Untracked 
| 142|0x00000000e8e00000, 0x00000000e8e00000, 0x00000000e8f00000|  0%| F|  |TAMS 0x00000000e8e00000| PB 0x00000000e8e00000| Untracked 
| 143|0x00000000e8f00000, 0x00000000e8f00000, 0x00000000e9000000|  0%| F|  |TAMS 0x00000000e8f00000| PB 0x00000000e8f00000| Untracked 
| 144|0x00000000e9000000, 0x00000000e9000000, 0x00000000e9100000|  0%| F|  |TAMS 0x00000000e9000000| PB 0x00000000e9000000| Untracked 
| 145|0x00000000e9100000, 0x00000000e9100000, 0x00000000e9200000|  0%| F|  |TAMS 0x00000000e9100000| PB 0x00000000e9100000| Untracked 
| 146|0x00000000e9200000, 0x00000000e9200000, 0x00000000e9300000|  0%| F|  |TAMS 0x00000000e9200000| PB 0x00000000e9200000| Untracked 
| 147|0x00000000e9300000, 0x00000000e9300000, 0x00000000e9400000|  0%| F|  |TAMS 0x00000000e9300000| PB 0x00000000e9300000| Untracked 
| 148|0x00000000e9400000, 0x00000000e9400000, 0x00000000e9500000|  0%| F|  |TAMS 0x00000000e9400000| PB 0x00000000e9400000| Untracked 
| 149|0x00000000e9500000, 0x00000000e9500000, 0x00000000e9600000|  0%| F|  |TAMS 0x00000000e9500000| PB 0x00000000e9500000| Untracked 
| 150|0x00000000e9600000, 0x00000000e9600000, 0x00000000e9700000|  0%| F|  |TAMS 0x00000000e9600000| PB 0x00000000e9600000| Untracked 
| 151|0x00000000e9700000, 0x00000000e9700000, 0x00000000e9800000|  0%| F|  |TAMS 0x00000000e9700000| PB 0x00000000e9700000| Untracked 
| 152|0x00000000e9800000, 0x00000000e9800000, 0x00000000e9900000|  0%| F|  |TAMS 0x00000000e9800000| PB 0x00000000e9800000| Untracked 
| 153|0x00000000e9900000, 0x00000000e9900000, 0x00000000e9a00000|  0%| F|  |TAMS 0x00000000e9900000| PB 0x00000000e9900000| Untracked 
| 154|0x00000000e9a00000, 0x00000000e9a00000, 0x00000000e9b00000|  0%| F|  |TAMS 0x00000000e9a00000| PB 0x00000000e9a00000| Untracked 
| 155|0x00000000e9b00000, 0x00000000e9b00000, 0x00000000e9c00000|  0%| F|  |TAMS 0x00000000e9b00000| PB 0x00000000e9b00000| Untracked 
| 156|0x00000000e9c00000, 0x00000000e9c00000, 0x00000000e9d00000|  0%| F|  |TAMS 0x00000000e9c00000| PB 0x00000000e9c00000| Untracked 
| 157|0x00000000e9d00000, 0x00000000e9d00000, 0x00000000e9e00000|  0%| F|  |TAMS 0x00000000e9d00000| PB 0x00000000e9d00000| Untracked 
| 158|0x00000000e9e00000, 0x00000000e9e00000, 0x00000000e9f00000|  0%| F|  |TAMS 0x00000000e9e00000| PB 0x00000000e9e00000| Untracked 
| 159|0x00000000e9f00000, 0x00000000e9f00000, 0x00000000ea000000|  0%| F|  |TAMS 0x00000000e9f00000| PB 0x00000000e9f00000| Untracked 
| 160|0x00000000ea000000, 0x00000000ea000000, 0x00000000ea100000|  0%| F|  |TAMS 0x00000000ea000000| PB 0x00000000ea000000| Untracked 
| 161|0x00000000ea100000, 0x00000000ea100000, 0x00000000ea200000|  0%| F|  |TAMS 0x00000000ea100000| PB 0x00000000ea100000| Untracked 
| 162|0x00000000ea200000, 0x00000000ea200000, 0x00000000ea300000|  0%| F|  |TAMS 0x00000000ea200000| PB 0x00000000ea200000| Untracked 
| 163|0x00000000ea300000, 0x00000000ea300000, 0x00000000ea400000|  0%| F|  |TAMS 0x00000000ea300000| PB 0x00000000ea300000| Untracked 
| 164|0x00000000ea400000, 0x00000000ea400000, 0x00000000ea500000|  0%| F|  |TAMS 0x00000000ea400000| PB 0x00000000ea400000| Untracked 
| 165|0x00000000ea500000, 0x00000000ea500000, 0x00000000ea600000|  0%| F|  |TAMS 0x00000000ea500000| PB 0x00000000ea500000| Untracked 
| 166|0x00000000ea600000, 0x00000000ea600000, 0x00000000ea700000|  0%| F|  |TAMS 0x00000000ea600000| PB 0x00000000ea600000| Untracked 
| 167|0x00000000ea700000, 0x00000000ea700000, 0x00000000ea800000|  0%| F|  |TAMS 0x00000000ea700000| PB 0x00000000ea700000| Untracked 
| 168|0x00000000ea800000, 0x00000000ea800000, 0x00000000ea900000|  0%| F|  |TAMS 0x00000000ea800000| PB 0x00000000ea800000| Untracked 
| 169|0x00000000ea900000, 0x00000000ea900000, 0x00000000eaa00000|  0%| F|  |TAMS 0x00000000ea900000| PB 0x00000000ea900000| Untracked 
| 170|0x00000000eaa00000, 0x00000000eaa00000, 0x00000000eab00000|  0%| F|  |TAMS 0x00000000eaa00000| PB 0x00000000eaa00000| Untracked 
| 171|0x00000000eab00000, 0x00000000eab00000, 0x00000000eac00000|  0%| F|  |TAMS 0x00000000eab00000| PB 0x00000000eab00000| Untracked 
| 172|0x00000000eac00000, 0x00000000eac00000, 0x00000000ead00000|  0%| F|  |TAMS 0x00000000eac00000| PB 0x00000000eac00000| Untracked 
| 173|0x00000000ead00000, 0x00000000ead00000, 0x00000000eae00000|  0%| F|  |TAMS 0x00000000ead00000| PB 0x00000000ead00000| Untracked 
| 174|0x00000000eae00000, 0x00000000eae00000, 0x00000000eaf00000|  0%| F|  |TAMS 0x00000000eae00000| PB 0x00000000eae00000| Untracked 
| 175|0x00000000eaf00000, 0x00000000eaf00000, 0x00000000eb000000|  0%| F|  |TAMS 0x00000000eaf00000| PB 0x00000000eaf00000| Untracked 
| 176|0x00000000eb000000, 0x00000000eb000000, 0x00000000eb100000|  0%| F|  |TAMS 0x00000000eb000000| PB 0x00000000eb000000| Untracked 
| 177|0x00000000eb100000, 0x00000000eb100000, 0x00000000eb200000|  0%| F|  |TAMS 0x00000000eb100000| PB 0x00000000eb100000| Untracked 
| 178|0x00000000eb200000, 0x00000000eb200000, 0x00000000eb300000|  0%| F|  |TAMS 0x00000000eb200000| PB 0x00000000eb200000| Untracked 
| 179|0x00000000eb300000, 0x00000000eb300000, 0x00000000eb400000|  0%| F|  |TAMS 0x00000000eb300000| PB 0x00000000eb300000| Untracked 
| 180|0x00000000eb400000, 0x00000000eb400000, 0x00000000eb500000|  0%| F|  |TAMS 0x00000000eb400000| PB 0x00000000eb400000| Untracked 
| 181|0x00000000eb500000, 0x00000000eb600000, 0x00000000eb600000|100%| S|CS|TAMS 0x00000000eb500000| PB 0x00000000eb500000| Complete 
| 182|0x00000000eb600000, 0x00000000eb700000, 0x00000000eb700000|100%| S|CS|TAMS 0x00000000eb600000| PB 0x00000000eb600000| Complete 
| 183|0x00000000eb700000, 0x00000000eb800000, 0x00000000eb800000|100%| S|CS|TAMS 0x00000000eb700000| PB 0x00000000eb700000| Complete 
| 184|0x00000000eb800000, 0x00000000eb900000, 0x00000000eb900000|100%| S|CS|TAMS 0x00000000eb800000| PB 0x00000000eb800000| Complete 
| 185|0x00000000eb900000, 0x00000000eba00000, 0x00000000eba00000|100%| S|CS|TAMS 0x00000000eb900000| PB 0x00000000eb900000| Complete 
| 186|0x00000000eba00000, 0x00000000ebb00000, 0x00000000ebb00000|100%| S|CS|TAMS 0x00000000eba00000| PB 0x00000000eba00000| Complete 
| 187|0x00000000ebb00000, 0x00000000ebc00000, 0x00000000ebc00000|100%| S|CS|TAMS 0x00000000ebb00000| PB 0x00000000ebb00000| Complete 
| 188|0x00000000ebc00000, 0x00000000ebd00000, 0x00000000ebd00000|100%| S|CS|TAMS 0x00000000ebc00000| PB 0x00000000ebc00000| Complete 
| 189|0x00000000ebd00000, 0x00000000ebe00000, 0x00000000ebe00000|100%| S|CS|TAMS 0x00000000ebd00000| PB 0x00000000ebd00000| Complete 
| 190|0x00000000ebe00000, 0x00000000ebe00000, 0x00000000ebf00000|  0%| F|  |TAMS 0x00000000ebe00000| PB 0x00000000ebe00000| Untracked 
| 191|0x00000000ebf00000, 0x00000000ebf00000, 0x00000000ec000000|  0%| F|  |TAMS 0x00000000ebf00000| PB 0x00000000ebf00000| Untracked 
| 192|0x00000000ec000000, 0x00000000ec000000, 0x00000000ec100000|  0%| F|  |TAMS 0x00000000ec000000| PB 0x00000000ec000000| Untracked 
| 193|0x00000000ec100000, 0x00000000ec100000, 0x00000000ec200000|  0%| F|  |TAMS 0x00000000ec100000| PB 0x00000000ec100000| Untracked 
| 194|0x00000000ec200000, 0x00000000ec200000, 0x00000000ec300000|  0%| F|  |TAMS 0x00000000ec200000| PB 0x00000000ec200000| Untracked 
| 195|0x00000000ec300000, 0x00000000ec300000, 0x00000000ec400000|  0%| F|  |TAMS 0x00000000ec300000| PB 0x00000000ec300000| Untracked 
| 196|0x00000000ec400000, 0x00000000ec400000, 0x00000000ec500000|  0%| F|  |TAMS 0x00000000ec400000| PB 0x00000000ec400000| Untracked 
| 197|0x00000000ec500000, 0x00000000ec500000, 0x00000000ec600000|  0%| F|  |TAMS 0x00000000ec500000| PB 0x00000000ec500000| Untracked 
| 198|0x00000000ec600000, 0x00000000ec600000, 0x00000000ec700000|  0%| F|  |TAMS 0x00000000ec600000| PB 0x00000000ec600000| Untracked 
| 199|0x00000000ec700000, 0x00000000ec700000, 0x00000000ec800000|  0%| F|  |TAMS 0x00000000ec700000| PB 0x00000000ec700000| Untracked 
| 200|0x00000000ec800000, 0x00000000ec800000, 0x00000000ec900000|  0%| F|  |TAMS 0x00000000ec800000| PB 0x00000000ec800000| Untracked 
| 201|0x00000000ec900000, 0x00000000ec900000, 0x00000000eca00000|  0%| F|  |TAMS 0x00000000ec900000| PB 0x00000000ec900000| Untracked 
| 202|0x00000000eca00000, 0x00000000eca00000, 0x00000000ecb00000|  0%| F|  |TAMS 0x00000000eca00000| PB 0x00000000eca00000| Untracked 
| 203|0x00000000ecb00000, 0x00000000ecb00000, 0x00000000ecc00000|  0%| F|  |TAMS 0x00000000ecb00000| PB 0x00000000ecb00000| Untracked 
| 204|0x00000000ecc00000, 0x00000000ecc00000, 0x00000000ecd00000|  0%| F|  |TAMS 0x00000000ecc00000| PB 0x00000000ecc00000| Untracked 
| 205|0x00000000ecd00000, 0x00000000ecd00000, 0x00000000ece00000|  0%| F|  |TAMS 0x00000000ecd00000| PB 0x00000000ecd00000| Untracked 
| 206|0x00000000ece00000, 0x00000000ece00000, 0x00000000ecf00000|  0%| F|  |TAMS 0x00000000ece00000| PB 0x00000000ece00000| Untracked 
| 207|0x00000000ecf00000, 0x00000000ecf00000, 0x00000000ed000000|  0%| F|  |TAMS 0x00000000ecf00000| PB 0x00000000ecf00000| Untracked 
| 208|0x00000000ed000000, 0x00000000ed000000, 0x00000000ed100000|  0%| F|  |TAMS 0x00000000ed000000| PB 0x00000000ed000000| Untracked 
| 209|0x00000000ed100000, 0x00000000ed100000, 0x00000000ed200000|  0%| F|  |TAMS 0x00000000ed100000| PB 0x00000000ed100000| Untracked 
| 210|0x00000000ed200000, 0x00000000ed200000, 0x00000000ed300000|  0%| F|  |TAMS 0x00000000ed200000| PB 0x00000000ed200000| Untracked 
| 211|0x00000000ed300000, 0x00000000ed300000, 0x00000000ed400000|  0%| F|  |TAMS 0x00000000ed300000| PB 0x00000000ed300000| Untracked 
| 212|0x00000000ed400000, 0x00000000ed400000, 0x00000000ed500000|  0%| F|  |TAMS 0x00000000ed400000| PB 0x00000000ed400000| Untracked 
| 213|0x00000000ed500000, 0x00000000ed500000, 0x00000000ed600000|  0%| F|  |TAMS 0x00000000ed500000| PB 0x00000000ed500000| Untracked 
| 214|0x00000000ed600000, 0x00000000ed600000, 0x00000000ed700000|  0%| F|  |TAMS 0x00000000ed600000| PB 0x00000000ed600000| Untracked 
| 215|0x00000000ed700000, 0x00000000ed700000, 0x00000000ed800000|  0%| F|  |TAMS 0x00000000ed700000| PB 0x00000000ed700000| Untracked 
| 216|0x00000000ed800000, 0x00000000ed800000, 0x00000000ed900000|  0%| F|  |TAMS 0x00000000ed800000| PB 0x00000000ed800000| Untracked 
| 217|0x00000000ed900000, 0x00000000ed900000, 0x00000000eda00000|  0%| F|  |TAMS 0x00000000ed900000| PB 0x00000000ed900000| Untracked 
| 218|0x00000000eda00000, 0x00000000eda00000, 0x00000000edb00000|  0%| F|  |TAMS 0x00000000eda00000| PB 0x00000000eda00000| Untracked 
| 219|0x00000000edb00000, 0x00000000edb00000, 0x00000000edc00000|  0%| F|  |TAMS 0x00000000edb00000| PB 0x00000000edb00000| Untracked 
| 220|0x00000000edc00000, 0x00000000edc00000, 0x00000000edd00000|  0%| F|  |TAMS 0x00000000edc00000| PB 0x00000000edc00000| Untracked 
| 221|0x00000000edd00000, 0x00000000edd00000, 0x00000000ede00000|  0%| F|  |TAMS 0x00000000edd00000| PB 0x00000000edd00000| Untracked 
| 222|0x00000000ede00000, 0x00000000ede00000, 0x00000000edf00000|  0%| F|  |TAMS 0x00000000ede00000| PB 0x00000000ede00000| Untracked 
| 223|0x00000000edf00000, 0x00000000edf00000, 0x00000000ee000000|  0%| F|  |TAMS 0x00000000edf00000| PB 0x00000000edf00000| Untracked 
| 224|0x00000000ee000000, 0x00000000ee000000, 0x00000000ee100000|  0%| F|  |TAMS 0x00000000ee000000| PB 0x00000000ee000000| Untracked 
| 225|0x00000000ee100000, 0x00000000ee100000, 0x00000000ee200000|  0%| F|  |TAMS 0x00000000ee100000| PB 0x00000000ee100000| Untracked 
| 226|0x00000000ee200000, 0x00000000ee200000, 0x00000000ee300000|  0%| F|  |TAMS 0x00000000ee200000| PB 0x00000000ee200000| Untracked 
| 227|0x00000000ee300000, 0x00000000ee300000, 0x00000000ee400000|  0%| F|  |TAMS 0x00000000ee300000| PB 0x00000000ee300000| Untracked 
| 228|0x00000000ee400000, 0x00000000ee400000, 0x00000000ee500000|  0%| F|  |TAMS 0x00000000ee400000| PB 0x00000000ee400000| Untracked 
| 229|0x00000000ee500000, 0x00000000ee500000, 0x00000000ee600000|  0%| F|  |TAMS 0x00000000ee500000| PB 0x00000000ee500000| Untracked 
| 230|0x00000000ee600000, 0x00000000ee600000, 0x00000000ee700000|  0%| F|  |TAMS 0x00000000ee600000| PB 0x00000000ee600000| Untracked 
| 231|0x00000000ee700000, 0x00000000ee700000, 0x00000000ee800000|  0%| F|  |TAMS 0x00000000ee700000| PB 0x00000000ee700000| Untracked 
| 232|0x00000000ee800000, 0x00000000ee800000, 0x00000000ee900000|  0%| F|  |TAMS 0x00000000ee800000| PB 0x00000000ee800000| Untracked 
| 233|0x00000000ee900000, 0x00000000ee900000, 0x00000000eea00000|  0%| F|  |TAMS 0x00000000ee900000| PB 0x00000000ee900000| Untracked 
| 234|0x00000000eea00000, 0x00000000eea00000, 0x00000000eeb00000|  0%| F|  |TAMS 0x00000000eea00000| PB 0x00000000eea00000| Untracked 
| 235|0x00000000eeb00000, 0x00000000eeb80800, 0x00000000eec00000| 50%| E|  |TAMS 0x00000000eeb00000| PB 0x00000000eeb00000| Complete 
| 236|0x00000000eec00000, 0x00000000eed00000, 0x00000000eed00000|100%| E|CS|TAMS 0x00000000eec00000| PB 0x00000000eec00000| Complete 
| 237|0x00000000eed00000, 0x00000000eee00000, 0x00000000eee00000|100%| E|CS|TAMS 0x00000000eed00000| PB 0x00000000eed00000| Complete 
| 238|0x00000000eee00000, 0x00000000eef00000, 0x00000000eef00000|100%| E|CS|TAMS 0x00000000eee00000| PB 0x00000000eee00000| Complete 
| 239|0x00000000eef00000, 0x00000000ef000000, 0x00000000ef000000|100%| E|CS|TAMS 0x00000000eef00000| PB 0x00000000eef00000| Complete 
| 240|0x00000000ef000000, 0x00000000ef100000, 0x00000000ef100000|100%| E|CS|TAMS 0x00000000ef000000| PB 0x00000000ef000000| Complete 
| 241|0x00000000ef100000, 0x00000000ef200000, 0x00000000ef200000|100%| E|CS|TAMS 0x00000000ef100000| PB 0x00000000ef100000| Complete 
| 242|0x00000000ef200000, 0x00000000ef300000, 0x00000000ef300000|100%| E|CS|TAMS 0x00000000ef200000| PB 0x00000000ef200000| Complete 
| 243|0x00000000ef300000, 0x00000000ef400000, 0x00000000ef400000|100%| E|CS|TAMS 0x00000000ef300000| PB 0x00000000ef300000| Complete 
| 244|0x00000000ef400000, 0x00000000ef500000, 0x00000000ef500000|100%| E|CS|TAMS 0x00000000ef400000| PB 0x00000000ef400000| Complete 
| 245|0x00000000ef500000, 0x00000000ef600000, 0x00000000ef600000|100%| E|CS|TAMS 0x00000000ef500000| PB 0x00000000ef500000| Complete 
| 246|0x00000000ef600000, 0x00000000ef700000, 0x00000000ef700000|100%| E|CS|TAMS 0x00000000ef600000| PB 0x00000000ef600000| Complete 
| 247|0x00000000ef700000, 0x00000000ef800000, 0x00000000ef800000|100%| E|CS|TAMS 0x00000000ef700000| PB 0x00000000ef700000| Complete 
| 248|0x00000000ef800000, 0x00000000ef900000, 0x00000000ef900000|100%| E|CS|TAMS 0x00000000ef800000| PB 0x00000000ef800000| Complete 
| 249|0x00000000ef900000, 0x00000000efa00000, 0x00000000efa00000|100%| E|CS|TAMS 0x00000000ef900000| PB 0x00000000ef900000| Complete 
| 250|0x00000000efa00000, 0x00000000efb00000, 0x00000000efb00000|100%| E|CS|TAMS 0x00000000efa00000| PB 0x00000000efa00000| Complete 
| 251|0x00000000efb00000, 0x00000000efc00000, 0x00000000efc00000|100%| E|CS|TAMS 0x00000000efb00000| PB 0x00000000efb00000| Complete 
| 252|0x00000000efc00000, 0x00000000efd00000, 0x00000000efd00000|100%| E|CS|TAMS 0x00000000efc00000| PB 0x00000000efc00000| Complete 
| 253|0x00000000efd00000, 0x00000000efe00000, 0x00000000efe00000|100%| E|CS|TAMS 0x00000000efd00000| PB 0x00000000efd00000| Complete 
| 254|0x00000000efe00000, 0x00000000eff00000, 0x00000000eff00000|100%| E|CS|TAMS 0x00000000efe00000| PB 0x00000000efe00000| Complete 
| 255|0x00000000eff00000, 0x00000000f0000000, 0x00000000f0000000|100%| E|CS|TAMS 0x00000000eff00000| PB 0x00000000eff00000| Complete 

Card table byte_map: [0x000001c933bb0000,0x000001c933cb0000] _byte_map_base: 0x000001c9334b0000

Marking Bits: (CMBitMap*) 0x000001c91c32b3a0
 Bits: [0x000001c933cb0000, 0x000001c9344b0000)

Polling page: 0x000001c91a230000

Metaspace:

Usage:
  Non-class:     10.64 MB used.
      Class:      1.62 MB used.
       Both:     12.26 MB used.

Virtual space:
  Non-class space:       64.00 MB reserved,      10.81 MB ( 17%) committed,  1 nodes.
      Class space:      320.00 MB reserved,       1.81 MB ( <1%) committed,  1 nodes.
             Both:      384.00 MB reserved,      12.62 MB (  3%) committed. 

Chunk freelists:
   Non-Class:  4.80 MB
       Class:  14.19 MB
        Both:  18.99 MB

MaxMetaspaceSize: 384.00 MB
CompressedClassSpaceSize: 320.00 MB
Initial GC threshold: 21.00 MB
Current GC threshold: 21.00 MB
CDS: on
 - commit_granule_bytes: 65536.
 - commit_granule_words: 8192.
 - virtual_space_node_default_size: 8388608.
 - enlarge_chunks_in_place: 1.
 - use_allocation_guard: 0.


Internal statistics:

num_allocs_failed_limit: 0.
num_arena_births: 388.
num_arena_deaths: 0.
num_vsnodes_births: 2.
num_vsnodes_deaths: 0.
num_space_committed: 202.
num_space_uncommitted: 0.
num_chunks_returned_to_freelist: 0.
num_chunks_taken_from_freelist: 781.
num_chunk_merges: 0.
num_chunk_splits: 507.
num_chunks_enlarged: 355.
num_inconsistent_stats: 0.

CodeHeap 'non-profiled nmethods': size=120000Kb used=1180Kb max_used=1180Kb free=118820Kb
 bounds [0x000001c92c250000, 0x000001c92c4c0000, 0x000001c933780000]
CodeHeap 'profiled nmethods': size=120000Kb used=4849Kb max_used=4849Kb free=115150Kb
 bounds [0x000001c924780000, 0x000001c924c40000, 0x000001c92bcb0000]
CodeHeap 'non-nmethods': size=5760Kb used=1610Kb max_used=1625Kb free=4149Kb
 bounds [0x000001c92bcb0000, 0x000001c92bf20000, 0x000001c92c250000]
 total_blobs=3030 nmethods=2494 adapters=440
 compilation: enabled
              stopped_count=0, restarted_count=0
 full_count=0

Compilation events (20 events):
Event: 6.123 Thread 0x000001c95012c3c0 nmethod 2471 0x000001c924c30d10 code [0x000001c924c31020, 0x000001c924c31c98]
Event: 6.127 Thread 0x000001c95012abe0 nmethod 2470 0x000001c92c373e90 code [0x000001c92c374060, 0x000001c92c374528]
Event: 6.127 Thread 0x000001c95012abe0 2474       4       java.lang.StringBuilder::append (8 bytes)
Event: 6.127 Thread 0x000001c95012c3c0 2475       3       java.lang.invoke.MemberName::isProtected (8 bytes)
Event: 6.127 Thread 0x000001c95012c3c0 nmethod 2475 0x000001c924c32110 code [0x000001c924c322a0, 0x000001c924c32468]
Event: 6.127 Thread 0x000001c95012c3c0 2477       3       java.lang.invoke.DelegatingMethodHandle::whichKind (44 bytes)
Event: 6.127 Thread 0x000001c95012c3c0 nmethod 2477 0x000001c924c32510 code [0x000001c924c326c0, 0x000001c924c328a0]
Event: 6.127 Thread 0x000001c95012c3c0 2476       3       java.util.HashMap::newHashMap (44 bytes)
Event: 6.127 Thread 0x000001c95012c3c0 nmethod 2476 0x000001c924c32910 code [0x000001c924c32ba0, 0x000001c924c33388]
Event: 6.131 Thread 0x000001c95012abe0 nmethod 2474 0x000001c92c374810 code [0x000001c92c3749e0, 0x000001c92c375190]
Event: 6.131 Thread 0x000001c95012abe0 2473       4       java.lang.invoke.MethodType::hashCode (53 bytes)
Event: 6.133 Thread 0x000001c95012abe0 nmethod 2473 0x000001c92c375590 code [0x000001c92c375740, 0x000001c92c375930]
Event: 6.140 Thread 0x000001c95012abe0 2478   !   4       java.util.zip.InflaterInputStream::read (129 bytes)
Event: 6.147 Thread 0x000001c95012c3c0 2480       3       java.util.Objects::hash (5 bytes)
Event: 6.147 Thread 0x000001c95012c3c0 nmethod 2480 0x000001c924c33710 code [0x000001c924c338c0, 0x000001c924c339d8]
Event: 6.148 Thread 0x000001c95012c3c0 2481       1       jdk.internal.event.ThreadSleepEvent::isEnabled (2 bytes)
Event: 6.148 Thread 0x000001c95012c3c0 nmethod 2481 0x000001c92c375f10 code [0x000001c92c3760a0, 0x000001c92c376168]
Event: 6.151 Thread 0x000001c95012c3c0 2483       3       java.util.HashMap::getNode (150 bytes)
Event: 6.151 Thread 0x000001c95012c3c0 nmethod 2483 0x000001c924c33a90 code [0x000001c924c33ce0, 0x000001c924c34878]
Event: 6.152 Thread 0x000001c95012c3c0 2484       3       sun.reflect.annotation.AnnotationParser::parseMemberValue (230 bytes)

GC Heap History (6 events):
Event: 0.264 GC heap before
{Heap before GC invocations=0 (full 0):
 garbage-first heap   total 262144K, used 23552K [0x00000000e0000000, 0x0000000100000000)
  region size 1024K, 23 young (23552K), 0 survivors (0K)
 Metaspace       used 889K, committed 1024K, reserved 393216K
  class space    used 69K, committed 128K, reserved 327680K
}
Event: 0.266 GC heap after
{Heap after GC invocations=1 (full 0):
 garbage-first heap   total 262144K, used 1535K [0x00000000e0000000, 0x0000000100000000)
  region size 1024K, 2 young (2048K), 2 survivors (2048K)
 Metaspace       used 889K, committed 1024K, reserved 393216K
  class space    used 69K, committed 128K, reserved 327680K
}
Event: 0.944 GC heap before
{Heap before GC invocations=1 (full 0):
 garbage-first heap   total 262144K, used 40447K [0x00000000e0000000, 0x0000000100000000)
  region size 1024K, 38 young (38912K), 2 survivors (2048K)
 Metaspace       used 4370K, committed 4544K, reserved 393216K
  class space    used 541K, committed 640K, reserved 327680K
}
Event: 0.947 GC heap after
{Heap after GC invocations=2 (full 0):
 garbage-first heap   total 262144K, used 11004K [0x00000000e0000000, 0x0000000100000000)
  region size 1024K, 5 young (5120K), 5 survivors (5120K)
 Metaspace       used 4370K, committed 4544K, reserved 393216K
  class space    used 541K, committed 640K, reserved 327680K
}
Event: 3.785 GC heap before
{Heap before GC invocations=2 (full 0):
 garbage-first heap   total 262144K, used 75516K [0x00000000e0000000, 0x0000000100000000)
  region size 1024K, 66 young (67584K), 5 survivors (5120K)
 Metaspace       used 8752K, committed 9088K, reserved 393216K
  class space    used 1154K, committed 1280K, reserved 327680K
}
Event: 3.791 GC heap after
{Heap after GC invocations=3 (full 0):
 garbage-first heap   total 262144K, used 18250K [0x00000000e0000000, 0x0000000100000000)
  region size 1024K, 9 young (9216K), 9 survivors (9216K)
 Metaspace       used 8752K, committed 9088K, reserved 393216K
  class space    used 1154K, committed 1280K, reserved 327680K
}

Dll operation events (15 events):
Event: 0.007 Loaded shared library C:\Program Files\Java\jdk-21\bin\java.dll
Event: 0.032 Loaded shared library C:\Program Files\Java\jdk-21\bin\jsvml.dll
Event: 0.062 Loaded shared library C:\Program Files\Java\jdk-21\bin\zip.dll
Event: 0.065 Loaded shared library C:\Program Files\Java\jdk-21\bin\instrument.dll
Event: 0.067 Loaded shared library C:\Program Files\Java\jdk-21\bin\net.dll
Event: 0.069 Loaded shared library C:\Program Files\Java\jdk-21\bin\nio.dll
Event: 0.071 Loaded shared library C:\Program Files\Java\jdk-21\bin\zip.dll
Event: 0.258 Loaded shared library C:\Program Files\Java\jdk-21\bin\jimage.dll
Event: 0.350 Loaded shared library C:\Program Files\Java\jdk-21\bin\verify.dll
Event: 0.538 Loaded shared library C:\Users\emmmz\.gradle\native\1def1411415f61bf3af743bc5b6707747c0891f09f0c88961ee8f79bc544acac\windows-amd64\native-platform.dll
Event: 0.558 Loaded shared library C:\Users\emmmz\.gradle\native\0.2.7\x86_64-windows-gnu\gradle-fileevents.dll
Event: 3.583 Loaded shared library C:\Program Files\Java\jdk-21\bin\management.dll
Event: 3.585 Loaded shared library C:\Program Files\Java\jdk-21\bin\management_ext.dll
Event: 3.701 Loaded shared library C:\Program Files\Java\jdk-21\bin\extnet.dll
Event: 3.876 Loaded shared library C:\Program Files\Java\jdk-21\bin\sunmscapi.dll

Deoptimization events (20 events):
Event: 3.944 Thread 0x000001c9520a0340 Uncommon trap: trap_request=0xffffff6e fr.pc=0x000001c92c3172ac relative=0x00000000000003ec
Event: 3.944 Thread 0x000001c9520a0340 Uncommon trap: reason=loop_limit_check action=maybe_recompile pc=0x000001c92c3172ac method=java.lang.StringLatin1.indexOf([BI[BII)I @ 37 c2
Event: 3.944 Thread 0x000001c9520a0340 DEOPT PACKING pc=0x000001c92c3172ac sp=0x0000004de98fef60
Event: 3.944 Thread 0x000001c9520a0340 DEOPT UNPACKING pc=0x000001c92bd07da2 sp=0x0000004de98feec0 mode 2
Event: 6.125 Thread 0x000001c9520a0340 Uncommon trap: trap_request=0xffffffcc fr.pc=0x000001c92c3723a0 relative=0x0000000000000360
Event: 6.125 Thread 0x000001c9520a0340 Uncommon trap: reason=intrinsic_or_type_checked_inlining action=make_not_entrant pc=0x000001c92c3723a0 method=java.util.Arrays.copyOf([Ljava/lang/Object;ILjava/lang/Class;)[Ljava/lang/Object; @ 35 c2
Event: 6.125 Thread 0x000001c9520a0340 DEOPT PACKING pc=0x000001c92c3723a0 sp=0x0000004de98fcf50
Event: 6.125 Thread 0x000001c9520a0340 DEOPT UNPACKING pc=0x000001c92bd07da2 sp=0x0000004de98fcee0 mode 2
Event: 6.147 Thread 0x000001c9520a0340 Uncommon trap: trap_request=0xffffff45 fr.pc=0x000001c92c351550 relative=0x0000000000000470
Event: 6.147 Thread 0x000001c9520a0340 Uncommon trap: reason=unstable_if action=reinterpret pc=0x000001c92c351550 method=java.util.HashMap.getNode(Ljava/lang/Object;)Ljava/util/HashMap$Node; @ 66 c2
Event: 6.147 Thread 0x000001c9520a0340 DEOPT PACKING pc=0x000001c92c351550 sp=0x0000004de98fc4f0
Event: 6.147 Thread 0x000001c9520a0340 DEOPT UNPACKING pc=0x000001c92bd07da2 sp=0x0000004de98fc410 mode 2
Event: 6.147 Thread 0x000001c9520a0340 Uncommon trap: trap_request=0xffffff45 fr.pc=0x000001c92c350ad8 relative=0x00000000000003f8
Event: 6.147 Thread 0x000001c9520a0340 Uncommon trap: reason=unstable_if action=reinterpret pc=0x000001c92c350ad8 method=java.util.HashMap.getNode(Ljava/lang/Object;)Ljava/util/HashMap$Node; @ 66 c2
Event: 6.147 Thread 0x000001c9520a0340 DEOPT PACKING pc=0x000001c92c350ad8 sp=0x0000004de98fc490
Event: 6.147 Thread 0x000001c9520a0340 DEOPT UNPACKING pc=0x000001c92bd07da2 sp=0x0000004de98fc410 mode 2
Event: 6.152 Thread 0x000001c9520a0340 Uncommon trap: trap_request=0xffffff45 fr.pc=0x000001c92c2ee298 relative=0x00000000000002d8
Event: 6.152 Thread 0x000001c9520a0340 Uncommon trap: reason=unstable_if action=reinterpret pc=0x000001c92c2ee298 method=java.util.concurrent.ConcurrentHashMap.get(Ljava/lang/Object;)Ljava/lang/Object; @ 152 c2
Event: 6.152 Thread 0x000001c9520a0340 DEOPT PACKING pc=0x000001c92c2ee298 sp=0x0000004de98fba00
Event: 7.152 Thread 0x000001c9520a0340 DEOPT UNPACKING pc=0x000001c92bd07da2 sp=0x0000004de98fb968 mode 2

Classes loaded (20 events):
Event: 6.146 Loading class java/beans/Introspector
Event: 6.146 Loading class java/beans/Introspector done
Event: 6.146 Loading class java/beans/EventSetDescriptor
Event: 6.147 Loading class java/beans/FeatureDescriptor
Event: 6.147 Loading class java/beans/FeatureDescriptor done
Event: 6.147 Loading class java/beans/EventSetDescriptor done
Event: 6.147 Loading class java/beans/Introspector$1
Event: 6.147 Loading class jdk/internal/access/JavaBeansAccess
Event: 6.147 Loading class jdk/internal/access/JavaBeansAccess done
Event: 6.147 Loading class java/beans/Introspector$1 done
Event: 6.147 Loading class java/lang/CloneNotSupportedException
Event: 6.147 Loading class java/lang/CloneNotSupportedException done
Event: 6.149 Loading class sun/reflect/generics/tree/BottomSignature
Event: 6.149 Loading class sun/reflect/generics/tree/BottomSignature done
Event: 6.149 Loading class sun/reflect/generics/tree/Wildcard
Event: 6.149 Loading class sun/reflect/generics/tree/Wildcard done
Event: 6.149 Loading class sun/reflect/generics/reflectiveObjects/WildcardTypeImpl
Event: 6.149 Loading class sun/reflect/generics/reflectiveObjects/WildcardTypeImpl done
Event: 6.152 Loading class jdk/internal/vm/annotation/IntrinsicCandidate
Event: 6.152 Loading class jdk/internal/vm/annotation/IntrinsicCandidate done

Classes unloaded (0 events):
No events

Classes redefined (0 events):
No events

Internal exceptions (20 events):
Event: 3.601 Thread 0x000001c919f9a940 Exception <a 'java/lang/NoSuchMethodError'{0x00000000ec6e9040}: 'java.lang.Object java.lang.invoke.DirectMethodHandle$Holder.invokeInterface(java.lang.Object, java.lang.Object)'> (0x00000000ec6e9040) 
thrown [s\open\src\hotspot\share\interpreter\linkResolver.cpp, line 773]
Event: 3.606 Thread 0x000001c919f9a940 Exception <a 'java/lang/NoSuchMethodError'{0x00000000ec511a78}: 'java.lang.Object java.lang.invoke.DirectMethodHandle$Holder.invokeVirtual(java.lang.Object, java.lang.Object, java.lang.Object, java.lang.Object, java.lang.Object)'> (0x00000000ec511a78) 
thrown [s\open\src\hotspot\share\interpreter\linkResolver.cpp, line 773]
Event: 3.608 Thread 0x000001c919f9a940 Exception <a 'java/lang/NoSuchMethodError'{0x00000000ec524a18}: 'java.lang.Object java.lang.invoke.Invokers$Holder.invokeExact_MT(java.lang.Object, java.lang.Object, java.lang.Object, java.lang.Object, java.lang.Object, java.lang.Object)'> (0x00000000ec524a18) 
thrown [s\open\src\hotspot\share\interpreter\linkResolver.cpp, line 773]
Event: 3.629 Thread 0x000001c919f9a940 Exception <a 'java/lang/NoSuchMethodError'{0x00000000ec5c2a30}: 'java.lang.Object java.lang.invoke.DelegatingMethodHandle$Holder.reinvoke_L(java.lang.Object, java.lang.Object, java.lang.Object, java.lang.Object, java.lang.Object, java.lang.Object, java.lang.Object, java.lang.Object, java.lang.Object, java.lang.Object, java.lang.Object, java.lang.Object, java.lang.Object, java.lang.Object)'> (0x00000000ec5c2a30) 
thrown [s\open\src\hotspot\share\interpreter\linkResolver.cpp, line 773]
Event: 3.633 Thread 0x000001c919f9a940 Exception <a 'java/lang/NoSuchMethodError'{0x00000000ec40fa50}: 'java.lang.Object java.lang.invoke.DirectMethodHandle$Holder.invokeStatic(java.lang.Object, java.lang.Object, java.lang.Object, java.lang.Object, java.lang.Object, java.lang.Object, java.lang.Object, java.lang.Object, java.lang.Object, java.lang.Object, java.lang.Object, java.lang.Object, java.lang.Object)'> (0x00000000ec40fa50) 
thrown [s\open\src\hotspot\share\interpreter\linkResolver.cpp, line 773]
Event: 3.635 Thread 0x000001c919f9a940 Exception <a 'java/lang/NoSuchMethodError'{0x00000000ec42efc0}: 'java.lang.Object java.lang.invoke.DirectMethodHandle$Holder.invokeStatic(java.lang.Object, java.lang.Object, java.lang.Object, java.lang.Object, java.lang.Object, java.lang.Object, java.lang.Object, java.lang.Object, java.lang.Object, java.lang.Object, java.lang.Object, java.lang.Object, java.lang.Object, java.lang.Object)'> (0x00000000ec42efc0) 
thrown [s\open\src\hotspot\share\interpreter\linkResolver.cpp, line 773]
Event: 3.636 Thread 0x000001c919f9a940 Exception <a 'java/lang/NoSuchMethodError'{0x00000000ec44f120}: 'java.lang.Object java.lang.invoke.DirectMethodHandle$Holder.invokeStatic(java.lang.Object, java.lang.Object, java.lang.Object, java.lang.Object, java.lang.Object, java.lang.Object, java.lang.Object, java.lang.Object, java.lang.Object, java.lang.Object, java.lang.Object, java.lang.Object, java.lang.Object, java.lang.Object, java.lang.Object)'> (0x00000000ec44f120) 
thrown [s\open\src\hotspot\share\interpreter\linkResolver.cpp, line 773]
Event: 3.639 Thread 0x000001c919f9a940 Exception <a 'java/lang/NoSuchMethodError'{0x00000000ec4717e0}: 'java.lang.Object java.lang.invoke.DirectMethodHandle$Holder.invokeStatic(java.lang.Object, java.lang.Object, java.lang.Object, java.lang.Object, java.lang.Object, java.lang.Object, java.lang.Object, java.lang.Object, java.lang.Object, java.lang.Object, java.lang.Object, java.lang.Object, java.lang.Object, java.lang.Object, java.lang.Object, java.lang.Object)'> (0x00000000ec4717e0) 
thrown [s\open\src\hotspot\share\interpreter\linkResolver.cpp
Event: 3.713 Thread 0x000001c919f9a940 Exception <a 'java/lang/NoSuchMethodError'{0x00000000ec17a620}: 'java.lang.Object java.lang.invoke.DirectMethodHandle$Holder.invokeVirtual(java.lang.Object, java.lang.Object, java.lang.Object, java.lang.Object, java.lang.Object, java.lang.Object, java.lang.Object)'> (0x00000000ec17a620) 
thrown [s\open\src\hotspot\share\interpreter\linkResolver.cpp, line 773]
Event: 3.722 Thread 0x000001c919f9a940 Exception <a 'java/lang/NoSuchMethodError'{0x00000000ec00c4a0}: 'java.lang.Object java.lang.invoke.DirectMethodHandle$Holder.invokeVirtual(java.lang.Object, java.lang.Object, java.lang.Object, java.lang.Object, java.lang.Object, java.lang.Object, java.lang.Object, java.lang.Object, java.lang.Object)'> (0x00000000ec00c4a0) 
thrown [s\open\src\hotspot\share\interpreter\linkResolver.cpp, line 773]
Event: 3.757 Thread 0x000001c919f9a940 Exception <a 'java/lang/NoSuchMethodError'{0x00000000ebfaff08}: 'java.lang.Object java.lang.invoke.DirectMethodHandle$Holder.invokeStaticInit(java.lang.Object, int, int, int, int)'> (0x00000000ebfaff08) 
thrown [s\open\src\hotspot\share\interpreter\linkResolver.cpp, line 773]
Event: 3.773 Thread 0x000001c919f9a940 Exception <a 'java/lang/NoSuchMethodError'{0x00000000ebe01c18}: 'java.lang.Object java.lang.invoke.DirectMethodHandle$Holder.invokeStaticInit(java.lang.Object, java.lang.Object, int, int, int, int)'> (0x00000000ebe01c18) 
thrown [s\open\src\hotspot\share\interpreter\linkResolver.cpp, line 773]
Event: 3.833 Thread 0x000001c919f9a940 Exception <a 'java/io/IOException'{0x00000000efd41810}> (0x00000000efd41810) 
thrown [s\open\src\hotspot\share\prims\jni.cpp, line 520]
Event: 3.837 Thread 0x000001c919f9a940 Implicit null exception at 0x000001c92c2a24a4 to 0x000001c92c2a2b70
Event: 3.841 Thread 0x000001c919f9a940 Exception <a 'java/lang/NoSuchMethodError'{0x00000000efdf2118}: 'java.lang.Object java.lang.invoke.DirectMethodHandle$Holder.newInvokeSpecial(java.lang.Object, java.lang.Object, java.lang.Object, java.lang.Object, java.lang.Object)'> (0x00000000efdf2118) 
thrown [s\open\src\hotspot\share\interpreter\linkResolver.cpp, line 773]
Event: 3.942 Thread 0x000001c936f3dd10 Exception <a 'java/lang/NoSuchMethodError'{0x00000000ef72ced0}: 'void java.lang.invoke.DirectMethodHandle$Holder.invokeSpecial(java.lang.Object, java.lang.Object, java.lang.Object)'> (0x00000000ef72ced0) 
thrown [s\open\src\hotspot\share\interpreter\linkResolver.cpp, line 773]
Event: 5.030 Thread 0x000001c9520a0340 Exception <a 'java/lang/NoSuchMethodError'{0x00000000ef258a40}: 'long java.lang.invoke.DirectMethodHandle$Holder.invokeInterface(java.lang.Object, java.lang.Object)'> (0x00000000ef258a40) 
thrown [s\open\src\hotspot\share\interpreter\linkResolver.cpp, line 773]
Event: 6.117 Thread 0x000001c9520a0340 Exception <a 'java/lang/NoSuchMethodError'{0x00000000eee84438}: 'void java.lang.invoke.DirectMethodHandle$Holder.invokeStatic(java.lang.Object, java.lang.Object)'> (0x00000000eee84438) 
thrown [s\open\src\hotspot\share\interpreter\linkResolver.cpp, line 773]
Event: 6.122 Thread 0x000001c9520a0340 Exception <a 'java/lang/NoSuchMethodError'{0x00000000eeec5ac0}: 'java.lang.Object java.lang.invoke.DirectMethodHandle$Holder.invokeVirtual(java.lang.Object, java.lang.Object, java.lang.Object, java.lang.Object, java.lang.Object, java.lang.Object, java.lang.Object, java.lang.Object, java.lang.Object, java.lang.Object, java.lang.Object, java.lang.Object)'> (0x00000000eeec5ac0) 
thrown [s\open\src\hotspot\share\interpreter\linkResolver.cpp, line 773]
Event: 6.122 Thread 0x000001c9520a0340 Exception <a 'java/lang/NoSuchMethodError'{0x00000000eeecab40}: 'java.lang.Object java.lang.invoke.DirectMethodHandle$Holder.invokeSpecial(java.lang.Object, java.lang.Object, java.lang.Object, java.lang.Object, java.lang.Object, java.lang.Object, java.lang.Object, java.lang.Object, java.lang.Object, java.lang.Object, java.lang.Object, java.lang.Object, java.lang.Object)'> (0x00000000eeecab40) 
thrown [s\open\src\hotspot\share\interpreter\linkResolver.cpp, line 773]

ZGC Phase Switch (0 events):
No events

VM Operations (20 events):
Event: 3.655 Executing VM operation: HandshakeAllThreads (Deoptimize) done
Event: 3.699 Executing VM operation: HandshakeAllThreads (Deoptimize)
Event: 3.699 Executing VM operation: HandshakeAllThreads (Deoptimize) done
Event: 3.712 Executing VM operation: HandshakeAllThreads (Deoptimize)
Event: 3.712 Executing VM operation: HandshakeAllThreads (Deoptimize) done
Event: 3.737 Executing VM operation: HandshakeAllThreads (Deoptimize)
Event: 3.737 Executing VM operation: HandshakeAllThreads (Deoptimize) done
Event: 3.768 Executing VM operation: HandshakeAllThreads (Deoptimize)
Event: 3.768 Executing VM operation: HandshakeAllThreads (Deoptimize) done
Event: 3.785 Executing VM operation: G1CollectForAllocation (G1 Evacuation Pause)
Event: 3.791 Executing VM operation: G1CollectForAllocation (G1 Evacuation Pause) done
Event: 3.855 Executing VM operation: HandshakeAllThreads (Deoptimize)
Event: 3.855 Executing VM operation: HandshakeAllThreads (Deoptimize) done
Event: 4.869 Executing VM operation: Cleanup
Event: 5.025 Executing VM operation: Cleanup done
Event: 6.037 Executing VM operation: Cleanup
Event: 6.101 Executing VM operation: Cleanup done
Event: 7.106 Executing VM operation: Cleanup
Event: 7.168 Executing VM operation: Cleanup done
Event: 8.182 Executing VM operation: Cleanup

Events (20 events):
Event: 0.030 Thread 0x000001c95012abe0 Thread added: 0x000001c95012abe0
Event: 0.030 Thread 0x000001c95012c3c0 Thread added: 0x000001c95012c3c0
Event: 0.046 Thread 0x000001c936f3e3a0 Thread added: 0x000001c936f3e3a0
Event: 0.081 Thread 0x000001c936f3cff0 Thread added: 0x000001c936f3cff0
Event: 0.120 Thread 0x000001c9503c71c0 Thread added: 0x000001c9503c71c0
Event: 0.256 Thread 0x000001c9504f1ec0 Thread added: 0x000001c9504f1ec0
Event: 1.126 Thread 0x000001c9504f1ec0 Thread exited: 0x000001c9504f1ec0
Event: 1.295 Thread 0x000001c9503c71c0 Thread exited: 0x000001c9503c71c0
Event: 3.519 Thread 0x000001c951d084d0 Thread added: 0x000001c951d084d0
Event: 3.622 Thread 0x000001c936f3b5b0 Thread added: 0x000001c936f3b5b0
Event: 3.782 Thread 0x000001c936f3bc40 Thread added: 0x000001c936f3bc40
Event: 3.844 Thread 0x000001c936f3d680 Thread added: 0x000001c936f3d680
Event: 3.898 Thread 0x000001c936f3dd10 Thread added: 0x000001c936f3dd10
Event: 3.901 Thread 0x000001c936f3af20 Thread added: 0x000001c936f3af20
Event: 3.936 Thread 0x000001c9520a1d80 Thread added: 0x000001c9520a1d80
Event: 3.942 Thread 0x000001c9520a0340 Thread added: 0x000001c9520a0340
Event: 3.951 Thread 0x000001c9520a1060 Thread added: 0x000001c9520a1060
Event: 3.954 Thread 0x000001c9520a16f0 Thread added: 0x000001c9520a16f0
Event: 3.956 Thread 0x000001c95209f620 Thread added: 0x000001c95209f620
Event: 5.025 Thread 0x000001c951d084d0 Thread exited: 0x000001c951d084d0


Dynamic libraries:
0x00007ff6d9a70000 - 0x00007ff6d9a80000 	C:\Program Files\Java\jdk-21\bin\java.exe
0x00007ff9ae540000 - 0x00007ff9ae7a7000 	C:\WINDOWS\SYSTEM32\ntdll.dll
0x00007ff9ac640000 - 0x00007ff9ac709000 	C:\WINDOWS\System32\KERNEL32.DLL
0x00007ff9ab990000 - 0x00007ff9abd81000 	C:\WINDOWS\System32\KERNELBASE.dll
0x00007ff9abf80000 - 0x00007ff9ac0cb000 	C:\WINDOWS\System32\ucrtbase.dll
0x00007ff94a0f0000 - 0x00007ff94a10b000 	C:\Program Files\Java\jdk-21\bin\VCRUNTIME140.dll
0x00007ff94a4b0000 - 0x00007ff94a4c9000 	C:\Program Files\Java\jdk-21\bin\jli.dll
0x00007ff9ae240000 - 0x00007ff9ae2fb000 	C:\WINDOWS\System32\ADVAPI32.dll
0x00007ff9ac480000 - 0x00007ff9ac529000 	C:\WINDOWS\System32\msvcrt.dll
0x00007ff9ade40000 - 0x00007ff9adee7000 	C:\WINDOWS\System32\sechost.dll
0x00007ff9ae120000 - 0x00007ff9ae238000 	C:\WINDOWS\System32\RPCRT4.dll
0x00007ff9ae320000 - 0x00007ff9ae4e5000 	C:\WINDOWS\System32\USER32.dll
0x00007ff996ad0000 - 0x00007ff996d63000 	C:\WINDOWS\WinSxS\amd64_microsoft.windows.common-controls_6595b64144ccf1df_6.0.26100.8037_none_3e092faae333b53b\COMCTL32.dll
0x00007ff9aaed0000 - 0x00007ff9aaef7000 	C:\WINDOWS\System32\win32u.dll
0x00007ff9adef0000 - 0x00007ff9adf1b000 	C:\WINDOWS\System32\GDI32.dll
0x00007ff9abe50000 - 0x00007ff9abf7b000 	C:\WINDOWS\System32\gdi32full.dll
0x00007ff9aae20000 - 0x00007ff9aaec3000 	C:\WINDOWS\System32\msvcp_win.dll
0x00007ff99cf10000 - 0x00007ff99cf1b000 	C:\WINDOWS\SYSTEM32\VERSION.dll
0x00007ff9ac710000 - 0x00007ff9ac741000 	C:\WINDOWS\System32\IMM32.DLL
0x00007ff9678c0000 - 0x00007ff9678cc000 	C:\Program Files\Java\jdk-21\bin\vcruntime140_1.dll
0x00007ff9346e0000 - 0x00007ff93476e000 	C:\Program Files\Java\jdk-21\bin\msvcp140.dll
0x00007ff8f31d0000 - 0x00007ff8f3ee8000 	C:\Program Files\Java\jdk-21\bin\server\jvm.dll
0x00007ff9adfa0000 - 0x00007ff9ae014000 	C:\WINDOWS\System32\WS2_32.dll
0x00007ff9aac80000 - 0x00007ff9aacde000 	C:\WINDOWS\SYSTEM32\POWRPROF.dll
0x00007ff998810000 - 0x00007ff998845000 	C:\WINDOWS\SYSTEM32\WINMM.dll
0x00007ff9aac60000 - 0x00007ff9aac74000 	C:\WINDOWS\SYSTEM32\UMPDC.dll
0x00007ff9a9b80000 - 0x00007ff9a9b9b000 	C:\WINDOWS\SYSTEM32\kernel.appcore.dll
0x00007ff94a4a0000 - 0x00007ff94a4aa000 	C:\Program Files\Java\jdk-21\bin\jimage.dll
0x00007ff9a5de0000 - 0x00007ff9a6022000 	C:\WINDOWS\SYSTEM32\DBGHELP.DLL
0x00007ff9acfe0000 - 0x00007ff9ad362000 	C:\WINDOWS\System32\combase.dll
0x00007ff9ad370000 - 0x00007ff9ad447000 	C:\WINDOWS\System32\OLEAUT32.dll
0x00007ff9938f0000 - 0x00007ff99392b000 	C:\WINDOWS\SYSTEM32\dbgcore.DLL
0x00007ff9aaf00000 - 0x00007ff9aafa5000 	C:\WINDOWS\System32\bcryptPrimitives.dll
0x00007ff97f650000 - 0x00007ff97f65f000 	C:\Program Files\Java\jdk-21\bin\instrument.dll
0x00007ff948e80000 - 0x00007ff948e9f000 	C:\Program Files\Java\jdk-21\bin\java.dll
0x00007ff9ad450000 - 0x00007ff9adbaf000 	C:\WINDOWS\System32\SHELL32.dll
0x00007ff9ab820000 - 0x00007ff9ab98a000 	C:\WINDOWS\System32\wintypes.dll
0x00007ff9aafb0000 - 0x00007ff9ab814000 	C:\WINDOWS\System32\windows.storage.dll
0x00007ff9acd10000 - 0x00007ff9ace07000 	C:\WINDOWS\System32\SHCORE.dll
0x00007ff9acf70000 - 0x00007ff9acfd7000 	C:\WINDOWS\System32\shlwapi.dll
0x00007ff9aad40000 - 0x00007ff9aad69000 	C:\WINDOWS\SYSTEM32\profapi.dll
0x00007ff92d970000 - 0x00007ff92da47000 	C:\Program Files\Java\jdk-21\bin\jsvml.dll
0x00007ff9482b0000 - 0x00007ff9482c8000 	C:\Program Files\Java\jdk-21\bin\zip.dll
0x00007ff94a0e0000 - 0x00007ff94a0f0000 	C:\Program Files\Java\jdk-21\bin\net.dll
0x00007ff9a3d70000 - 0x00007ff9a3e97000 	C:\WINDOWS\SYSTEM32\WINHTTP.dll
0x00007ff9aa120000 - 0x00007ff9aa18b000 	C:\WINDOWS\system32\mswsock.dll
0x00007ff948c80000 - 0x00007ff948c96000 	C:\Program Files\Java\jdk-21\bin\nio.dll
0x00007ff94a070000 - 0x00007ff94a080000 	C:\Program Files\Java\jdk-21\bin\verify.dll
0x00007ff9678d0000 - 0x00007ff9678f7000 	C:\Users\emmmz\.gradle\native\1def1411415f61bf3af743bc5b6707747c0891f09f0c88961ee8f79bc544acac\windows-amd64\native-platform.dll
0x00007ff935290000 - 0x00007ff935308000 	C:\Users\emmmz\.gradle\native\0.2.7\x86_64-windows-gnu\gradle-fileevents.dll
0x00007ff97f620000 - 0x00007ff97f62a000 	C:\Program Files\Java\jdk-21\bin\management.dll
0x00007ff9461f0000 - 0x00007ff9461fb000 	C:\Program Files\Java\jdk-21\bin\management_ext.dll
0x00007ff9ae4f0000 - 0x00007ff9ae4f8000 	C:\WINDOWS\System32\PSAPI.DLL
0x00007ff9a95b0000 - 0x00007ff9a95e3000 	C:\WINDOWS\SYSTEM32\IPHLPAPI.DLL
0x00007ff9ac750000 - 0x00007ff9ac75a000 	C:\WINDOWS\System32\NSI.dll
0x00007ff9498d0000 - 0x00007ff9498d9000 	C:\Program Files\Java\jdk-21\bin\extnet.dll
0x00007ff9aa400000 - 0x00007ff9aa41b000 	C:\WINDOWS\SYSTEM32\CRYPTSP.dll
0x00007ff9a9ae0000 - 0x00007ff9a9b19000 	C:\WINDOWS\system32\rsaenh.dll
0x00007ff9aa1d0000 - 0x00007ff9aa202000 	C:\WINDOWS\SYSTEM32\USERENV.dll
0x00007ff9aad10000 - 0x00007ff9aad3a000 	C:\WINDOWS\SYSTEM32\bcrypt.dll
0x00007ff9aa420000 - 0x00007ff9aa42c000 	C:\WINDOWS\SYSTEM32\CRYPTBASE.dll
0x00007ff948400000 - 0x00007ff94840e000 	C:\Program Files\Java\jdk-21\bin\sunmscapi.dll
0x00007ff9ac0d0000 - 0x00007ff9ac247000 	C:\WINDOWS\System32\CRYPT32.dll
0x00007ff9aa620000 - 0x00007ff9aa650000 	C:\WINDOWS\SYSTEM32\ncrypt.dll
0x00007ff9aa5d0000 - 0x00007ff9aa60f000 	C:\WINDOWS\SYSTEM32\NTASN1.dll
0x00007ff9a2e10000 - 0x00007ff9a2e18000 	C:\WINDOWS\system32\wshunix.dll

dbghelp: loaded successfully - version: 4.0.5 - missing functions: none
symbol engine: initialized successfully - sym options: 0x614 - pdb path: .;C:\Program Files\Java\jdk-21\bin;C:\WINDOWS\SYSTEM32;C:\WINDOWS\WinSxS\amd64_microsoft.windows.common-controls_6595b64144ccf1df_6.0.26100.8037_none_3e092faae333b53b;C:\Program Files\Java\jdk-21\bin\server;C:\Users\emmmz\.gradle\native\1def1411415f61bf3af743bc5b6707747c0891f09f0c88961ee8f79bc544acac\windows-amd64;C:\Users\emmmz\.gradle\native\0.2.7\x86_64-windows-gnu

VM Arguments:
jvm_args: --add-opens=java.base/java.lang=ALL-UNNAMED --add-opens=java.base/java.lang.invoke=ALL-UNNAMED --add-opens=java.base/java.util=ALL-UNNAMED --add-opens=java.prefs/java.util.prefs=ALL-UNNAMED --add-exports=jdk.compiler/com.sun.tools.javac.api=ALL-UNNAMED --add-exports=jdk.compiler/com.sun.tools.javac.util=ALL-UNNAMED --add-opens=java.base/java.util=ALL-UNNAMED --add-opens=java.prefs/java.util.prefs=ALL-UNNAMED --add-opens=java.base/java.nio.charset=ALL-UNNAMED --add-opens=java.base/java.net=ALL-UNNAMED --add-opens=java.base/java.util.concurrent.atomic=ALL-UNNAMED --add-opens=java.xml/javax.xml.namespace=ALL-UNNAMED -XX:MaxMetaspaceSize=384m -XX:+HeapDumpOnOutOfMemoryError -Xms256m -Xmx512m -Dfile.encoding=UTF-8 -Duser.country=US -Duser.language=en -Duser.variant -javaagent:C:\Users\emmmz\.gradle\wrapper\dists\gradle-8.14.4-bin\92wwslzcyst3phie3o264zltu\gradle-8.14.4\lib\agents\gradle-instrumentation-agent-8.14.4.jar 
java_command: org.gradle.launcher.daemon.bootstrap.GradleDaemon 8.14.4
java_class_path (initial): C:\Users\emmmz\.gradle\wrapper\dists\gradle-8.14.4-bin\92wwslzcyst3phie3o264zltu\gradle-8.14.4\lib\gradle-daemon-main-8.14.4.jar
Launcher Type: SUN_STANDARD

[Global flags]
     intx CICompilerCount                          = 4                                         {product} {ergonomic}
   size_t CompressedClassSpaceSize                 = 335544320                                 {product} {ergonomic}
     uint ConcGCThreads                            = 2                                         {product} {ergonomic}
     uint G1ConcRefinementThreads                  = 8                                         {product} {ergonomic}
   size_t G1HeapRegionSize                         = 1048576                                   {product} {ergonomic}
    uintx GCDrainStackTargetSize                   = 64                                        {product} {ergonomic}
     bool HeapDumpOnOutOfMemoryError               = true                                   {manageable} {command line}
   size_t InitialHeapSize                          = 268435456                                 {product} {command line}
   size_t MarkStackSize                            = 4194304                                   {product} {ergonomic}
   size_t MaxHeapSize                              = 536870912                                 {product} {command line}
   size_t MaxMetaspaceSize                         = 402653184                                 {product} {command line}
   size_t MaxNewSize                               = 321912832                                 {product} {ergonomic}
   size_t MinHeapDeltaBytes                        = 1048576                                   {product} {ergonomic}
   size_t MinHeapSize                              = 268435456                                 {product} {command line}
    uintx NonNMethodCodeHeapSize                   = 5839372                                {pd product} {ergonomic}
    uintx NonProfiledCodeHeapSize                  = 122909434                              {pd product} {ergonomic}
    uintx ProfiledCodeHeapSize                     = 122909434                              {pd product} {ergonomic}
    uintx ReservedCodeCacheSize                    = 251658240                              {pd product} {ergonomic}
     bool SegmentedCodeCache                       = true                                      {product} {ergonomic}
   size_t SoftMaxHeapSize                          = 536870912                              {manageable} {ergonomic}
     bool UseCompressedOops                        = true                           {product lp64_product} {ergonomic}
     bool UseG1GC                                  = true                                      {product} {ergonomic}
     bool UseLargePagesIndividualAllocation        = false                                  {pd product} {ergonomic}

Logging:
Log output configuration:
 #0: stdout all=warning uptime,level,tags foldmultilines=false
 #1: stderr all=off uptime,level,tags foldmultilines=false

Environment Variables:
PATH=C:\xampp_lite_8_4\apps\php;C:\Python313\Scripts\;C:\Python313\;C:\Program Files (x86)\NVIDIA Corporation\PhysX\Common;C:\Program Files\Common Files\Oracle\Java\javapath;C:\oraclexe\app\oracle\product\11.2.0\server\bin;C:\Windows\System32\HWAudioDriverLibs;C:\Windows\system32;C:\Windows;C:\Windows\System32\Wbem;C:\Windows\System32\WindowsPowerShell\v1.0\;C:\Windows\System32\OpenSSH\;C:\Users\Administrator\AppData\Local\Microsoft\WindowsApps;C:\WINDOWS\system32;C:\WINDOWS;C:\WINDOWS\System32\Wbem;C:\WINDOWS\System32\WindowsPowerShell\v1.0\;C:\WINDOWS\System32\OpenSSH\;C:\Program Files\Microsoft SQL Server\120\Tools\Binn\;C:\Program Files\Common Files\Autodesk Shared\;C:\Program Files\dotnet\;C:\Windows\SysWow64\;C:\Program Files\Git\cmd;D:\ComposerSetup;C:\sqlite3;C:\Program Files\nodejs\;C:\ProgramData\chocolatey\bin;C:\Program Files\Microsoft SQL Server\150\Tools\Binn\;C:\WINDOWS\system32;C:\WINDOWS;C:\WINDOWS\System32\Wbem;C:\WINDOWS\System32\WindowsPowerShell\v1.0\;C:\WINDOWS\System32\OpenSSH\;C:\ProgramData\ComposerSetup\bin;;C:\Users\emmmz\AppData\Local\Programs\Microsoft VS Code\bin;C:\Users\emmmz\AppData\Local\Programs\Antigravity\bin
USERNAME=emmmz
OS=Windows_NT
PROCESSOR_IDENTIFIER=Intel64 Family 6 Model 140 Stepping 1, GenuineIntel
TMP=C:\Users\emmmz\AppData\Local\Temp
TEMP=C:\Users\emmmz\AppData\Local\Temp




Periodic native trim disabled

---------------  S Y S T E M  ---------------

OS:
 Windows 11 , 64 bit Build 26100 (10.0.26100.7920)
OS uptime: 4 days 22:45 hours
Hyper-V role detected

CPU: total 8 (initial active 8) (4 cores per cpu, 2 threads per core) family 6 model 140 stepping 1 microcode 0x8a, cx8, cmov, fxsr, ht, mmx, 3dnowpref, sse, sse2, sse3, ssse3, sse4.1, sse4.2, popcnt, lzcnt, tsc, tscinvbit, avx, avx2, aes, erms, clmul, bmi1, bmi2, adx, avx512f, avx512dq, avx512cd, avx512bw, avx512vl, sha, fma, vzeroupper, avx512_vpopcntdq, avx512_vpclmulqdq, avx512_vaes, avx512_vnni, clflush, clflushopt, clwb, avx512_vbmi2, avx512_vbmi, hv, rdtscp, rdpid, fsrm, gfni, avx512_bitalg, f16c, cet_ibt, cet_ss, avx512_ifma
Processor Information for all 8 processors :
  Max Mhz: 2419, Current Mhz: 2419, Mhz Limit: 2419

Memory: 4k page, system-wide physical 7991M (541M free)
TotalPageFile size 16183M (AvailPageFile size 4M)
current process WorkingSet (physical memory assigned to process): 166M, peak: 169M
current process commit charge ("private bytes"): 385M, peak: 386M

vm_info: Java HotSpot(TM) 64-Bit Server VM (21.0.5+9-LTS-239) for windows-amd64 JRE (21.0.5+9-LTS-239), built on 2024-09-30T05:17:38Z by "mach5one" with MS VC++ 17.6 (VS2022)

END.
