#
# There is insufficient memory for the Java Runtime Environment to continue.
# Native memory allocation (malloc) failed to allocate 32744 bytes. Error detail: Chunk::new
# Possible reasons:
#   The system is out of physical RAM or swap space
#   This process is running with CompressedOops enabled, and the Java Heap may be blocking the growth of the native heap
# Possible solutions:
#   Reduce memory load on the system
#   Increase physical memory or swap space
#   Check if swap backing store is full
#   Decrease Java heap size (-Xmx/-Xms)
#
#  Out of Memory Error
#
# 
Native frames: (J=compiled Java code, j=interpreted, Vv=VM code, C=native code)
V  [jvm.dll+0x6d7a39]
V  [jvm.dll+0x8b4b26]
V  [jvm.dll+0x8b70de]
V  [jvm.dll+0x8b77c3]
V  [jvm.dll+0x284346]
V  [jvm.dll+0xc66ed]
V  [jvm.dll+0xc6c31]
V  [jvm.dll+0x6b1250]
V  [jvm.dll+0x6b1074]
V  [jvm.dll+0x39e16c]
V  [jvm.dll+0x3a5f61]
V  [jvm.dll+0x1cee2f]
V  [jvm.dll+0x2fa4cc]
V  [jvm.dll+0x6f1ef8]
V  [jvm.dll+0x6e9fa9]
V  [jvm.dll+0x6e96a9]
V  [jvm.dll+0x6e774e]
V  [jvm.dll+0x1ce39c]
V  [jvm.dll+0x1cef3e]
V  [jvm.dll+0x2fa4cc]
V  [jvm.dll+0x6f1ef8]
V  [jvm.dll+0x6e9fa9]
V  [jvm.dll+0x6e96a9]
V  [jvm.dll+0x6e774e]
V  [jvm.dll+0x1ce39c]
V  [jvm.dll+0x2fa4cc]
V  [jvm.dll+0x6f1ef8]
V  [jvm.dll+0x6e9fa9]
V  [jvm.dll+0x6e96a9]
V  [jvm.dll+0x6e774e]
V  [jvm.dll+0x1ce39c]
V  [jvm.dll+0x2fa4cc]
V  [jvm.dll+0x6f1ef8]
V  [jvm.dll+0x6e9fa9]
V  [jvm.dll+0x6e96a9]
V  [jvm.dll+0x6e774e]
V  [jvm.dll+0x1ce39c]
V  [jvm.dll+0x2fa4cc]
V  [jvm.dll+0x6f1ef8]
V  [jvm.dll+0x6e9fa9]
V  [jvm.dll+0x6e96a9]
V  [jvm.dll+0x6e774e]
V  [jvm.dll+0x1ce39c]
V  [jvm.dll+0x1cef3e]
V  [jvm.dll+0x2fa4cc]
V  [jvm.dll+0x6f1ef8]
V  [jvm.dll+0x6e9fa9]
V  [jvm.dll+0x6e96a9]
V  [jvm.dll+0x6e774e]
V  [jvm.dll+0x1ce39c]
V  [jvm.dll+0x1cef3e]
V  [jvm.dll+0x2fa4cc]
V  [jvm.dll+0x6f1ef8]
V  [jvm.dll+0x6e9fa9]
V  [jvm.dll+0x6e96a9]
V  [jvm.dll+0x6e774e]
V  [jvm.dll+0x1ce39c]
V  [jvm.dll+0x1cef3e]
V  [jvm.dll+0x1cef3e]
V  [jvm.dll+0x1cee80]
V  [jvm.dll+0x2fa4cc]
V  [jvm.dll+0x6f1ef8]
V  [jvm.dll+0x6e9fa9]
V  [jvm.dll+0x6e96a9]
V  [jvm.dll+0x6e774e]
V  [jvm.dll+0x1ce39c]
V  [jvm.dll+0x24b6e9]
V  [jvm.dll+0x1cb34e]
V  [jvm.dll+0x25b85d]
V  [jvm.dll+0x259dea]
V  [jvm.dll+0x3f857e]
V  [jvm.dll+0x85f59d]
V  [jvm.dll+0x6d626d]
C  [ucrtbase.dll+0x37b0]
C  [KERNEL32.DLL+0x2e8d7]
C  [ntdll.dll+0x8c48c]


---------------  P R O C E S S  ---------------

Threads class SMR info:
_java_thread_list=0x00000206fca2aaf0, length=59, elements={
0x00000206d9e7dff0, 0x00000206d9f3b450, 0x00000206d9f3c3d0, 0x00000206d9dfea20,
0x00000206d9dfd670, 0x00000206d9dff0b0, 0x00000206d9dfe390, 0x00000206d9e1aa20,
0x00000206d9e1f7e0, 0x00000206d9e00460, 0x00000206d9e00af0, 0x00000206d9dff740,
0x00000206d9dfdd00, 0x00000206d9dffdd0, 0x00000206f2c7fe40, 0x00000206f2c7f7b0,
0x00000206f2c804d0, 0x00000206f2c7f120, 0x00000206f2c80b60, 0x00000206f2c811f0,
0x00000206f2c7dd70, 0x00000206f2c7e400, 0x00000206f2c81f10, 0x00000206f2c7ea90,
0x00000206f2c83950, 0x00000206f2c825a0, 0x00000206f2c84d00, 0x00000206f2c82c30,
0x00000206f2c832c0, 0x00000206f2c83fe0, 0x00000206f2c84670, 0x00000206f9a9fe80,
0x00000206f9aa0510, 0x00000206f9aa0ba0, 0x00000206f9aa18c0, 0x00000206f9aa1f50,
0x00000206f9a9f160, 0x00000206f9aa1230, 0x00000206f9aa25e0, 0x00000206f9a9f7f0,
0x00000206f9aa53d0, 0x00000206f9aa46b0, 0x00000206f9aa5a60, 0x00000206f9aa4d40,
0x00000206f9aa60f0, 0x00000206f9aa3300, 0x00000206f9aa3990, 0x00000206fc399060,
0x00000206fc3996f0, 0x00000206fc39a410, 0x00000206fc397620, 0x00000206fc398340,
0x00000206fc3989d0, 0x00000206fc396270, 0x00000206fc396900, 0x00000206fc39d200,
0x00000206fc39cb70, 0x00000206fc39b7c0, 0x00000206ced79820
}

Java Threads: ( => current thread )
  0x00000206d9e7dff0 JavaThread "main"                              [_thread_blocked, id=1948, stack(0x000000ef40400000,0x000000ef40500000) (1024K)]
  0x00000206d9f3b450 JavaThread "Reference Handler"          daemon [_thread_blocked, id=18116, stack(0x000000ef40800000,0x000000ef40900000) (1024K)]
  0x00000206d9f3c3d0 JavaThread "Finalizer"                  daemon [_thread_blocked, id=15920, stack(0x000000ef40900000,0x000000ef40a00000) (1024K)]
  0x00000206d9dfea20 JavaThread "Signal Dispatcher"          daemon [_thread_blocked, id=12048, stack(0x000000ef40a00000,0x000000ef40b00000) (1024K)]
  0x00000206d9dfd670 JavaThread "Attach Listener"            daemon [_thread_blocked, id=2228, stack(0x000000ef40b00000,0x000000ef40c00000) (1024K)]
  0x00000206d9dff0b0 JavaThread "Service Thread"             daemon [_thread_blocked, id=11120, stack(0x000000ef40c00000,0x000000ef40d00000) (1024K)]
  0x00000206d9dfe390 JavaThread "Monitor Deflation Thread"   daemon [_thread_blocked, id=4260, stack(0x000000ef40d00000,0x000000ef40e00000) (1024K)]
  0x00000206d9e1aa20 JavaThread "C2 CompilerThread0"         daemon [_thread_blocked, id=20044, stack(0x000000ef40e00000,0x000000ef40f00000) (1024K)]
  0x00000206d9e1f7e0 JavaThread "C1 CompilerThread0"         daemon [_thread_blocked, id=7720, stack(0x000000ef40f00000,0x000000ef41000000) (1024K)]
  0x00000206d9e00460 JavaThread "Common-Cleaner"             daemon [_thread_blocked, id=10160, stack(0x000000ef41000000,0x000000ef41100000) (1024K)]
  0x00000206d9e00af0 JavaThread "Notification Thread"        daemon [_thread_blocked, id=15748, stack(0x000000ef41200000,0x000000ef41300000) (1024K)]
  0x00000206d9dff740 JavaThread "Active Thread: Equinox Container: 80b6ae73-adff-4436-9d3a-0d23745a4701"        [_thread_blocked, id=892, stack(0x000000ef41a00000,0x000000ef41b00000) (1024K)]
  0x00000206d9dfdd00 JavaThread "Refresh Thread: Equinox Container: 80b6ae73-adff-4436-9d3a-0d23745a4701" daemon [_thread_blocked, id=20048, stack(0x000000ef41c00000,0x000000ef41d00000) (1024K)]
  0x00000206d9dffdd0 JavaThread "Framework Event Dispatcher: Equinox Container: 80b6ae73-adff-4436-9d3a-0d23745a4701" daemon [_thread_blocked, id=7068, stack(0x000000ef41d00000,0x000000ef41e00000) (1024K)]
  0x00000206f2c7fe40 JavaThread "Start Level: Equinox Container: 80b6ae73-adff-4436-9d3a-0d23745a4701" daemon [_thread_blocked, id=19272, stack(0x000000ef41e00000,0x000000ef41f00000) (1024K)]
  0x00000206f2c7f7b0 JavaThread "Bundle File Closer"         daemon [_thread_blocked, id=8664, stack(0x000000ef41f00000,0x000000ef42000000) (1024K)]
  0x00000206f2c804d0 JavaThread "SCR Component Actor"        daemon [_thread_blocked, id=6804, stack(0x000000ef42000000,0x000000ef42100000) (1024K)]
  0x00000206f2c7f120 JavaThread "Worker-JM"                         [_thread_blocked, id=13368, stack(0x000000ef42100000,0x000000ef42200000) (1024K)]
  0x00000206f2c80b60 JavaThread "JNA Cleaner"                daemon [_thread_blocked, id=2800, stack(0x000000ef42200000,0x000000ef42300000) (1024K)]
  0x00000206f2c811f0 JavaThread "Worker-0: Updating workspace"        [_thread_blocked, id=13364, stack(0x000000ef42300000,0x000000ef42400000) (1024K)]
  0x00000206f2c7dd70 JavaThread "Worker-1"                          [_thread_blocked, id=13076, stack(0x000000ef42400000,0x000000ef42500000) (1024K)]
  0x00000206f2c7e400 JavaThread "Java indexing"              daemon [_thread_in_native, id=12524, stack(0x000000ef42500000,0x000000ef42600000) (1024K)]
  0x00000206f2c81f10 JavaThread "Worker-2"                          [_thread_blocked, id=20440, stack(0x000000ef42800000,0x000000ef42900000) (1024K)]
  0x00000206f2c7ea90 JavaThread "Worker-3: Initialize Workspace"        [_thread_blocked, id=15084, stack(0x000000ef42900000,0x000000ef42a00000) (1024K)]
  0x00000206f2c83950 JavaThread "Thread-1"                   daemon [_thread_in_native, id=10028, stack(0x000000ef42a00000,0x000000ef42b00000) (1024K)]
  0x00000206f2c825a0 JavaThread "Thread-2"                   daemon [_thread_in_native, id=5344, stack(0x000000ef42b00000,0x000000ef42c00000) (1024K)]
  0x00000206f2c84d00 JavaThread "Thread-3"                   daemon [_thread_in_native, id=9280, stack(0x000000ef42c00000,0x000000ef42d00000) (1024K)]
  0x00000206f2c82c30 JavaThread "Thread-4"                   daemon [_thread_in_native, id=7088, stack(0x000000ef42d00000,0x000000ef42e00000) (1024K)]
  0x00000206f2c832c0 JavaThread "Thread-5"                   daemon [_thread_in_native, id=4420, stack(0x000000ef42e00000,0x000000ef42f00000) (1024K)]
  0x00000206f2c83fe0 JavaThread "Thread-6"                   daemon [_thread_in_native, id=11664, stack(0x000000ef42f00000,0x000000ef43000000) (1024K)]
  0x00000206f2c84670 JavaThread "Thread-7"                   daemon [_thread_in_native, id=3212, stack(0x000000ef43000000,0x000000ef43100000) (1024K)]
  0x00000206f9a9fe80 JavaThread "Thread-8"                   daemon [_thread_in_native, id=19952, stack(0x000000ef43100000,0x000000ef43200000) (1024K)]
  0x00000206f9aa0510 JavaThread "Thread-9"                   daemon [_thread_in_native, id=19032, stack(0x000000ef43200000,0x000000ef43300000) (1024K)]
  0x00000206f9aa0ba0 JavaThread "pool-2-thread-1"                   [_thread_blocked, id=17772, stack(0x000000ef43300000,0x000000ef43400000) (1024K)]
  0x00000206f9aa18c0 JavaThread "WorkspaceEventsHandler"            [_thread_blocked, id=14424, stack(0x000000ef43400000,0x000000ef43500000) (1024K)]
  0x00000206f9aa1f50 JavaThread "pool-1-thread-1"                   [_thread_blocked, id=2156, stack(0x000000ef43500000,0x000000ef43600000) (1024K)]
  0x00000206f9a9f160 JavaThread "Worker-4"                          [_thread_blocked, id=10700, stack(0x000000ef43600000,0x000000ef43700000) (1024K)]
  0x00000206f9aa1230 JavaThread "ForkJoinPool.commonPool-worker-1" daemon [_thread_blocked, id=1312, stack(0x000000ef43700000,0x000000ef43800000) (1024K)]
  0x00000206f9aa25e0 JavaThread "ForkJoinPool.commonPool-worker-3" daemon [_thread_blocked, id=3388, stack(0x000000ef43800000,0x000000ef43900000) (1024K)]
  0x00000206f9a9f7f0 JavaThread "ForkJoinPool.commonPool-worker-2" daemon [_thread_blocked, id=7712, stack(0x000000ef43900000,0x000000ef43a00000) (1024K)]
  0x00000206f9aa53d0 JavaThread "ForkJoinPool.commonPool-worker-4" daemon [_thread_blocked, id=17764, stack(0x000000ef43a00000,0x000000ef43b00000) (1024K)]
  0x00000206f9aa46b0 JavaThread "ForkJoinPool.commonPool-worker-5" daemon [_thread_blocked, id=6996, stack(0x000000ef43b00000,0x000000ef43c00000) (1024K)]
  0x00000206f9aa5a60 JavaThread "ForkJoinPool.commonPool-worker-6" daemon [_thread_blocked, id=15116, stack(0x000000ef43c00000,0x000000ef43d00000) (1024K)]
  0x00000206f9aa4d40 JavaThread "ForkJoinPool.commonPool-worker-7" daemon [_thread_blocked, id=13664, stack(0x000000ef43d00000,0x000000ef43e00000) (1024K)]
  0x00000206f9aa60f0 JavaThread "Timer-0"                           [_thread_blocked, id=16256, stack(0x000000ef43e00000,0x000000ef43f00000) (1024K)]
  0x00000206f9aa3300 JavaThread "Timer-1"                           [_thread_blocked, id=4908, stack(0x000000ef43f00000,0x000000ef44000000) (1024K)]
  0x00000206f9aa3990 JavaThread "Timer-2"                           [_thread_blocked, id=5464, stack(0x000000ef44000000,0x000000ef44100000) (1024K)]
  0x00000206fc399060 JavaThread "Timer-3"                           [_thread_blocked, id=13852, stack(0x000000ef44100000,0x000000ef44200000) (1024K)]
  0x00000206fc3996f0 JavaThread "Timer-4"                           [_thread_blocked, id=10768, stack(0x000000ef44200000,0x000000ef44300000) (1024K)]
  0x00000206fc39a410 JavaThread "Exec process"                      [_thread_blocked, id=19520, stack(0x000000ef44500000,0x000000ef44600000) (1024K)]
  0x00000206fc397620 JavaThread "Exec process Thread 2"             [_thread_blocked, id=1792, stack(0x000000ef44600000,0x000000ef44700000) (1024K)]
  0x00000206fc398340 JavaThread "Exec process Thread 3"             [_thread_blocked, id=16040, stack(0x000000ef44700000,0x000000ef44800000) (1024K)]
  0x00000206fc3989d0 JavaThread "Timer-5"                           [_thread_blocked, id=9972, stack(0x000000ef41300000,0x000000ef41400000) (1024K)]
  0x00000206fc396270 JavaThread "Timer-6"                           [_thread_blocked, id=16476, stack(0x000000ef44300000,0x000000ef44400000) (1024K)]
  0x00000206fc396900 JavaThread "Timer-7"                           [_thread_blocked, id=19716, stack(0x000000ef44400000,0x000000ef44500000) (1024K)]
  0x00000206fc39d200 JavaThread "Connection worker"                 [_thread_blocked, id=9916, stack(0x000000ef44900000,0x000000ef44a00000) (1024K)]
  0x00000206fc39cb70 JavaThread "Exec process"                      [_thread_blocked, id=17060, stack(0x000000ef44a00000,0x000000ef44b00000) (1024K)]
  0x00000206fc39b7c0 JavaThread "Exec process Thread 2"             [_thread_blocked, id=19988, stack(0x000000ef44c00000,0x000000ef44d00000) (1024K)]
=>0x00000206ced79820 JavaThread "C2 CompilerThread1"         daemon [_thread_in_native, id=12612, stack(0x000000ef41100000,0x000000ef41200000) (1024K)]
Total: 59

Other Threads:
  0x00000206d9f1fc20 VMThread "VM Thread"                           [id=19320, stack(0x000000ef40700000,0x000000ef40800000) (1024K)]
  0x00000206d9eeac70 WatcherThread "VM Periodic Task Thread"        [id=6340, stack(0x000000ef40600000,0x000000ef40700000) (1024K)]
  0x00000206d9e9b300 WorkerThread "GC Thread#0"                     [id=16800, stack(0x000000ef40500000,0x000000ef40600000) (1024K)]
  0x00000206f70c5450 WorkerThread "GC Thread#1"                     [id=13724, stack(0x000000ef41400000,0x000000ef41500000) (1024K)]
  0x00000206f2a0fea0 WorkerThread "GC Thread#2"                     [id=16276, stack(0x000000ef41500000,0x000000ef41600000) (1024K)]
  0x00000206f2641c00 WorkerThread "GC Thread#3"                     [id=12136, stack(0x000000ef41600000,0x000000ef41700000) (1024K)]
  0x00000206f2641fb0 WorkerThread "GC Thread#4"                     [id=8688, stack(0x000000ef41700000,0x000000ef41800000) (1024K)]
  0x00000206f2642360 WorkerThread "GC Thread#5"                     [id=17676, stack(0x000000ef41800000,0x000000ef41900000) (1024K)]
  0x00000206f2c9f410 WorkerThread "GC Thread#6"                     [id=21476, stack(0x000000ef41900000,0x000000ef41a00000) (1024K)]
  0x00000206f70eb360 WorkerThread "GC Thread#7"                     [id=15284, stack(0x000000ef41b00000,0x000000ef41c00000) (1024K)]
Total: 10

Threads with active compile tasks:
C2 CompilerThread0  39674 11103   !   4       org.eclipse.jdt.internal.compiler.classfmt.ClassFileReader::<init> (1968 bytes)
C1 CompilerThread0  39674 11162       3       org.eclipse.jdt.internal.core.DeltaProcessor$RootInfo::getPackageFragmentRoot (76 bytes)
C2 CompilerThread1  39674 11160       4       java.nio.file.Files::readAttributes (11 bytes)
Total: 3

VM state: at safepoint (normal execution)

VM Mutex/Monitor currently owned by a thread:  ([mutex/lock_event])
[0x00007ff8f650e560] Threads_lock - owner thread: 0x00000206d9f1fc20
[0x00007ff8f650e660] Heap_lock - owner thread: 0x00000206f2c811f0
[0x00007ff8f650eae0] PSOldGenExpand_lock - owner thread: 0x00000206f2a0fea0

Heap address: 0x0000000080000000, size: 2048 MB, Compressed Oops mode: 32-bit

CDS archive(s) mapped at: [0x0000020680000000-0x0000020680ba0000-0x0000020680ba0000), size 12189696, SharedBaseAddress: 0x0000020680000000, ArchiveRelocationMode: 1.
Compressed class space mapped at: 0x0000020681000000-0x00000206c1000000, reserved size: 1073741824
Narrow klass base: 0x0000020680000000, Narrow klass shift: 0, Narrow klass range: 0x100000000

GC Precious Log:
 CardTable entry size: 512
 CPUs: 8 total, 8 available
 Memory: 7991M
 Large Page Support: Disabled
 NUMA Support: Disabled
 Compressed Oops: Enabled (32-bit)
 Alignments: Space 512K, Generation 512K, Heap 2M
 Heap Min Capacity: 100M
 Heap Initial Capacity: 100M
 Heap Max Capacity: 2G
 Pre-touch: Disabled
 Parallel Workers: 8

Heap:
 PSYoungGen      total 17408K, used 16476K [0x00000000d5580000, 0x00000000d6a00000, 0x0000000100000000)
  eden space 16896K, 96% used [0x00000000d5580000,0x00000000d6558f50,0x00000000d6600000)
  from space 512K, 48% used [0x00000000d6980000,0x00000000d69be470,0x00000000d6a00000)
  to   space 1024K, 68% used [0x00000000d6800000,0x00000000d68b0000,0x00000000d6900000)
 ParOldGen       total 96768K, used 96300K [0x0000000080000000, 0x0000000085e80000, 0x00000000d5580000)
  object space 96768K, 99% used [0x0000000080000000,0x0000000085e0b2f8,0x0000000085e80000)
 Metaspace       used 77465K, committed 79040K, reserved 1179648K
  class space    used 9454K, committed 10112K, reserved 1048576K

Card table byte_map: [0x00000206d9820000,0x00000206d9c30000] _byte_map_base: 0x00000206d9420000

Marking Bits: (ParMarkBitMap*) 0x00007ff8f6513450
 Begin Bits: [0x00000206ec330000, 0x00000206ee330000)
 End Bits:   [0x00000206ee330000, 0x00000206f0330000)

Polling page: 0x00000206d7c10000

Metaspace:

Usage:
  Non-class:     66.42 MB used.
      Class:      9.23 MB used.
       Both:     75.65 MB used.

Virtual space:
  Non-class space:      128.00 MB reserved,      67.31 MB ( 53%) committed,  2 nodes.
      Class space:        1.00 GB reserved,       9.88 MB ( <1%) committed,  1 nodes.
             Both:        1.12 GB reserved,      77.19 MB (  7%) committed. 

Chunk freelists:
   Non-Class:  12.14 MB
       Class:  6.03 MB
        Both:  18.17 MB

MaxMetaspaceSize: unlimited
CompressedClassSpaceSize: 1.00 GB
Initial GC threshold: 21.00 MB
Current GC threshold: 97.31 MB
CDS: on
 - commit_granule_bytes: 65536.
 - commit_granule_words: 8192.
 - virtual_space_node_default_size: 8388608.
 - enlarge_chunks_in_place: 1.
 - use_allocation_guard: 0.


Internal statistics:

num_allocs_failed_limit: 9.
num_arena_births: 1512.
num_arena_deaths: 14.
num_vsnodes_births: 3.
num_vsnodes_deaths: 0.
num_space_committed: 1235.
num_space_uncommitted: 0.
num_chunks_returned_to_freelist: 23.
num_chunks_taken_from_freelist: 5003.
num_chunk_merges: 15.
num_chunk_splits: 3201.
num_chunks_enlarged: 1984.
num_inconsistent_stats: 0.

CodeHeap 'non-profiled nmethods': size=120000Kb used=8178Kb max_used=8178Kb free=111822Kb
 bounds [0x00000206e4b50000, 0x00000206e5350000, 0x00000206ec080000]
CodeHeap 'profiled nmethods': size=120000Kb used=22760Kb max_used=22760Kb free=97239Kb
 bounds [0x00000206dd080000, 0x00000206de6c0000, 0x00000206e45b0000]
CodeHeap 'non-nmethods': size=5760Kb used=1452Kb max_used=1539Kb free=4307Kb
 bounds [0x00000206e45b0000, 0x00000206e4820000, 0x00000206e4b50000]
CodeCache: size=245760Kb, used=32390Kb, max_used=32477Kb, free=213368Kb
 total_blobs=11106, nmethods=10354, adapters=657, full_count=0
Compilation: enabled, stopped_count=0, restarted_count=0

Compilation events (20 events):
Event: 35.611 Thread 0x00000206d9e1f7e0 nmethod 11152 0x00000206e5349890 code [0x00000206e5349a20, 0x00000206e5349b00]
Event: 35.611 Thread 0x00000206d9e1f7e0 11153       3       org.eclipse.jdt.internal.core.index.DiskIndex::writeDocumentNumbers (384 bytes)
Event: 35.612 Thread 0x00000206d9e1f7e0 nmethod 11153 0x00000206de6b6e90 code [0x00000206de6b7120, 0x00000206de6b7e48]
Event: 35.612 Thread 0x00000206d9e1f7e0 11154       3       org.eclipse.jdt.internal.core.util.Util::sort (16 bytes)
Event: 35.612 Thread 0x00000206d9e1f7e0 nmethod 11154 0x00000206de6b8410 code [0x00000206de6b85c0, 0x00000206de6b8728]
Event: 35.612 Thread 0x00000206d9e1f7e0 11155       3       org.eclipse.jdt.internal.core.JavaElementDelta::addNewChild (52 bytes)
Event: 35.612 Thread 0x00000206d9e1f7e0 nmethod 11155 0x00000206de6b8810 code [0x00000206de6b8a20, 0x00000206de6b9078]
Event: 35.612 Thread 0x00000206d9e1f7e0 11156       1       org.eclipse.core.internal.jobs.InternalJob::setPrevious (6 bytes)
Event: 35.612 Thread 0x00000206d9e1f7e0 nmethod 11156 0x00000206e5349b90 code [0x00000206e5349d20, 0x00000206e5349e00]
Event: 35.613 Thread 0x00000206d9e1f7e0 11157       3       org.eclipse.jdt.internal.core.DeltaProcessor::getTimeStamp (17 bytes)
Event: 35.613 Thread 0x00000206d9e1f7e0 nmethod 11157 0x00000206de6b9310 code [0x00000206de6b9540, 0x00000206de6b9ab0]
Event: 35.616 Thread 0x00000206d9e1f7e0 11158       3       org.eclipse.core.internal.jobs.InternalJob::internalGetState (9 bytes)
Event: 35.616 Thread 0x00000206d9e1f7e0 nmethod 11158 0x00000206de6b9d10 code [0x00000206de6b9ea0, 0x00000206de6b9fb0]
Event: 35.616 Thread 0x00000206d9e1f7e0 11159       1       org.eclipse.core.internal.jobs.InternalJob::getListeners (5 bytes)
Event: 35.616 Thread 0x00000206d9e1f7e0 nmethod 11159 0x00000206e5349e90 code [0x00000206e534a020, 0x00000206e534a0e8]
Event: 35.619 Thread 0x00000206ced79820 nmethod 11088 0x00000206e534a190 code [0x00000206e534a3e0, 0x00000206e534b408]
Event: 35.619 Thread 0x00000206ced79820 11137       4       org.eclipse.jdt.internal.compiler.util.HashtableOfObject::get (56 bytes)
Event: 35.621 Thread 0x00000206ced79820 nmethod 11137 0x00000206e534be90 code [0x00000206e534c060, 0x00000206e534c618]
Event: 35.621 Thread 0x00000206ced79820 11160       4       java.nio.file.Files::readAttributes (11 bytes)
Event: 35.624 Thread 0x00000206d9e1f7e0 11162       3       org.eclipse.jdt.internal.core.DeltaProcessor$RootInfo::getPackageFragmentRoot (76 bytes)

GC Heap History (20 events):
Event: 12.356 GC heap after
{Heap after GC invocations=72 (full 3):
 PSYoungGen      total 17920K, used 1008K [0x00000000d5580000, 0x00000000d6b00000, 0x0000000100000000)
  eden space 16896K, 0% used [0x00000000d5580000,0x00000000d5580000,0x00000000d6600000)
  from space 1024K, 98% used [0x00000000d6600000,0x00000000d66fc008,0x00000000d6700000)
  to   space 2560K, 0% used [0x00000000d6880000,0x00000000d6880000,0x00000000d6b00000)
 ParOldGen       total 82944K, used 82729K [0x0000000080000000, 0x0000000085100000, 0x00000000d5580000)
  object space 82944K, 99% used [0x0000000080000000,0x00000000850ca690,0x0000000085100000)
 Metaspace       used 73000K, committed 74496K, reserved 1114112K
  class space    used 8997K, committed 9664K, reserved 1048576K
}
Event: 12.795 GC heap before
{Heap before GC invocations=73 (full 3):
 PSYoungGen      total 17920K, used 17904K [0x00000000d5580000, 0x00000000d6b00000, 0x0000000100000000)
  eden space 16896K, 100% used [0x00000000d5580000,0x00000000d6600000,0x00000000d6600000)
  from space 1024K, 98% used [0x00000000d6600000,0x00000000d66fc008,0x00000000d6700000)
  to   space 2560K, 0% used [0x00000000d6880000,0x00000000d6880000,0x00000000d6b00000)
 ParOldGen       total 82944K, used 82729K [0x0000000080000000, 0x0000000085100000, 0x00000000d5580000)
  object space 82944K, 99% used [0x0000000080000000,0x00000000850ca690,0x0000000085100000)
 Metaspace       used 73568K, committed 75072K, reserved 1114112K
  class space    used 9051K, committed 9728K, reserved 1048576K
}
Event: 12.798 GC heap after
{Heap after GC invocations=73 (full 3):
 PSYoungGen      total 18944K, used 1943K [0x00000000d5580000, 0x00000000d6a80000, 0x0000000100000000)
  eden space 16896K, 0% used [0x00000000d5580000,0x00000000d5580000,0x00000000d6600000)
  from space 2048K, 94% used [0x00000000d6880000,0x00000000d6a65e78,0x00000000d6a80000)
  to   space 2048K, 0% used [0x00000000d6680000,0x00000000d6680000,0x00000000d6880000)
 ParOldGen       total 83968K, used 83705K [0x0000000080000000, 0x0000000085200000, 0x00000000d5580000)
  object space 83968K, 99% used [0x0000000080000000,0x00000000851be670,0x0000000085200000)
 Metaspace       used 73568K, committed 75072K, reserved 1114112K
  class space    used 9051K, committed 9728K, reserved 1048576K
}
Event: 13.104 GC heap before
{Heap before GC invocations=74 (full 3):
 PSYoungGen      total 18944K, used 18839K [0x00000000d5580000, 0x00000000d6a80000, 0x0000000100000000)
  eden space 16896K, 100% used [0x00000000d5580000,0x00000000d6600000,0x00000000d6600000)
  from space 2048K, 94% used [0x00000000d6880000,0x00000000d6a65e78,0x00000000d6a80000)
  to   space 2048K, 0% used [0x00000000d6680000,0x00000000d6680000,0x00000000d6880000)
 ParOldGen       total 83968K, used 83705K [0x0000000080000000, 0x0000000085200000, 0x00000000d5580000)
  object space 83968K, 99% used [0x0000000080000000,0x00000000851be670,0x0000000085200000)
 Metaspace       used 74348K, committed 75840K, reserved 1179648K
  class space    used 9137K, committed 9792K, reserved 1048576K
}
Event: 13.109 GC heap after
{Heap after GC invocations=74 (full 3):
 PSYoungGen      total 18944K, used 2018K [0x00000000d5580000, 0x00000000d7300000, 0x0000000100000000)
  eden space 16896K, 0% used [0x00000000d5580000,0x00000000d5580000,0x00000000d6600000)
  from space 2048K, 98% used [0x00000000d6680000,0x00000000d6878828,0x00000000d6880000)
  to   space 6656K, 0% used [0x00000000d6c80000,0x00000000d6c80000,0x00000000d7300000)
 ParOldGen       total 87552K, used 87271K [0x0000000080000000, 0x0000000085580000, 0x00000000d5580000)
  object space 87552K, 99% used [0x0000000080000000,0x0000000085539e30,0x0000000085580000)
 Metaspace       used 74348K, committed 75840K, reserved 1179648K
  class space    used 9137K, committed 9792K, reserved 1048576K
}
Event: 13.308 GC heap before
{Heap before GC invocations=75 (full 3):
 PSYoungGen      total 18944K, used 18914K [0x00000000d5580000, 0x00000000d7300000, 0x0000000100000000)
  eden space 16896K, 100% used [0x00000000d5580000,0x00000000d6600000,0x00000000d6600000)
  from space 2048K, 98% used [0x00000000d6680000,0x00000000d6878828,0x00000000d6880000)
  to   space 6656K, 0% used [0x00000000d6c80000,0x00000000d6c80000,0x00000000d7300000)
 ParOldGen       total 87552K, used 87271K [0x0000000080000000, 0x0000000085580000, 0x00000000d5580000)
  object space 87552K, 99% used [0x0000000080000000,0x0000000085539e30,0x0000000085580000)
 Metaspace       used 74533K, committed 76032K, reserved 1179648K
  class space    used 9145K, committed 9792K, reserved 1048576K
}
Event: 13.313 GC heap after
{Heap after GC invocations=75 (full 3):
 PSYoungGen      total 19456K, used 2496K [0x00000000d5580000, 0x00000000d6f00000, 0x0000000100000000)
  eden space 16896K, 0% used [0x00000000d5580000,0x00000000d5580000,0x00000000d6600000)
  from space 2560K, 97% used [0x00000000d6c80000,0x00000000d6ef0010,0x00000000d6f00000)
  to   space 4096K, 0% used [0x00000000d6700000,0x00000000d6700000,0x00000000d6b00000)
 ParOldGen       total 89600K, used 89315K [0x0000000080000000, 0x0000000085780000, 0x00000000d5580000)
  object space 89600K, 99% used [0x0000000080000000,0x0000000085738e18,0x0000000085780000)
 Metaspace       used 74533K, committed 76032K, reserved 1179648K
  class space    used 9145K, committed 9792K, reserved 1048576K
}
Event: 13.500 GC heap before
{Heap before GC invocations=76 (full 3):
 PSYoungGen      total 19456K, used 19392K [0x00000000d5580000, 0x00000000d6f00000, 0x0000000100000000)
  eden space 16896K, 100% used [0x00000000d5580000,0x00000000d6600000,0x00000000d6600000)
  from space 2560K, 97% used [0x00000000d6c80000,0x00000000d6ef0010,0x00000000d6f00000)
  to   space 4096K, 0% used [0x00000000d6700000,0x00000000d6700000,0x00000000d6b00000)
 ParOldGen       total 89600K, used 89315K [0x0000000080000000, 0x0000000085780000, 0x00000000d5580000)
  object space 89600K, 99% used [0x0000000080000000,0x0000000085738e18,0x0000000085780000)
 Metaspace       used 74726K, committed 76224K, reserved 1179648K
  class space    used 9152K, committed 9792K, reserved 1048576K
}
Event: 13.506 GC heap after
{Heap after GC invocations=76 (full 3):
 PSYoungGen      total 19456K, used 2292K [0x00000000d5580000, 0x00000000d6d00000, 0x0000000100000000)
  eden space 16896K, 0% used [0x00000000d5580000,0x00000000d5580000,0x00000000d6600000)
  from space 2560K, 89% used [0x00000000d6700000,0x00000000d693d260,0x00000000d6980000)
  to   space 2560K, 0% used [0x00000000d6a80000,0x00000000d6a80000,0x00000000d6d00000)
 ParOldGen       total 92160K, used 91681K [0x0000000080000000, 0x0000000085a00000, 0x00000000d5580000)
  object space 92160K, 99% used [0x0000000080000000,0x00000000859884a0,0x0000000085a00000)
 Metaspace       used 74726K, committed 76224K, reserved 1179648K
  class space    used 9152K, committed 9792K, reserved 1048576K
}
Event: 19.659 GC heap before
{Heap before GC invocations=77 (full 3):
 PSYoungGen      total 19456K, used 19188K [0x00000000d5580000, 0x00000000d6d00000, 0x0000000100000000)
  eden space 16896K, 100% used [0x00000000d5580000,0x00000000d6600000,0x00000000d6600000)
  from space 2560K, 89% used [0x00000000d6700000,0x00000000d693d260,0x00000000d6980000)
  to   space 2560K, 0% used [0x00000000d6a80000,0x00000000d6a80000,0x00000000d6d00000)
 ParOldGen       total 92160K, used 91681K [0x0000000080000000, 0x0000000085a00000, 0x00000000d5580000)
  object space 92160K, 99% used [0x0000000080000000,0x00000000859884a0,0x0000000085a00000)
 Metaspace       used 75122K, committed 76608K, reserved 1179648K
  class space    used 9172K, committed 9792K, reserved 1048576K
}
Event: 19.663 GC heap after
{Heap after GC invocations=77 (full 3):
 PSYoungGen      total 17408K, used 448K [0x00000000d5580000, 0x00000000d6b00000, 0x0000000100000000)
  eden space 16896K, 0% used [0x00000000d5580000,0x00000000d5580000,0x00000000d6600000)
  from space 512K, 87% used [0x00000000d6a80000,0x00000000d6af0000,0x00000000d6b00000)
  to   space 1536K, 0% used [0x00000000d6800000,0x00000000d6800000,0x00000000d6980000)
 ParOldGen       total 94208K, used 93907K [0x0000000080000000, 0x0000000085c00000, 0x00000000d5580000)
  object space 94208K, 99% used [0x0000000080000000,0x0000000085bb4d68,0x0000000085c00000)
 Metaspace       used 75122K, committed 76608K, reserved 1179648K
  class space    used 9172K, committed 9792K, reserved 1048576K
}
Event: 23.302 GC heap before
{Heap before GC invocations=78 (full 3):
 PSYoungGen      total 17408K, used 17344K [0x00000000d5580000, 0x00000000d6b00000, 0x0000000100000000)
  eden space 16896K, 100% used [0x00000000d5580000,0x00000000d6600000,0x00000000d6600000)
  from space 512K, 87% used [0x00000000d6a80000,0x00000000d6af0000,0x00000000d6b00000)
  to   space 1536K, 0% used [0x00000000d6800000,0x00000000d6800000,0x00000000d6980000)
 ParOldGen       total 94208K, used 93907K [0x0000000080000000, 0x0000000085c00000, 0x00000000d5580000)
  object space 94208K, 99% used [0x0000000080000000,0x0000000085bb4d68,0x0000000085c00000)
 Metaspace       used 75314K, committed 76864K, reserved 1179648K
  class space    used 9192K, committed 9856K, reserved 1048576K
}
Event: 23.303 GC heap after
{Heap after GC invocations=78 (full 3):
 PSYoungGen      total 18432K, used 256K [0x00000000d5580000, 0x00000000d6b00000, 0x0000000100000000)
  eden space 16896K, 0% used [0x00000000d5580000,0x00000000d5580000,0x00000000d6600000)
  from space 1536K, 16% used [0x00000000d6800000,0x00000000d6840000,0x00000000d6980000)
  to   space 512K, 0% used [0x00000000d6a80000,0x00000000d6a80000,0x00000000d6b00000)
 ParOldGen       total 94720K, used 94275K [0x0000000080000000, 0x0000000085c80000, 0x00000000d5580000)
  object space 94720K, 99% used [0x0000000080000000,0x0000000085c10d68,0x0000000085c80000)
 Metaspace       used 75314K, committed 76864K, reserved 1179648K
  class space    used 9192K, committed 9856K, reserved 1048576K
}
Event: 23.734 GC heap before
{Heap before GC invocations=79 (full 3):
 PSYoungGen      total 18432K, used 17152K [0x00000000d5580000, 0x00000000d6b00000, 0x0000000100000000)
  eden space 16896K, 100% used [0x00000000d5580000,0x00000000d6600000,0x00000000d6600000)
  from space 1536K, 16% used [0x00000000d6800000,0x00000000d6840000,0x00000000d6980000)
  to   space 512K, 0% used [0x00000000d6a80000,0x00000000d6a80000,0x00000000d6b00000)
 ParOldGen       total 94720K, used 94275K [0x0000000080000000, 0x0000000085c80000, 0x00000000d5580000)
  object space 94720K, 99% used [0x0000000080000000,0x0000000085c10d68,0x0000000085c80000)
 Metaspace       used 76103K, committed 77632K, reserved 1179648K
  class space    used 9305K, committed 9984K, reserved 1048576K
}
Event: 23.736 GC heap after
{Heap after GC invocations=79 (full 3):
 PSYoungGen      total 17408K, used 512K [0x00000000d5580000, 0x00000000d6b00000, 0x0000000100000000)
  eden space 16896K, 0% used [0x00000000d5580000,0x00000000d5580000,0x00000000d6600000)
  from space 512K, 100% used [0x00000000d6a80000,0x00000000d6b00000,0x00000000d6b00000)
  to   space 1536K, 0% used [0x00000000d6800000,0x00000000d6800000,0x00000000d6980000)
 ParOldGen       total 95232K, used 94911K [0x0000000080000000, 0x0000000085d00000, 0x00000000d5580000)
  object space 95232K, 99% used [0x0000000080000000,0x0000000085cafdf0,0x0000000085d00000)
 Metaspace       used 76103K, committed 77632K, reserved 1179648K
  class space    used 9305K, committed 9984K, reserved 1048576K
}
Event: 24.050 GC heap before
{Heap before GC invocations=80 (full 3):
 PSYoungGen      total 17408K, used 17216K [0x00000000d5580000, 0x00000000d6b00000, 0x0000000100000000)
  eden space 16896K, 98% used [0x00000000d5580000,0x00000000d65d03a0,0x00000000d6600000)
  from space 512K, 100% used [0x00000000d6a80000,0x00000000d6b00000,0x00000000d6b00000)
  to   space 1536K, 0% used [0x00000000d6800000,0x00000000d6800000,0x00000000d6980000)
 ParOldGen       total 95232K, used 94911K [0x0000000080000000, 0x0000000085d00000, 0x00000000d5580000)
  object space 95232K, 99% used [0x0000000080000000,0x0000000085cafdf0,0x0000000085d00000)
 Metaspace       used 77093K, committed 78720K, reserved 1179648K
  class space    used 9427K, committed 10112K, reserved 1048576K
}
Event: 24.051 GC heap after
{Heap after GC invocations=80 (full 3):
 PSYoungGen      total 18432K, used 1344K [0x00000000d5580000, 0x00000000d6b00000, 0x0000000100000000)
  eden space 16896K, 0% used [0x00000000d5580000,0x00000000d5580000,0x00000000d6600000)
  from space 1536K, 87% used [0x00000000d6800000,0x00000000d6950210,0x00000000d6980000)
  to   space 1536K, 0% used [0x00000000d6980000,0x00000000d6980000,0x00000000d6b00000)
 ParOldGen       total 95744K, used 95467K [0x0000000080000000, 0x0000000085d80000, 0x00000000d5580000)
  object space 95744K, 99% used [0x0000000080000000,0x0000000085d3ae78,0x0000000085d80000)
 Metaspace       used 77093K, committed 78720K, reserved 1179648K
  class space    used 9427K, committed 10112K, reserved 1048576K
}
Event: 24.904 GC heap before
{Heap before GC invocations=81 (full 3):
 PSYoungGen      total 18432K, used 18240K [0x00000000d5580000, 0x00000000d6b00000, 0x0000000100000000)
  eden space 16896K, 100% used [0x00000000d5580000,0x00000000d6600000,0x00000000d6600000)
  from space 1536K, 87% used [0x00000000d6800000,0x00000000d6950210,0x00000000d6980000)
  to   space 1536K, 0% used [0x00000000d6980000,0x00000000d6980000,0x00000000d6b00000)
 ParOldGen       total 95744K, used 95467K [0x0000000080000000, 0x0000000085d80000, 0x00000000d5580000)
  object space 95744K, 99% used [0x0000000080000000,0x0000000085d3ae78,0x0000000085d80000)
 Metaspace       used 77187K, committed 78784K, reserved 1179648K
  class space    used 9434K, committed 10112K, reserved 1048576K
}
Event: 24.905 GC heap after
{Heap after GC invocations=81 (full 3):
 PSYoungGen      total 17408K, used 249K [0x00000000d5580000, 0x00000000d6a00000, 0x0000000100000000)
  eden space 16896K, 0% used [0x00000000d5580000,0x00000000d5580000,0x00000000d6600000)
  from space 512K, 48% used [0x00000000d6980000,0x00000000d69be470,0x00000000d6a00000)
  to   space 1024K, 0% used [0x00000000d6800000,0x00000000d6800000,0x00000000d6900000)
 ParOldGen       total 96256K, used 96227K [0x0000000080000000, 0x0000000085e00000, 0x00000000d5580000)
  object space 96256K, 99% used [0x0000000080000000,0x0000000085df8e88,0x0000000085e00000)
 Metaspace       used 77187K, committed 78784K, reserved 1179648K
  class space    used 9434K, committed 10112K, reserved 1048576K
}
Event: 35.625 GC heap before
{Heap before GC invocations=82 (full 3):
 PSYoungGen      total 17408K, used 16476K [0x00000000d5580000, 0x00000000d6a00000, 0x0000000100000000)
  eden space 16896K, 96% used [0x00000000d5580000,0x00000000d6558f50,0x00000000d6600000)
  from space 512K, 48% used [0x00000000d6980000,0x00000000d69be470,0x00000000d6a00000)
  to   space 1024K, 0% used [0x00000000d6800000,0x00000000d6800000,0x00000000d6900000)
 ParOldGen       total 96256K, used 96227K [0x0000000080000000, 0x0000000085e00000, 0x00000000d5580000)
  object space 96256K, 99% used [0x0000000080000000,0x0000000085df8e88,0x0000000085e00000)
 Metaspace       used 77465K, committed 79040K, reserved 1179648K
  class space    used 9454K, committed 10112K, reserved 1048576K
}

Dll operation events (15 events):
Event: 0.020 Loaded shared library c:\Users\emmmz\.vscode\extensions\redhat.java-1.53.0-win32-x64\jre\21.0.10-win32-x86_64\bin\java.dll
Event: 0.125 Loaded shared library c:\Users\emmmz\.vscode\extensions\redhat.java-1.53.0-win32-x64\jre\21.0.10-win32-x86_64\bin\zip.dll
Event: 0.143 Loaded shared library C:\Users\emmmz\.vscode\extensions\redhat.java-1.53.0-win32-x64\jre\21.0.10-win32-x86_64\bin\instrument.dll
Event: 0.147 Loaded shared library C:\Users\emmmz\.vscode\extensions\redhat.java-1.53.0-win32-x64\jre\21.0.10-win32-x86_64\bin\net.dll
Event: 0.149 Loaded shared library C:\Users\emmmz\.vscode\extensions\redhat.java-1.53.0-win32-x64\jre\21.0.10-win32-x86_64\bin\nio.dll
Event: 0.153 Loaded shared library C:\Users\emmmz\.vscode\extensions\redhat.java-1.53.0-win32-x64\jre\21.0.10-win32-x86_64\bin\zip.dll
Event: 0.164 Loaded shared library C:\Users\emmmz\.vscode\extensions\redhat.java-1.53.0-win32-x64\jre\21.0.10-win32-x86_64\bin\jimage.dll
Event: 0.222 Loaded shared library c:\Users\emmmz\.vscode\extensions\redhat.java-1.53.0-win32-x64\jre\21.0.10-win32-x86_64\bin\verify.dll
Event: 1.141 Loaded shared library C:\Users\emmmz\AppData\Roaming\Code\User\globalStorage\redhat.java\1.53.0\config_win\org.eclipse.equinox.launcher\org.eclipse.equinox.launcher.win32.win32.x86_64_1.3.0.v20260203-2149\eclipse_11919.dll
Event: 2.174 Loaded shared library C:\Users\emmmz\AppData\Local\Temp\jna-96631090\jna11299376770008745611.dll
Event: 5.863 Loaded shared library C:\Users\emmmz\.gradle\native\1def1411415f61bf3af743bc5b6707747c0891f09f0c88961ee8f79bc544acac\windows-amd64\native-platform.dll
Event: 6.763 Loaded shared library C:\Users\emmmz\.vscode\extensions\redhat.java-1.53.0-win32-x64\jre\21.0.10-win32-x86_64\bin\management.dll
Event: 6.768 Loaded shared library C:\Users\emmmz\.vscode\extensions\redhat.java-1.53.0-win32-x64\jre\21.0.10-win32-x86_64\bin\management_ext.dll
Event: 9.151 Loaded shared library C:\Users\emmmz\.vscode\extensions\redhat.java-1.53.0-win32-x64\jre\21.0.10-win32-x86_64\bin\extnet.dll
Event: 12.821 Loaded shared library C:\Users\emmmz\.vscode\extensions\redhat.java-1.53.0-win32-x64\jre\21.0.10-win32-x86_64\bin\sunmscapi.dll

Deoptimization events (20 events):
Event: 31.008 Thread 0x00000206d9dff740 DEOPT PACKING pc=0x00000206e501ac9c sp=0x000000ef41afee40
Event: 31.008 Thread 0x00000206d9dff740 DEOPT UNPACKING pc=0x00000206e4606da2 sp=0x000000ef41afed58 mode 2
Event: 31.008 Thread 0x00000206d9dff740 Uncommon trap: trap_request=0xffffffde fr.pc=0x00000206e4fabf58 relative=0x0000000000000198
Event: 31.008 Thread 0x00000206d9dff740 Uncommon trap: reason=class_check action=maybe_recompile pc=0x00000206e4fabf58 method=java.util.ArrayList.hashCodeRange(II)I @ 53 c2
Event: 31.008 Thread 0x00000206d9dff740 DEOPT PACKING pc=0x00000206e4fabf58 sp=0x000000ef41afedd0
Event: 31.008 Thread 0x00000206d9dff740 DEOPT UNPACKING pc=0x00000206e4606da2 sp=0x000000ef41afed58 mode 2
Event: 31.015 Thread 0x00000206d9dff740 Uncommon trap: trap_request=0xffffff45 fr.pc=0x00000206e4ed6cc4 relative=0x0000000000000dc4
Event: 32.010 Thread 0x00000206d9dff740 Uncommon trap: reason=unstable_if action=reinterpret pc=0x00000206e4ed6cc4 method=java.util.HashMap.putVal(ILjava/lang/Object;Ljava/lang/Object;ZZ)Ljava/lang/Object; @ 94 c2
Event: 32.012 Thread 0x00000206d9dff740 DEOPT PACKING pc=0x00000206e4ed6cc4 sp=0x000000ef41aff0e0
Event: 32.012 Thread 0x00000206d9dff740 DEOPT UNPACKING pc=0x00000206e4606da2 sp=0x000000ef41afef80 mode 2
Event: 32.012 Thread 0x00000206d9dff740 Uncommon trap: trap_request=0xffffff45 fr.pc=0x00000206e522802c relative=0x00000000000005ac
Event: 33.012 Thread 0x00000206d9dff740 Uncommon trap: reason=unstable_if action=reinterpret pc=0x00000206e522802c method=java.util.HashMap.removeNode(ILjava/lang/Object;Ljava/lang/Object;ZZ)Ljava/util/HashMap$Node; @ 62 c2
Event: 33.012 Thread 0x00000206d9dff740 DEOPT PACKING pc=0x00000206e522802c sp=0x000000ef41aff150
Event: 33.012 Thread 0x00000206d9dff740 DEOPT UNPACKING pc=0x00000206e4606da2 sp=0x000000ef41aff050 mode 2
Event: 34.587 Thread 0x00000206f2c811f0 DEOPT PACKING pc=0x00000206ddfd1762 sp=0x000000ef423fddf0
Event: 34.587 Thread 0x00000206f2c811f0 DEOPT UNPACKING pc=0x00000206e46078e2 sp=0x000000ef423fd368 mode 0
Event: 34.604 Thread 0x00000206f2c811f0 Uncommon trap: trap_request=0xffffff45 fr.pc=0x00000206e4e58f18 relative=0x0000000000000358
Event: 34.604 Thread 0x00000206f2c811f0 Uncommon trap: reason=unstable_if action=reinterpret pc=0x00000206e4e58f18 method=org.eclipse.core.runtime.Path.equals(Ljava/lang/Object;)Z @ 36 c2
Event: 34.604 Thread 0x00000206f2c811f0 DEOPT PACKING pc=0x00000206e4e58f18 sp=0x000000ef423feaf0
Event: 34.604 Thread 0x00000206f2c811f0 DEOPT UNPACKING pc=0x00000206e4606da2 sp=0x000000ef423fea68 mode 2

Classes loaded (20 events):
Event: 23.503 Loading class java/io/ObjectInputStream$Caches$1
Event: 23.503 Loading class java/io/ObjectInputStream$Caches$1 done
Event: 23.724 Loading class java/util/concurrent/ConcurrentLinkedQueue$Itr
Event: 23.725 Loading class java/util/concurrent/ConcurrentLinkedQueue$Itr done
Event: 23.888 Loading class sun/reflect/generics/tree/IntSignature
Event: 23.888 Loading class sun/reflect/generics/tree/IntSignature done
Event: 23.952 Loading class sun/nio/ch/ChannelOutputStream
Event: 23.953 Loading class sun/nio/ch/ChannelOutputStream done
Event: 24.036 Loading class java/util/Hashtable$KeySet
Event: 24.036 Loading class java/util/Hashtable$KeySet done
Event: 24.063 Loading class java/security/DigestInputStream
Event: 24.064 Loading class java/security/DigestInputStream done
Event: 33.060 Loading class sun/nio/cs/ISO_8859_1$Encoder
Event: 33.060 Loading class sun/nio/cs/ISO_8859_1$Encoder done
Event: 33.060 Loading class sun/nio/cs/Surrogate$Parser
Event: 33.060 Loading class sun/nio/cs/Surrogate$Parser done
Event: 33.060 Loading class sun/nio/cs/Surrogate
Event: 33.060 Loading class sun/nio/cs/Surrogate done
Event: 34.585 Loading class java/lang/invoke/MethodHandleImpl$CountingWrapper$1
Event: 34.585 Loading class java/lang/invoke/MethodHandleImpl$CountingWrapper$1 done

Classes unloaded (7 events):
Event: 2.539 Thread 0x00000206d9f1fc20 Unloading class 0x00000206811ab400 'java/lang/invoke/LambdaForm$MH+0x00000206811ab400'
Event: 2.539 Thread 0x00000206d9f1fc20 Unloading class 0x00000206811ab000 'java/lang/invoke/LambdaForm$MH+0x00000206811ab000'
Event: 2.539 Thread 0x00000206d9f1fc20 Unloading class 0x00000206811aac00 'java/lang/invoke/LambdaForm$MH+0x00000206811aac00'
Event: 2.539 Thread 0x00000206d9f1fc20 Unloading class 0x00000206811aa800 'java/lang/invoke/LambdaForm$MH+0x00000206811aa800'
Event: 2.539 Thread 0x00000206d9f1fc20 Unloading class 0x00000206811aa400 'java/lang/invoke/LambdaForm$BMH+0x00000206811aa400'
Event: 2.539 Thread 0x00000206d9f1fc20 Unloading class 0x00000206811aa000 'java/lang/invoke/LambdaForm$DMH+0x00000206811aa000'
Event: 2.539 Thread 0x00000206d9f1fc20 Unloading class 0x00000206811a8c00 'java/lang/invoke/LambdaForm$DMH+0x00000206811a8c00'

Classes redefined (0 events):
No events

Internal exceptions (20 events):
Event: 23.948 Thread 0x00000206f2c7ea90 Exception <a 'java/io/FileNotFoundException'{0x00000000d6005730}> (0x00000000d6005730) 
thrown [s\src\hotspot\share\prims\jni.cpp, line 520]
Event: 23.957 Thread 0x00000206f2c7ea90 Exception <a 'sun/nio/fs/WindowsException'{0x00000000d604d358}> (0x00000000d604d358) 
thrown [s\src\hotspot\share\prims\jni.cpp, line 520]
Event: 23.957 Thread 0x00000206f2c7ea90 Exception <a 'sun/nio/fs/WindowsException'{0x00000000d604dee8}> (0x00000000d604dee8) 
thrown [s\src\hotspot\share\prims\jni.cpp, line 520]
Event: 23.960 Thread 0x00000206f2c7ea90 Exception <a 'sun/nio/fs/WindowsException'{0x00000000d60befc0}> (0x00000000d60befc0) 
thrown [s\src\hotspot\share\prims\jni.cpp, line 520]
Event: 23.960 Thread 0x00000206f2c7ea90 Exception <a 'sun/nio/fs/WindowsException'{0x00000000d60bfb50}> (0x00000000d60bfb50) 
thrown [s\src\hotspot\share\prims\jni.cpp, line 520]
Event: 23.984 Thread 0x00000206f2c7ea90 Exception <a 'sun/nio/fs/WindowsException'{0x00000000d6104580}> (0x00000000d6104580) 
thrown [s\src\hotspot\share\prims\jni.cpp, line 520]
Event: 23.984 Thread 0x00000206f2c7ea90 Exception <a 'sun/nio/fs/WindowsException'{0x00000000d6105110}> (0x00000000d6105110) 
thrown [s\src\hotspot\share\prims\jni.cpp, line 520]
Event: 23.988 Thread 0x00000206f2c7ea90 Exception <a 'sun/nio/fs/WindowsException'{0x00000000d61765f0}> (0x00000000d61765f0) 
thrown [s\src\hotspot\share\prims\jni.cpp, line 520]
Event: 23.988 Thread 0x00000206f2c7ea90 Exception <a 'sun/nio/fs/WindowsException'{0x00000000d6177180}> (0x00000000d6177180) 
thrown [s\src\hotspot\share\prims\jni.cpp, line 520]
Event: 24.026 Thread 0x00000206f2c7ea90 Exception <a 'sun/nio/fs/WindowsException'{0x00000000d634a8a0}> (0x00000000d634a8a0) 
thrown [s\src\hotspot\share\prims\jni.cpp, line 520]
Event: 24.026 Thread 0x00000206f2c7ea90 Exception <a 'sun/nio/fs/WindowsException'{0x00000000d634b430}> (0x00000000d634b430) 
thrown [s\src\hotspot\share\prims\jni.cpp, line 520]
Event: 24.894 Thread 0x00000206fc39cb70 Implicit null exception at 0x00000206e52f3e26 to 0x00000206e52f5794
Event: 24.927 Thread 0x00000206f2c7ea90 Exception <a 'java/io/FileNotFoundException'{0x00000000d5626c58}> (0x00000000d5626c58) 
thrown [s\src\hotspot\share\prims\jni.cpp, line 520]
Event: 24.927 Thread 0x00000206f2c7ea90 Exception <a 'java/io/FileNotFoundException'{0x00000000d5627c70}> (0x00000000d5627c70) 
thrown [s\src\hotspot\share\prims\jni.cpp, line 520]
Event: 24.927 Thread 0x00000206f2c7ea90 Exception <a 'java/io/FileNotFoundException'{0x00000000d56289d8}> (0x00000000d56289d8) 
thrown [s\src\hotspot\share\prims\jni.cpp, line 520]
Event: 25.011 Thread 0x00000206fc39d890 Implicit null exception at 0x00000206e52aa821 to 0x00000206e52aa970
Event: 34.573 Thread 0x00000206f2c811f0 Exception <a 'sun/nio/fs/WindowsException'{0x00000000d5f16bb0}> (0x00000000d5f16bb0) 
thrown [s\src\hotspot\share\prims\jni.cpp, line 520]
Event: 34.573 Thread 0x00000206f2c811f0 Exception <a 'sun/nio/fs/WindowsException'{0x00000000d5f17490}> (0x00000000d5f17490) 
thrown [s\src\hotspot\share\prims\jni.cpp, line 520]
Event: 35.618 Thread 0x00000206f2c811f0 Exception <a 'sun/nio/fs/WindowsException'{0x00000000d6383980}> (0x00000000d6383980) 
thrown [s\src\hotspot\share\prims\jni.cpp, line 520]
Event: 35.618 Thread 0x00000206f2c811f0 Exception <a 'sun/nio/fs/WindowsException'{0x00000000d64479b0}> (0x00000000d64479b0) 
thrown [s\src\hotspot\share\prims\jni.cpp, line 520]

ZGC Phase Switch (0 events):
No events

VM Operations (20 events):
Event: 23.901 Executing non-safepoint VM operation: HandshakeAllThreads (Deoptimize) done
Event: 24.050 Executing safepoint VM operation: ParallelGCFailedAllocation (Allocation Failure)
Event: 24.051 Executing safepoint VM operation: ParallelGCFailedAllocation (Allocation Failure) done
Event: 24.904 Executing safepoint VM operation: ParallelGCFailedAllocation (Allocation Failure)
Event: 24.905 Executing safepoint VM operation: ParallelGCFailedAllocation (Allocation Failure) done
Event: 25.906 Executing safepoint VM operation: Cleanup
Event: 25.906 Executing safepoint VM operation: Cleanup done
Event: 26.907 Executing safepoint VM operation: Cleanup
Event: 26.907 Executing safepoint VM operation: Cleanup done
Event: 31.908 Executing safepoint VM operation: Cleanup
Event: 32.011 Executing safepoint VM operation: Cleanup done
Event: 33.012 Executing safepoint VM operation: Cleanup
Event: 33.012 Executing safepoint VM operation: Cleanup done
Event: 34.576 Executing non-safepoint VM operation: HandshakeAllThreads (Deoptimize)
Event: 34.576 Executing non-safepoint VM operation: HandshakeAllThreads (Deoptimize) done
Event: 34.576 Executing safepoint VM operation: Cleanup
Event: 34.576 Executing safepoint VM operation: Cleanup done
Event: 35.577 Executing safepoint VM operation: Cleanup
Event: 35.606 Executing safepoint VM operation: Cleanup done
Event: 35.625 Executing safepoint VM operation: ParallelGCFailedAllocation (Allocation Failure)

Memory protections (0 events):
No events

Nmethod flushes (20 events):
Event: 7.537 Thread 0x00000206d9f1fc20 flushing  nmethod 0x00000206dd8d6c90
Event: 7.537 Thread 0x00000206d9f1fc20 flushing  nmethod 0x00000206dd8dc410
Event: 7.537 Thread 0x00000206d9f1fc20 flushing  nmethod 0x00000206dd8dd410
Event: 7.537 Thread 0x00000206d9f1fc20 flushing  nmethod 0x00000206dd8de390
Event: 7.537 Thread 0x00000206d9f1fc20 flushing  nmethod 0x00000206dd8e3790
Event: 7.537 Thread 0x00000206d9f1fc20 flushing  nmethod 0x00000206dd8e6d90
Event: 7.537 Thread 0x00000206d9f1fc20 flushing  nmethod 0x00000206dd903710
Event: 7.537 Thread 0x00000206d9f1fc20 flushing  nmethod 0x00000206dd907110
Event: 7.537 Thread 0x00000206d9f1fc20 flushing  nmethod 0x00000206dd91ba10
Event: 7.537 Thread 0x00000206d9f1fc20 flushing  nmethod 0x00000206dd934f90
Event: 7.537 Thread 0x00000206d9f1fc20 flushing  nmethod 0x00000206dd936890
Event: 7.537 Thread 0x00000206d9f1fc20 flushing  nmethod 0x00000206dd94c190
Event: 7.537 Thread 0x00000206d9f1fc20 flushing  nmethod 0x00000206dd94e090
Event: 7.537 Thread 0x00000206d9f1fc20 flushing  nmethod 0x00000206dd94e810
Event: 7.537 Thread 0x00000206d9f1fc20 flushing  nmethod 0x00000206dd953410
Event: 7.537 Thread 0x00000206d9f1fc20 flushing  nmethod 0x00000206dd95e210
Event: 7.537 Thread 0x00000206d9f1fc20 flushing  nmethod 0x00000206dd9a0f10
Event: 7.537 Thread 0x00000206d9f1fc20 flushing  nmethod 0x00000206dd9c8310
Event: 7.537 Thread 0x00000206d9f1fc20 flushing  nmethod 0x00000206dd9f2510
Event: 7.537 Thread 0x00000206d9f1fc20 flushing  nmethod 0x00000206dd9faa10

Events (20 events):
Event: 23.759 Thread 0x00000206f2c7ea90 Thread added: 0x00000206fc3989d0
Event: 23.761 Thread 0x00000206f2c7ea90 Thread added: 0x00000206fc396270
Event: 23.786 Thread 0x00000206fc396270 Thread exited: 0x00000206fc396270
Event: 23.788 Thread 0x00000206f2c7ea90 Thread added: 0x00000206fc396270
Event: 23.790 Thread 0x00000206f2c7ea90 Thread added: 0x00000206fc396900
Event: 23.806 Thread 0x00000206fc396900 Thread exited: 0x00000206fc396900
Event: 24.047 Thread 0x00000206f2c7ea90 Thread added: 0x00000206fc396900
Event: 24.049 Thread 0x00000206f2c7ea90 Thread added: 0x00000206fc39cb70
Event: 24.063 Thread 0x00000206fc39cb70 Thread added: 0x00000206fc39c4e0
Event: 24.895 Thread 0x00000206fc39c4e0 Thread exited: 0x00000206fc39c4e0
Event: 24.895 Thread 0x00000206fc39cb70 Thread exited: 0x00000206fc39cb70
Event: 24.930 Thread 0x00000206f2c7ea90 Thread added: 0x00000206fc39d200
Event: 25.004 Thread 0x00000206fc39d200 Thread added: 0x00000206fc39cb70
Event: 25.011 Thread 0x00000206fc39cb70 Thread added: 0x00000206fc39d890
Event: 25.011 Thread 0x00000206fc39cb70 Thread added: 0x00000206fc39b7c0
Event: 25.011 Thread 0x00000206fc39d890 Thread exited: 0x00000206fc39d890
Event: 26.411 Thread 0x00000206ced7b360 Thread exited: 0x00000206ced7b360
Event: 31.008 Thread 0x00000206d9e1f7e0 Thread added: 0x00000206ced79150
Event: 34.569 Thread 0x00000206ced79150 Thread exited: 0x00000206ced79150
Event: 34.583 Thread 0x00000206d9e1f7e0 Thread added: 0x00000206ced79820


Dynamic libraries:
0x00007ff76a070000 - 0x00007ff76a07e000 	c:\Users\emmmz\.vscode\extensions\redhat.java-1.53.0-win32-x64\jre\21.0.10-win32-x86_64\bin\java.exe
0x00007ff9ae540000 - 0x00007ff9ae7a7000 	C:\WINDOWS\SYSTEM32\ntdll.dll
0x00007ff9ac640000 - 0x00007ff9ac709000 	C:\WINDOWS\System32\KERNEL32.DLL
0x00007ff9ab990000 - 0x00007ff9abd81000 	C:\WINDOWS\System32\KERNELBASE.dll
0x00007ff9abf80000 - 0x00007ff9ac0cb000 	C:\WINDOWS\System32\ucrtbase.dll
0x00007ff99c9f0000 - 0x00007ff99ca08000 	c:\Users\emmmz\.vscode\extensions\redhat.java-1.53.0-win32-x64\jre\21.0.10-win32-x86_64\bin\jli.dll
0x00007ff9ae320000 - 0x00007ff9ae4e5000 	C:\WINDOWS\System32\USER32.dll
0x00007ff9aaed0000 - 0x00007ff9aaef7000 	C:\WINDOWS\System32\win32u.dll
0x00007ff9adef0000 - 0x00007ff9adf1b000 	C:\WINDOWS\System32\GDI32.dll
0x00007ff9abe50000 - 0x00007ff9abf7b000 	C:\WINDOWS\System32\gdi32full.dll
0x00007ff9aae20000 - 0x00007ff9aaec3000 	C:\WINDOWS\System32\msvcp_win.dll
0x00007ff99c840000 - 0x00007ff99c85e000 	c:\Users\emmmz\.vscode\extensions\redhat.java-1.53.0-win32-x64\jre\21.0.10-win32-x86_64\bin\VCRUNTIME140.dll
0x00007ff996ad0000 - 0x00007ff996d63000 	C:\WINDOWS\WinSxS\amd64_microsoft.windows.common-controls_6595b64144ccf1df_6.0.26100.8037_none_3e092faae333b53b\COMCTL32.dll
0x00007ff9ac480000 - 0x00007ff9ac529000 	C:\WINDOWS\System32\msvcrt.dll
0x00007ff9ac710000 - 0x00007ff9ac741000 	C:\WINDOWS\System32\IMM32.DLL
0x00007ff9a5ae0000 - 0x00007ff9a5aec000 	c:\Users\emmmz\.vscode\extensions\redhat.java-1.53.0-win32-x64\jre\21.0.10-win32-x86_64\bin\vcruntime140_1.dll
0x00007ff9330f0000 - 0x00007ff93317d000 	c:\Users\emmmz\.vscode\extensions\redhat.java-1.53.0-win32-x64\jre\21.0.10-win32-x86_64\bin\msvcp140.dll
0x00007ff8f5850000 - 0x00007ff8f65f1000 	c:\Users\emmmz\.vscode\extensions\redhat.java-1.53.0-win32-x64\jre\21.0.10-win32-x86_64\bin\server\jvm.dll
0x00007ff9ae240000 - 0x00007ff9ae2fb000 	C:\WINDOWS\System32\ADVAPI32.dll
0x00007ff9ade40000 - 0x00007ff9adee7000 	C:\WINDOWS\System32\sechost.dll
0x00007ff9ae120000 - 0x00007ff9ae238000 	C:\WINDOWS\System32\RPCRT4.dll
0x00007ff9adfa0000 - 0x00007ff9ae014000 	C:\WINDOWS\System32\WS2_32.dll
0x00007ff9aac80000 - 0x00007ff9aacde000 	C:\WINDOWS\SYSTEM32\POWRPROF.dll
0x00007ff998810000 - 0x00007ff998845000 	C:\WINDOWS\SYSTEM32\WINMM.dll
0x00007ff99cf10000 - 0x00007ff99cf1b000 	C:\WINDOWS\SYSTEM32\VERSION.dll
0x00007ff9aac60000 - 0x00007ff9aac74000 	C:\WINDOWS\SYSTEM32\UMPDC.dll
0x00007ff9a9b80000 - 0x00007ff9a9b9b000 	C:\WINDOWS\SYSTEM32\kernel.appcore.dll
0x00007ff9a2310000 - 0x00007ff9a231a000 	c:\Users\emmmz\.vscode\extensions\redhat.java-1.53.0-win32-x64\jre\21.0.10-win32-x86_64\bin\jimage.dll
0x00007ff9a5de0000 - 0x00007ff9a6022000 	C:\WINDOWS\SYSTEM32\DBGHELP.DLL
0x00007ff9acfe0000 - 0x00007ff9ad362000 	C:\WINDOWS\System32\combase.dll
0x00007ff9ad370000 - 0x00007ff9ad447000 	C:\WINDOWS\System32\OLEAUT32.dll
0x00007ff9938f0000 - 0x00007ff99392b000 	C:\WINDOWS\SYSTEM32\dbgcore.DLL
0x00007ff9aaf00000 - 0x00007ff9aafa5000 	C:\WINDOWS\System32\bcryptPrimitives.dll
0x00007ff9a3a80000 - 0x00007ff9a3a8f000 	c:\Users\emmmz\.vscode\extensions\redhat.java-1.53.0-win32-x64\jre\21.0.10-win32-x86_64\bin\instrument.dll
0x00007ff99b720000 - 0x00007ff99b740000 	c:\Users\emmmz\.vscode\extensions\redhat.java-1.53.0-win32-x64\jre\21.0.10-win32-x86_64\bin\java.dll
0x00007ff9ad450000 - 0x00007ff9adbaf000 	C:\WINDOWS\System32\SHELL32.dll
0x00007ff9ab820000 - 0x00007ff9ab98a000 	C:\WINDOWS\System32\wintypes.dll
0x00007ff9aafb0000 - 0x00007ff9ab814000 	C:\WINDOWS\System32\windows.storage.dll
0x00007ff9acd10000 - 0x00007ff9ace07000 	C:\WINDOWS\System32\SHCORE.dll
0x00007ff9acf70000 - 0x00007ff9acfd7000 	C:\WINDOWS\System32\shlwapi.dll
0x00007ff9aad40000 - 0x00007ff9aad69000 	C:\WINDOWS\SYSTEM32\profapi.dll
0x00007ff9a3bd0000 - 0x00007ff9a3be8000 	c:\Users\emmmz\.vscode\extensions\redhat.java-1.53.0-win32-x64\jre\21.0.10-win32-x86_64\bin\zip.dll
0x00007ff9a3a90000 - 0x00007ff9a3aa0000 	C:\Users\emmmz\.vscode\extensions\redhat.java-1.53.0-win32-x64\jre\21.0.10-win32-x86_64\bin\net.dll
0x00007ff9a3d70000 - 0x00007ff9a3e97000 	C:\WINDOWS\SYSTEM32\WINHTTP.dll
0x00007ff9aa120000 - 0x00007ff9aa18b000 	C:\WINDOWS\system32\mswsock.dll
0x00007ff9986a0000 - 0x00007ff9986b6000 	C:\Users\emmmz\.vscode\extensions\redhat.java-1.53.0-win32-x64\jre\21.0.10-win32-x86_64\bin\nio.dll
0x00007ff9a22f0000 - 0x00007ff9a2300000 	c:\Users\emmmz\.vscode\extensions\redhat.java-1.53.0-win32-x64\jre\21.0.10-win32-x86_64\bin\verify.dll
0x00007ff994460000 - 0x00007ff9944a5000 	C:\Users\emmmz\AppData\Roaming\Code\User\globalStorage\redhat.java\1.53.0\config_win\org.eclipse.equinox.launcher\org.eclipse.equinox.launcher.win32.win32.x86_64_1.3.0.v20260203-2149\eclipse_11919.dll
0x00007ff9ac2e0000 - 0x00007ff9ac475000 	C:\WINDOWS\System32\ole32.dll
0x00007ff9aa400000 - 0x00007ff9aa41b000 	C:\WINDOWS\SYSTEM32\CRYPTSP.dll
0x00007ff9a9ae0000 - 0x00007ff9a9b19000 	C:\WINDOWS\system32\rsaenh.dll
0x00007ff9aa1d0000 - 0x00007ff9aa202000 	C:\WINDOWS\SYSTEM32\USERENV.dll
0x00007ff9aad10000 - 0x00007ff9aad3a000 	C:\WINDOWS\SYSTEM32\bcrypt.dll
0x00007ff9aa420000 - 0x00007ff9aa42c000 	C:\WINDOWS\SYSTEM32\CRYPTBASE.dll
0x00007ff9a95b0000 - 0x00007ff9a95e3000 	C:\WINDOWS\SYSTEM32\IPHLPAPI.DLL
0x00007ff9ac750000 - 0x00007ff9ac75a000 	C:\WINDOWS\System32\NSI.dll
0x00007ff9892d0000 - 0x00007ff989319000 	C:\Users\emmmz\AppData\Local\Temp\jna-96631090\jna11299376770008745611.dll
0x00007ff9ae4f0000 - 0x00007ff9ae4f8000 	C:\WINDOWS\System32\PSAPI.DLL
0x00007ff9a47a0000 - 0x00007ff9a47bd000 	C:\WINDOWS\SYSTEM32\dhcpcsvc6.DLL
0x00007ff9a4770000 - 0x00007ff9a4793000 	C:\WINDOWS\SYSTEM32\dhcpcsvc.DLL
0x00007ff993360000 - 0x00007ff993387000 	C:\Users\emmmz\.gradle\native\1def1411415f61bf3af743bc5b6707747c0891f09f0c88961ee8f79bc544acac\windows-amd64\native-platform.dll
0x00007ff9a2240000 - 0x00007ff9a224a000 	C:\Users\emmmz\.vscode\extensions\redhat.java-1.53.0-win32-x64\jre\21.0.10-win32-x86_64\bin\management.dll
0x00007ff99ca60000 - 0x00007ff99ca6c000 	C:\Users\emmmz\.vscode\extensions\redhat.java-1.53.0-win32-x64\jre\21.0.10-win32-x86_64\bin\management_ext.dll
0x00007ff99ca40000 - 0x00007ff99ca49000 	C:\Users\emmmz\.vscode\extensions\redhat.java-1.53.0-win32-x64\jre\21.0.10-win32-x86_64\bin\extnet.dll
0x00007ff99ca50000 - 0x00007ff99ca5e000 	C:\Users\emmmz\.vscode\extensions\redhat.java-1.53.0-win32-x64\jre\21.0.10-win32-x86_64\bin\sunmscapi.dll
0x00007ff9ac0d0000 - 0x00007ff9ac247000 	C:\WINDOWS\System32\CRYPT32.dll
0x00007ff9aa620000 - 0x00007ff9aa650000 	C:\WINDOWS\SYSTEM32\ncrypt.dll
0x00007ff9aa5d0000 - 0x00007ff9aa60f000 	C:\WINDOWS\SYSTEM32\NTASN1.dll
0x00007ff9a2e10000 - 0x00007ff9a2e18000 	C:\WINDOWS\system32\wshunix.dll

JVMTI agents:
c:\Users\emmmz\.vscode\extensions\redhat.java-1.53.0-win32-x64\lombok\lombok-1.18.39-4050.jar path:c:\Users\emmmz\.vscode\extensions\redhat.java-1.53.0-win32-x64\jre\21.0.10-win32-x86_64\bin\instrument.dll, loaded, initialized, instrumentlib options:none

dbghelp: loaded successfully - version: 4.0.5 - missing functions: none
symbol engine: initialized successfully - sym options: 0x614 - pdb path: .;c:\Users\emmmz\.vscode\extensions\redhat.java-1.53.0-win32-x64\jre\21.0.10-win32-x86_64\bin;C:\WINDOWS\SYSTEM32;C:\WINDOWS\WinSxS\amd64_microsoft.windows.common-controls_6595b64144ccf1df_6.0.26100.8037_none_3e092faae333b53b;c:\Users\emmmz\.vscode\extensions\redhat.java-1.53.0-win32-x64\jre\21.0.10-win32-x86_64\bin\server;C:\Users\emmmz\AppData\Roaming\Code\User\globalStorage\redhat.java\1.53.0\config_win\org.eclipse.equinox.launcher\org.eclipse.equinox.launcher.win32.win32.x86_64_1.3.0.v20260203-2149;C:\Users\emmmz\AppData\Local\Temp\jna-96631090;C:\Users\emmmz\.gradle\native\1def1411415f61bf3af743bc5b6707747c0891f09f0c88961ee8f79bc544acac\windows-amd64

VM Arguments:
jvm_args: --add-modules=ALL-SYSTEM --add-opens=java.base/java.util=ALL-UNNAMED --add-opens=java.base/java.lang=ALL-UNNAMED --add-opens=java.base/sun.nio.fs=ALL-UNNAMED -Declipse.application=org.eclipse.jdt.ls.core.id1 -Dosgi.bundles.defaultStartLevel=4 -Declipse.product=org.eclipse.jdt.ls.core.product -Djava.import.generatesMetadataFilesAtProjectRoot=false -DDetectVMInstallationsJob.disabled=true -Dfile.encoding=utf8 -XX:+UseParallelGC -XX:GCTimeRatio=4 -XX:AdaptiveSizePolicyWeight=90 -Dsun.zip.disableMemoryMapping=true -Xmx2G -Xms100m -Xlog:disable -javaagent:c:\Users\emmmz\.vscode\extensions\redhat.java-1.53.0-win32-x64\lombok\lombok-1.18.39-4050.jar -XX:+HeapDumpOnOutOfMemoryError -XX:HeapDumpPath=c:\Users\emmmz\AppData\Roaming\Code\User\workspaceStorage\9411440532b7ac369f8afd7c0c09128e\redhat.java -Daether.dependencyCollector.impl=bf 
java_command: c:\Users\emmmz\.vscode\extensions\redhat.java-1.53.0-win32-x64\server\plugins\org.eclipse.equinox.launcher_1.7.100.v20251111-0406.jar -configuration c:\Users\emmmz\AppData\Roaming\Code\User\globalStorage\redhat.java\1.53.0\config_win -data c:\Users\emmmz\AppData\Roaming\Code\User\workspaceStorage\9411440532b7ac369f8afd7c0c09128e\redhat.java\jdt_ws --pipe=\\.\pipe\lsp-c8a265cee7175eabd497e08ae75d93a3-sock
java_class_path (initial): c:\Users\emmmz\.vscode\extensions\redhat.java-1.53.0-win32-x64\server\plugins\org.eclipse.equinox.launcher_1.7.100.v20251111-0406.jar
Launcher Type: SUN_STANDARD

[Global flags]
    uintx AdaptiveSizePolicyWeight                 = 90                                        {product} {command line}
     intx CICompilerCount                          = 4                                         {product} {ergonomic}
    uintx GCTimeRatio                              = 4                                         {product} {command line}
     bool HeapDumpOnOutOfMemoryError               = true                                   {manageable} {command line}
    ccstr HeapDumpPath                             = c:\Users\emmmz\AppData\Roaming\Code\User\workspaceStorage\9411440532b7ac369f8afd7c0c09128e\redhat.java         {manageable} {command line}
   size_t InitialHeapSize                          = 104857600                                 {product} {command line}
   size_t MaxHeapSize                              = 2147483648                                {product} {command line}
   size_t MaxNewSize                               = 715653120                                 {product} {ergonomic}
   size_t MinHeapDeltaBytes                        = 524288                                    {product} {ergonomic}
   size_t MinHeapSize                              = 104857600                                 {product} {command line}
   size_t NewSize                                  = 34603008                                  {product} {ergonomic}
    uintx NonNMethodCodeHeapSize                   = 5839372                                {pd product} {ergonomic}
    uintx NonProfiledCodeHeapSize                  = 122909434                              {pd product} {ergonomic}
   size_t OldSize                                  = 70254592                                  {product} {ergonomic}
    uintx ProfiledCodeHeapSize                     = 122909434                              {pd product} {ergonomic}
    uintx ReservedCodeCacheSize                    = 251658240                              {pd product} {ergonomic}
     bool SegmentedCodeCache                       = true                                      {product} {ergonomic}
   size_t SoftMaxHeapSize                          = 2147483648                             {manageable} {ergonomic}
     bool UseCompressedOops                        = true                           {product lp64_product} {ergonomic}
     bool UseLargePagesIndividualAllocation        = false                                  {pd product} {ergonomic}
     bool UseParallelGC                            = true                                      {product} {command line}

Logging:
Log output configuration:
 #0: stdout all=off uptime,level,tags foldmultilines=false
 #1: stderr all=off uptime,level,tags foldmultilines=false

Release file:
JAVA_VERSION="21.0.10" 
MODULES="java.base java.compiler java.datatransfer java.xml java.prefs java.desktop java.instrument java.logging java.management java.security.sasl java.naming java.rmi java.management.rmi java.net.http java.scripting java.security.jgss java.transaction.xa java.sql java.sql.rowset java.xml.crypto java.se java.smartcardio jdk.accessibility jdk.internal.jvmstat jdk.attach jdk.charsets jdk.internal.opt jdk.zipfs jdk.compiler jdk.crypto.ec jdk.crypto.cryptoki jdk.crypto.mscapi jdk.dynalink jdk.internal.ed jdk.editpad jdk.hotspot.agent jdk.httpserver jdk.internal.le jdk.internal.vm.ci jdk.internal.vm.compiler jdk.internal.vm.compiler.management jdk.jartool jdk.javadoc jdk.jcmd jdk.management jdk.management.agent jdk.jconsole jdk.jdeps jdk.jdwp.agent jdk.jdi jdk.jfr jdk.jshell jdk.jsobject jdk.jstatd jdk.localedata jdk.management.jfr jdk.naming.dns jdk.naming.rmi jdk.net jdk.nio.mapmode jdk.random jdk.sctp jdk.security.auth jdk.security.jgss jdk.unsupported jdk.unsupported.desktop jdk.xml.dom" 

Environment Variables:
PATH=C:\Users\emmmz\AppData\Local\Programs\Microsoft VS Code;C:\xampp_lite_8_4\apps\php;C:\Python313\Scripts\;C:\Python313\;C:\Program Files (x86)\NVIDIA Corporation\PhysX\Common;C:\Program Files\Common Files\Oracle\Java\javapath;C:\oraclexe\app\oracle\product\11.2.0\server\bin;C:\Windows\System32\HWAudioDriverLibs;C:\Windows\system32;C:\Windows;C:\Windows\System32\Wbem;C:\Windows\System32\WindowsPowerShell\v1.0\;C:\Windows\System32\OpenSSH\;C:\Users\Administrator\AppData\Local\Microsoft\WindowsApps;C:\WINDOWS\system32;C:\WINDOWS;C:\WINDOWS\System32\Wbem;C:\WINDOWS\System32\WindowsPowerShell\v1.0\;C:\WINDOWS\System32\OpenSSH\;C:\Program Files\Microsoft SQL Server\120\Tools\Binn\;C:\Program Files\Common Files\Autodesk Shared\;C:\Program Files\dotnet\;C:\Windows\SysWow64\;C:\Program Files\Git\cmd;D:\ComposerSetup;C:\sqlite3;C:\Program Files\nodejs\;C:\ProgramData\chocolatey\bin;C:\Program Files\Microsoft SQL Server\150\Tools\Binn\;C:\WINDOWS\system32;C:\WINDOWS;C:\WINDOWS\System32\Wbem;C:\WINDOWS\System32\WindowsPowerShell\v1.0\;C:\WINDOWS\System32\OpenSSH\;C:\ProgramData\ComposerSetup\bin;;C:\Users\emmmz\AppData\Local\Programs\Microsoft VS Code\bin;C:\Users\emmmz\AppData\Local\Programs\Antigravity\bin
USERNAME=emmmz
OS=Windows_NT
PROCESSOR_IDENTIFIER=Intel64 Family 6 Model 140 Stepping 1, GenuineIntel
TMP=C:\Users\emmmz\AppData\Local\Temp
TEMP=C:\Users\emmmz\AppData\Local\Temp




Periodic native trim disabled

---------------  S Y S T E M  ---------------

OS:
 Windows 11 , 64 bit Build 26100 (10.0.26100.7920)
OS uptime: 6 days 22:17 hours
Hyper-V role detected

CPU: total 8 (initial active 8) (4 cores per cpu, 2 threads per core) family 6 model 140 stepping 1 microcode 0x8a, cx8, cmov, fxsr, ht, mmx, 3dnowpref, sse, sse2, sse3, ssse3, sse4.1, sse4.2, popcnt, lzcnt, tsc, tscinvbit, avx, avx2, aes, erms, clmul, bmi1, bmi2, adx, avx512f, avx512dq, avx512cd, avx512bw, avx512vl, sha, fma, vzeroupper, avx512_vpopcntdq, avx512_vpclmulqdq, avx512_vaes, avx512_vnni, clflush, clflushopt, clwb, avx512_vbmi2, avx512_vbmi, hv, rdtscp, rdpid, fsrm, gfni, avx512_bitalg, f16c, cet_ibt, cet_ss, avx512_ifma
Processor Information for the first 8 processors :
  Max Mhz: 2419, Current Mhz: 2419, Mhz Limit: 2419

Memory: 4k page, system-wide physical 7991M (567M free)
TotalPageFile size 16183M (AvailPageFile size 0M)
current process WorkingSet (physical memory assigned to process): 350M, peak: 423M
current process commit charge ("private bytes"): 1699M, peak: 1699M

vm_info: OpenJDK 64-Bit Server VM (21.0.10+7-LTS) for windows-amd64 JRE (21.0.10+7-LTS), built on 2026-01-20T00:00:00Z by "admin" with MS VC++ 17.12 (VS2022)

END.
