#
# There is insufficient memory for the Java Runtime Environment to continue.
# Native memory allocation (malloc) failed to allocate 32744 bytes. Error detail: Chunk::new
# Possible reasons:
#   The system is out of physical RAM or swap space
#   This process is running with CompressedOops enabled, and the Java Heap may be blocking the growth of the native heap
# Possible solutions:
#   Reduce memory load on the system
#   Increase physical memory or swap space
#   Check if swap backing store is full
#   Decrease Java heap size (-Xmx/-Xms)
#   Decrease number of Java threads
#   Decrease Java thread stack sizes (-Xss)
#   Set larger code cache with -XX:ReservedCodeCacheSize=
#   JVM is running with Unscaled Compressed Oops mode in which the Java heap is
#     placed in the first 4GB address space. The Java Heap base address is the
#     maximum limit for the native heap growth. Please use -XX:HeapBaseMinAddress
#     to set the Java Heap base and to place the Java Heap above 4GB virtual address.
# This output file may be truncated or incomplete.
#
#  Out of Memory Error (arena.cpp:168), pid=11836, tid=9208
#
# JRE version: OpenJDK Runtime Environment Temurin-21.0.10+7 (21.0.10+7) (build 21.0.10+7-LTS)
# Java VM: OpenJDK 64-Bit Server VM Temurin-21.0.10+7 (21.0.10+7-LTS, mixed mode, sharing, tiered, compressed oops, compressed class ptrs, parallel gc, windows-amd64)
# No core dump will be written. Minidumps are not enabled by default on client versions of Windows
#

---------------  S U M M A R Y ------------

Command Line: --add-modules=ALL-SYSTEM --add-opens=java.base/java.util=ALL-UNNAMED --add-opens=java.base/java.lang=ALL-UNNAMED --add-opens=java.base/sun.nio.fs=ALL-UNNAMED -Declipse.application=org.eclipse.jdt.ls.core.id1 -Dosgi.bundles.defaultStartLevel=4 -Declipse.product=org.eclipse.jdt.ls.core.product -Djava.import.generatesMetadataFilesAtProjectRoot=false -DDetectVMInstallationsJob.disabled=true -Dfile.encoding=utf8 -XX:+UseParallelGC -XX:GCTimeRatio=4 -XX:AdaptiveSizePolicyWeight=90 -Dsun.zip.disableMemoryMapping=true -Xmx2G -Xms100m -Xlog:disable -javaagent:c:\Users\emmmz\.antigravity\extensions\redhat.java-1.54.0-win32-x64\lombok\lombok-1.18.39-4050.jar -XX:+HeapDumpOnOutOfMemoryError -XX:HeapDumpPath=c:\Users\emmmz\AppData\Roaming\Antigravity\User\workspaceStorage\9411440532b7ac369f8afd7c0c09128e\redhat.java -Daether.dependencyCollector.impl=bf c:\Users\emmmz\.antigravity\extensions\redhat.java-1.54.0-win32-x64\server\plugins\org.eclipse.equinox.launcher_1.7.100.v20251111-0406.jar -configuration c:\Users\emmmz\AppData\Roaming\Antigravity\User\globalStorage\redhat.java\1.54.0\config_win -data c:\Users\emmmz\AppData\Roaming\Antigravity\User\workspaceStorage\9411440532b7ac369f8afd7c0c09128e\redhat.java\jdt_ws --pipe=\\.\pipe\lsp-46e5a671b7dd191ff4d5b9cb099a2353-sock

Host: 11th Gen Intel(R) Core(TM) i5-1135G7 @ 2.40GHz, 8 cores, 7G,  Windows 11 , 64 bit Build 26100 (10.0.26100.7920)
Time: Sat Apr 18 22:31:22 2026 Afr. centrale Ouest elapsed time: 10.855358 seconds (0d 0h 0m 10s)

---------------  T H R E A D  ---------------

Current thread (0x00000284fd4ecd10):  JavaThread "C2 CompilerThread1" daemon [_thread_in_native, id=9208, stack(0x000000c928d00000,0x000000c928e00000) (1024K)]


Current CompileTask:
C2:10855  620       4       java.util.HashSet::iterator (13 bytes)

Stack: [0x000000c928d00000,0x000000c928e00000]
Native frames: (J=compiled Java code, j=interpreted, Vv=VM code, C=native code)
V  [jvm.dll+0x6d7a39]
V  [jvm.dll+0x8b4b26]
V  [jvm.dll+0x8b70de]
V  [jvm.dll+0x8b77c3]
V  [jvm.dll+0x284346]
V  [jvm.dll+0xc66ed]
V  [jvm.dll+0xc6c31]
V  [jvm.dll+0x703443]
V  [jvm.dll+0x1e403a]
V  [jvm.dll+0x24c6b3]
V  [jvm.dll+0x24bb40]
V  [jvm.dll+0x1cb34e]
V  [jvm.dll+0x25b85d]
V  [jvm.dll+0x259dea]
V  [jvm.dll+0x3f857e]
V  [jvm.dll+0x85f59d]
V  [jvm.dll+0x6d626d]
C  [ucrtbase.dll+0x37b0]
C  [KERNEL32.DLL+0x2e8d7]
C  [ntdll.dll+0x8c48c]


---------------  P R O C E S S  ---------------

Threads class SMR info:
_java_thread_list=0x00000284fd3567c0, length=13, elements={
0x000002849fa3e2e0, 0x000002849fafc2d0, 0x00000284b64b5730, 0x00000284b64b7880,
0x00000284b64b83e0, 0x00000284b64b8e40, 0x00000284b64bd3d0, 0x00000284b64c3640,
0x00000284b64c8cd0, 0x00000284fd20c5b0, 0x00000284fd3f9900, 0x00000284fd4ecd10,
0x00000284fd30fc60
}

Java Threads: ( => current thread )
  0x000002849fa3e2e0 JavaThread "main"                              [_thread_in_native, id=10156, stack(0x000000c928100000,0x000000c928200000) (1024K)]
  0x000002849fafc2d0 JavaThread "Reference Handler"          daemon [_thread_blocked, id=13700, stack(0x000000c928500000,0x000000c928600000) (1024K)]
  0x00000284b64b5730 JavaThread "Finalizer"                  daemon [_thread_blocked, id=9848, stack(0x000000c928600000,0x000000c928700000) (1024K)]
  0x00000284b64b7880 JavaThread "Signal Dispatcher"          daemon [_thread_blocked, id=6944, stack(0x000000c928700000,0x000000c928800000) (1024K)]
  0x00000284b64b83e0 JavaThread "Attach Listener"            daemon [_thread_blocked, id=8736, stack(0x000000c928800000,0x000000c928900000) (1024K)]
  0x00000284b64b8e40 JavaThread "Service Thread"             daemon [_thread_blocked, id=13224, stack(0x000000c928900000,0x000000c928a00000) (1024K)]
  0x00000284b64bd3d0 JavaThread "Monitor Deflation Thread"   daemon [_thread_blocked, id=8372, stack(0x000000c928a00000,0x000000c928b00000) (1024K)]
  0x00000284b64c3640 JavaThread "C2 CompilerThread0"         daemon [_thread_in_native, id=19600, stack(0x000000c928b00000,0x000000c928c00000) (1024K)]
  0x00000284b64c8cd0 JavaThread "C1 CompilerThread0"         daemon [_thread_blocked, id=17684, stack(0x000000c928c00000,0x000000c928d00000) (1024K)]
  0x00000284fd20c5b0 JavaThread "Common-Cleaner"             daemon [_thread_blocked, id=10256, stack(0x000000c928e00000,0x000000c928f00000) (1024K)]
  0x00000284fd3f9900 JavaThread "Notification Thread"        daemon [_thread_blocked, id=5056, stack(0x000000c929000000,0x000000c929100000) (1024K)]
=>0x00000284fd4ecd10 JavaThread "C2 CompilerThread1"         daemon [_thread_in_native, id=9208, stack(0x000000c928d00000,0x000000c928e00000) (1024K)]
  0x00000284fd30fc60 JavaThread "C2 CompilerThread2"         daemon [_thread_in_native, id=1200, stack(0x000000c929100000,0x000000c929200000) (1024K)]
Total: 13

Other Threads:
  0x00000284b64b35f0 VMThread "VM Thread"                           [id=7840, stack(0x000000c928400000,0x000000c928500000) (1024K)]
  0x000002849faaa870 WatcherThread "VM Periodic Task Thread"        [id=12184, stack(0x000000c928300000,0x000000c928400000) (1024K)]
  0x000002849fa5da10 WorkerThread "GC Thread#0"                     [id=14988, stack(0x000000c928200000,0x000000c928300000) (1024K)]
Total: 3

Threads with active compile tasks:
C2 CompilerThread0  11867  659       4       lombok.patcher.PatchScript::classMatches (41 bytes)
C2 CompilerThread1  11867  620       4       java.util.HashSet::iterator (13 bytes)
C2 CompilerThread2  11867  660       4       lombok.patcher.scripts.MethodLevelPatchScript::patch (21 bytes)
Total: 3

VM state: not at safepoint (normal execution)

VM Mutex/Monitor currently owned by a thread: None

Heap address: 0x0000000080000000, size: 2048 MB, Compressed Oops mode: 32-bit

CDS archive(s) mapped at: [0x00000284b7000000-0x00000284b7ba0000-0x00000284b7ba0000), size 12189696, SharedBaseAddress: 0x00000284b7000000, ArchiveRelocationMode: 1.
Compressed class space mapped at: 0x00000284b8000000-0x00000284f8000000, reserved size: 1073741824
Narrow klass base: 0x00000284b7000000, Narrow klass shift: 0, Narrow klass range: 0x100000000

GC Precious Log:
 CardTable entry size: 512
 CPUs: 8 total, 8 available
 Memory: 7991M
 Large Page Support: Disabled
 NUMA Support: Disabled
 Compressed Oops: Enabled (32-bit)
 Alignments: Space 512K, Generation 512K, Heap 2M
 Heap Min Capacity: 100M
 Heap Initial Capacity: 100M
 Heap Max Capacity: 2G
 Pre-touch: Disabled
 Parallel Workers: 8

Heap:
 PSYoungGen      total 29696K, used 15094K [0x00000000d5580000, 0x00000000d7680000, 0x0000000100000000)
  eden space 25600K, 58% used [0x00000000d5580000,0x00000000d643da28,0x00000000d6e80000)
  from space 4096K, 0% used [0x00000000d7280000,0x00000000d7280000,0x00000000d7680000)
  to   space 4096K, 0% used [0x00000000d6e80000,0x00000000d6e80000,0x00000000d7280000)
 ParOldGen       total 68608K, used 0K [0x0000000080000000, 0x0000000084300000, 0x00000000d5580000)
  object space 68608K, 0% used [0x0000000080000000,0x0000000080000000,0x0000000084300000)
 Metaspace       used 2941K, committed 3136K, reserved 1114112K
  class space    used 302K, committed 384K, reserved 1048576K

Card table byte_map: [0x000002849f3f0000,0x000002849f800000] _byte_map_base: 0x000002849eff0000

Marking Bits: (ParMarkBitMap*) 0x00007ffaa9cd3450
 Begin Bits: [0x00000284b1ef0000, 0x00000284b3ef0000)
 End Bits:   [0x00000284b3ef0000, 0x00000284b5ef0000)

Polling page: 0x000002849dcb0000

Metaspace:

Usage:
  Non-class:      2.58 MB used.
      Class:    302.71 KB used.
       Both:      2.87 MB used.

Virtual space:
  Non-class space:       64.00 MB reserved,       2.69 MB (  4%) committed,  1 nodes.
      Class space:        1.00 GB reserved,     384.00 KB ( <1%) committed,  1 nodes.
             Both:        1.06 GB reserved,       3.06 MB ( <1%) committed. 

Chunk freelists:
   Non-Class:  11.59 MB
       Class:  15.66 MB
        Both:  27.26 MB

MaxMetaspaceSize: unlimited
CompressedClassSpaceSize: 1.00 GB
Initial GC threshold: 21.00 MB
Current GC threshold: 21.00 MB
CDS: on
 - commit_granule_bytes: 65536.
 - commit_granule_words: 8192.
 - virtual_space_node_default_size: 8388608.
 - enlarge_chunks_in_place: 1.
 - use_allocation_guard: 0.


Internal statistics:

num_allocs_failed_limit: 0.
num_arena_births: 82.
num_arena_deaths: 0.
num_vsnodes_births: 2.
num_vsnodes_deaths: 0.
num_space_committed: 49.
num_space_uncommitted: 0.
num_chunks_returned_to_freelist: 0.
num_chunks_taken_from_freelist: 108.
num_chunk_merges: 0.
num_chunk_splits: 74.
num_chunks_enlarged: 47.
num_inconsistent_stats: 0.

CodeHeap 'non-profiled nmethods': size=120000Kb used=260Kb max_used=260Kb free=119739Kb
 bounds [0x00000284aa710000, 0x00000284aa980000, 0x00000284b1c40000]
CodeHeap 'profiled nmethods': size=120000Kb used=1086Kb max_used=1086Kb free=118913Kb
 bounds [0x00000284a2c40000, 0x00000284a2eb0000, 0x00000284aa170000]
CodeHeap 'non-nmethods': size=5760Kb used=1194Kb max_used=1209Kb free=4565Kb
 bounds [0x00000284aa170000, 0x00000284aa3e0000, 0x00000284aa710000]
CodeCache: size=245760Kb, used=2540Kb, max_used=2555Kb, free=243217Kb
 total_blobs=1155, nmethods=713, adapters=349, full_count=0
Compilation: enabled, stopped_count=0, restarted_count=0

Compilation events (20 events):
Event: 8.828 Thread 0x00000284b64c8cd0 nmethod 696 0x00000284a2d39a90 code [0x00000284a2d39ca0, 0x00000284a2d3a508]
Event: 8.828 Thread 0x00000284b64c8cd0  697       3       java.lang.invoke.VarHandle::accessModeType (41 bytes)
Event: 8.828 Thread 0x00000284b64c8cd0 nmethod 697 0x00000284a2d3a810 code [0x00000284a2d3aa00, 0x00000284a2d3b130]
Event: 8.829 Thread 0x00000284b64c8cd0  698       3       java.lang.invoke.VarForm::getMemberName (38 bytes)
Event: 8.829 Thread 0x00000284fd30fc60 nmethod 681% 0x00000284aa74ea10 code [0x00000284aa74eba0, 0x00000284aa74ed98]
Event: 8.829 Thread 0x00000284fd30fc60  675       4       java.lang.Integer::rotateRight (9 bytes)
Event: 8.829 Thread 0x00000284b64c8cd0 nmethod 698 0x00000284a2d3b390 code [0x00000284a2d3b560, 0x00000284a2d3b8b0]
Event: 8.829 Thread 0x00000284b64c8cd0  699       3       java.lang.invoke.VarHandleByteArrayAsInts$ArrayHandle::index (12 bytes)
Event: 8.829 Thread 0x00000284fd30fc60 nmethod 675 0x00000284aa74ef90 code [0x00000284aa74f100, 0x00000284aa74f170]
Event: 8.829 Thread 0x00000284fd30fc60  702       4       java.math.BigInteger::implMulAdd (81 bytes)
Event: 8.829 Thread 0x00000284b64c8cd0 nmethod 699 0x00000284a2d3ba90 code [0x00000284a2d3bc40, 0x00000284a2d3bd88]
Event: 8.829 Thread 0x00000284b64c8cd0  700       3       java.lang.invoke.VarHandleByteArrayAsInts$ArrayHandle::get (36 bytes)
Event: 8.829 Thread 0x00000284b64c8cd0 nmethod 700 0x00000284a2d3be90 code [0x00000284a2d3c060, 0x00000284a2d3c438]
Event: 8.829 Thread 0x00000284b64c8cd0  694       1       java.lang.invoke.MethodHandleImpl::isCompileConstant (2 bytes)
Event: 8.829 Thread 0x00000284b64c8cd0 nmethod 694 0x00000284aa74f290 code [0x00000284aa74f420, 0x00000284aa74f4c8]
Event: 8.832 Thread 0x00000284b64c8cd0  705       3       java.lang.StringConcatHelper::newArray (40 bytes)
Event: 8.832 Thread 0x00000284b64c8cd0 nmethod 705 0x00000284a2d3c610 code [0x00000284a2d3c7e0, 0x00000284a2d3cb08]
Event: 8.832 Thread 0x00000284b64c8cd0  707       3       java.lang.StringBuilder::<init> (6 bytes)
Event: 8.832 Thread 0x00000284b64c8cd0 nmethod 707 0x00000284a2d3cc10 code [0x00000284a2d3cdc0, 0x00000284a2d3cef8]
Event: 8.832 Thread 0x00000284b64c8cd0  706   !   3       java.lang.String::<init> (880 bytes)

GC Heap History (0 events):
No events

Dll operation events (8 events):
Event: 0.015 Loaded shared library c:\Users\emmmz\.antigravity\extensions\redhat.java-1.54.0-win32-x64\jre\21.0.10-win32-x86_64\bin\java.dll
Event: 0.824 Loaded shared library c:\Users\emmmz\.antigravity\extensions\redhat.java-1.54.0-win32-x64\jre\21.0.10-win32-x86_64\bin\zip.dll
Event: 1.870 Loaded shared library C:\Users\emmmz\.antigravity\extensions\redhat.java-1.54.0-win32-x64\jre\21.0.10-win32-x86_64\bin\instrument.dll
Event: 1.875 Loaded shared library C:\Users\emmmz\.antigravity\extensions\redhat.java-1.54.0-win32-x64\jre\21.0.10-win32-x86_64\bin\net.dll
Event: 1.878 Loaded shared library C:\Users\emmmz\.antigravity\extensions\redhat.java-1.54.0-win32-x64\jre\21.0.10-win32-x86_64\bin\nio.dll
Event: 1.881 Loaded shared library C:\Users\emmmz\.antigravity\extensions\redhat.java-1.54.0-win32-x64\jre\21.0.10-win32-x86_64\bin\zip.dll
Event: 1.897 Loaded shared library C:\Users\emmmz\.antigravity\extensions\redhat.java-1.54.0-win32-x64\jre\21.0.10-win32-x86_64\bin\jimage.dll
Event: 2.485 Loaded shared library c:\Users\emmmz\.antigravity\extensions\redhat.java-1.54.0-win32-x64\jre\21.0.10-win32-x86_64\bin\verify.dll

Deoptimization events (20 events):
Event: 8.830 Thread 0x000002849fa3e2e0 DEOPT PACKING pc=0x00000284a2d2f084 sp=0x000000c9281fd800
Event: 8.830 Thread 0x000002849fa3e2e0 DEOPT UNPACKING pc=0x00000284aa1c78e2 sp=0x000000c9281fcc58 mode 0
Event: 8.830 Thread 0x000002849fa3e2e0 DEOPT PACKING pc=0x00000284a2d2f084 sp=0x000000c9281fd890
Event: 8.830 Thread 0x000002849fa3e2e0 DEOPT UNPACKING pc=0x00000284aa1c78e2 sp=0x000000c9281fcce8 mode 0
Event: 8.830 Thread 0x000002849fa3e2e0 DEOPT PACKING pc=0x00000284a2d2f084 sp=0x000000c9281fd890
Event: 8.830 Thread 0x000002849fa3e2e0 DEOPT UNPACKING pc=0x00000284aa1c78e2 sp=0x000000c9281fcce8 mode 0
Event: 8.830 Thread 0x000002849fa3e2e0 DEOPT PACKING pc=0x00000284a2d2f084 sp=0x000000c9281fd800
Event: 8.830 Thread 0x000002849fa3e2e0 DEOPT UNPACKING pc=0x00000284aa1c78e2 sp=0x000000c9281fcc58 mode 0
Event: 8.830 Thread 0x000002849fa3e2e0 DEOPT PACKING pc=0x00000284a2d2f084 sp=0x000000c9281fd890
Event: 8.830 Thread 0x000002849fa3e2e0 DEOPT UNPACKING pc=0x00000284aa1c78e2 sp=0x000000c9281fcce8 mode 0
Event: 8.830 Thread 0x000002849fa3e2e0 DEOPT PACKING pc=0x00000284a2d2f084 sp=0x000000c9281fd890
Event: 8.830 Thread 0x000002849fa3e2e0 DEOPT UNPACKING pc=0x00000284aa1c78e2 sp=0x000000c9281fcce8 mode 0
Event: 8.831 Thread 0x000002849fa3e2e0 DEOPT PACKING pc=0x00000284a2d2f084 sp=0x000000c9281fd880
Event: 8.831 Thread 0x000002849fa3e2e0 DEOPT UNPACKING pc=0x00000284aa1c78e2 sp=0x000000c9281fccd8 mode 0
Event: 8.831 Thread 0x000002849fa3e2e0 DEOPT PACKING pc=0x00000284a2d2f084 sp=0x000000c9281fd880
Event: 8.831 Thread 0x000002849fa3e2e0 DEOPT UNPACKING pc=0x00000284aa1c78e2 sp=0x000000c9281fccd8 mode 0
Event: 8.831 Thread 0x000002849fa3e2e0 DEOPT PACKING pc=0x00000284a2d2f084 sp=0x000000c9281fd9a0
Event: 8.831 Thread 0x000002849fa3e2e0 DEOPT UNPACKING pc=0x00000284aa1c78e2 sp=0x000000c9281fcdf8 mode 0
Event: 8.832 Thread 0x000002849fa3e2e0 DEOPT PACKING pc=0x00000284a2d2f084 sp=0x000000c9281fd9a0
Event: 8.832 Thread 0x000002849fa3e2e0 DEOPT UNPACKING pc=0x00000284aa1c78e2 sp=0x000000c9281fcdf8 mode 0

Classes loaded (20 events):
Event: 7.781 Loading class java/security/interfaces/RSAPrivateCrtKey
Event: 7.781 Loading class java/security/interfaces/RSAPrivateCrtKey done
Event: 7.781 Loading class sun/security/rsa/RSAPrivateCrtKeyImpl done
Event: 7.781 Loading class sun/security/rsa/RSACore
Event: 7.782 Loading class sun/security/rsa/RSACore done
Event: 7.782 Loading class sun/security/rsa/RSAPadding
Event: 7.782 Loading class sun/security/rsa/RSAPadding done
Event: 7.783 Loading class java/math/MutableBigInteger
Event: 7.784 Loading class java/math/MutableBigInteger done
Event: 7.801 Loading class sun/security/provider/certpath/X509CertPath
Event: 7.802 Loading class java/security/cert/CertPath
Event: 7.802 Loading class java/security/cert/CertPath done
Event: 7.802 Loading class sun/security/provider/certpath/X509CertPath done
Event: 8.825 Loading class sun/security/timestamp/TimestampToken
Event: 8.825 Loading class sun/security/timestamp/TimestampToken done
Event: 8.826 Loading class java/security/Timestamp
Event: 8.826 Loading class java/security/Timestamp done
Event: 8.832 Loading class java/security/CodeSigner
Event: 8.833 Loading class java/security/CodeSigner done
Event: 8.833 Loading class sun/security/util/JarConstraintsParameters

Classes unloaded (0 events):
No events

Classes redefined (0 events):
No events

Internal exceptions (12 events):
Event: 0.820 Thread 0x000002849fa3e2e0 Exception <a 'java/lang/NoSuchMethodError'{0x00000000d57a9358}: 'void java.lang.invoke.DirectMethodHandle$Holder.invokeStatic(java.lang.Object, java.lang.Object, java.lang.Object)'> (0x00000000d57a9358) 
thrown [s\src\hotspot\share\interpreter\linkResolver.cpp, line 773]
Event: 1.890 Thread 0x000002849fa3e2e0 Exception <a 'java/lang/NoSuchMethodError'{0x00000000d5912150}: 'java.lang.Object java.lang.invoke.Invokers$Holder.invokeExact_MT(java.lang.Object, java.lang.Object, java.lang.Object, java.lang.Object, java.lang.Object)'> (0x00000000d5912150) 
thrown [s\src\hotspot\share\interpreter\linkResolver.cpp, line 773]
Event: 1.924 Thread 0x000002849fa3e2e0 Exception <a 'java/lang/NoSuchMethodError'{0x00000000d59ca4b0}: 'int java.lang.invoke.DirectMethodHandle$Holder.invokeSpecial(java.lang.Object, java.lang.Object, java.lang.Object, int)'> (0x00000000d59ca4b0) 
thrown [s\src\hotspot\share\interpreter\linkResolver.cpp, line 773]
Event: 1.927 Thread 0x000002849fa3e2e0 Exception <a 'java/lang/NoSuchMethodError'{0x00000000d59dce98}: 'java.lang.Object java.lang.invoke.DirectMethodHandle$Holder.invokeStatic(java.lang.Object, java.lang.Object, java.lang.Object, java.lang.Object, int)'> (0x00000000d59dce98) 
thrown [s\src\hotspot\share\interpreter\linkResolver.cpp, line 773]
Event: 1.929 Thread 0x000002849fa3e2e0 Exception <a 'java/lang/NoSuchMethodError'{0x00000000d59e82d8}: 'void java.lang.invoke.DelegatingMethodHandle$Holder.reinvoke_L(java.lang.Object, java.lang.Object, java.lang.Object, int, java.lang.Object)'> (0x00000000d59e82d8) 
thrown [s\src\hotspot\share\interpreter\linkResolver.cpp, line 773]
Event: 1.930 Thread 0x000002849fa3e2e0 Exception <a 'java/lang/NoSuchMethodError'{0x00000000d59f8c28}: 'int java.lang.invoke.DirectMethodHandle$Holder.invokeSpecial(java.lang.Object, java.lang.Object, java.lang.Object)'> (0x00000000d59f8c28) 
thrown [s\src\hotspot\share\interpreter\linkResolver.cpp, line 773]
Event: 1.931 Thread 0x000002849fa3e2e0 Exception <a 'java/lang/NoSuchMethodError'{0x00000000d5a048e8}: 'java.lang.Object java.lang.invoke.DirectMethodHandle$Holder.invokeStatic(java.lang.Object, java.lang.Object, int)'> (0x00000000d5a048e8) 
thrown [s\src\hotspot\share\interpreter\linkResolver.cpp, line 773]
Event: 1.932 Thread 0x000002849fa3e2e0 Exception <a 'java/lang/NoSuchMethodError'{0x00000000d5a09238}: 'void java.lang.invoke.DirectMethodHandle$Holder.invokeStatic(java.lang.Object, java.lang.Object, int, java.lang.Object)'> (0x00000000d5a09238) 
thrown [s\src\hotspot\share\interpreter\linkResolver.cpp, line 773]
Event: 1.932 Thread 0x000002849fa3e2e0 Exception <a 'java/lang/NoSuchMethodError'{0x00000000d5a0cdc8}: 'void java.lang.invoke.DirectMethodHandle$Holder.invokeSpecial(java.lang.Object, java.lang.Object, java.lang.Object, int, java.lang.Object)'> (0x00000000d5a0cdc8) 
thrown [s\src\hotspot\share\interpreter\linkResolver.cpp, line 773]
Event: 1.932 Thread 0x000002849fa3e2e0 Exception <a 'java/lang/NoSuchMethodError'{0x00000000d5a10238}: 'void java.lang.invoke.DelegatingMethodHandle$Holder.delegate(java.lang.Object, java.lang.Object, int, java.lang.Object)'> (0x00000000d5a10238) 
thrown [s\src\hotspot\share\interpreter\linkResolver.cpp, line 773]
Event: 2.498 Thread 0x000002849fa3e2e0 Exception <a 'java/lang/NoSuchMethodError'{0x00000000d5bd1b28}: 'void java.lang.invoke.DelegatingMethodHandle$Holder.reinvoke_L(java.lang.Object, java.lang.Object, java.lang.Object, int)'> (0x00000000d5bd1b28) 
thrown [s\src\hotspot\share\interpreter\linkResolver.cpp, line 773]
Event: 6.624 Thread 0x000002849fa3e2e0 Exception <a 'java/lang/NoSuchMethodError'{0x00000000d60607f8}: 'void java.lang.invoke.DirectMethodHandle$Holder.invokeVirtual(java.lang.Object, java.lang.Object)'> (0x00000000d60607f8) 
thrown [s\src\hotspot\share\interpreter\linkResolver.cpp, line 773]

ZGC Phase Switch (0 events):
No events

VM Operations (13 events):
Event: 1.047 Executing safepoint VM operation: Cleanup
Event: 1.047 Executing safepoint VM operation: Cleanup done
Event: 1.907 Executing non-safepoint VM operation: HandshakeAllThreads (Deoptimize)
Event: 1.907 Executing non-safepoint VM operation: HandshakeAllThreads (Deoptimize) done
Event: 2.909 Executing safepoint VM operation: Cleanup
Event: 4.558 Executing safepoint VM operation: Cleanup done
Event: 6.560 Executing safepoint VM operation: Cleanup
Event: 6.608 Executing safepoint VM operation: Cleanup done
Event: 7.621 Executing safepoint VM operation: Cleanup
Event: 7.685 Executing safepoint VM operation: Cleanup done
Event: 8.699 Executing safepoint VM operation: Cleanup
Event: 8.825 Executing safepoint VM operation: Cleanup done
Event: 9.840 Executing safepoint VM operation: Cleanup

Memory protections (0 events):
No events

Nmethod flushes (0 events):
No events

Events (17 events):
Event: 0.032 Thread 0x000002849fa3e2e0 Thread added: 0x000002849fa3e2e0
Event: 0.055 Thread 0x000002849fa3e2e0 Thread added: 0x000002849fafc2d0
Event: 0.056 Thread 0x000002849fa3e2e0 Thread added: 0x00000284b64b5730
Event: 0.057 Thread 0x000002849fa3e2e0 Thread added: 0x00000284b64b7880
Event: 0.057 Thread 0x000002849fa3e2e0 Thread added: 0x00000284b64b83e0
Event: 0.057 Thread 0x000002849fa3e2e0 Thread added: 0x00000284b64b8e40
Event: 0.057 Thread 0x000002849fa3e2e0 Thread added: 0x00000284b64bd3d0
Event: 0.057 Thread 0x000002849fa3e2e0 Thread added: 0x00000284b64c3640
Event: 0.057 Thread 0x000002849fa3e2e0 Thread added: 0x00000284b64c8cd0
Event: 0.840 Thread 0x00000284b64c8cd0 Thread added: 0x00000284fd1cf310
Event: 1.872 Thread 0x000002849fa3e2e0 Thread added: 0x00000284fd20c5b0
Event: 2.050 Thread 0x00000284fd1cf310 Thread exited: 0x00000284fd1cf310
Event: 2.480 Thread 0x00000284b64c8cd0 Thread added: 0x00000284fd343a10
Event: 2.536 Thread 0x000002849fa3e2e0 Thread added: 0x00000284fd3f9900
Event: 6.611 Thread 0x00000284fd343a10 Thread exited: 0x00000284fd343a10
Event: 7.712 Thread 0x00000284b64c8cd0 Thread added: 0x00000284fd4ecd10
Event: 8.826 Thread 0x00000284b64c8cd0 Thread added: 0x00000284fd30fc60


Dynamic libraries:
0x00007ff7c53a0000 - 0x00007ff7c53ae000 	c:\Users\emmmz\.antigravity\extensions\redhat.java-1.54.0-win32-x64\jre\21.0.10-win32-x86_64\bin\java.exe
0x00007ffb2adc0000 - 0x00007ffb2b027000 	C:\WINDOWS\SYSTEM32\ntdll.dll
0x00007ffb29a90000 - 0x00007ffb29b59000 	C:\WINDOWS\System32\KERNEL32.DLL
0x00007ffb28610000 - 0x00007ffb28a01000 	C:\WINDOWS\System32\KERNELBASE.dll
0x00007ffb28a10000 - 0x00007ffb28b5b000 	C:\WINDOWS\System32\ucrtbase.dll
0x00007ffb1c950000 - 0x00007ffb1c968000 	c:\Users\emmmz\.antigravity\extensions\redhat.java-1.54.0-win32-x64\jre\21.0.10-win32-x86_64\bin\jli.dll
0x00007ffb29c00000 - 0x00007ffb29dc5000 	C:\WINDOWS\System32\USER32.dll
0x00007ffb276a0000 - 0x00007ffb276c7000 	C:\WINDOWS\System32\win32u.dll
0x00007ffb291c0000 - 0x00007ffb291eb000 	C:\WINDOWS\System32\GDI32.dll
0x00007ffb28370000 - 0x00007ffb2849b000 	C:\WINDOWS\System32\gdi32full.dll
0x00007ffb27a50000 - 0x00007ffb27af3000 	C:\WINDOWS\System32\msvcp_win.dll
0x00007ffb1ca60000 - 0x00007ffb1ca7e000 	c:\Users\emmmz\.antigravity\extensions\redhat.java-1.54.0-win32-x64\jre\21.0.10-win32-x86_64\bin\VCRUNTIME140.dll
0x00007ffb09860000 - 0x00007ffb09af3000 	C:\WINDOWS\WinSxS\amd64_microsoft.windows.common-controls_6595b64144ccf1df_6.0.26100.8037_none_3e092faae333b53b\COMCTL32.dll
0x00007ffb2a3f0000 - 0x00007ffb2a499000 	C:\WINDOWS\System32\msvcrt.dll
0x00007ffb29080000 - 0x00007ffb290b1000 	C:\WINDOWS\System32\IMM32.DLL
0x00007ffb242f0000 - 0x00007ffb242fc000 	c:\Users\emmmz\.antigravity\extensions\redhat.java-1.54.0-win32-x64\jre\21.0.10-win32-x86_64\bin\vcruntime140_1.dll
0x00007ffaf4870000 - 0x00007ffaf48fd000 	c:\Users\emmmz\.antigravity\extensions\redhat.java-1.54.0-win32-x64\jre\21.0.10-win32-x86_64\bin\msvcp140.dll
0x00007ffaa9010000 - 0x00007ffaa9db1000 	c:\Users\emmmz\.antigravity\extensions\redhat.java-1.54.0-win32-x64\jre\21.0.10-win32-x86_64\bin\server\jvm.dll
0x00007ffb2a830000 - 0x00007ffb2a8eb000 	C:\WINDOWS\System32\ADVAPI32.dll
0x00007ffb2a090000 - 0x00007ffb2a137000 	C:\WINDOWS\System32\sechost.dll
0x00007ffb29dd0000 - 0x00007ffb29ee8000 	C:\WINDOWS\System32\RPCRT4.dll
0x00007ffb2a240000 - 0x00007ffb2a2b4000 	C:\WINDOWS\System32\WS2_32.dll
0x00007ffb27500000 - 0x00007ffb2755e000 	C:\WINDOWS\SYSTEM32\POWRPROF.dll
0x00007ffb20780000 - 0x00007ffb207b5000 	C:\WINDOWS\SYSTEM32\WINMM.dll
0x00007ffb16b00000 - 0x00007ffb16b0b000 	C:\WINDOWS\SYSTEM32\VERSION.dll
0x00007ffb274e0000 - 0x00007ffb274f4000 	C:\WINDOWS\SYSTEM32\UMPDC.dll
0x00007ffb26430000 - 0x00007ffb2644b000 	C:\WINDOWS\SYSTEM32\kernel.appcore.dll
0x00007ffb22150000 - 0x00007ffb2215a000 	c:\Users\emmmz\.antigravity\extensions\redhat.java-1.54.0-win32-x64\jre\21.0.10-win32-x86_64\bin\jimage.dll
0x00007ffb25080000 - 0x00007ffb252c2000 	C:\WINDOWS\SYSTEM32\DBGHELP.DLL
0x00007ffb2a4a0000 - 0x00007ffb2a822000 	C:\WINDOWS\System32\combase.dll
0x00007ffb290e0000 - 0x00007ffb291b7000 	C:\WINDOWS\System32\OLEAUT32.dll
0x00007ffb121f0000 - 0x00007ffb1222b000 	C:\WINDOWS\SYSTEM32\dbgcore.DLL
0x00007ffb284a0000 - 0x00007ffb28545000 	C:\WINDOWS\System32\bcryptPrimitives.dll
0x00007ffb1b980000 - 0x00007ffb1b98f000 	c:\Users\emmmz\.antigravity\extensions\redhat.java-1.54.0-win32-x64\jre\21.0.10-win32-x86_64\bin\instrument.dll
0x00007ffb13220000 - 0x00007ffb13240000 	c:\Users\emmmz\.antigravity\extensions\redhat.java-1.54.0-win32-x64\jre\21.0.10-win32-x86_64\bin\java.dll
0x00007ffb292f0000 - 0x00007ffb29a4f000 	C:\WINDOWS\System32\SHELL32.dll
0x00007ffb27760000 - 0x00007ffb278ca000 	C:\WINDOWS\System32\wintypes.dll
0x00007ffb27b00000 - 0x00007ffb28364000 	C:\WINDOWS\System32\windows.storage.dll
0x00007ffb291f0000 - 0x00007ffb292e7000 	C:\WINDOWS\System32\SHCORE.dll
0x00007ffb2a2c0000 - 0x00007ffb2a327000 	C:\WINDOWS\System32\shlwapi.dll
0x00007ffb275c0000 - 0x00007ffb275e9000 	C:\WINDOWS\SYSTEM32\profapi.dll
0x00007ffb10dd0000 - 0x00007ffb10de8000 	c:\Users\emmmz\.antigravity\extensions\redhat.java-1.54.0-win32-x64\jre\21.0.10-win32-x86_64\bin\zip.dll
0x00007ffb1b970000 - 0x00007ffb1b980000 	C:\Users\emmmz\.antigravity\extensions\redhat.java-1.54.0-win32-x64\jre\21.0.10-win32-x86_64\bin\net.dll
0x00007ffb16cc0000 - 0x00007ffb16de7000 	C:\WINDOWS\SYSTEM32\WINHTTP.dll
0x00007ffb269a0000 - 0x00007ffb26a0b000 	C:\WINDOWS\system32\mswsock.dll
0x00007ffb0e890000 - 0x00007ffb0e8a6000 	C:\Users\emmmz\.antigravity\extensions\redhat.java-1.54.0-win32-x64\jre\21.0.10-win32-x86_64\bin\nio.dll
0x00007ffb12c90000 - 0x00007ffb12ca0000 	c:\Users\emmmz\.antigravity\extensions\redhat.java-1.54.0-win32-x64\jre\21.0.10-win32-x86_64\bin\verify.dll

JVMTI agents:
c:\Users\emmmz\.antigravity\extensions\redhat.java-1.54.0-win32-x64\lombok\lombok-1.18.39-4050.jar path:c:\Users\emmmz\.antigravity\extensions\redhat.java-1.54.0-win32-x64\jre\21.0.10-win32-x86_64\bin\instrument.dll, loaded, initialized, instrumentlib options:none

dbghelp: loaded successfully - version: 4.0.5 - missing functions: none
symbol engine: initialized successfully - sym options: 0x614 - pdb path: .;c:\Users\emmmz\.antigravity\extensions\redhat.java-1.54.0-win32-x64\jre\21.0.10-win32-x86_64\bin;C:\WINDOWS\SYSTEM32;C:\WINDOWS\WinSxS\amd64_microsoft.windows.common-controls_6595b64144ccf1df_6.0.26100.8037_none_3e092faae333b53b;c:\Users\emmmz\.antigravity\extensions\redhat.java-1.54.0-win32-x64\jre\21.0.10-win32-x86_64\bin\server

VM Arguments:
jvm_args: --add-modules=ALL-SYSTEM --add-opens=java.base/java.util=ALL-UNNAMED --add-opens=java.base/java.lang=ALL-UNNAMED --add-opens=java.base/sun.nio.fs=ALL-UNNAMED -Declipse.application=org.eclipse.jdt.ls.core.id1 -Dosgi.bundles.defaultStartLevel=4 -Declipse.product=org.eclipse.jdt.ls.core.product -Djava.import.generatesMetadataFilesAtProjectRoot=false -DDetectVMInstallationsJob.disabled=true -Dfile.encoding=utf8 -XX:+UseParallelGC -XX:GCTimeRatio=4 -XX:AdaptiveSizePolicyWeight=90 -Dsun.zip.disableMemoryMapping=true -Xmx2G -Xms100m -Xlog:disable -javaagent:c:\Users\emmmz\.antigravity\extensions\redhat.java-1.54.0-win32-x64\lombok\lombok-1.18.39-4050.jar -XX:+HeapDumpOnOutOfMemoryError -XX:HeapDumpPath=c:\Users\emmmz\AppData\Roaming\Antigravity\User\workspaceStorage\9411440532b7ac369f8afd7c0c09128e\redhat.java -Daether.dependencyCollector.impl=bf 
java_command: c:\Users\emmmz\.antigravity\extensions\redhat.java-1.54.0-win32-x64\server\plugins\org.eclipse.equinox.launcher_1.7.100.v20251111-0406.jar -configuration c:\Users\emmmz\AppData\Roaming\Antigravity\User\globalStorage\redhat.java\1.54.0\config_win -data c:\Users\emmmz\AppData\Roaming\Antigravity\User\workspaceStorage\9411440532b7ac369f8afd7c0c09128e\redhat.java\jdt_ws --pipe=\\.\pipe\lsp-46e5a671b7dd191ff4d5b9cb099a2353-sock
java_class_path (initial): c:\Users\emmmz\.antigravity\extensions\redhat.java-1.54.0-win32-x64\server\plugins\org.eclipse.equinox.launcher_1.7.100.v20251111-0406.jar
Launcher Type: SUN_STANDARD

[Global flags]
    uintx AdaptiveSizePolicyWeight                 = 90                                        {product} {command line}
     intx CICompilerCount                          = 4                                         {product} {ergonomic}
    uintx GCTimeRatio                              = 4                                         {product} {command line}
     bool HeapDumpOnOutOfMemoryError               = true                                   {manageable} {command line}
    ccstr HeapDumpPath                             = c:\Users\emmmz\AppData\Roaming\Antigravity\User\workspaceStorage\9411440532b7ac369f8afd7c0c09128e\redhat.java         {manageable} {command line}
   size_t InitialHeapSize                          = 104857600                                 {product} {command line}
   size_t MaxHeapSize                              = 2147483648                                {product} {command line}
   size_t MaxNewSize                               = 715653120                                 {product} {ergonomic}
   size_t MinHeapDeltaBytes                        = 524288                                    {product} {ergonomic}
   size_t MinHeapSize                              = 104857600                                 {product} {command line}
   size_t NewSize                                  = 34603008                                  {product} {ergonomic}
    uintx NonNMethodCodeHeapSize                   = 5839372                                {pd product} {ergonomic}
    uintx NonProfiledCodeHeapSize                  = 122909434                              {pd product} {ergonomic}
   size_t OldSize                                  = 70254592                                  {product} {ergonomic}
    uintx ProfiledCodeHeapSize                     = 122909434                              {pd product} {ergonomic}
    uintx ReservedCodeCacheSize                    = 251658240                              {pd product} {ergonomic}
     bool SegmentedCodeCache                       = true                                      {product} {ergonomic}
   size_t SoftMaxHeapSize                          = 2147483648                             {manageable} {ergonomic}
     bool UseCompressedOops                        = true                           {product lp64_product} {ergonomic}
     bool UseLargePagesIndividualAllocation        = false                                  {pd product} {ergonomic}
     bool UseParallelGC                            = true                                      {product} {command line}

Logging:
Log output configuration:
 #0: stdout all=off uptime,level,tags foldmultilines=false
 #1: stderr all=off uptime,level,tags foldmultilines=false

Release file:
JAVA_VERSION="21.0.10" 
MODULES="java.base java.compiler java.datatransfer java.xml java.prefs java.desktop java.instrument java.logging java.management java.security.sasl java.naming java.rmi java.management.rmi java.net.http java.scripting java.security.jgss java.transaction.xa java.sql java.sql.rowset java.xml.crypto java.se java.smartcardio jdk.accessibility jdk.internal.jvmstat jdk.attach jdk.charsets jdk.internal.opt jdk.zipfs jdk.compiler jdk.crypto.ec jdk.crypto.cryptoki jdk.crypto.mscapi jdk.dynalink jdk.internal.ed jdk.editpad jdk.hotspot.agent jdk.httpserver jdk.internal.le jdk.internal.vm.ci jdk.internal.vm.compiler jdk.internal.vm.compiler.management jdk.jartool jdk.javadoc jdk.jcmd jdk.management jdk.management.agent jdk.jconsole jdk.jdeps jdk.jdwp.agent jdk.jdi jdk.jfr jdk.jshell jdk.jsobject jdk.jstatd jdk.localedata jdk.management.jfr jdk.naming.dns jdk.naming.rmi jdk.net jdk.nio.mapmode jdk.random jdk.sctp jdk.security.auth jdk.security.jgss jdk.unsupported jdk.unsupported.desktop jdk.xml.dom" 

Environment Variables:
PATH=C:\xampp_lite_8_4\apps\php;C:\Python313\Scripts\;C:\Python313\;C:\Program Files (x86)\NVIDIA Corporation\PhysX\Common;C:\Program Files\Common Files\Oracle\Java\javapath;C:\oraclexe\app\oracle\product\11.2.0\server\bin;C:\Windows\System32\HWAudioDriverLibs;C:\Windows\system32;C:\Windows;C:\Windows\System32\Wbem;C:\Windows\System32\WindowsPowerShell\v1.0\;C:\Windows\System32\OpenSSH\;C:\Users\Administrator\AppData\Local\Microsoft\WindowsApps;C:\WINDOWS\system32;C:\WINDOWS;C:\WINDOWS\System32\Wbem;C:\WINDOWS\System32\WindowsPowerShell\v1.0\;C:\WINDOWS\System32\OpenSSH\;C:\Program Files\Microsoft SQL Server\120\Tools\Binn\;C:\Program Files\Common Files\Autodesk Shared\;C:\Program Files\dotnet\;C:\Windows\SysWow64\;C:\Program Files\Git\cmd;D:\ComposerSetup;C:\sqlite3;C:\Program Files\nodejs\;C:\ProgramData\chocolatey\bin;C:\Program Files\Microsoft SQL Server\150\Tools\Binn\;C:\WINDOWS\system32;C:\WINDOWS;C:\WINDOWS\System32\Wbem;C:\WINDOWS\System32\WindowsPowerShell\v1.0\;C:\WINDOWS\System32\OpenSSH\;C:\ProgramData\ComposerSetup\bin;;C:\Users\emmmz\AppData\Local\Programs\Microsoft VS Code\bin;C:\Users\emmmz\AppData\Local\Programs\Antigravity\bin
USERNAME=emmmz
OS=Windows_NT
PROCESSOR_IDENTIFIER=Intel64 Family 6 Model 140 Stepping 1, GenuineIntel
TMP=C:\Users\emmmz\AppData\Local\Temp
TEMP=C:\Users\emmmz\AppData\Local\Temp




Periodic native trim disabled

---------------  S Y S T E M  ---------------

OS:
 Windows 11 , 64 bit Build 26100 (10.0.26100.7920)
OS uptime: 1 days 0:28 hours
Hyper-V role detected

CPU: total 8 (initial active 8) (4 cores per cpu, 2 threads per core) family 6 model 140 stepping 1 microcode 0x8a, cx8, cmov, fxsr, ht, mmx, 3dnowpref, sse, sse2, sse3, ssse3, sse4.1, sse4.2, popcnt, lzcnt, tsc, tscinvbit, avx, avx2, aes, erms, clmul, bmi1, bmi2, adx, avx512f, avx512dq, avx512cd, avx512bw, avx512vl, sha, fma, vzeroupper, avx512_vpopcntdq, avx512_vpclmulqdq, avx512_vaes, avx512_vnni, clflush, clflushopt, clwb, avx512_vbmi2, avx512_vbmi, hv, rdtscp, rdpid, fsrm, gfni, avx512_bitalg, f16c, cet_ibt, cet_ss, avx512_ifma
Processor Information for the first 8 processors :
  Max Mhz: 2419, Current Mhz: 2419, Mhz Limit: 2419

Memory: 4k page, system-wide physical 7991M (638M free)
TotalPageFile size 16183M (AvailPageFile size 22M)
current process WorkingSet (physical memory assigned to process): 65M, peak: 65M
current process commit charge ("private bytes"): 234M, peak: 234M

vm_info: OpenJDK 64-Bit Server VM (21.0.10+7-LTS) for windows-amd64 JRE (21.0.10+7-LTS), built on 2026-01-20T00:00:00Z by "admin" with MS VC++ 17.12 (VS2022)

END.
