#
# There is insufficient memory for the Java Runtime Environment to continue.
# Native memory allocation (mmap) failed to map 132120576 bytes for G1 virtual space
# Possible reasons:
#   The system is out of physical RAM or swap space
#   The process is running with CompressedOops enabled, and the Java Heap may be blocking the growth of the native heap
# Possible solutions:
#   Reduce memory load on the system
#   Increase physical memory or swap space
#   Check if swap backing store is full
#   Decrease Java heap size (-Xmx/-Xms)
#   Decrease number of Java threads
#   Decrease Java thread stack sizes (-Xss)
#   Set larger code cache with -XX:ReservedCodeCacheSize=
#   JVM is running with Unscaled Compressed Oops mode in which the Java heap is
#     placed in the first 4GB address space. The Java Heap base address is the
#     maximum limit for the native heap growth. Please use -XX:HeapBaseMinAddress
#     to set the Java Heap base and to place the Java Heap above 4GB virtual address.
# This output file may be truncated or incomplete.
#
#  Out of Memory Error (os_windows.cpp:3600), pid=4236, tid=14376
#
# JRE version:  (21.0.5+9) (build )
# Java VM: Java HotSpot(TM) 64-Bit Server VM (21.0.5+9-LTS-239, mixed mode, sharing, tiered, compressed oops, compressed class ptrs, g1 gc, windows-amd64)
# No core dump will be written. Minidumps are not enabled by default on client versions of Windows
#

---------------  S U M M A R Y ------------

Command Line: 

Host: 11th Gen Intel(R) Core(TM) i5-1135G7 @ 2.40GHz, 8 cores, 7G,  Windows 11 , 64 bit Build 26100 (10.0.26100.7920)
Time: Fri Apr 17 21:03:25 2026 Afr. centrale Ouest elapsed time: 2.027666 seconds (0d 0h 0m 2s)

---------------  T H R E A D  ---------------

Current thread (0x000001e7ee85d190):  JavaThread "Unknown thread" [_thread_in_vm, id=14376, stack(0x0000005921500000,0x0000005921600000) (1024K)]

Stack: [0x0000005921500000,0x0000005921600000]
Native frames: (J=compiled Java code, j=interpreted, Vv=VM code, C=native code)
V  [jvm.dll+0x6ca289]
V  [jvm.dll+0x854a51]
V  [jvm.dll+0x856f7e]
V  [jvm.dll+0x857653]
V  [jvm.dll+0x27dd26]
V  [jvm.dll+0x6c6a25]
V  [jvm.dll+0x6bb5aa]
V  [jvm.dll+0x35359a]
V  [jvm.dll+0x35b1f6]
V  [jvm.dll+0x3adade]
V  [jvm.dll+0x3add88]
V  [jvm.dll+0x3278fc]
V  [jvm.dll+0x32845b]
V  [jvm.dll+0x81de19]
V  [jvm.dll+0x3ba7c1]
V  [jvm.dll+0x807168]
V  [jvm.dll+0x44f96e]
V  [jvm.dll+0x451561]
C  [jli.dll+0x52a3]
C  [ucrtbase.dll+0x37b0]
C  [KERNEL32.DLL+0x2e8d7]
C  [ntdll.dll+0x8c48c]


---------------  P R O C E S S  ---------------

Threads class SMR info:
_java_thread_list=0x00007ffb72d7ac08, length=0, elements={
}

Java Threads: ( => current thread )
Total: 0

Other Threads:
  0x000001e7eed3ba90 WorkerThread "GC Thread#0"                     [id=14208, stack(0x0000005921600000,0x0000005921700000) (1024K)]
  0x000001e7eed4e450 ConcurrentGCThread "G1 Main Marker"            [id=10204, stack(0x0000005921700000,0x0000005921800000) (1024K)]
  0x000001e7eed511e0 WorkerThread "G1 Conc#0"                       [id=2468, stack(0x0000005921800000,0x0000005921900000) (1024K)]

[error occurred during error reporting (printing all threads), id 0xc0000005, EXCEPTION_ACCESS_VIOLATION (0xc0000005) at pc=0x00007ffb724ea087]
VM state: not at safepoint (not fully initialized)

VM Mutex/Monitor currently owned by a thread:  ([mutex/lock_event])
[0x00007ffb72debf98] Heap_lock - owner thread: 0x000001e7ee85d190

Heap address: 0x0000000083200000, size: 1998 MB, Compressed Oops mode: 32-bit

CDS archive(s) mapped at: [0x0000000000000000-0x0000000000000000-0x0000000000000000), size 0, SharedBaseAddress: 0x0000000800000000, ArchiveRelocationMode: 1.
Narrow klass base: 0x0000000000000000, Narrow klass shift: 0, Narrow klass range: 0x0

GC Precious Log:
 CardTable entry size: 512
 Card Set container configuration: InlinePtr #cards 5 size 8 Array Of Cards #cards 12 size 40 Howl #buckets 4 coarsen threshold 1843 Howl Bitmap #cards 512 size 80 coarsen threshold 460 Card regions per heap region 1 cards per card region 2048

Heap:
 garbage-first heap   total 0K, used 0K [0x0000000083200000, 0x0000000100000000)
  region size 1024K, 0 young (0K), 0 survivors (0K)

[error occurred during error reporting (printing heap information), id 0xc0000005, EXCEPTION_ACCESS_VIOLATION (0xc0000005) at pc=0x00007ffb728d3259]
GC Heap History (0 events):
No events

Dll operation events (1 events):
Event: 0.007 Loaded shared library C:\Program Files\Java\jdk-21\bin\java.dll

Deoptimization events (0 events):
No events

Classes loaded (0 events):
No events

Classes unloaded (0 events):
No events

Classes redefined (0 events):
No events

Internal exceptions (0 events):
No events

ZGC Phase Switch (0 events):
No events

VM Operations (0 events):
No events

Events (0 events):
No events


Dynamic libraries:
0x00007ff7f9b30000 - 0x00007ff7f9b40000 	C:\Program Files\Java\jdk-21\bin\java.exe
0x00007ffbe2ee0000 - 0x00007ffbe3147000 	C:\WINDOWS\SYSTEM32\ntdll.dll
0x00007ffbe18f0000 - 0x00007ffbe19b9000 	C:\WINDOWS\System32\KERNEL32.DLL
0x00007ffbe03b0000 - 0x00007ffbe07a1000 	C:\WINDOWS\System32\KERNELBASE.dll
0x00007ffbdf960000 - 0x00007ffbdfaab000 	C:\WINDOWS\System32\ucrtbase.dll
0x00007ffba1630000 - 0x00007ffba1649000 	C:\Program Files\Java\jdk-21\bin\jli.dll
0x00007ffbbab30000 - 0x00007ffbbab4b000 	C:\Program Files\Java\jdk-21\bin\VCRUNTIME140.dll
0x00007ffbe2320000 - 0x00007ffbe23db000 	C:\WINDOWS\System32\ADVAPI32.dll
0x00007ffbe12e0000 - 0x00007ffbe1389000 	C:\WINDOWS\System32\msvcrt.dll
0x00007ffbe2270000 - 0x00007ffbe2317000 	C:\WINDOWS\System32\sechost.dll
0x00007ffbe2150000 - 0x00007ffbe2268000 	C:\WINDOWS\System32\RPCRT4.dll
0x00007ffbe23e0000 - 0x00007ffbe25a5000 	C:\WINDOWS\System32\USER32.dll
0x00007ffbc4fa0000 - 0x00007ffbc5233000 	C:\WINDOWS\WinSxS\amd64_microsoft.windows.common-controls_6595b64144ccf1df_6.0.26100.8037_none_3e092faae333b53b\COMCTL32.dll
0x00007ffbdf930000 - 0x00007ffbdf957000 	C:\WINDOWS\System32\win32u.dll
0x00007ffbe18c0000 - 0x00007ffbe18eb000 	C:\WINDOWS\System32\GDI32.dll
0x00007ffbe0930000 - 0x00007ffbe0a5b000 	C:\WINDOWS\System32\gdi32full.dll
0x00007ffbe0bd0000 - 0x00007ffbe0c73000 	C:\WINDOWS\System32\msvcp_win.dll
0x00007ffbd14f0000 - 0x00007ffbd14fb000 	C:\WINDOWS\SYSTEM32\VERSION.dll
0x00007ffbe2e60000 - 0x00007ffbe2e91000 	C:\WINDOWS\System32\IMM32.DLL
0x00007ffba1620000 - 0x00007ffba162c000 	C:\Program Files\Java\jdk-21\bin\vcruntime140_1.dll
0x00007ffba1590000 - 0x00007ffba161e000 	C:\Program Files\Java\jdk-21\bin\msvcp140.dll
0x00007ffb721b0000 - 0x00007ffb72ec8000 	C:\Program Files\Java\jdk-21\bin\server\jvm.dll
0x00007ffbe1500000 - 0x00007ffbe1574000 	C:\WINDOWS\System32\WS2_32.dll
0x00007ffbdf620000 - 0x00007ffbdf67e000 	C:\WINDOWS\SYSTEM32\POWRPROF.dll
0x00007ffbd7590000 - 0x00007ffbd75c5000 	C:\WINDOWS\SYSTEM32\WINMM.dll
0x00007ffbdf600000 - 0x00007ffbdf614000 	C:\WINDOWS\SYSTEM32\UMPDC.dll
0x00007ffbde550000 - 0x00007ffbde56b000 	C:\WINDOWS\SYSTEM32\kernel.appcore.dll
0x00007ffba1580000 - 0x00007ffba158a000 	C:\Program Files\Java\jdk-21\bin\jimage.dll
0x00007ffbdd190000 - 0x00007ffbdd3d2000 	C:\WINDOWS\SYSTEM32\DBGHELP.DLL
0x00007ffbe0f00000 - 0x00007ffbe1282000 	C:\WINDOWS\System32\combase.dll
0x00007ffbe1420000 - 0x00007ffbe14f7000 	C:\WINDOWS\System32\OLEAUT32.dll
0x00007ffbcaf20000 - 0x00007ffbcaf5b000 	C:\WINDOWS\SYSTEM32\dbgcore.DLL
0x00007ffbe0b20000 - 0x00007ffbe0bc5000 	C:\WINDOWS\System32\bcryptPrimitives.dll
0x00007ffba1550000 - 0x00007ffba156f000 	C:\Program Files\Java\jdk-21\bin\java.dll

dbghelp: loaded successfully - version: 4.0.5 - missing functions: none
symbol engine: initialized successfully - sym options: 0x614 - pdb path: .;C:\Program Files\Java\jdk-21\bin;C:\WINDOWS\SYSTEM32;C:\WINDOWS\WinSxS\amd64_microsoft.windows.common-controls_6595b64144ccf1df_6.0.26100.8037_none_3e092faae333b53b;C:\Program Files\Java\jdk-21\bin\server

VM Arguments:
java_command: <unknown>
java_class_path (initial): <not set>
Launcher Type: SUN_STANDARD

[Global flags]
     intx CICompilerCount                          = 4                                         {product} {ergonomic}
     uint ConcGCThreads                            = 2                                         {product} {ergonomic}
     uint G1ConcRefinementThreads                  = 8                                         {product} {ergonomic}
   size_t G1HeapRegionSize                         = 1048576                                   {product} {ergonomic}
    uintx GCDrainStackTargetSize                   = 64                                        {product} {ergonomic}
   size_t InitialHeapSize                          = 132120576                                 {product} {ergonomic}
   size_t MarkStackSize                            = 4194304                                   {product} {ergonomic}
   size_t MaxHeapSize                              = 2095054848                                {product} {ergonomic}
   size_t MinHeapDeltaBytes                        = 1048576                                   {product} {ergonomic}
   size_t MinHeapSize                              = 8388608                                   {product} {ergonomic}
    uintx NonNMethodCodeHeapSize                   = 5839372                                {pd product} {ergonomic}
    uintx NonProfiledCodeHeapSize                  = 122909434                              {pd product} {ergonomic}
    uintx ProfiledCodeHeapSize                     = 122909434                              {pd product} {ergonomic}
    uintx ReservedCodeCacheSize                    = 251658240                              {pd product} {ergonomic}
     bool SegmentedCodeCache                       = true                                      {product} {ergonomic}
   size_t SoftMaxHeapSize                          = 2095054848                             {manageable} {ergonomic}
     bool UseCompressedOops                        = true                           {product lp64_product} {ergonomic}
     bool UseG1GC                                  = true                                      {product} {ergonomic}
     bool UseLargePagesIndividualAllocation        = false                                  {pd product} {ergonomic}

Logging:
Log output configuration:
 #0: stdout all=warning uptime,level,tags foldmultilines=false
 #1: stderr all=off uptime,level,tags foldmultilines=false

Environment Variables:
PATH=C:\xampp_lite_8_4\apps\php;C:\Python313\Scripts\;C:\Python313\;C:\Program Files (x86)\NVIDIA Corporation\PhysX\Common;C:\Program Files\Common Files\Oracle\Java\javapath;C:\oraclexe\app\oracle\product\11.2.0\server\bin;C:\Windows\System32\HWAudioDriverLibs;C:\Windows\system32;C:\Windows;C:\Windows\System32\Wbem;C:\Windows\System32\WindowsPowerShell\v1.0\;C:\Windows\System32\OpenSSH\;C:\Users\Administrator\AppData\Local\Microsoft\WindowsApps;C:\WINDOWS\system32;C:\WINDOWS;C:\WINDOWS\System32\Wbem;C:\WINDOWS\System32\WindowsPowerShell\v1.0\;C:\WINDOWS\System32\OpenSSH\;C:\Program Files\Microsoft SQL Server\120\Tools\Binn\;C:\Program Files\Common Files\Autodesk Shared\;C:\Program Files\dotnet\;C:\Windows\SysWow64\;C:\Program Files\Git\cmd;D:\ComposerSetup;C:\sqlite3;C:\Program Files\nodejs\;C:\ProgramData\chocolatey\bin;C:\Program Files\Microsoft SQL Server\150\Tools\Binn\;C:\WINDOWS\system32;C:\WINDOWS;C:\WINDOWS\System32\Wbem;C:\WINDOWS\System32\WindowsPowerShell\v1.0\;C:\WINDOWS\System32\OpenSSH\;C:\ProgramData\ComposerSetup\bin;;C:\Users\emmmz\AppData\Local\Programs\Microsoft VS Code\bin;C:\Users\emmmz\AppData\Local\Programs\Antigravity\bin
USERNAME=emmmz
OS=Windows_NT
PROCESSOR_IDENTIFIER=Intel64 Family 6 Model 140 Stepping 1, GenuineIntel
TMP=C:\Users\emmmz\AppData\Local\Temp
TEMP=C:\Users\emmmz\AppData\Local\Temp




Periodic native trim disabled

---------------  S Y S T E M  ---------------

OS:
 Windows 11 , 64 bit Build 26100 (10.0.26100.7920)
OS uptime: 0 days 0:10 hours
Hyper-V role detected

CPU: total 8 (initial active 8) (4 cores per cpu, 2 threads per core) family 6 model 140 stepping 1 microcode 0x8a, cx8, cmov, fxsr, ht, mmx, 3dnowpref, sse, sse2, sse3, ssse3, sse4.1, sse4.2, popcnt, lzcnt, tsc, tscinvbit, avx, avx2, aes, erms, clmul, bmi1, bmi2, adx, avx512f, avx512dq, avx512cd, avx512bw, avx512vl, sha, fma, vzeroupper, avx512_vpopcntdq, avx512_vpclmulqdq, avx512_vaes, avx512_vnni, clflush, clflushopt, clwb, avx512_vbmi2, avx512_vbmi, hv, rdtscp, rdpid, fsrm, gfni, avx512_bitalg, f16c, cet_ibt, cet_ss, avx512_ifma
Processor Information for all 8 processors :
  Max Mhz: 2419, Current Mhz: 2419, Mhz Limit: 2419

Memory: 4k page, system-wide physical 7991M (550M free)
TotalPageFile size 16183M (AvailPageFile size 28M)
current process WorkingSet (physical memory assigned to process): 12M, peak: 12M
current process commit charge ("private bytes"): 60M, peak: 186M

vm_info: Java HotSpot(TM) 64-Bit Server VM (21.0.5+9-LTS-239) for windows-amd64 JRE (21.0.5+9-LTS-239), built on 2024-09-30T05:17:38Z by "mach5one" with MS VC++ 17.6 (VS2022)

END.
